2025-10-13 16:14:17.931 | INFO     | Configuration:
{
    "project": {
        "name": "HPO Paper-Based Experiment",
        "seed": 123
    },
    "environment": {
        "data_source": {
            "dataset": "CIFAR-10",
            "path": "./model_data"
        },
        "logging": {
            "log_file": "logs/experiment.log",
            "error_log_file": "logs/error.log",
            "report_directory": "reports"
        }
    },
    "checkpoint_config": {
        "interval_per_gen": 1
    },
    "parallel_config": {
        "execution": {
            "evaluation_mode": "GPU",
            "enable_parallel": true,
            "gpu_workers": 4,
            "cpu_workers": 0,
            "gpu_cpu_performance_ratio": 16,
            "dataloader_workers": {
                "per_gpu": 8,
                "per_cpu": 1
            }
        }
    },
    "neural_network_config": {
        "input_shape": [
            3,
            32,
            32
        ],
        "output_classes": 10,
        "conv_blocks": 3,
        "fixed_parameters": {
            "activation_function": "relu",
            "base_filters": 32
        },
        "hyperparameter_space": {
            "width_scale": {
                "type": "float",
                "range": [
                    0.75,
                    2.0
                ],
                "description": "Scales the number of filters in convolutional layers"
            },
            "fc1_units": {
                "type": "enum",
                "values": [
                    128,
                    256,
                    512
                ],
                "description": "Number of neurons in the first fully connected layer"
            },
            "dropout_rate": {
                "type": "float",
                "range": [
                    0.2,
                    0.5
                ],
                "description": "Dropout intensity in the first fully connected layer"
            },
            "optimizer_schedule": {
                "type": "enum",
                "values": [
                    "SGD_COSINE",
                    "SGD_ONECYCLE",
                    "SGD_EXPONENTIAL"
                ],
                "description": "Optimizer type + Learning rate scheduler"
            },
            "base_lr": {
                "type": "float",
                "range": [
                    0.001,
                    0.01
                ],
                "scale": "log",
                "description": "Base learning rate value, log scale"
            },
            "aug_intensity": {
                "type": "enum",
                "values": [
                    "MEDIUM",
                    "STRONG"
                ],
                "description": "Level of data augmentation"
            },
            "weight_decay": {
                "type": "float",
                "range": [
                    3e-05,
                    0.001
                ],
                "scale": "log",
                "description": "L2 regularization coefficient, log scale"
            },
            "batch_size": {
                "type": "enum",
                "values": [
                    64,
                    128,
                    256
                ],
                "description": "Training batch size"
            }
        }
    },
    "nested_validation_config": {
        "enabled": true,
        "outer_k_folds": 2
    },
    "genetic_algorithm_config": {
        "genetic_operators": {
            "active": [
                "selection",
                "crossover",
                "mutation",
                "elitism"
            ],
            "selection": {
                "type": "tournament",
                "tournament_size": 4
            },
            "crossover": {
                "type": "uniform",
                "crossover_prob": 0.8
            },
            "mutation": {
                "mutation_prob_discrete": 0.15,
                "mutation_prob_categorical": 0.15,
                "mutation_sigma_continuous": 0.1,
                "mutation_prob_continuous": 0.15
            },
            "elitism_percent": 0.1
        },
        "calibration": {
            "enabled": true,
            "population_size": 48,
            "generations": 2,
            "training_epochs": 20,
            "data_subset_percentage": 0.33,
            "mutation_decay_rate": 0.98,
            "stratification_bins": 9,
            "stop_conditions": {
                "max_generations": 10,
                "early_stop_generations": 999,
                "early_stop_epochs": 6,
                "fitness_goal": 0.99,
                "time_limit_minutes": 1440
            }
        },
        "main_algorithm": {
            "population_size": 24,
            "generations": 3,
            "training_epochs": 100,
            "mutation_decay_rate": 0.98,
            "stratification_bins": 3,
            "stop_conditions": {
                "max_generations": 70,
                "early_stop_generations": 8,
                "early_stop_epochs": 15,
                "fitness_goal": 0.99,
                "time_limit_minutes": 0
            }
        }
    }
}
2025-10-13 16:14:17.931 | INFO     | Logger initialized. Log file at logs/log_2025-10-13_14-14-17.log
2025-10-13 16:14:17.932 | INFO     | --- Starting Nested Resampling With 2 Folds ---
2025-10-13 16:14:18.796 | INFO     | --- Running Fold 1/2 ---
2025-10-13 16:14:18.797 | INFO     | Initializing worker pool...
2025-10-13 16:14:18.798 | INFO     | Using GPU-Only scheduling strategy.
2025-10-13 16:14:18.801 | INFO     | Worker pool initialized with 4 workers.
2025-10-13 16:14:19.996 | INFO     | --- Starting CALIBRATION Phase ---
2025-10-13 16:14:19.997 | INFO     | Generations: 2, Population: 48
2025-10-13 16:14:19.997 | WARNING  | Progressive epochs are disabled! To enable progression minimal training epochs must be at least (20).
2025-10-13 16:14:19.997 | INFO     | --- CALIBRATION - Generation 1/2 ---
2025-10-13 16:16:33.481 | INFO     | [Worker-2 / GPU-2] Evaluating Individual 0/48 (20 epochs)
2025-10-13 16:16:33.482 | INFO     | [Worker-2 / GPU-2] Hyperparameters: {'width_scale': 1.799547905047025, 'fc1_units': 256, 'dropout_rate': 0.3499516126491276, 'optimizer_schedule': 'SGD_ONECYCLE', 'base_lr': 0.0016754692684933295, 'aug_intensity': 'MEDIUM', 'weight_decay': 4.6110208099492564e-05, 'batch_size': 256}
2025-10-13 16:16:33.482 | INFO     | [Worker-2 / GPU-2] Scaled base_lr to 0.003351 for batch_size 256
2025-10-13 16:16:33.482 | INFO     | [Worker-2 / GPU-2] Epoch 1/20 | Train Acc: 0.1082, Train Loss: 7.0600 | Test Loss: 2.9152, Test Acc: 0.2083
2025-10-13 16:16:33.482 | INFO     | [Worker-2 / GPU-2] Epoch 2/20 | Train Acc: 0.1564, Train Loss: 4.5927 | Test Loss: 2.0541, Test Acc: 0.3156
2025-10-13 16:16:33.482 | INFO     | [Worker-2 / GPU-2] Epoch 3/20 | Train Acc: 0.1927, Train Loss: 3.6107 | Test Loss: 1.8830, Test Acc: 0.3627
2025-10-13 16:16:33.483 | INFO     | [Worker-2 / GPU-2] Epoch 4/20 | Train Acc: 0.2114, Train Loss: 2.9550 | Test Loss: 1.8447, Test Acc: 0.3594
2025-10-13 16:16:33.483 | INFO     | [Worker-2 / GPU-2] Epoch 5/20 | Train Acc: 0.2322, Train Loss: 2.5041 | Test Loss: 1.8871, Test Acc: 0.3593
2025-10-13 16:16:33.483 | INFO     | [Worker-2 / GPU-2] Epoch 6/20 | Train Acc: 0.2388, Train Loss: 2.2928 | Test Loss: 1.9490, Test Acc: 0.3745
2025-10-13 16:16:33.483 | INFO     | [Worker-2 / GPU-2] Epoch 7/20 | Train Acc: 0.2564, Train Loss: 2.1610 | Test Loss: 1.9484, Test Acc: 0.3707
2025-10-13 16:16:33.483 | INFO     | [Worker-2 / GPU-2] Epoch 8/20 | Train Acc: 0.2668, Train Loss: 2.0984 | Test Loss: 1.9348, Test Acc: 0.3789
2025-10-13 16:16:33.483 | INFO     | [Worker-2 / GPU-2] Epoch 9/20 | Train Acc: 0.2749, Train Loss: 2.0714 | Test Loss: 1.9208, Test Acc: 0.3848
2025-10-13 16:16:33.484 | INFO     | [Worker-2 / GPU-2] Epoch 10/20 | Train Acc: 0.2843, Train Loss: 2.0448 | Test Loss: 1.8900, Test Acc: 0.4068
2025-10-13 16:16:33.484 | INFO     | [Worker-2 / GPU-2] Epoch 11/20 | Train Acc: 0.2949, Train Loss: 2.0143 | Test Loss: 1.8760, Test Acc: 0.4060
2025-10-13 16:16:33.484 | INFO     | [Worker-2 / GPU-2] Epoch 12/20 | Train Acc: 0.2954, Train Loss: 2.0045 | Test Loss: 1.8522, Test Acc: 0.4233
2025-10-13 16:16:33.484 | INFO     | [Worker-2 / GPU-2] Epoch 13/20 | Train Acc: 0.2972, Train Loss: 2.0028 | Test Loss: 1.8271, Test Acc: 0.4356
2025-10-13 16:16:33.484 | INFO     | [Worker-2 / GPU-2] Epoch 14/20 | Train Acc: 0.3059, Train Loss: 1.9837 | Test Loss: 1.8109, Test Acc: 0.4248
2025-10-13 16:16:33.485 | INFO     | [Worker-2 / GPU-2] Epoch 15/20 | Train Acc: 0.3060, Train Loss: 1.9832 | Test Loss: 1.8055, Test Acc: 0.4466
2025-10-13 16:16:33.485 | INFO     | [Worker-2 / GPU-2] Epoch 16/20 | Train Acc: 0.3088, Train Loss: 1.9836 | Test Loss: 1.8031, Test Acc: 0.4417
2025-10-13 16:16:33.485 | INFO     | [Worker-2 / GPU-2] Epoch 17/20 | Train Acc: 0.3086, Train Loss: 1.9768 | Test Loss: 1.7898, Test Acc: 0.4428
2025-10-13 16:16:33.485 | INFO     | [Worker-2 / GPU-2] Epoch 18/20 | Train Acc: 0.3112, Train Loss: 1.9807 | Test Loss: 1.8006, Test Acc: 0.4462
2025-10-13 16:16:33.485 | INFO     | [Worker-2 / GPU-2] Epoch 19/20 | Train Acc: 0.3092, Train Loss: 1.9786 | Test Loss: 1.7916, Test Acc: 0.4502
2025-10-13 16:16:33.486 | INFO     | [Worker-2 / GPU-2] Epoch 20/20 | Train Acc: 0.3107, Train Loss: 1.9752 | Test Loss: 1.7872, Test Acc: 0.4474
2025-10-13 16:16:33.486 | INFO     | [Worker-2 / GPU-2] Individual 0 -> Accuracy: 0.4474, Loss: 1.7872 | Duration: 129.98s
2025-10-13 16:16:33.486 | INFO     | [Worker-2 / GPU-2] GPU memory used: 0.06 GB
2025-10-13 16:16:34.911 | INFO     | [Worker-3 / GPU-3] Evaluating Individual 2/48 (20 epochs)
2025-10-13 16:16:34.912 | INFO     | [Worker-3 / GPU-3] Hyperparameters: {'width_scale': 1.6501704489853153, 'fc1_units': 512, 'dropout_rate': 0.22229447847881634, 'optimizer_schedule': 'SGD_ONECYCLE', 'base_lr': 0.0026853986911193175, 'aug_intensity': 'MEDIUM', 'weight_decay': 5.231369926269521e-05, 'batch_size': 128}
2025-10-13 16:16:34.912 | INFO     | [Worker-3 / GPU-3] Using base_lr 0.002685 for batch_size 128
2025-10-13 16:16:34.912 | INFO     | [Worker-3 / GPU-3] Epoch 1/20 | Train Acc: 0.1285, Train Loss: 4.7551 | Test Loss: 2.2081, Test Acc: 0.2364
2025-10-13 16:16:34.912 | INFO     | [Worker-3 / GPU-3] Epoch 2/20 | Train Acc: 0.1776, Train Loss: 3.4744 | Test Loss: 2.0156, Test Acc: 0.3046
2025-10-13 16:16:34.912 | INFO     | [Worker-3 / GPU-3] Epoch 3/20 | Train Acc: 0.2088, Train Loss: 3.0276 | Test Loss: 1.8647, Test Acc: 0.3586
2025-10-13 16:16:34.913 | INFO     | [Worker-3 / GPU-3] Epoch 4/20 | Train Acc: 0.2416, Train Loss: 2.6024 | Test Loss: 1.7691, Test Acc: 0.3900
2025-10-13 16:16:34.913 | INFO     | [Worker-3 / GPU-3] Epoch 5/20 | Train Acc: 0.2673, Train Loss: 2.3232 | Test Loss: 1.6820, Test Acc: 0.4290
2025-10-13 16:16:34.913 | INFO     | [Worker-3 / GPU-3] Epoch 6/20 | Train Acc: 0.2877, Train Loss: 2.1382 | Test Loss: 1.6685, Test Acc: 0.4413
2025-10-13 16:16:34.913 | INFO     | [Worker-3 / GPU-3] Epoch 7/20 | Train Acc: 0.3067, Train Loss: 2.0290 | Test Loss: 1.6698, Test Acc: 0.4444
2025-10-13 16:16:34.913 | INFO     | [Worker-3 / GPU-3] Epoch 8/20 | Train Acc: 0.3257, Train Loss: 1.9607 | Test Loss: 1.6749, Test Acc: 0.4426
2025-10-13 16:16:34.913 | INFO     | [Worker-3 / GPU-3] Epoch 9/20 | Train Acc: 0.3328, Train Loss: 1.9244 | Test Loss: 1.6654, Test Acc: 0.4645
2025-10-13 16:16:34.914 | INFO     | [Worker-3 / GPU-3] Epoch 10/20 | Train Acc: 0.3435, Train Loss: 1.8958 | Test Loss: 1.6460, Test Acc: 0.4771
2025-10-13 16:16:34.914 | INFO     | [Worker-3 / GPU-3] Epoch 11/20 | Train Acc: 0.3488, Train Loss: 1.8885 | Test Loss: 1.6562, Test Acc: 0.4719
2025-10-13 16:16:34.914 | INFO     | [Worker-3 / GPU-3] Epoch 12/20 | Train Acc: 0.3583, Train Loss: 1.8635 | Test Loss: 1.6480, Test Acc: 0.4703
2025-10-13 16:16:34.914 | INFO     | [Worker-3 / GPU-3] Epoch 13/20 | Train Acc: 0.3613, Train Loss: 1.8515 | Test Loss: 1.6273, Test Acc: 0.4852
2025-10-13 16:16:34.914 | INFO     | [Worker-3 / GPU-3] Epoch 14/20 | Train Acc: 0.3625, Train Loss: 1.8540 | Test Loss: 1.6236, Test Acc: 0.4929
2025-10-13 16:16:34.915 | INFO     | [Worker-3 / GPU-3] Epoch 15/20 | Train Acc: 0.3700, Train Loss: 1.8455 | Test Loss: 1.6117, Test Acc: 0.4991
2025-10-13 16:16:34.915 | INFO     | [Worker-3 / GPU-3] Epoch 16/20 | Train Acc: 0.3663, Train Loss: 1.8519 | Test Loss: 1.6137, Test Acc: 0.5008
2025-10-13 16:16:34.915 | INFO     | [Worker-3 / GPU-3] Epoch 17/20 | Train Acc: 0.3717, Train Loss: 1.8432 | Test Loss: 1.6114, Test Acc: 0.4994
2025-10-13 16:16:34.915 | INFO     | [Worker-3 / GPU-3] Epoch 18/20 | Train Acc: 0.3667, Train Loss: 1.8525 | Test Loss: 1.6134, Test Acc: 0.4923
2025-10-13 16:16:34.915 | INFO     | [Worker-3 / GPU-3] Epoch 19/20 | Train Acc: 0.3654, Train Loss: 1.8556 | Test Loss: 1.6140, Test Acc: 0.4933
2025-10-13 16:16:34.915 | INFO     | [Worker-3 / GPU-3] Epoch 20/20 | Train Acc: 0.3694, Train Loss: 1.8476 | Test Loss: 1.6127, Test Acc: 0.5007
2025-10-13 16:16:34.916 | INFO     | [Worker-3 / GPU-3] Individual 2 -> Accuracy: 0.5007, Loss: 1.6127 | Duration: 131.18s
2025-10-13 16:16:34.916 | INFO     | [Worker-3 / GPU-3] GPU memory used: 0.06 GB
2025-10-13 16:16:40.244 | INFO     | [Worker-1 / GPU-1] Evaluating Individual 1/48 (20 epochs)
2025-10-13 16:16:40.245 | INFO     | [Worker-1 / GPU-1] Hyperparameters: {'width_scale': 1.5912721129735137, 'fc1_units': 512, 'dropout_rate': 0.31616257549271665, 'optimizer_schedule': 'SGD_ONECYCLE', 'base_lr': 0.0014000360984987952, 'aug_intensity': 'STRONG', 'weight_decay': 0.00045611846907222717, 'batch_size': 128}
2025-10-13 16:16:40.245 | INFO     | [Worker-1 / GPU-1] Using base_lr 0.001400 for batch_size 128
2025-10-13 16:16:40.245 | INFO     | [Worker-1 / GPU-1] Epoch 1/20 | Train Acc: 0.1065, Train Loss: 5.5978 | Test Loss: 2.8238, Test Acc: 0.1673
2025-10-13 16:16:40.245 | INFO     | [Worker-1 / GPU-1] Epoch 2/20 | Train Acc: 0.1385, Train Loss: 4.3633 | Test Loss: 2.1825, Test Acc: 0.2548
2025-10-13 16:16:40.246 | INFO     | [Worker-1 / GPU-1] Epoch 3/20 | Train Acc: 0.1689, Train Loss: 3.7101 | Test Loss: 2.0985, Test Acc: 0.2983
2025-10-13 16:16:40.246 | INFO     | [Worker-1 / GPU-1] Epoch 4/20 | Train Acc: 0.1884, Train Loss: 3.3202 | Test Loss: 2.0092, Test Acc: 0.3089
2025-10-13 16:16:40.246 | INFO     | [Worker-1 / GPU-1] Epoch 5/20 | Train Acc: 0.2044, Train Loss: 3.0150 | Test Loss: 1.9246, Test Acc: 0.3256
2025-10-13 16:16:40.246 | INFO     | [Worker-1 / GPU-1] Epoch 6/20 | Train Acc: 0.2150, Train Loss: 2.7357 | Test Loss: 1.8517, Test Acc: 0.3430
2025-10-13 16:16:40.246 | INFO     | [Worker-1 / GPU-1] Epoch 7/20 | Train Acc: 0.2263, Train Loss: 2.5401 | Test Loss: 1.8340, Test Acc: 0.3369
2025-10-13 16:16:40.247 | INFO     | [Worker-1 / GPU-1] Epoch 8/20 | Train Acc: 0.2337, Train Loss: 2.4098 | Test Loss: 1.8312, Test Acc: 0.3400
2025-10-13 16:16:40.247 | INFO     | [Worker-1 / GPU-1] Epoch 9/20 | Train Acc: 0.2366, Train Loss: 2.3079 | Test Loss: 1.8329, Test Acc: 0.3493
2025-10-13 16:16:40.247 | INFO     | [Worker-1 / GPU-1] Epoch 10/20 | Train Acc: 0.2473, Train Loss: 2.2396 | Test Loss: 1.8435, Test Acc: 0.3600
2025-10-13 16:16:40.247 | INFO     | [Worker-1 / GPU-1] Epoch 11/20 | Train Acc: 0.2541, Train Loss: 2.1750 | Test Loss: 1.8413, Test Acc: 0.3605
2025-10-13 16:16:40.247 | INFO     | [Worker-1 / GPU-1] Epoch 12/20 | Train Acc: 0.2600, Train Loss: 2.1407 | Test Loss: 1.8354, Test Acc: 0.3677
2025-10-13 16:16:40.247 | INFO     | [Worker-1 / GPU-1] Epoch 13/20 | Train Acc: 0.2633, Train Loss: 2.1108 | Test Loss: 1.8404, Test Acc: 0.3772
2025-10-13 16:16:40.247 | INFO     | [Worker-1 / GPU-1] Epoch 14/20 | Train Acc: 0.2667, Train Loss: 2.1065 | Test Loss: 1.8529, Test Acc: 0.3845
2025-10-13 16:16:40.248 | INFO     | [Worker-1 / GPU-1] Epoch 15/20 | Train Acc: 0.2667, Train Loss: 2.0811 | Test Loss: 1.8474, Test Acc: 0.3853
2025-10-13 16:16:40.248 | INFO     | [Worker-1 / GPU-1] Epoch 16/20 | Train Acc: 0.2695, Train Loss: 2.0677 | Test Loss: 1.8477, Test Acc: 0.3926
2025-10-13 16:16:40.248 | INFO     | [Worker-1 / GPU-1] Epoch 17/20 | Train Acc: 0.2753, Train Loss: 2.0578 | Test Loss: 1.8413, Test Acc: 0.3948
2025-10-13 16:16:40.248 | INFO     | [Worker-1 / GPU-1] Epoch 18/20 | Train Acc: 0.2720, Train Loss: 2.0599 | Test Loss: 1.8508, Test Acc: 0.3991
2025-10-13 16:16:40.249 | INFO     | [Worker-1 / GPU-1] Epoch 19/20 | Train Acc: 0.2705, Train Loss: 2.0632 | Test Loss: 1.8450, Test Acc: 0.3960
2025-10-13 16:16:40.249 | INFO     | [Worker-1 / GPU-1] Epoch 20/20 | Train Acc: 0.2714, Train Loss: 2.0644 | Test Loss: 1.8438, Test Acc: 0.3970
2025-10-13 16:16:40.249 | INFO     | [Worker-1 / GPU-1] Individual 1 -> Accuracy: 0.3970, Loss: 1.8438 | Duration: 136.52s
2025-10-13 16:16:40.249 | INFO     | [Worker-1 / GPU-1] GPU memory used: 0.06 GB
2025-10-13 16:17:23.392 | INFO     | [Worker-0 / GPU-0] Evaluating Individual 3/48 (20 epochs)
2025-10-13 16:17:23.393 | INFO     | [Worker-0 / GPU-0] Hyperparameters: {'width_scale': 1.2545633663156825, 'fc1_units': 128, 'dropout_rate': 0.2032868401979427, 'optimizer_schedule': 'SGD_EXPONENTIAL', 'base_lr': 0.0020985499158093337, 'aug_intensity': 'MEDIUM', 'weight_decay': 0.00021391684459253675, 'batch_size': 64}
2025-10-13 16:17:23.393 | INFO     | [Worker-0 / GPU-0] Scaled base_lr to 0.001049 for batch_size 64
2025-10-13 16:17:23.393 | INFO     | [Worker-0 / GPU-0] Epoch 1/20 | Train Acc: 0.1026, Train Loss: 5.2836 | Test Loss: 3.6683, Test Acc: 0.1062
2025-10-13 16:17:23.393 | INFO     | [Worker-0 / GPU-0] Epoch 2/20 | Train Acc: 0.1749, Train Loss: 3.2748 | Test Loss: 1.9474, Test Acc: 0.3227
2025-10-13 16:17:23.393 | INFO     | [Worker-0 / GPU-0] Epoch 3/20 | Train Acc: 0.2096, Train Loss: 2.6897 | Test Loss: 1.8480, Test Acc: 0.3526
2025-10-13 16:17:23.394 | INFO     | [Worker-0 / GPU-0] Epoch 4/20 | Train Acc: 0.2407, Train Loss: 2.4206 | Test Loss: 1.7867, Test Acc: 0.3812
2025-10-13 16:17:23.394 | INFO     | [Worker-0 / GPU-0] Epoch 5/20 | Train Acc: 0.2575, Train Loss: 2.2627 | Test Loss: 1.7641, Test Acc: 0.3891
2025-10-13 16:17:23.394 | INFO     | [Worker-0 / GPU-0] Epoch 6/20 | Train Acc: 0.2693, Train Loss: 2.1596 | Test Loss: 1.7528, Test Acc: 0.4009
2025-10-13 16:17:23.394 | INFO     | [Worker-0 / GPU-0] Epoch 7/20 | Train Acc: 0.2822, Train Loss: 2.0975 | Test Loss: 1.7520, Test Acc: 0.3992
2025-10-13 16:17:23.394 | INFO     | [Worker-0 / GPU-0] Epoch 8/20 | Train Acc: 0.2820, Train Loss: 2.0731 | Test Loss: 1.7516, Test Acc: 0.4082
2025-10-13 16:17:23.394 | INFO     | [Worker-0 / GPU-0] Epoch 9/20 | Train Acc: 0.2859, Train Loss: 2.0494 | Test Loss: 1.7461, Test Acc: 0.4160
2025-10-13 16:17:23.395 | INFO     | [Worker-0 / GPU-0] Epoch 10/20 | Train Acc: 0.2919, Train Loss: 2.0271 | Test Loss: 1.7471, Test Acc: 0.4218
2025-10-13 16:17:23.395 | INFO     | [Worker-0 / GPU-0] Epoch 11/20 | Train Acc: 0.2933, Train Loss: 2.0147 | Test Loss: 1.7445, Test Acc: 0.4262
2025-10-13 16:17:23.395 | INFO     | [Worker-0 / GPU-0] Epoch 12/20 | Train Acc: 0.2979, Train Loss: 2.0047 | Test Loss: 1.7355, Test Acc: 0.4285
2025-10-13 16:17:23.395 | INFO     | [Worker-0 / GPU-0] Epoch 13/20 | Train Acc: 0.2969, Train Loss: 1.9981 | Test Loss: 1.7374, Test Acc: 0.4246
2025-10-13 16:17:23.395 | INFO     | [Worker-0 / GPU-0] Epoch 14/20 | Train Acc: 0.3048, Train Loss: 1.9817 | Test Loss: 1.7332, Test Acc: 0.4307
2025-10-13 16:17:23.396 | INFO     | [Worker-0 / GPU-0] Epoch 15/20 | Train Acc: 0.3105, Train Loss: 1.9716 | Test Loss: 1.7342, Test Acc: 0.4323
2025-10-13 16:17:23.396 | INFO     | [Worker-0 / GPU-0] Epoch 16/20 | Train Acc: 0.3078, Train Loss: 1.9675 | Test Loss: 1.7258, Test Acc: 0.4352
2025-10-13 16:17:23.396 | INFO     | [Worker-0 / GPU-0] Epoch 17/20 | Train Acc: 0.3034, Train Loss: 1.9795 | Test Loss: 1.7228, Test Acc: 0.4326
2025-10-13 16:17:23.396 | INFO     | [Worker-0 / GPU-0] Epoch 18/20 | Train Acc: 0.3087, Train Loss: 1.9727 | Test Loss: 1.7238, Test Acc: 0.4324
2025-10-13 16:17:23.396 | INFO     | [Worker-0 / GPU-0] Epoch 19/20 | Train Acc: 0.3094, Train Loss: 1.9721 | Test Loss: 1.7136, Test Acc: 0.4398
2025-10-13 16:17:23.397 | INFO     | [Worker-0 / GPU-0] Epoch 20/20 | Train Acc: 0.3022, Train Loss: 1.9852 | Test Loss: 1.7219, Test Acc: 0.4314
2025-10-13 16:17:23.397 | INFO     | [Worker-0 / GPU-0] Individual 3 -> Accuracy: 0.4314, Loss: 1.7219 | Duration: 179.64s
2025-10-13 16:17:23.397 | INFO     | [Worker-0 / GPU-0] GPU memory used: 0.05 GB
2025-10-13 16:18:19.526 | INFO     | [Worker-2 / GPU-2] Evaluating Individual 4/48 (20 epochs)
2025-10-13 16:18:19.527 | INFO     | [Worker-2 / GPU-2] Hyperparameters: {'width_scale': 1.7734011369513865, 'fc1_units': 512, 'dropout_rate': 0.4924788698652185, 'optimizer_schedule': 'SGD_EXPONENTIAL', 'base_lr': 0.0013169407287414749, 'aug_intensity': 'MEDIUM', 'weight_decay': 0.0004999094034223022, 'batch_size': 128}
2025-10-13 16:18:19.527 | INFO     | [Worker-2 / GPU-2] Using base_lr 0.001317 for batch_size 128
2025-10-13 16:18:19.528 | INFO     | [Worker-2 / GPU-2] Epoch 1/20 | Train Acc: 0.1058, Train Loss: 8.2732 | Test Loss: 3.1003, Test Acc: 0.1430
2025-10-13 16:18:19.528 | INFO     | [Worker-2 / GPU-2] Epoch 2/20 | Train Acc: 0.1363, Train Loss: 6.3684 | Test Loss: 2.2694, Test Acc: 0.2768
2025-10-13 16:18:19.528 | INFO     | [Worker-2 / GPU-2] Epoch 3/20 | Train Acc: 0.1621, Train Loss: 5.0360 | Test Loss: 2.0717, Test Acc: 0.3167
2025-10-13 16:18:19.528 | INFO     | [Worker-2 / GPU-2] Epoch 4/20 | Train Acc: 0.1729, Train Loss: 4.2781 | Test Loss: 1.9843, Test Acc: 0.3152
2025-10-13 16:18:19.529 | INFO     | [Worker-2 / GPU-2] Epoch 5/20 | Train Acc: 0.1799, Train Loss: 3.7415 | Test Loss: 1.9069, Test Acc: 0.3241
2025-10-13 16:18:19.529 | INFO     | [Worker-2 / GPU-2] Epoch 6/20 | Train Acc: 0.1877, Train Loss: 3.3239 | Test Loss: 1.9036, Test Acc: 0.3200
2025-10-13 16:18:19.529 | INFO     | [Worker-2 / GPU-2] Epoch 7/20 | Train Acc: 0.1912, Train Loss: 3.0491 | Test Loss: 1.9433, Test Acc: 0.3172
2025-10-13 16:18:19.530 | INFO     | [Worker-2 / GPU-2] Epoch 8/20 | Train Acc: 0.1863, Train Loss: 2.8597 | Test Loss: 2.0024, Test Acc: 0.3092
2025-10-13 16:18:19.530 | INFO     | [Worker-2 / GPU-2] Epoch 9/20 | Train Acc: 0.1935, Train Loss: 2.6913 | Test Loss: 2.0347, Test Acc: 0.3027
2025-10-13 16:18:19.530 | INFO     | [Worker-2 / GPU-2] Epoch 10/20 | Train Acc: 0.1943, Train Loss: 2.5806 | Test Loss: 2.0779, Test Acc: 0.3001
2025-10-13 16:18:19.530 | INFO     | [Worker-2 / GPU-2] Epoch 11/20 | Train Acc: 0.1926, Train Loss: 2.4969 | Test Loss: 2.0974, Test Acc: 0.2969
2025-10-13 16:18:19.531 | INFO     | [Worker-2 / GPU-2] Epoch 11/20 | Train Acc: 0.1926, Train Loss: 2.4969 | Test Loss: 2.0974, Test Acc: 0.2969 / Early stopping triggered
2025-10-13 16:18:19.531 | INFO     | [Worker-2 / GPU-2] Individual 4 -> Accuracy: 0.2969, Loss: 2.0974 | Duration: 106.04s
2025-10-13 16:18:19.531 | INFO     | [Worker-2 / GPU-2] GPU memory used: 0.06 GB
2025-10-13 16:18:43.508 | INFO     | [Worker-3 / GPU-3] Evaluating Individual 5/48 (20 epochs)
2025-10-13 16:18:43.509 | INFO     | [Worker-3 / GPU-3] Hyperparameters: {'width_scale': 1.0605166363417011, 'fc1_units': 512, 'dropout_rate': 0.33664585910960093, 'optimizer_schedule': 'SGD_EXPONENTIAL', 'base_lr': 0.003507934423700744, 'aug_intensity': 'STRONG', 'weight_decay': 9.785949057592014e-05, 'batch_size': 64}
2025-10-13 16:18:43.509 | INFO     | [Worker-3 / GPU-3] Scaled base_lr to 0.001754 for batch_size 64
2025-10-13 16:18:43.509 | INFO     | [Worker-3 / GPU-3] Epoch 1/20 | Train Acc: 0.0965, Train Loss: 4.9951 | Test Loss: 2.5460, Test Acc: 0.1089
2025-10-13 16:18:43.509 | INFO     | [Worker-3 / GPU-3] Epoch 2/20 | Train Acc: 0.1542, Train Loss: 3.2823 | Test Loss: 1.9713, Test Acc: 0.2750
2025-10-13 16:18:43.509 | INFO     | [Worker-3 / GPU-3] Epoch 3/20 | Train Acc: 0.2029, Train Loss: 2.5853 | Test Loss: 1.8707, Test Acc: 0.3150
2025-10-13 16:18:43.510 | INFO     | [Worker-3 / GPU-3] Epoch 4/20 | Train Acc: 0.2245, Train Loss: 2.3348 | Test Loss: 1.8518, Test Acc: 0.3382
2025-10-13 16:18:43.510 | INFO     | [Worker-3 / GPU-3] Epoch 5/20 | Train Acc: 0.2397, Train Loss: 2.1924 | Test Loss: 1.8520, Test Acc: 0.3569
2025-10-13 16:18:43.510 | INFO     | [Worker-3 / GPU-3] Epoch 6/20 | Train Acc: 0.2486, Train Loss: 2.1177 | Test Loss: 1.8510, Test Acc: 0.3656
2025-10-13 16:18:43.510 | INFO     | [Worker-3 / GPU-3] Epoch 7/20 | Train Acc: 0.2619, Train Loss: 2.0783 | Test Loss: 1.8549, Test Acc: 0.3767
2025-10-13 16:18:43.510 | INFO     | [Worker-3 / GPU-3] Epoch 8/20 | Train Acc: 0.2631, Train Loss: 2.0476 | Test Loss: 1.8593, Test Acc: 0.3720
2025-10-13 16:18:43.511 | INFO     | [Worker-3 / GPU-3] Epoch 9/20 | Train Acc: 0.2692, Train Loss: 2.0358 | Test Loss: 1.8500, Test Acc: 0.3874
2025-10-13 16:18:43.511 | INFO     | [Worker-3 / GPU-3] Epoch 10/20 | Train Acc: 0.2749, Train Loss: 2.0165 | Test Loss: 1.8465, Test Acc: 0.3934
2025-10-13 16:18:43.511 | INFO     | [Worker-3 / GPU-3] Epoch 11/20 | Train Acc: 0.2838, Train Loss: 2.0019 | Test Loss: 1.8368, Test Acc: 0.4046
2025-10-13 16:18:43.511 | INFO     | [Worker-3 / GPU-3] Epoch 12/20 | Train Acc: 0.2836, Train Loss: 1.9952 | Test Loss: 1.8259, Test Acc: 0.4088
2025-10-13 16:18:43.511 | INFO     | [Worker-3 / GPU-3] Epoch 13/20 | Train Acc: 0.2956, Train Loss: 1.9778 | Test Loss: 1.8124, Test Acc: 0.4152
2025-10-13 16:18:43.511 | INFO     | [Worker-3 / GPU-3] Epoch 14/20 | Train Acc: 0.2940, Train Loss: 1.9831 | Test Loss: 1.8141, Test Acc: 0.4170
2025-10-13 16:18:43.512 | INFO     | [Worker-3 / GPU-3] Epoch 15/20 | Train Acc: 0.2974, Train Loss: 1.9750 | Test Loss: 1.8209, Test Acc: 0.4220
2025-10-13 16:18:43.512 | INFO     | [Worker-3 / GPU-3] Epoch 16/20 | Train Acc: 0.2999, Train Loss: 1.9712 | Test Loss: 1.8062, Test Acc: 0.4251
2025-10-13 16:18:43.512 | INFO     | [Worker-3 / GPU-3] Epoch 17/20 | Train Acc: 0.2974, Train Loss: 1.9682 | Test Loss: 1.7819, Test Acc: 0.4307
2025-10-13 16:18:43.512 | INFO     | [Worker-3 / GPU-3] Epoch 18/20 | Train Acc: 0.2973, Train Loss: 1.9706 | Test Loss: 1.7944, Test Acc: 0.4372
2025-10-13 16:18:43.512 | INFO     | [Worker-3 / GPU-3] Epoch 19/20 | Train Acc: 0.3043, Train Loss: 1.9584 | Test Loss: 1.7922, Test Acc: 0.4384
2025-10-13 16:18:43.513 | INFO     | [Worker-3 / GPU-3] Epoch 20/20 | Train Acc: 0.3092, Train Loss: 1.9489 | Test Loss: 1.7766, Test Acc: 0.4420
2025-10-13 16:18:43.513 | INFO     | [Worker-3 / GPU-3] Individual 5 -> Accuracy: 0.4420, Loss: 1.7766 | Duration: 128.59s
2025-10-13 16:18:43.513 | INFO     | [Worker-3 / GPU-3] GPU memory used: 0.04 GB
2025-10-13 16:18:52.415 | INFO     | [Worker-1 / GPU-1] Evaluating Individual 6/48 (20 epochs)
2025-10-13 16:18:52.416 | INFO     | [Worker-1 / GPU-1] Hyperparameters: {'width_scale': 1.4669129025712162, 'fc1_units': 512, 'dropout_rate': 0.2974085403442508, 'optimizer_schedule': 'SGD_EXPONENTIAL', 'base_lr': 0.0024144864158594814, 'aug_intensity': 'STRONG', 'weight_decay': 0.00021584719156670076, 'batch_size': 128}
2025-10-13 16:18:52.416 | INFO     | [Worker-1 / GPU-1] Using base_lr 0.002414 for batch_size 128
2025-10-13 16:18:52.417 | INFO     | [Worker-1 / GPU-1] Epoch 1/20 | Train Acc: 0.1117, Train Loss: 5.3780 | Test Loss: 2.6153, Test Acc: 0.1819
2025-10-13 16:18:52.417 | INFO     | [Worker-1 / GPU-1] Epoch 2/20 | Train Acc: 0.1803, Train Loss: 3.3506 | Test Loss: 1.8508, Test Acc: 0.3481
2025-10-13 16:18:52.417 | INFO     | [Worker-1 / GPU-1] Epoch 3/20 | Train Acc: 0.2275, Train Loss: 2.5577 | Test Loss: 1.7741, Test Acc: 0.3761
2025-10-13 16:18:52.417 | INFO     | [Worker-1 / GPU-1] Epoch 4/20 | Train Acc: 0.2582, Train Loss: 2.2319 | Test Loss: 1.7681, Test Acc: 0.4046
2025-10-13 16:18:52.418 | INFO     | [Worker-1 / GPU-1] Epoch 5/20 | Train Acc: 0.2706, Train Loss: 2.1088 | Test Loss: 1.7745, Test Acc: 0.4104
2025-10-13 16:18:52.418 | INFO     | [Worker-1 / GPU-1] Epoch 6/20 | Train Acc: 0.2836, Train Loss: 2.0266 | Test Loss: 1.7651, Test Acc: 0.4164
2025-10-13 16:18:52.418 | INFO     | [Worker-1 / GPU-1] Epoch 7/20 | Train Acc: 0.2993, Train Loss: 1.9873 | Test Loss: 1.7808, Test Acc: 0.4320
2025-10-13 16:18:52.418 | INFO     | [Worker-1 / GPU-1] Epoch 8/20 | Train Acc: 0.3094, Train Loss: 1.9522 | Test Loss: 1.7412, Test Acc: 0.4306
2025-10-13 16:18:52.418 | INFO     | [Worker-1 / GPU-1] Epoch 9/20 | Train Acc: 0.3173, Train Loss: 1.9368 | Test Loss: 1.7384, Test Acc: 0.4408
2025-10-13 16:18:52.418 | INFO     | [Worker-1 / GPU-1] Epoch 10/20 | Train Acc: 0.3200, Train Loss: 1.9340 | Test Loss: 1.7255, Test Acc: 0.4398
2025-10-13 16:18:52.419 | INFO     | [Worker-1 / GPU-1] Epoch 11/20 | Train Acc: 0.3296, Train Loss: 1.9094 | Test Loss: 1.7107, Test Acc: 0.4538
2025-10-13 16:18:52.419 | INFO     | [Worker-1 / GPU-1] Epoch 12/20 | Train Acc: 0.3343, Train Loss: 1.8959 | Test Loss: 1.7090, Test Acc: 0.4529
2025-10-13 16:18:52.419 | INFO     | [Worker-1 / GPU-1] Epoch 13/20 | Train Acc: 0.3386, Train Loss: 1.8942 | Test Loss: 1.6883, Test Acc: 0.4534
2025-10-13 16:18:52.419 | INFO     | [Worker-1 / GPU-1] Epoch 14/20 | Train Acc: 0.3393, Train Loss: 1.8938 | Test Loss: 1.6761, Test Acc: 0.4755
2025-10-13 16:18:52.419 | INFO     | [Worker-1 / GPU-1] Epoch 15/20 | Train Acc: 0.3347, Train Loss: 1.9074 | Test Loss: 1.6831, Test Acc: 0.4703
2025-10-13 16:18:52.420 | INFO     | [Worker-1 / GPU-1] Epoch 16/20 | Train Acc: 0.3415, Train Loss: 1.9068 | Test Loss: 1.6830, Test Acc: 0.4613
2025-10-13 16:18:52.420 | INFO     | [Worker-1 / GPU-1] Epoch 17/20 | Train Acc: 0.3384, Train Loss: 1.9033 | Test Loss: 1.6782, Test Acc: 0.4659
2025-10-13 16:18:52.420 | INFO     | [Worker-1 / GPU-1] Epoch 18/20 | Train Acc: 0.3445, Train Loss: 1.8920 | Test Loss: 1.6603, Test Acc: 0.4770
2025-10-13 16:18:52.420 | INFO     | [Worker-1 / GPU-1] Epoch 19/20 | Train Acc: 0.3474, Train Loss: 1.8968 | Test Loss: 1.6716, Test Acc: 0.4762
2025-10-13 16:18:52.420 | INFO     | [Worker-1 / GPU-1] Epoch 20/20 | Train Acc: 0.3440, Train Loss: 1.8985 | Test Loss: 1.6596, Test Acc: 0.4803
2025-10-13 16:18:52.420 | INFO     | [Worker-1 / GPU-1] Individual 6 -> Accuracy: 0.4803, Loss: 1.6596 | Duration: 132.16s
2025-10-13 16:18:52.421 | INFO     | [Worker-1 / GPU-1] GPU memory used: 0.05 GB
2025-10-13 16:19:26.183 | INFO     | [Worker-0 / GPU-0] Evaluating Individual 7/48 (20 epochs)
2025-10-13 16:19:26.185 | INFO     | [Worker-0 / GPU-0] Hyperparameters: {'width_scale': 1.6650490672171274, 'fc1_units': 128, 'dropout_rate': 0.47161959568534967, 'optimizer_schedule': 'SGD_COSINE', 'base_lr': 0.0012381251952740889, 'aug_intensity': 'MEDIUM', 'weight_decay': 4.670724358337406e-05, 'batch_size': 64}
2025-10-13 16:19:26.185 | INFO     | [Worker-0 / GPU-0] Scaled base_lr to 0.000619 for batch_size 64
2025-10-13 16:19:26.186 | INFO     | [Worker-0 / GPU-0] Epoch 1/20 | Train Acc: 0.0997, Train Loss: 7.5611 | Test Loss: 3.8621, Test Acc: 0.0974
2025-10-13 16:19:26.186 | INFO     | [Worker-0 / GPU-0] Epoch 2/20 | Train Acc: 0.1231, Train Loss: 6.1805 | Test Loss: 2.2186, Test Acc: 0.2521
2025-10-13 16:19:26.186 | INFO     | [Worker-0 / GPU-0] Epoch 3/20 | Train Acc: 0.1467, Train Loss: 5.0470 | Test Loss: 2.0675, Test Acc: 0.2895
2025-10-13 16:19:26.186 | INFO     | [Worker-0 / GPU-0] Epoch 4/20 | Train Acc: 0.1541, Train Loss: 4.5300 | Test Loss: 2.0410, Test Acc: 0.2950
2025-10-13 16:19:26.186 | INFO     | [Worker-0 / GPU-0] Epoch 5/20 | Train Acc: 0.1626, Train Loss: 4.1380 | Test Loss: 1.9687, Test Acc: 0.3111
2025-10-13 16:19:26.187 | INFO     | [Worker-0 / GPU-0] Epoch 6/20 | Train Acc: 0.1674, Train Loss: 3.8338 | Test Loss: 1.9557, Test Acc: 0.3076
2025-10-13 16:19:26.187 | INFO     | [Worker-0 / GPU-0] Epoch 7/20 | Train Acc: 0.1728, Train Loss: 3.5606 | Test Loss: 1.9446, Test Acc: 0.3059
2025-10-13 16:19:26.187 | INFO     | [Worker-0 / GPU-0] Epoch 8/20 | Train Acc: 0.1724, Train Loss: 3.3767 | Test Loss: 1.9666, Test Acc: 0.2955
2025-10-13 16:19:26.187 | INFO     | [Worker-0 / GPU-0] Epoch 9/20 | Train Acc: 0.1722, Train Loss: 3.2295 | Test Loss: 1.9610, Test Acc: 0.3022
2025-10-13 16:19:26.187 | INFO     | [Worker-0 / GPU-0] Epoch 10/20 | Train Acc: 0.1718, Train Loss: 3.1009 | Test Loss: 1.9731, Test Acc: 0.3071
2025-10-13 16:19:26.187 | INFO     | [Worker-0 / GPU-0] Epoch 11/20 | Train Acc: 0.1767, Train Loss: 2.9929 | Test Loss: 1.9898, Test Acc: 0.3066
2025-10-13 16:19:26.188 | INFO     | [Worker-0 / GPU-0] Epoch 11/20 | Train Acc: 0.1767, Train Loss: 2.9929 | Test Loss: 1.9898, Test Acc: 0.3066 / Early stopping triggered
2025-10-13 16:19:26.188 | INFO     | [Worker-0 / GPU-0] Individual 7 -> Accuracy: 0.3066, Loss: 1.9898 | Duration: 122.78s
2025-10-13 16:19:26.188 | INFO     | [Worker-0 / GPU-0] GPU memory used: 0.06 GB
2025-10-13 16:20:27.634 | INFO     | [Worker-2 / GPU-2] Evaluating Individual 8/48 (20 epochs)
2025-10-13 16:20:27.635 | INFO     | [Worker-2 / GPU-2] Hyperparameters: {'width_scale': 1.1229119951442814, 'fc1_units': 256, 'dropout_rate': 0.3902805285610795, 'optimizer_schedule': 'SGD_COSINE', 'base_lr': 0.0012841650161564157, 'aug_intensity': 'MEDIUM', 'weight_decay': 0.00017958793651469385, 'batch_size': 256}
2025-10-13 16:20:27.635 | INFO     | [Worker-2 / GPU-2] Scaled base_lr to 0.002568 for batch_size 256
2025-10-13 16:20:27.635 | INFO     | [Worker-2 / GPU-2] Epoch 1/20 | Train Acc: 0.1156, Train Loss: 5.5074 | Test Loss: 2.7889, Test Acc: 0.1802
2025-10-13 16:20:27.635 | INFO     | [Worker-2 / GPU-2] Epoch 2/20 | Train Acc: 0.1600, Train Loss: 3.5239 | Test Loss: 1.8784, Test Acc: 0.3274
2025-10-13 16:20:27.635 | INFO     | [Worker-2 / GPU-2] Epoch 3/20 | Train Acc: 0.2026, Train Loss: 2.5653 | Test Loss: 1.9222, Test Acc: 0.3398
2025-10-13 16:20:27.635 | INFO     | [Worker-2 / GPU-2] Epoch 4/20 | Train Acc: 0.2153, Train Loss: 2.2910 | Test Loss: 1.9726, Test Acc: 0.3269
2025-10-13 16:20:27.636 | INFO     | [Worker-2 / GPU-2] Epoch 5/20 | Train Acc: 0.2316, Train Loss: 2.1634 | Test Loss: 1.9536, Test Acc: 0.3312
2025-10-13 16:20:27.636 | INFO     | [Worker-2 / GPU-2] Epoch 6/20 | Train Acc: 0.2442, Train Loss: 2.1047 | Test Loss: 1.9410, Test Acc: 0.3381
2025-10-13 16:20:27.636 | INFO     | [Worker-2 / GPU-2] Epoch 7/20 | Train Acc: 0.2538, Train Loss: 2.0783 | Test Loss: 1.9231, Test Acc: 0.3482
2025-10-13 16:20:27.636 | INFO     | [Worker-2 / GPU-2] Epoch 8/20 | Train Acc: 0.2617, Train Loss: 2.0525 | Test Loss: 1.9129, Test Acc: 0.3543
2025-10-13 16:20:27.636 | INFO     | [Worker-2 / GPU-2] Epoch 9/20 | Train Acc: 0.2715, Train Loss: 2.0278 | Test Loss: 1.8750, Test Acc: 0.3592
2025-10-13 16:20:27.637 | INFO     | [Worker-2 / GPU-2] Epoch 10/20 | Train Acc: 0.2721, Train Loss: 2.0251 | Test Loss: 1.8849, Test Acc: 0.3666
2025-10-13 16:20:27.637 | INFO     | [Worker-2 / GPU-2] Epoch 11/20 | Train Acc: 0.2784, Train Loss: 2.0146 | Test Loss: 1.8706, Test Acc: 0.3676
2025-10-13 16:20:27.637 | INFO     | [Worker-2 / GPU-2] Epoch 12/20 | Train Acc: 0.2789, Train Loss: 2.0073 | Test Loss: 1.8601, Test Acc: 0.3758
2025-10-13 16:20:27.637 | INFO     | [Worker-2 / GPU-2] Epoch 13/20 | Train Acc: 0.2782, Train Loss: 2.0011 | Test Loss: 1.8503, Test Acc: 0.3834
2025-10-13 16:20:27.637 | INFO     | [Worker-2 / GPU-2] Epoch 14/20 | Train Acc: 0.2815, Train Loss: 2.0016 | Test Loss: 1.8395, Test Acc: 0.3786
2025-10-13 16:20:27.637 | INFO     | [Worker-2 / GPU-2] Epoch 15/20 | Train Acc: 0.2856, Train Loss: 1.9910 | Test Loss: 1.8434, Test Acc: 0.3871
2025-10-13 16:20:27.638 | INFO     | [Worker-2 / GPU-2] Epoch 16/20 | Train Acc: 0.2846, Train Loss: 1.9939 | Test Loss: 1.8200, Test Acc: 0.3817
2025-10-13 16:20:27.638 | INFO     | [Worker-2 / GPU-2] Epoch 17/20 | Train Acc: 0.2813, Train Loss: 2.0121 | Test Loss: 1.8295, Test Acc: 0.3830
2025-10-13 16:20:27.638 | INFO     | [Worker-2 / GPU-2] Epoch 18/20 | Train Acc: 0.2774, Train Loss: 2.0177 | Test Loss: 1.8361, Test Acc: 0.3844
2025-10-13 16:20:27.638 | INFO     | [Worker-2 / GPU-2] Epoch 19/20 | Train Acc: 0.2799, Train Loss: 2.0208 | Test Loss: 1.8344, Test Acc: 0.3820
2025-10-13 16:20:27.638 | INFO     | [Worker-2 / GPU-2] Epoch 20/20 | Train Acc: 0.2810, Train Loss: 2.0127 | Test Loss: 1.8423, Test Acc: 0.3904
2025-10-13 16:20:27.638 | INFO     | [Worker-2 / GPU-2] Individual 8 -> Accuracy: 0.3904, Loss: 1.8423 | Duration: 128.10s
2025-10-13 16:20:27.639 | INFO     | [Worker-2 / GPU-2] GPU memory used: 0.04 GB
2025-10-13 16:20:52.341 | INFO     | [Worker-3 / GPU-3] Evaluating Individual 9/48 (20 epochs)
2025-10-13 16:20:52.342 | INFO     | [Worker-3 / GPU-3] Hyperparameters: {'width_scale': 1.8339396015379574, 'fc1_units': 256, 'dropout_rate': 0.4131937771823253, 'optimizer_schedule': 'SGD_COSINE', 'base_lr': 0.006923731467915956, 'aug_intensity': 'MEDIUM', 'weight_decay': 0.0002545059381137417, 'batch_size': 64}
2025-10-13 16:20:52.342 | INFO     | [Worker-3 / GPU-3] Scaled base_lr to 0.003462 for batch_size 64
2025-10-13 16:20:52.342 | INFO     | [Worker-3 / GPU-3] Epoch 1/20 | Train Acc: 0.1152, Train Loss: 7.0717 | Test Loss: 2.9327, Test Acc: 0.1950
2025-10-13 16:20:52.342 | INFO     | [Worker-3 / GPU-3] Epoch 2/20 | Train Acc: 0.1733, Train Loss: 4.0703 | Test Loss: 1.9484, Test Acc: 0.3082
2025-10-13 16:20:52.342 | INFO     | [Worker-3 / GPU-3] Epoch 3/20 | Train Acc: 0.2065, Train Loss: 2.7657 | Test Loss: 1.9866, Test Acc: 0.3340
2025-10-13 16:20:52.343 | INFO     | [Worker-3 / GPU-3] Epoch 4/20 | Train Acc: 0.2303, Train Loss: 2.3132 | Test Loss: 2.0233, Test Acc: 0.3476
2025-10-13 16:20:52.343 | INFO     | [Worker-3 / GPU-3] Epoch 5/20 | Train Acc: 0.2437, Train Loss: 2.1710 | Test Loss: 2.0101, Test Acc: 0.3529
2025-10-13 16:20:52.343 | INFO     | [Worker-3 / GPU-3] Epoch 6/20 | Train Acc: 0.2590, Train Loss: 2.0989 | Test Loss: 1.9785, Test Acc: 0.3620
2025-10-13 16:20:52.343 | INFO     | [Worker-3 / GPU-3] Epoch 7/20 | Train Acc: 0.2690, Train Loss: 2.0595 | Test Loss: 1.9365, Test Acc: 0.3835
2025-10-13 16:20:52.343 | INFO     | [Worker-3 / GPU-3] Epoch 8/20 | Train Acc: 0.2776, Train Loss: 2.0325 | Test Loss: 1.9117, Test Acc: 0.3761
2025-10-13 16:20:52.344 | INFO     | [Worker-3 / GPU-3] Epoch 9/20 | Train Acc: 0.2875, Train Loss: 2.0109 | Test Loss: 1.9008, Test Acc: 0.4037
2025-10-13 16:20:52.344 | INFO     | [Worker-3 / GPU-3] Epoch 10/20 | Train Acc: 0.2896, Train Loss: 2.0055 | Test Loss: 1.8762, Test Acc: 0.4063
2025-10-13 16:20:52.344 | INFO     | [Worker-3 / GPU-3] Epoch 11/20 | Train Acc: 0.2956, Train Loss: 1.9902 | Test Loss: 1.8568, Test Acc: 0.4032
2025-10-13 16:20:52.344 | INFO     | [Worker-3 / GPU-3] Epoch 12/20 | Train Acc: 0.3030, Train Loss: 1.9756 | Test Loss: 1.8437, Test Acc: 0.4187
2025-10-13 16:20:52.344 | INFO     | [Worker-3 / GPU-3] Epoch 13/20 | Train Acc: 0.3028, Train Loss: 1.9732 | Test Loss: 1.8277, Test Acc: 0.4292
2025-10-13 16:20:52.344 | INFO     | [Worker-3 / GPU-3] Epoch 14/20 | Train Acc: 0.3004, Train Loss: 1.9698 | Test Loss: 1.8291, Test Acc: 0.4320
2025-10-13 16:20:52.345 | INFO     | [Worker-3 / GPU-3] Epoch 15/20 | Train Acc: 0.3120, Train Loss: 1.9686 | Test Loss: 1.8184, Test Acc: 0.4318
2025-10-13 16:20:52.345 | INFO     | [Worker-3 / GPU-3] Epoch 16/20 | Train Acc: 0.3069, Train Loss: 1.9714 | Test Loss: 1.8211, Test Acc: 0.4285
2025-10-13 16:20:52.345 | INFO     | [Worker-3 / GPU-3] Epoch 17/20 | Train Acc: 0.3054, Train Loss: 1.9731 | Test Loss: 1.8143, Test Acc: 0.4316
2025-10-13 16:20:52.345 | INFO     | [Worker-3 / GPU-3] Epoch 18/20 | Train Acc: 0.3074, Train Loss: 1.9741 | Test Loss: 1.8069, Test Acc: 0.4266
2025-10-13 16:20:52.345 | INFO     | [Worker-3 / GPU-3] Epoch 19/20 | Train Acc: 0.3062, Train Loss: 1.9806 | Test Loss: 1.8134, Test Acc: 0.4335
2025-10-13 16:20:52.346 | INFO     | [Worker-3 / GPU-3] Epoch 20/20 | Train Acc: 0.3027, Train Loss: 1.9878 | Test Loss: 1.8127, Test Acc: 0.4372
2025-10-13 16:20:52.346 | INFO     | [Worker-3 / GPU-3] Individual 9 -> Accuracy: 0.4372, Loss: 1.8127 | Duration: 128.83s
2025-10-13 16:20:52.346 | INFO     | [Worker-3 / GPU-3] GPU memory used: 0.06 GB
2025-10-13 16:20:58.089 | INFO     | [Worker-1 / GPU-1] Evaluating Individual 10/48 (20 epochs)
2025-10-13 16:20:58.089 | INFO     | [Worker-1 / GPU-1] Hyperparameters: {'width_scale': 1.1147518987874552, 'fc1_units': 256, 'dropout_rate': 0.3720224257042781, 'optimizer_schedule': 'SGD_ONECYCLE', 'base_lr': 0.0018421360653681621, 'aug_intensity': 'MEDIUM', 'weight_decay': 0.00044453139165497664, 'batch_size': 128}
2025-10-13 16:20:58.089 | INFO     | [Worker-1 / GPU-1] Using base_lr 0.001842 for batch_size 128
2025-10-13 16:20:58.090 | INFO     | [Worker-1 / GPU-1] Epoch 1/20 | Train Acc: 0.1075, Train Loss: 5.1470 | Test Loss: 2.4211, Test Acc: 0.1696
2025-10-13 16:20:58.090 | INFO     | [Worker-1 / GPU-1] Epoch 2/20 | Train Acc: 0.1384, Train Loss: 4.2883 | Test Loss: 2.1613, Test Acc: 0.2470
2025-10-13 16:20:58.090 | INFO     | [Worker-1 / GPU-1] Epoch 3/20 | Train Acc: 0.1608, Train Loss: 3.7067 | Test Loss: 2.0276, Test Acc: 0.2836
2025-10-13 16:20:58.090 | INFO     | [Worker-1 / GPU-1] Epoch 4/20 | Train Acc: 0.1752, Train Loss: 3.2107 | Test Loss: 1.9215, Test Acc: 0.3015
2025-10-13 16:20:58.090 | INFO     | [Worker-1 / GPU-1] Epoch 5/20 | Train Acc: 0.1923, Train Loss: 2.8252 | Test Loss: 1.8611, Test Acc: 0.3360
2025-10-13 16:20:58.090 | INFO     | [Worker-1 / GPU-1] Epoch 6/20 | Train Acc: 0.2005, Train Loss: 2.5511 | Test Loss: 1.8735, Test Acc: 0.3391
2025-10-13 16:20:58.091 | INFO     | [Worker-1 / GPU-1] Epoch 7/20 | Train Acc: 0.2151, Train Loss: 2.3722 | Test Loss: 1.8960, Test Acc: 0.3396
2025-10-13 16:20:58.091 | INFO     | [Worker-1 / GPU-1] Epoch 8/20 | Train Acc: 0.2189, Train Loss: 2.2660 | Test Loss: 1.9148, Test Acc: 0.3400
2025-10-13 16:20:58.091 | INFO     | [Worker-1 / GPU-1] Epoch 9/20 | Train Acc: 0.2216, Train Loss: 2.2162 | Test Loss: 1.9282, Test Acc: 0.3520
2025-10-13 16:20:58.091 | INFO     | [Worker-1 / GPU-1] Epoch 10/20 | Train Acc: 0.2390, Train Loss: 2.1558 | Test Loss: 1.9261, Test Acc: 0.3529
2025-10-13 16:20:58.092 | INFO     | [Worker-1 / GPU-1] Epoch 11/20 | Train Acc: 0.2357, Train Loss: 2.1417 | Test Loss: 1.9276, Test Acc: 0.3625
2025-10-13 16:20:58.092 | INFO     | [Worker-1 / GPU-1] Epoch 12/20 | Train Acc: 0.2418, Train Loss: 2.1036 | Test Loss: 1.9153, Test Acc: 0.3765
2025-10-13 16:20:58.092 | INFO     | [Worker-1 / GPU-1] Epoch 13/20 | Train Acc: 0.2500, Train Loss: 2.0971 | Test Loss: 1.9041, Test Acc: 0.3752
2025-10-13 16:20:58.092 | INFO     | [Worker-1 / GPU-1] Epoch 14/20 | Train Acc: 0.2522, Train Loss: 2.0859 | Test Loss: 1.9044, Test Acc: 0.3782
2025-10-13 16:20:58.092 | INFO     | [Worker-1 / GPU-1] Epoch 15/20 | Train Acc: 0.2570, Train Loss: 2.0712 | Test Loss: 1.8897, Test Acc: 0.3952
2025-10-13 16:20:58.092 | INFO     | [Worker-1 / GPU-1] Epoch 16/20 | Train Acc: 0.2596, Train Loss: 2.0586 | Test Loss: 1.8887, Test Acc: 0.3982
2025-10-13 16:20:58.093 | INFO     | [Worker-1 / GPU-1] Epoch 17/20 | Train Acc: 0.2577, Train Loss: 2.0603 | Test Loss: 1.8831, Test Acc: 0.3993
2025-10-13 16:20:58.093 | INFO     | [Worker-1 / GPU-1] Epoch 18/20 | Train Acc: 0.2595, Train Loss: 2.0586 | Test Loss: 1.8797, Test Acc: 0.3974
2025-10-13 16:20:58.093 | INFO     | [Worker-1 / GPU-1] Epoch 19/20 | Train Acc: 0.2560, Train Loss: 2.0625 | Test Loss: 1.8803, Test Acc: 0.3984
2025-10-13 16:20:58.093 | INFO     | [Worker-1 / GPU-1] Epoch 20/20 | Train Acc: 0.2574, Train Loss: 2.0639 | Test Loss: 1.8763, Test Acc: 0.3947
2025-10-13 16:20:58.093 | INFO     | [Worker-1 / GPU-1] Individual 10 -> Accuracy: 0.3947, Loss: 1.8763 | Duration: 125.66s
2025-10-13 16:20:58.094 | INFO     | [Worker-1 / GPU-1] GPU memory used: 0.04 GB
