2025-10-10 14:09:38.773 | INFO     | Configuration:
{
    "project": {
        "name": "HPO Paper-Based Experiment",
        "seed": 123
    },
    "environment": {
        "data_source": {
            "dataset": "CIFAR-10",
            "path": "./model_data"
        },
        "logging": {
            "log_file": "logs/experiment.log",
            "error_log_file": "logs/error.log",
            "report_directory": "reports"
        }
    },
    "checkpoint_config": {
        "interval_per_gen": 1
    },
    "parallel_config": {
        "execution": {
            "evaluation_mode": "GPU",
            "enable_parallel": true,
            "gpu_workers": 4,
            "cpu_workers": 0,
            "gpu_cpu_performance_ratio": 16,
            "dataloader_workers": {
                "per_gpu": 8,
                "per_cpu": 1
            }
        }
    },
    "neural_network_config": {
        "input_shape": [
            3,
            32,
            32
        ],
        "output_classes": 10,
        "conv_blocks": 4,
        "fixed_parameters": {
            "activation_function": "relu",
            "base_filters": 32
        },
        "hyperparameter_space": {
            "width_scale": {
                "type": "float",
                "range": [
                    1.0,
                    2.0
                ],
                "description": "Scales the number of filters in convolutional layers"
            },
            "fc1_units": {
                "type": "enum",
                "values": [
                    64,
                    128,
                    256
                ],
                "description": "Number of neurons in the first fully connected layer"
            },
            "dropout_rate": {
                "type": "float",
                "range": [
                    0.2,
                    0.4
                ],
                "description": "Dropout intensity in the first fully connected layer"
            },
            "optimizer_schedule": {
                "type": "enum",
                "values": [
                    "SGD_COSINE",
                    "SGD_ONECYCLE",
                    "SGD_EXPONENTIAL"
                ],
                "description": "Optimizer type + Learning rate scheduler"
            },
            "base_lr": {
                "type": "float",
                "range": [
                    0.01,
                    0.05
                ],
                "scale": "log",
                "description": "Base learning rate value, log scale"
            },
            "aug_intensity": {
                "type": "enum",
                "values": [
                    "MEDIUM",
                    "STRONG"
                ],
                "description": "Level of data augmentation"
            },
            "weight_decay": {
                "type": "float",
                "range": [
                    0.0001,
                    0.001
                ],
                "scale": "log",
                "description": "L2 regularization coefficient, log scale"
            },
            "batch_size": {
                "type": "enum",
                "values": [
                    64,
                    128,
                    256
                ],
                "description": "Training batch size"
            }
        }
    },
    "nested_validation_config": {
        "enabled": true,
        "outer_k_folds": 3
    },
    "genetic_algorithm_config": {
        "genetic_operators": {
            "active": [
                "selection",
                "crossover",
                "mutation",
                "elitism"
            ],
            "selection": {
                "type": "tournament",
                "tournament_size": 4
            },
            "crossover": {
                "type": "uniform",
                "crossover_prob": 0.8
            },
            "mutation": {
                "mutation_prob_discrete": 0.15,
                "mutation_prob_categorical": 0.15,
                "mutation_sigma_continuous": 0.1,
                "mutation_prob_continuous": 0.15
            },
            "elitism_percent": 0.1
        },
        "calibration": {
            "enabled": true,
            "population_size": 11,
            "generations": 10,
            "training_epochs": 20,
            "data_subset_percentage": 0.8,
            "mutation_decay_rate": 0.98,
            "stratification_bins": 9,
            "stop_conditions": {
                "max_generations": 10,
                "early_stop_generations": 999,
                "early_stop_epochs": 6,
                "fitness_goal": 0.99,
                "time_limit_minutes": 1440
            }
        },
        "main_algorithm": {
            "population_size": 8,
            "generations": 3,
            "training_epochs": 100,
            "mutation_decay_rate": 0.98,
            "stratification_bins": 3,
            "stop_conditions": {
                "max_generations": 70,
                "early_stop_generations": 8,
                "early_stop_epochs": 15,
                "fitness_goal": 0.99,
                "time_limit_minutes": 0
            }
        }
    }
}
2025-10-10 14:09:38.774 | INFO     | Logger initialized. Log file at logs/log_2025-10-10_12-09-38.log
2025-10-10 14:09:38.774 | INFO     | --- Starting Nested Resampling With 3 Folds ---
2025-10-10 14:09:39.630 | INFO     | --- Running Fold 1/3 ---
2025-10-10 14:09:39.631 | INFO     | Initializing worker pool...
2025-10-10 14:09:39.631 | INFO     | Using GPU-Only scheduling strategy.
2025-10-10 14:09:39.634 | INFO     | Worker pool initialized with 4 workers.
2025-10-10 14:09:40.525 | INFO     | --- Starting CALIBRATION Phase ---
2025-10-10 14:09:40.526 | INFO     | Generations: 10, Population: 11
2025-10-10 14:09:40.526 | WARNING  | Progressive epochs are disabled! To enable progression minimal training epochs must be at least (20).
2025-10-10 14:09:40.526 | INFO     | --- CALIBRATION - Generation 1/10 ---
2025-10-10 14:12:09.520 | INFO     | [Worker-2 / GPU-2] Evaluating Individual 1/11 (20 epochs)
2025-10-10 14:12:09.521 | INFO     | [Worker-2 / GPU-2] Hyperparameters: {'width_scale': 1.473615557746561, 'fc1_units': 128, 'dropout_rate': 0.2066062312585338, 'optimizer_schedule': 'SGD_EXPONENTIAL', 'base_lr': 0.01714101379214086, 'aug_intensity': 'STRONG', 'weight_decay': 0.00010563121050285325, 'batch_size': 256}
2025-10-10 14:12:09.521 | INFO     | [Worker-2 / GPU-2] Scaled base_lr to 0.017141 for batch_size 256
2025-10-10 14:12:09.521 | INFO     | [Worker-2 / GPU-2] Epoch 1/20 | Train Acc: 0.2277, Train Loss: 3.9548 | Test Loss: 1.8356, Test Acc: 0.4012
2025-10-10 14:12:09.521 | INFO     | [Worker-2 / GPU-2] Epoch 2/20 | Train Acc: 0.3084, Train Loss: 2.3829 | Test Loss: 1.5612, Test Acc: 0.4543
2025-10-10 14:12:09.522 | INFO     | [Worker-2 / GPU-2] Epoch 3/20 | Train Acc: 0.3571, Train Loss: 2.0178 | Test Loss: 1.4580, Test Acc: 0.4858
2025-10-10 14:12:09.522 | INFO     | [Worker-2 / GPU-2] Epoch 4/20 | Train Acc: 0.4032, Train Loss: 1.7990 | Test Loss: 1.3562, Test Acc: 0.5181
2025-10-10 14:12:09.522 | INFO     | [Worker-2 / GPU-2] Epoch 5/20 | Train Acc: 0.4345, Train Loss: 1.6522 | Test Loss: 1.2529, Test Acc: 0.5553
2025-10-10 14:12:09.522 | INFO     | [Worker-2 / GPU-2] Epoch 6/20 | Train Acc: 0.4627, Train Loss: 1.5440 | Test Loss: 1.2273, Test Acc: 0.5623
2025-10-10 14:12:09.522 | INFO     | [Worker-2 / GPU-2] Epoch 7/20 | Train Acc: 0.4860, Train Loss: 1.4698 | Test Loss: 1.1757, Test Acc: 0.5843
2025-10-10 14:12:09.523 | INFO     | [Worker-2 / GPU-2] Epoch 8/20 | Train Acc: 0.5018, Train Loss: 1.4130 | Test Loss: 1.1261, Test Acc: 0.6029
2025-10-10 14:12:09.523 | INFO     | [Worker-2 / GPU-2] Epoch 9/20 | Train Acc: 0.5247, Train Loss: 1.3473 | Test Loss: 1.0887, Test Acc: 0.6153
2025-10-10 14:12:09.523 | INFO     | [Worker-2 / GPU-2] Epoch 10/20 | Train Acc: 0.5386, Train Loss: 1.3009 | Test Loss: 1.0657, Test Acc: 0.6216
2025-10-10 14:12:09.523 | INFO     | [Worker-2 / GPU-2] Epoch 11/20 | Train Acc: 0.5543, Train Loss: 1.2636 | Test Loss: 1.0472, Test Acc: 0.6294
2025-10-10 14:12:09.524 | INFO     | [Worker-2 / GPU-2] Epoch 12/20 | Train Acc: 0.5619, Train Loss: 1.2361 | Test Loss: 1.0032, Test Acc: 0.6434
2025-10-10 14:12:09.524 | INFO     | [Worker-2 / GPU-2] Epoch 13/20 | Train Acc: 0.5786, Train Loss: 1.2029 | Test Loss: 0.9779, Test Acc: 0.6540
2025-10-10 14:12:09.524 | INFO     | [Worker-2 / GPU-2] Epoch 14/20 | Train Acc: 0.5870, Train Loss: 1.1751 | Test Loss: 0.9641, Test Acc: 0.6550
2025-10-10 14:12:09.524 | INFO     | [Worker-2 / GPU-2] Epoch 15/20 | Train Acc: 0.5924, Train Loss: 1.1543 | Test Loss: 0.9578, Test Acc: 0.6584
2025-10-10 14:12:09.524 | INFO     | [Worker-2 / GPU-2] Epoch 16/20 | Train Acc: 0.6009, Train Loss: 1.1296 | Test Loss: 0.9553, Test Acc: 0.6612
2025-10-10 14:12:09.524 | INFO     | [Worker-2 / GPU-2] Epoch 17/20 | Train Acc: 0.6093, Train Loss: 1.1116 | Test Loss: 0.9151, Test Acc: 0.6744
2025-10-10 14:12:09.525 | INFO     | [Worker-2 / GPU-2] Epoch 18/20 | Train Acc: 0.6142, Train Loss: 1.0951 | Test Loss: 0.8981, Test Acc: 0.6812
2025-10-10 14:12:09.525 | INFO     | [Worker-2 / GPU-2] Epoch 19/20 | Train Acc: 0.6190, Train Loss: 1.0743 | Test Loss: 0.8975, Test Acc: 0.6826
2025-10-10 14:12:09.525 | INFO     | [Worker-2 / GPU-2] Epoch 20/20 | Train Acc: 0.6293, Train Loss: 1.0580 | Test Loss: 0.9009, Test Acc: 0.6788
2025-10-10 14:12:09.525 | INFO     | [Worker-2 / GPU-2] Individual 1 -> Accuracy: 0.6788, Loss: 0.9009 | Duration: 144.98s
2025-10-10 14:12:09.525 | INFO     | [Worker-2 / GPU-2] GPU memory used: 0.06 GB
2025-10-10 14:12:14.607 | INFO     | [Worker-1 / GPU-1] Evaluating Individual 2/11 (20 epochs)
2025-10-10 14:12:14.608 | INFO     | [Worker-1 / GPU-1] Hyperparameters: {'width_scale': 1.403650693052546, 'fc1_units': 64, 'dropout_rate': 0.20219122679862844, 'optimizer_schedule': 'SGD_EXPONENTIAL', 'base_lr': 0.016788501627922732, 'aug_intensity': 'MEDIUM', 'weight_decay': 0.0003632491722652921, 'batch_size': 64}
2025-10-10 14:12:14.608 | INFO     | [Worker-1 / GPU-1] Scaled base_lr to 0.004197 for batch_size 64
2025-10-10 14:12:14.608 | INFO     | [Worker-1 / GPU-1] Epoch 1/20 | Train Acc: 0.1588, Train Loss: 3.4948 | Test Loss: 2.0242, Test Acc: 0.3053
2025-10-10 14:12:14.608 | INFO     | [Worker-1 / GPU-1] Epoch 2/20 | Train Acc: 0.2267, Train Loss: 2.6975 | Test Loss: 1.8009, Test Acc: 0.3581
2025-10-10 14:12:14.609 | INFO     | [Worker-1 / GPU-1] Epoch 3/20 | Train Acc: 0.2653, Train Loss: 2.3573 | Test Loss: 1.7323, Test Acc: 0.3745
2025-10-10 14:12:14.609 | INFO     | [Worker-1 / GPU-1] Epoch 4/20 | Train Acc: 0.2933, Train Loss: 2.1602 | Test Loss: 1.6514, Test Acc: 0.3986
2025-10-10 14:12:14.609 | INFO     | [Worker-1 / GPU-1] Epoch 5/20 | Train Acc: 0.3123, Train Loss: 2.0544 | Test Loss: 1.5784, Test Acc: 0.4271
2025-10-10 14:12:14.609 | INFO     | [Worker-1 / GPU-1] Epoch 6/20 | Train Acc: 0.3306, Train Loss: 1.9535 | Test Loss: 1.5563, Test Acc: 0.4303
2025-10-10 14:12:14.609 | INFO     | [Worker-1 / GPU-1] Epoch 7/20 | Train Acc: 0.3411, Train Loss: 1.8955 | Test Loss: 1.5109, Test Acc: 0.4576
2025-10-10 14:12:14.610 | INFO     | [Worker-1 / GPU-1] Epoch 8/20 | Train Acc: 0.3577, Train Loss: 1.8300 | Test Loss: 1.4732, Test Acc: 0.4717
2025-10-10 14:12:14.610 | INFO     | [Worker-1 / GPU-1] Epoch 9/20 | Train Acc: 0.3734, Train Loss: 1.7740 | Test Loss: 1.4385, Test Acc: 0.4842
2025-10-10 14:12:14.610 | INFO     | [Worker-1 / GPU-1] Epoch 10/20 | Train Acc: 0.3844, Train Loss: 1.7442 | Test Loss: 1.4166, Test Acc: 0.4922
2025-10-10 14:12:14.610 | INFO     | [Worker-1 / GPU-1] Epoch 11/20 | Train Acc: 0.3939, Train Loss: 1.7108 | Test Loss: 1.4030, Test Acc: 0.5001
2025-10-10 14:12:14.610 | INFO     | [Worker-1 / GPU-1] Epoch 12/20 | Train Acc: 0.4039, Train Loss: 1.6751 | Test Loss: 1.3862, Test Acc: 0.5050
2025-10-10 14:12:14.610 | INFO     | [Worker-1 / GPU-1] Epoch 13/20 | Train Acc: 0.4137, Train Loss: 1.6588 | Test Loss: 1.3698, Test Acc: 0.5074
2025-10-10 14:12:14.611 | INFO     | [Worker-1 / GPU-1] Epoch 14/20 | Train Acc: 0.4221, Train Loss: 1.6287 | Test Loss: 1.3629, Test Acc: 0.5152
2025-10-10 14:12:14.611 | INFO     | [Worker-1 / GPU-1] Epoch 15/20 | Train Acc: 0.4236, Train Loss: 1.6193 | Test Loss: 1.3383, Test Acc: 0.5270
2025-10-10 14:12:14.611 | INFO     | [Worker-1 / GPU-1] Epoch 16/20 | Train Acc: 0.4330, Train Loss: 1.5951 | Test Loss: 1.3234, Test Acc: 0.5322
2025-10-10 14:12:14.611 | INFO     | [Worker-1 / GPU-1] Epoch 17/20 | Train Acc: 0.4411, Train Loss: 1.5736 | Test Loss: 1.3186, Test Acc: 0.5321
2025-10-10 14:12:14.611 | INFO     | [Worker-1 / GPU-1] Epoch 18/20 | Train Acc: 0.4369, Train Loss: 1.5749 | Test Loss: 1.3067, Test Acc: 0.5374
2025-10-10 14:12:14.611 | INFO     | [Worker-1 / GPU-1] Epoch 19/20 | Train Acc: 0.4449, Train Loss: 1.5519 | Test Loss: 1.3046, Test Acc: 0.5381
2025-10-10 14:12:14.612 | INFO     | [Worker-1 / GPU-1] Epoch 20/20 | Train Acc: 0.4506, Train Loss: 1.5414 | Test Loss: 1.2830, Test Acc: 0.5466
2025-10-10 14:12:14.612 | INFO     | [Worker-1 / GPU-1] Individual 2 -> Accuracy: 0.5466, Loss: 1.2830 | Duration: 150.05s
2025-10-10 14:12:14.612 | INFO     | [Worker-1 / GPU-1] GPU memory used: 0.06 GB
2025-10-10 14:12:19.869 | INFO     | [Worker-3 / GPU-3] Evaluating Individual 0/11 (20 epochs)
2025-10-10 14:12:19.869 | INFO     | [Worker-3 / GPU-3] Hyperparameters: {'width_scale': 1.2120111101530133, 'fc1_units': 64, 'dropout_rate': 0.349732707979579, 'optimizer_schedule': 'SGD_COSINE', 'base_lr': 0.021166397967856538, 'aug_intensity': 'STRONG', 'weight_decay': 0.0006345267933832497, 'batch_size': 256}
2025-10-10 14:12:19.870 | INFO     | [Worker-3 / GPU-3] Scaled base_lr to 0.021166 for batch_size 256
2025-10-10 14:12:19.870 | INFO     | [Worker-3 / GPU-3] Epoch 1/20 | Train Acc: 0.2187, Train Loss: 2.9905 | Test Loss: 1.6374, Test Acc: 0.4120
2025-10-10 14:12:19.870 | INFO     | [Worker-3 / GPU-3] Epoch 2/20 | Train Acc: 0.3317, Train Loss: 1.9347 | Test Loss: 1.4634, Test Acc: 0.4816
2025-10-10 14:12:19.870 | INFO     | [Worker-3 / GPU-3] Epoch 3/20 | Train Acc: 0.3999, Train Loss: 1.6717 | Test Loss: 1.3489, Test Acc: 0.5265
2025-10-10 14:12:19.871 | INFO     | [Worker-3 / GPU-3] Epoch 4/20 | Train Acc: 0.4444, Train Loss: 1.5414 | Test Loss: 1.2816, Test Acc: 0.5474
2025-10-10 14:12:19.871 | INFO     | [Worker-3 / GPU-3] Epoch 5/20 | Train Acc: 0.4854, Train Loss: 1.4469 | Test Loss: 1.1875, Test Acc: 0.5850
2025-10-10 14:12:19.871 | INFO     | [Worker-3 / GPU-3] Epoch 6/20 | Train Acc: 0.5177, Train Loss: 1.3657 | Test Loss: 1.1172, Test Acc: 0.6026
2025-10-10 14:12:19.871 | INFO     | [Worker-3 / GPU-3] Epoch 7/20 | Train Acc: 0.5398, Train Loss: 1.3021 | Test Loss: 1.0800, Test Acc: 0.6173
2025-10-10 14:12:19.871 | INFO     | [Worker-3 / GPU-3] Epoch 8/20 | Train Acc: 0.5573, Train Loss: 1.2551 | Test Loss: 1.0132, Test Acc: 0.6455
2025-10-10 14:12:19.872 | INFO     | [Worker-3 / GPU-3] Epoch 9/20 | Train Acc: 0.5760, Train Loss: 1.2049 | Test Loss: 0.9781, Test Acc: 0.6585
2025-10-10 14:12:19.872 | INFO     | [Worker-3 / GPU-3] Epoch 10/20 | Train Acc: 0.5911, Train Loss: 1.1603 | Test Loss: 0.9382, Test Acc: 0.6724
2025-10-10 14:12:19.872 | INFO     | [Worker-3 / GPU-3] Epoch 11/20 | Train Acc: 0.6050, Train Loss: 1.1360 | Test Loss: 0.9254, Test Acc: 0.6749
2025-10-10 14:12:19.872 | INFO     | [Worker-3 / GPU-3] Epoch 12/20 | Train Acc: 0.6139, Train Loss: 1.1087 | Test Loss: 0.9051, Test Acc: 0.6854
2025-10-10 14:12:19.872 | INFO     | [Worker-3 / GPU-3] Epoch 13/20 | Train Acc: 0.6228, Train Loss: 1.0866 | Test Loss: 0.8823, Test Acc: 0.6969
2025-10-10 14:12:19.872 | INFO     | [Worker-3 / GPU-3] Epoch 14/20 | Train Acc: 0.6364, Train Loss: 1.0545 | Test Loss: 0.8693, Test Acc: 0.6984
2025-10-10 14:12:19.873 | INFO     | [Worker-3 / GPU-3] Epoch 15/20 | Train Acc: 0.6386, Train Loss: 1.0413 | Test Loss: 0.8559, Test Acc: 0.7037
2025-10-10 14:12:19.873 | INFO     | [Worker-3 / GPU-3] Epoch 16/20 | Train Acc: 0.6423, Train Loss: 1.0395 | Test Loss: 0.8499, Test Acc: 0.7053
2025-10-10 14:12:19.873 | INFO     | [Worker-3 / GPU-3] Epoch 17/20 | Train Acc: 0.6455, Train Loss: 1.0251 | Test Loss: 0.8422, Test Acc: 0.7121
2025-10-10 14:12:19.873 | INFO     | [Worker-3 / GPU-3] Epoch 18/20 | Train Acc: 0.6447, Train Loss: 1.0230 | Test Loss: 0.8385, Test Acc: 0.7127
2025-10-10 14:12:19.873 | INFO     | [Worker-3 / GPU-3] Epoch 19/20 | Train Acc: 0.6542, Train Loss: 1.0077 | Test Loss: 0.8367, Test Acc: 0.7116
2025-10-10 14:12:19.873 | INFO     | [Worker-3 / GPU-3] Epoch 20/20 | Train Acc: 0.6535, Train Loss: 1.0113 | Test Loss: 0.8421, Test Acc: 0.7093
2025-10-10 14:12:19.874 | INFO     | [Worker-3 / GPU-3] Individual 0 -> Accuracy: 0.7093, Loss: 0.8421 | Duration: 155.51s
2025-10-10 14:12:19.874 | INFO     | [Worker-3 / GPU-3] GPU memory used: 0.05 GB
2025-10-10 14:12:30.255 | INFO     | [Worker-0 / GPU-0] Evaluating Individual 3/11 (20 epochs)
2025-10-10 14:12:30.256 | INFO     | [Worker-0 / GPU-0] Hyperparameters: {'width_scale': 1.3876556275275984, 'fc1_units': 128, 'dropout_rate': 0.20326165883103292, 'optimizer_schedule': 'SGD_EXPONENTIAL', 'base_lr': 0.01152442603267783, 'aug_intensity': 'STRONG', 'weight_decay': 0.00010299807530641417, 'batch_size': 128}
2025-10-10 14:12:30.256 | INFO     | [Worker-0 / GPU-0] Scaled base_lr to 0.005762 for batch_size 128
2025-10-10 14:12:30.256 | INFO     | [Worker-0 / GPU-0] Epoch 1/20 | Train Acc: 0.1782, Train Loss: 4.4646 | Test Loss: 2.0609, Test Acc: 0.3407
2025-10-10 14:12:30.256 | INFO     | [Worker-0 / GPU-0] Epoch 2/20 | Train Acc: 0.2409, Train Loss: 3.5357 | Test Loss: 1.8602, Test Acc: 0.3883
2025-10-10 14:12:30.256 | INFO     | [Worker-0 / GPU-0] Epoch 3/20 | Train Acc: 0.2733, Train Loss: 2.9828 | Test Loss: 1.7506, Test Acc: 0.3989
2025-10-10 14:12:30.256 | INFO     | [Worker-0 / GPU-0] Epoch 4/20 | Train Acc: 0.2923, Train Loss: 2.6819 | Test Loss: 1.6529, Test Acc: 0.4264
2025-10-10 14:12:30.257 | INFO     | [Worker-0 / GPU-0] Epoch 5/20 | Train Acc: 0.3134, Train Loss: 2.4430 | Test Loss: 1.6068, Test Acc: 0.4404
2025-10-10 14:12:30.257 | INFO     | [Worker-0 / GPU-0] Epoch 6/20 | Train Acc: 0.3227, Train Loss: 2.3258 | Test Loss: 1.5437, Test Acc: 0.4618
2025-10-10 14:12:30.257 | INFO     | [Worker-0 / GPU-0] Epoch 7/20 | Train Acc: 0.3422, Train Loss: 2.1821 | Test Loss: 1.4943, Test Acc: 0.4761
2025-10-10 14:12:30.257 | INFO     | [Worker-0 / GPU-0] Epoch 8/20 | Train Acc: 0.3581, Train Loss: 2.0818 | Test Loss: 1.4500, Test Acc: 0.4891
2025-10-10 14:12:30.257 | INFO     | [Worker-0 / GPU-0] Epoch 9/20 | Train Acc: 0.3663, Train Loss: 2.0201 | Test Loss: 1.4346, Test Acc: 0.4991
2025-10-10 14:12:30.258 | INFO     | [Worker-0 / GPU-0] Epoch 10/20 | Train Acc: 0.3807, Train Loss: 1.9451 | Test Loss: 1.4085, Test Acc: 0.5034
2025-10-10 14:12:30.258 | INFO     | [Worker-0 / GPU-0] Epoch 11/20 | Train Acc: 0.3918, Train Loss: 1.8910 | Test Loss: 1.3908, Test Acc: 0.5118
2025-10-10 14:12:30.258 | INFO     | [Worker-0 / GPU-0] Epoch 12/20 | Train Acc: 0.4029, Train Loss: 1.8334 | Test Loss: 1.3633, Test Acc: 0.5240
2025-10-10 14:12:30.258 | INFO     | [Worker-0 / GPU-0] Epoch 13/20 | Train Acc: 0.4131, Train Loss: 1.7994 | Test Loss: 1.3447, Test Acc: 0.5290
2025-10-10 14:12:30.258 | INFO     | [Worker-0 / GPU-0] Epoch 14/20 | Train Acc: 0.4199, Train Loss: 1.7577 | Test Loss: 1.3353, Test Acc: 0.5306
2025-10-10 14:12:30.258 | INFO     | [Worker-0 / GPU-0] Epoch 15/20 | Train Acc: 0.4253, Train Loss: 1.7454 | Test Loss: 1.2968, Test Acc: 0.5430
2025-10-10 14:12:30.258 | INFO     | [Worker-0 / GPU-0] Epoch 16/20 | Train Acc: 0.4325, Train Loss: 1.7095 | Test Loss: 1.2912, Test Acc: 0.5427
2025-10-10 14:12:30.259 | INFO     | [Worker-0 / GPU-0] Epoch 17/20 | Train Acc: 0.4382, Train Loss: 1.6734 | Test Loss: 1.2810, Test Acc: 0.5466
2025-10-10 14:12:30.259 | INFO     | [Worker-0 / GPU-0] Epoch 18/20 | Train Acc: 0.4452, Train Loss: 1.6550 | Test Loss: 1.2549, Test Acc: 0.5592
2025-10-10 14:12:30.259 | INFO     | [Worker-0 / GPU-0] Epoch 19/20 | Train Acc: 0.4505, Train Loss: 1.6338 | Test Loss: 1.2476, Test Acc: 0.5583
2025-10-10 14:12:30.259 | INFO     | [Worker-0 / GPU-0] Epoch 20/20 | Train Acc: 0.4570, Train Loss: 1.6108 | Test Loss: 1.2393, Test Acc: 0.5630
2025-10-10 14:12:30.259 | INFO     | [Worker-0 / GPU-0] Individual 3 -> Accuracy: 0.5630, Loss: 1.2393 | Duration: 165.66s
2025-10-10 14:12:30.259 | INFO     | [Worker-0 / GPU-0] GPU memory used: 0.06 GB
