2025-10-09 10:05:05.565 | INFO     | Configuration:
{
    "project": {
        "name": "HPO Paper-Based Experiment",
        "seed": 123
    },
    "environment": {
        "data_source": {
            "dataset": "CIFAR-10",
            "path": "./model_data"
        },
        "logging": {
            "log_file": "logs/experiment.log",
            "error_log_file": "logs/error.log",
            "report_directory": "reports"
        }
    },
    "checkpoint_config": {
        "interval_per_gen": 1
    },
    "parallel_config": {
        "execution": {
            "evaluation_mode": "GPU",
            "enable_parallel": true,
            "gpu_workers": 4,
            "cpu_workers": 0,
            "gpu_cpu_performance_ratio": 16,
            "dataloader_workers": {
                "per_gpu": 8,
                "per_cpu": 1
            }
        }
    },
    "neural_network_config": {
        "input_shape": [
            3,
            32,
            32
        ],
        "output_classes": 10,
        "conv_blocks": 4,
        "fixed_parameters": {
            "activation_function": "relu",
            "base_filters": 32
        },
        "hyperparameter_space": {
            "width_scale": {
                "type": "float",
                "range": [
                    1.0,
                    2.0
                ],
                "description": "Scales the number of filters in convolutional layers"
            },
            "fc1_units": {
                "type": "enum",
                "values": [
                    512,
                    768,
                    1024,
                    2048
                ],
                "description": "Number of neurons in the first fully connected layer"
            },
            "dropout_rate": {
                "type": "float",
                "range": [
                    0.2,
                    0.5
                ],
                "description": "Dropout intensity in the first fully connected layer"
            },
            "optimizer_schedule": {
                "type": "enum",
                "values": [
                    "SGD_COSINE",
                    "SGD_ONECYCLE",
                    "SGD_EXPONENTIAL"
                ],
                "description": "Optimizer type + Learning rate scheduler"
            },
            "base_lr": {
                "type": "float",
                "range": [
                    0.001,
                    0.1
                ],
                "scale": "log",
                "description": "Base learning rate value, log scale"
            },
            "aug_intensity": {
                "type": "enum",
                "values": [
                    "MEDIUM",
                    "STRONG"
                ],
                "description": "Level of data augmentation"
            },
            "weight_decay": {
                "type": "float",
                "range": [
                    0.0001,
                    0.0005
                ],
                "scale": "log",
                "description": "L2 regularization coefficient, log scale"
            },
            "batch_size": {
                "type": "enum",
                "values": [
                    64,
                    128,
                    256
                ],
                "description": "Training batch size"
            }
        }
    },
    "nested_validation_config": {
        "enabled": true,
        "outer_k_folds": 3
    },
    "genetic_algorithm_config": {
        "genetic_operators": {
            "active": [
                "selection",
                "crossover",
                "mutation",
                "elitism"
            ],
            "selection": {
                "type": "tournament",
                "tournament_size": 4
            },
            "crossover": {
                "type": "uniform",
                "crossover_prob": 0.8
            },
            "mutation": {
                "mutation_prob_discrete": 0.15,
                "mutation_prob_categorical": 0.15,
                "mutation_sigma_continuous": 0.1,
                "mutation_prob_continuous": 0.15
            },
            "elitism_percent": 0.1
        },
        "calibration": {
            "enabled": true,
            "population_size": 48,
            "generations": 10,
            "training_epochs": 20,
            "data_subset_percentage": 0.2,
            "mutation_decay_rate": 0.98,
            "stratification_bins": 9,
            "stop_conditions": {
                "max_generations": 10,
                "early_stop_generations": 999,
                "early_stop_epochs": 6,
                "fitness_goal": 0.81,
                "time_limit_minutes": 1440
            }
        },
        "main_algorithm": {
            "population_size": 24,
            "generations": 70,
            "training_epochs": 100,
            "mutation_decay_rate": 0.98,
            "stratification_bins": 3,
            "stop_conditions": {
                "max_generations": 70,
                "early_stop_generations": 8,
                "early_stop_epochs": 15,
                "fitness_goal": 0.99,
                "time_limit_minutes": 0
            }
        }
    }
}
2025-10-09 10:05:05.566 | INFO     | Logger initialized. Log file at logs/log_2025-10-09_08-05-05.log
2025-10-09 10:05:05.566 | INFO     | --- Starting Nested Resampling With 3 Folds ---
2025-10-09 10:05:06.423 | INFO     | --- Running Fold 1/3 ---
2025-10-09 10:05:06.424 | INFO     | Initializing worker pool...
2025-10-09 10:05:06.424 | INFO     | Using GPU-Only scheduling strategy.
2025-10-09 10:05:06.427 | INFO     | Worker pool initialized with 4 workers.
2025-10-09 10:05:07.317 | INFO     | --- Starting CALIBRATION Phase ---
2025-10-09 10:05:07.318 | INFO     | Generations: 10, Population: 48
2025-10-09 10:05:07.318 | WARNING  | Progressive epochs are disabled! To enable progression minimal training epochs must be at least (20).
2025-10-09 10:05:07.319 | INFO     | --- CALIBRATION - Generation 1/10 ---
2025-10-09 10:07:23.879 | INFO     | [Worker-3 / GPU-3] Evaluating Individual 1/48 (20 epochs)
2025-10-09 10:07:23.880 | INFO     | [Worker-3 / GPU-3] Hyperparameters: {'width_scale': 1.776954442472939, 'fc1_units': 1024, 'dropout_rate': 0.32379210835515887, 'optimizer_schedule': 'SGD_EXPONENTIAL', 'base_lr': 0.05423796199737563, 'aug_intensity': 'STRONG', 'weight_decay': 0.00018908698403065453, 'batch_size': 64}
2025-10-09 10:07:23.880 | INFO     | [Worker-3 / GPU-3] Using base_lr 0.054238 for batch_size 64
2025-10-09 10:07:23.880 | INFO     | [Worker-3 / GPU-3] Epoch 1/20 | Train Acc: 0.3007, Train Loss: 4.2383 | Test Loss: 1.5974, Test Acc: 0.4004
2025-10-09 10:07:23.881 | INFO     | [Worker-3 / GPU-3] Epoch 2/20 | Train Acc: 0.3732, Train Loss: 1.6526 | Test Loss: 1.3421, Test Acc: 0.5142
2025-10-09 10:07:23.881 | INFO     | [Worker-3 / GPU-3] Epoch 3/20 | Train Acc: 0.4742, Train Loss: 1.4271 | Test Loss: 1.2123, Test Acc: 0.5665
2025-10-09 10:07:23.881 | INFO     | [Worker-3 / GPU-3] Epoch 4/20 | Train Acc: 0.5588, Train Loss: 1.2246 | Test Loss: 1.1062, Test Acc: 0.6158
2025-10-09 10:07:23.881 | INFO     | [Worker-3 / GPU-3] Epoch 5/20 | Train Acc: 0.6116, Train Loss: 1.0808 | Test Loss: 0.9402, Test Acc: 0.6673
2025-10-09 10:07:23.881 | INFO     | [Worker-3 / GPU-3] Epoch 6/20 | Train Acc: 0.6713, Train Loss: 0.9332 | Test Loss: 0.8699, Test Acc: 0.7027
2025-10-09 10:07:23.881 | INFO     | [Worker-3 / GPU-3] Epoch 7/20 | Train Acc: 0.7120, Train Loss: 0.8235 | Test Loss: 0.7796, Test Acc: 0.7298
2025-10-09 10:07:23.882 | INFO     | [Worker-3 / GPU-3] Epoch 8/20 | Train Acc: 0.7457, Train Loss: 0.7185 | Test Loss: 0.7718, Test Acc: 0.7309
2025-10-09 10:07:23.882 | INFO     | [Worker-3 / GPU-3] Epoch 9/20 | Train Acc: 0.7815, Train Loss: 0.6257 | Test Loss: 0.8607, Test Acc: 0.7062
2025-10-09 10:07:23.882 | INFO     | [Worker-3 / GPU-3] Epoch 10/20 | Train Acc: 0.8095, Train Loss: 0.5472 | Test Loss: 0.7861, Test Acc: 0.7373
2025-10-09 10:07:23.882 | INFO     | [Worker-3 / GPU-3] Epoch 11/20 | Train Acc: 0.8399, Train Loss: 0.4576 | Test Loss: 0.7045, Test Acc: 0.7621
2025-10-09 10:07:23.882 | INFO     | [Worker-3 / GPU-3] Epoch 12/20 | Train Acc: 0.8657, Train Loss: 0.3894 | Test Loss: 0.6761, Test Acc: 0.7760
2025-10-09 10:07:23.883 | INFO     | [Worker-3 / GPU-3] Epoch 13/20 | Train Acc: 0.8867, Train Loss: 0.3315 | Test Loss: 0.6558, Test Acc: 0.7854
2025-10-09 10:07:23.883 | INFO     | [Worker-3 / GPU-3] Epoch 14/20 | Train Acc: 0.9030, Train Loss: 0.2799 | Test Loss: 0.7486, Test Acc: 0.7670
2025-10-09 10:07:23.883 | INFO     | [Worker-3 / GPU-3] Epoch 15/20 | Train Acc: 0.9219, Train Loss: 0.2271 | Test Loss: 0.7747, Test Acc: 0.7625
2025-10-09 10:07:23.883 | INFO     | [Worker-3 / GPU-3] Epoch 16/20 | Train Acc: 0.9371, Train Loss: 0.1895 | Test Loss: 0.7407, Test Acc: 0.7777
2025-10-09 10:07:23.883 | INFO     | [Worker-3 / GPU-3] Epoch 17/20 | Train Acc: 0.9515, Train Loss: 0.1477 | Test Loss: 0.7990, Test Acc: 0.7746
2025-10-09 10:07:23.884 | INFO     | [Worker-3 / GPU-3] Epoch 18/20 | Train Acc: 0.9601, Train Loss: 0.1251 | Test Loss: 0.8063, Test Acc: 0.7733
2025-10-09 10:07:23.884 | INFO     | [Worker-3 / GPU-3] Epoch 19/20 | Train Acc: 0.9683, Train Loss: 0.1000 | Test Loss: 0.8582, Test Acc: 0.7685
2025-10-09 10:07:23.884 | INFO     | [Worker-3 / GPU-3] Epoch 19/20 | Train Acc: 0.9683, Train Loss: 0.1000 | Test Loss: 0.8582, Test Acc: 0.7685 / Early stopping triggered
2025-10-09 10:07:23.884 | INFO     | [Worker-3 / GPU-3] Individual 1 -> Accuracy: 0.7685, Loss: 0.8582 | Duration: 132.50s
2025-10-09 10:07:23.884 | INFO     | [Worker-3 / GPU-3] GPU memory used: 0.10 GB
2025-10-09 10:07:28.372 | INFO     | [Worker-2 / GPU-2] Evaluating Individual 0/48 (20 epochs)
2025-10-09 10:07:28.373 | INFO     | [Worker-2 / GPU-2] Hyperparameters: {'width_scale': 1.8600182787578439, 'fc1_units': 2048, 'dropout_rate': 0.2911417337410348, 'optimizer_schedule': 'SGD_COSINE', 'base_lr': 0.0020756533871692517, 'aug_intensity': 'STRONG', 'weight_decay': 0.00040651702141024864, 'batch_size': 256}
2025-10-09 10:07:28.373 | INFO     | [Worker-2 / GPU-2] Using base_lr 0.002076 for batch_size 256
2025-10-09 10:07:28.373 | INFO     | [Worker-2 / GPU-2] Epoch 1/20 | Train Acc: 0.2358, Train Loss: 18.3149 | Test Loss: 7.2329, Test Acc: 0.3999
2025-10-09 10:07:28.373 | INFO     | [Worker-2 / GPU-2] Epoch 2/20 | Train Acc: 0.3398, Train Loss: 10.9510 | Test Loss: 5.5018, Test Acc: 0.4455
2025-10-09 10:07:28.373 | INFO     | [Worker-2 / GPU-2] Epoch 3/20 | Train Acc: 0.3877, Train Loss: 7.7034 | Test Loss: 4.2321, Test Acc: 0.4742
2025-10-09 10:07:28.374 | INFO     | [Worker-2 / GPU-2] Epoch 4/20 | Train Acc: 0.4150, Train Loss: 5.6362 | Test Loss: 3.4271, Test Acc: 0.4892
2025-10-09 10:07:28.374 | INFO     | [Worker-2 / GPU-2] Epoch 5/20 | Train Acc: 0.4419, Train Loss: 4.1964 | Test Loss: 2.8879, Test Acc: 0.4867
2025-10-09 10:07:28.374 | INFO     | [Worker-2 / GPU-2] Epoch 6/20 | Train Acc: 0.4570, Train Loss: 3.1984 | Test Loss: 2.3667, Test Acc: 0.4916
2025-10-09 10:07:28.374 | INFO     | [Worker-2 / GPU-2] Epoch 7/20 | Train Acc: 0.4700, Train Loss: 2.5286 | Test Loss: 2.0412, Test Acc: 0.4933
2025-10-09 10:07:28.374 | INFO     | [Worker-2 / GPU-2] Epoch 8/20 | Train Acc: 0.4819, Train Loss: 2.0889 | Test Loss: 1.8413, Test Acc: 0.4942
2025-10-09 10:07:28.374 | INFO     | [Worker-2 / GPU-2] Epoch 9/20 | Train Acc: 0.4945, Train Loss: 1.8218 | Test Loss: 1.6951, Test Acc: 0.4972
2025-10-09 10:07:28.375 | INFO     | [Worker-2 / GPU-2] Epoch 10/20 | Train Acc: 0.5063, Train Loss: 1.6462 | Test Loss: 1.6209, Test Acc: 0.5017
2025-10-09 10:07:28.375 | INFO     | [Worker-2 / GPU-2] Epoch 11/20 | Train Acc: 0.5221, Train Loss: 1.5316 | Test Loss: 1.5623, Test Acc: 0.5061
2025-10-09 10:07:28.375 | INFO     | [Worker-2 / GPU-2] Epoch 12/20 | Train Acc: 0.5369, Train Loss: 1.4509 | Test Loss: 1.5253, Test Acc: 0.5109
2025-10-09 10:07:28.375 | INFO     | [Worker-2 / GPU-2] Epoch 13/20 | Train Acc: 0.5445, Train Loss: 1.3984 | Test Loss: 1.5141, Test Acc: 0.5149
2025-10-09 10:07:28.375 | INFO     | [Worker-2 / GPU-2] Epoch 14/20 | Train Acc: 0.5511, Train Loss: 1.3637 | Test Loss: 1.4990, Test Acc: 0.5163
2025-10-09 10:07:28.375 | INFO     | [Worker-2 / GPU-2] Epoch 15/20 | Train Acc: 0.5572, Train Loss: 1.3396 | Test Loss: 1.4832, Test Acc: 0.5162
2025-10-09 10:07:28.376 | INFO     | [Worker-2 / GPU-2] Epoch 16/20 | Train Acc: 0.5635, Train Loss: 1.3160 | Test Loss: 1.4874, Test Acc: 0.5190
2025-10-09 10:07:28.376 | INFO     | [Worker-2 / GPU-2] Epoch 17/20 | Train Acc: 0.5628, Train Loss: 1.3106 | Test Loss: 1.4764, Test Acc: 0.5195
2025-10-09 10:07:28.376 | INFO     | [Worker-2 / GPU-2] Epoch 18/20 | Train Acc: 0.5686, Train Loss: 1.2995 | Test Loss: 1.4789, Test Acc: 0.5190
2025-10-09 10:07:28.376 | INFO     | [Worker-2 / GPU-2] Epoch 19/20 | Train Acc: 0.5691, Train Loss: 1.3046 | Test Loss: 1.4856, Test Acc: 0.5207
2025-10-09 10:07:28.376 | INFO     | [Worker-2 / GPU-2] Epoch 20/20 | Train Acc: 0.5674, Train Loss: 1.3011 | Test Loss: 1.4709, Test Acc: 0.5199
2025-10-09 10:07:28.376 | INFO     | [Worker-2 / GPU-2] Individual 0 -> Accuracy: 0.5199, Loss: 1.4709 | Duration: 137.03s
2025-10-09 10:07:28.377 | INFO     | [Worker-2 / GPU-2] GPU memory used: 0.12 GB
2025-10-09 10:07:28.582 | INFO     | [Worker-1 / GPU-1] Evaluating Individual 2/48 (20 epochs)
2025-10-09 10:07:28.583 | INFO     | [Worker-1 / GPU-1] Hyperparameters: {'width_scale': 1.9264717762332473, 'fc1_units': 1024, 'dropout_rate': 0.36554006326483857, 'optimizer_schedule': 'SGD_COSINE', 'base_lr': 0.007763589490009833, 'aug_intensity': 'STRONG', 'weight_decay': 0.0003078972441171083, 'batch_size': 64}
2025-10-09 10:07:28.583 | INFO     | [Worker-1 / GPU-1] Using base_lr 0.007764 for batch_size 64
2025-10-09 10:07:28.583 | INFO     | [Worker-1 / GPU-1] Epoch 1/20 | Train Acc: 0.2848, Train Loss: 12.3840 | Test Loss: 2.7757, Test Acc: 0.4138
2025-10-09 10:07:28.583 | INFO     | [Worker-1 / GPU-1] Epoch 2/20 | Train Acc: 0.3712, Train Loss: 2.2030 | Test Loss: 1.5513, Test Acc: 0.4444
2025-10-09 10:07:28.583 | INFO     | [Worker-1 / GPU-1] Epoch 3/20 | Train Acc: 0.4464, Train Loss: 1.5760 | Test Loss: 1.4200, Test Acc: 0.5024
2025-10-09 10:07:28.584 | INFO     | [Worker-1 / GPU-1] Epoch 4/20 | Train Acc: 0.5075, Train Loss: 1.3947 | Test Loss: 1.2921, Test Acc: 0.5406
2025-10-09 10:07:28.584 | INFO     | [Worker-1 / GPU-1] Epoch 5/20 | Train Acc: 0.5493, Train Loss: 1.2671 | Test Loss: 1.2204, Test Acc: 0.5733
2025-10-09 10:07:28.584 | INFO     | [Worker-1 / GPU-1] Epoch 6/20 | Train Acc: 0.5936, Train Loss: 1.1522 | Test Loss: 1.1544, Test Acc: 0.5936
2025-10-09 10:07:28.584 | INFO     | [Worker-1 / GPU-1] Epoch 7/20 | Train Acc: 0.6238, Train Loss: 1.0631 | Test Loss: 1.1448, Test Acc: 0.6009
2025-10-09 10:07:28.584 | INFO     | [Worker-1 / GPU-1] Epoch 8/20 | Train Acc: 0.6481, Train Loss: 0.9877 | Test Loss: 1.1014, Test Acc: 0.6204
2025-10-09 10:07:28.584 | INFO     | [Worker-1 / GPU-1] Epoch 9/20 | Train Acc: 0.6718, Train Loss: 0.9147 | Test Loss: 1.0816, Test Acc: 0.6255
2025-10-09 10:07:28.585 | INFO     | [Worker-1 / GPU-1] Epoch 10/20 | Train Acc: 0.6971, Train Loss: 0.8560 | Test Loss: 1.0579, Test Acc: 0.6341
2025-10-09 10:07:28.585 | INFO     | [Worker-1 / GPU-1] Epoch 11/20 | Train Acc: 0.7137, Train Loss: 0.8076 | Test Loss: 1.0417, Test Acc: 0.6399
2025-10-09 10:07:28.585 | INFO     | [Worker-1 / GPU-1] Epoch 12/20 | Train Acc: 0.7341, Train Loss: 0.7539 | Test Loss: 1.0227, Test Acc: 0.6490
2025-10-09 10:07:28.585 | INFO     | [Worker-1 / GPU-1] Epoch 13/20 | Train Acc: 0.7434, Train Loss: 0.7210 | Test Loss: 1.0181, Test Acc: 0.6532
2025-10-09 10:07:28.585 | INFO     | [Worker-1 / GPU-1] Epoch 14/20 | Train Acc: 0.7580, Train Loss: 0.6880 | Test Loss: 1.0119, Test Acc: 0.6542
2025-10-09 10:07:28.585 | INFO     | [Worker-1 / GPU-1] Epoch 15/20 | Train Acc: 0.7688, Train Loss: 0.6603 | Test Loss: 1.0079, Test Acc: 0.6554
2025-10-09 10:07:28.586 | INFO     | [Worker-1 / GPU-1] Epoch 16/20 | Train Acc: 0.7733, Train Loss: 0.6475 | Test Loss: 1.0054, Test Acc: 0.6560
2025-10-09 10:07:28.586 | INFO     | [Worker-1 / GPU-1] Epoch 17/20 | Train Acc: 0.7790, Train Loss: 0.6330 | Test Loss: 1.0065, Test Acc: 0.6556
2025-10-09 10:07:28.586 | INFO     | [Worker-1 / GPU-1] Epoch 18/20 | Train Acc: 0.7767, Train Loss: 0.6343 | Test Loss: 1.0051, Test Acc: 0.6566
2025-10-09 10:07:28.586 | INFO     | [Worker-1 / GPU-1] Epoch 19/20 | Train Acc: 0.7826, Train Loss: 0.6308 | Test Loss: 1.0028, Test Acc: 0.6567
2025-10-09 10:07:28.586 | INFO     | [Worker-1 / GPU-1] Epoch 20/20 | Train Acc: 0.7799, Train Loss: 0.6292 | Test Loss: 1.0050, Test Acc: 0.6570
2025-10-09 10:07:28.587 | INFO     | [Worker-1 / GPU-1] Individual 2 -> Accuracy: 0.6570, Loss: 1.0050 | Duration: 137.17s
2025-10-09 10:07:28.587 | INFO     | [Worker-1 / GPU-1] GPU memory used: 0.10 GB
2025-10-09 10:08:17.534 | INFO     | [Worker-0 / GPU-0] Evaluating Individual 3/48 (20 epochs)
2025-10-09 10:08:17.535 | INFO     | [Worker-0 / GPU-0] Hyperparameters: {'width_scale': 1.291801519029964, 'fc1_units': 2048, 'dropout_rate': 0.3720224257042781, 'optimizer_schedule': 'SGD_COSINE', 'base_lr': 0.0033934652833300973, 'aug_intensity': 'MEDIUM', 'weight_decay': 0.0003446390369029887, 'batch_size': 128}
2025-10-09 10:08:17.535 | INFO     | [Worker-0 / GPU-0] Using base_lr 0.003393 for batch_size 128
2025-10-09 10:08:17.535 | INFO     | [Worker-0 / GPU-0] Epoch 1/20 | Train Acc: 0.2404, Train Loss: 14.7761 | Test Loss: 5.1991, Test Acc: 0.4089
2025-10-09 10:08:17.535 | INFO     | [Worker-0 / GPU-0] Epoch 2/20 | Train Acc: 0.3456, Train Loss: 6.7658 | Test Loss: 3.1384, Test Acc: 0.4529
2025-10-09 10:08:17.535 | INFO     | [Worker-0 / GPU-0] Epoch 3/20 | Train Acc: 0.3896, Train Loss: 3.4969 | Test Loss: 1.9629, Test Acc: 0.4649
2025-10-09 10:08:17.536 | INFO     | [Worker-0 / GPU-0] Epoch 4/20 | Train Acc: 0.4135, Train Loss: 2.0601 | Test Loss: 1.5671, Test Acc: 0.4686
2025-10-09 10:08:17.536 | INFO     | [Worker-0 / GPU-0] Epoch 5/20 | Train Acc: 0.4454, Train Loss: 1.6488 | Test Loss: 1.4500, Test Acc: 0.4949
2025-10-09 10:08:17.536 | INFO     | [Worker-0 / GPU-0] Epoch 6/20 | Train Acc: 0.4893, Train Loss: 1.4790 | Test Loss: 1.3740, Test Acc: 0.5210
2025-10-09 10:08:17.536 | INFO     | [Worker-0 / GPU-0] Epoch 7/20 | Train Acc: 0.5175, Train Loss: 1.3814 | Test Loss: 1.3307, Test Acc: 0.5349
2025-10-09 10:08:17.536 | INFO     | [Worker-0 / GPU-0] Epoch 8/20 | Train Acc: 0.5462, Train Loss: 1.3024 | Test Loss: 1.2848, Test Acc: 0.5513
2025-10-09 10:08:17.536 | INFO     | [Worker-0 / GPU-0] Epoch 9/20 | Train Acc: 0.5602, Train Loss: 1.2442 | Test Loss: 1.2663, Test Acc: 0.5560
2025-10-09 10:08:17.537 | INFO     | [Worker-0 / GPU-0] Epoch 10/20 | Train Acc: 0.5824, Train Loss: 1.1888 | Test Loss: 1.2489, Test Acc: 0.5639
2025-10-09 10:08:17.537 | INFO     | [Worker-0 / GPU-0] Epoch 11/20 | Train Acc: 0.5951, Train Loss: 1.1499 | Test Loss: 1.2236, Test Acc: 0.5711
2025-10-09 10:08:17.537 | INFO     | [Worker-0 / GPU-0] Epoch 12/20 | Train Acc: 0.6045, Train Loss: 1.1155 | Test Loss: 1.2124, Test Acc: 0.5743
2025-10-09 10:08:17.538 | INFO     | [Worker-0 / GPU-0] Epoch 13/20 | Train Acc: 0.6168, Train Loss: 1.0846 | Test Loss: 1.2060, Test Acc: 0.5780
2025-10-09 10:08:17.538 | INFO     | [Worker-0 / GPU-0] Epoch 14/20 | Train Acc: 0.6235, Train Loss: 1.0631 | Test Loss: 1.1990, Test Acc: 0.5820
2025-10-09 10:08:17.538 | INFO     | [Worker-0 / GPU-0] Epoch 15/20 | Train Acc: 0.6241, Train Loss: 1.0578 | Test Loss: 1.1935, Test Acc: 0.5831
2025-10-09 10:08:17.538 | INFO     | [Worker-0 / GPU-0] Epoch 16/20 | Train Acc: 0.6322, Train Loss: 1.0405 | Test Loss: 1.1918, Test Acc: 0.5823
2025-10-09 10:08:17.539 | INFO     | [Worker-0 / GPU-0] Epoch 17/20 | Train Acc: 0.6312, Train Loss: 1.0404 | Test Loss: 1.1893, Test Acc: 0.5834
2025-10-09 10:08:17.539 | INFO     | [Worker-0 / GPU-0] Epoch 18/20 | Train Acc: 0.6386, Train Loss: 1.0271 | Test Loss: 1.1888, Test Acc: 0.5849
2025-10-09 10:08:17.539 | INFO     | [Worker-0 / GPU-0] Epoch 19/20 | Train Acc: 0.6374, Train Loss: 1.0298 | Test Loss: 1.1894, Test Acc: 0.5839
2025-10-09 10:08:17.539 | INFO     | [Worker-0 / GPU-0] Epoch 20/20 | Train Acc: 0.6352, Train Loss: 1.0299 | Test Loss: 1.1899, Test Acc: 0.5831
2025-10-09 10:08:17.539 | INFO     | [Worker-0 / GPU-0] Individual 3 -> Accuracy: 0.5831, Loss: 1.1899 | Duration: 186.11s
2025-10-09 10:08:17.539 | INFO     | [Worker-0 / GPU-0] GPU memory used: 0.09 GB
2025-10-09 10:09:38.149 | INFO     | [Worker-3 / GPU-3] Evaluating Individual 4/48 (20 epochs)
2025-10-09 10:09:38.151 | INFO     | [Worker-3 / GPU-3] Hyperparameters: {'width_scale': 1.7236633511192414, 'fc1_units': 512, 'dropout_rate': 0.3916402517729304, 'optimizer_schedule': 'SGD_ONECYCLE', 'base_lr': 0.08474583138237315, 'aug_intensity': 'MEDIUM', 'weight_decay': 0.00024008143731416213, 'batch_size': 128}
2025-10-09 10:09:38.151 | INFO     | [Worker-3 / GPU-3] Using base_lr 0.084746 for batch_size 128
2025-10-09 10:09:38.151 | INFO     | [Worker-3 / GPU-3] Epoch 1/20 | Train Acc: 0.2636, Train Loss: 11.0722 | Test Loss: 2.1070, Test Acc: 0.3702
2025-10-09 10:09:38.151 | INFO     | [Worker-3 / GPU-3] Epoch 2/20 | Train Acc: 0.3361, Train Loss: 1.9874 | Test Loss: 1.5805, Test Acc: 0.4376
2025-10-09 10:09:38.152 | INFO     | [Worker-3 / GPU-3] Epoch 3/20 | Train Acc: 0.4252, Train Loss: 1.6246 | Test Loss: 1.4158, Test Acc: 0.5012
2025-10-09 10:09:38.152 | INFO     | [Worker-3 / GPU-3] Epoch 4/20 | Train Acc: 0.4859, Train Loss: 1.4638 | Test Loss: 1.3254, Test Acc: 0.5336
2025-10-09 10:09:38.152 | INFO     | [Worker-3 / GPU-3] Epoch 5/20 | Train Acc: 0.5282, Train Loss: 1.3421 | Test Loss: 1.2465, Test Acc: 0.5663
2025-10-09 10:09:38.152 | INFO     | [Worker-3 / GPU-3] Epoch 6/20 | Train Acc: 0.5608, Train Loss: 1.2480 | Test Loss: 1.1966, Test Acc: 0.5841
2025-10-09 10:09:38.152 | INFO     | [Worker-3 / GPU-3] Epoch 7/20 | Train Acc: 0.5890, Train Loss: 1.1651 | Test Loss: 1.1479, Test Acc: 0.6011
2025-10-09 10:09:38.152 | INFO     | [Worker-3 / GPU-3] Epoch 8/20 | Train Acc: 0.6148, Train Loss: 1.0924 | Test Loss: 1.1143, Test Acc: 0.6131
2025-10-09 10:09:38.153 | INFO     | [Worker-3 / GPU-3] Epoch 9/20 | Train Acc: 0.6392, Train Loss: 1.0238 | Test Loss: 1.0727, Test Acc: 0.6294
2025-10-09 10:09:38.153 | INFO     | [Worker-3 / GPU-3] Epoch 10/20 | Train Acc: 0.6601, Train Loss: 0.9732 | Test Loss: 1.0952, Test Acc: 0.6263
2025-10-09 10:09:38.153 | INFO     | [Worker-3 / GPU-3] Epoch 11/20 | Train Acc: 0.6747, Train Loss: 0.9146 | Test Loss: 1.0449, Test Acc: 0.6432
2025-10-09 10:09:38.153 | INFO     | [Worker-3 / GPU-3] Epoch 12/20 | Train Acc: 0.6949, Train Loss: 0.8669 | Test Loss: 1.0192, Test Acc: 0.6515
2025-10-09 10:09:38.153 | INFO     | [Worker-3 / GPU-3] Epoch 13/20 | Train Acc: 0.7121, Train Loss: 0.8184 | Test Loss: 1.0286, Test Acc: 0.6536
2025-10-09 10:09:38.154 | INFO     | [Worker-3 / GPU-3] Epoch 14/20 | Train Acc: 0.7253, Train Loss: 0.7734 | Test Loss: 0.9775, Test Acc: 0.6627
2025-10-09 10:09:38.154 | INFO     | [Worker-3 / GPU-3] Epoch 15/20 | Train Acc: 0.7394, Train Loss: 0.7370 | Test Loss: 0.9706, Test Acc: 0.6700
2025-10-09 10:09:38.154 | INFO     | [Worker-3 / GPU-3] Epoch 16/20 | Train Acc: 0.7514, Train Loss: 0.7001 | Test Loss: 0.9590, Test Acc: 0.6785
2025-10-09 10:09:38.154 | INFO     | [Worker-3 / GPU-3] Epoch 17/20 | Train Acc: 0.7640, Train Loss: 0.6639 | Test Loss: 0.9597, Test Acc: 0.6761
2025-10-09 10:09:38.154 | INFO     | [Worker-3 / GPU-3] Epoch 18/20 | Train Acc: 0.7770, Train Loss: 0.6270 | Test Loss: 0.9388, Test Acc: 0.6845
2025-10-09 10:09:38.154 | INFO     | [Worker-3 / GPU-3] Epoch 19/20 | Train Acc: 0.7880, Train Loss: 0.5999 | Test Loss: 0.9529, Test Acc: 0.6783
2025-10-09 10:09:38.155 | INFO     | [Worker-3 / GPU-3] Epoch 20/20 | Train Acc: 0.7959, Train Loss: 0.5743 | Test Loss: 0.9258, Test Acc: 0.6914
2025-10-09 10:09:38.155 | INFO     | [Worker-3 / GPU-3] Individual 4 -> Accuracy: 0.6914, Loss: 0.9258 | Duration: 134.26s
2025-10-09 10:09:38.155 | INFO     | [Worker-3 / GPU-3] GPU memory used: 0.08 GB
2025-10-09 10:09:41.995 | INFO     | [Worker-1 / GPU-1] Evaluating Individual 6/48 (20 epochs)
2025-10-09 10:09:41.995 | INFO     | [Worker-1 / GPU-1] Hyperparameters: {'width_scale': 1.9723975810226548, 'fc1_units': 768, 'dropout_rate': 0.4730072391215894, 'optimizer_schedule': 'SGD_COSINE', 'base_lr': 0.0064165470940529944, 'aug_intensity': 'MEDIUM', 'weight_decay': 0.00011981583637856132, 'batch_size': 256}
2025-10-09 10:09:41.995 | INFO     | [Worker-1 / GPU-1] Using base_lr 0.006417 for batch_size 256
2025-10-09 10:09:41.996 | INFO     | [Worker-1 / GPU-1] Epoch 1/20 | Train Acc: 0.2652, Train Loss: 15.9482 | Test Loss: 3.0119, Test Acc: 0.4126
2025-10-09 10:09:41.996 | INFO     | [Worker-1 / GPU-1] Epoch 2/20 | Train Acc: 0.3219, Train Loss: 2.5829 | Test Loss: 1.6638, Test Acc: 0.4109
2025-10-09 10:09:41.996 | INFO     | [Worker-1 / GPU-1] Epoch 3/20 | Train Acc: 0.3900, Train Loss: 1.7516 | Test Loss: 1.4995, Test Acc: 0.4643
2025-10-09 10:09:41.996 | INFO     | [Worker-1 / GPU-1] Epoch 4/20 | Train Acc: 0.4488, Train Loss: 1.5660 | Test Loss: 1.3853, Test Acc: 0.5109
2025-10-09 10:09:41.996 | INFO     | [Worker-1 / GPU-1] Epoch 5/20 | Train Acc: 0.4899, Train Loss: 1.4535 | Test Loss: 1.3189, Test Acc: 0.5382
2025-10-09 10:09:41.997 | INFO     | [Worker-1 / GPU-1] Epoch 6/20 | Train Acc: 0.5192, Train Loss: 1.3636 | Test Loss: 1.2623, Test Acc: 0.5551
2025-10-09 10:09:41.997 | INFO     | [Worker-1 / GPU-1] Epoch 7/20 | Train Acc: 0.5504, Train Loss: 1.2801 | Test Loss: 1.2230, Test Acc: 0.5729
2025-10-09 10:09:41.997 | INFO     | [Worker-1 / GPU-1] Epoch 8/20 | Train Acc: 0.5711, Train Loss: 1.2163 | Test Loss: 1.1888, Test Acc: 0.5835
2025-10-09 10:09:41.997 | INFO     | [Worker-1 / GPU-1] Epoch 9/20 | Train Acc: 0.5923, Train Loss: 1.1466 | Test Loss: 1.1707, Test Acc: 0.5910
2025-10-09 10:09:41.998 | INFO     | [Worker-1 / GPU-1] Epoch 10/20 | Train Acc: 0.6118, Train Loss: 1.0901 | Test Loss: 1.1490, Test Acc: 0.6042
2025-10-09 10:09:41.998 | INFO     | [Worker-1 / GPU-1] Epoch 11/20 | Train Acc: 0.6232, Train Loss: 1.0537 | Test Loss: 1.1346, Test Acc: 0.6017
2025-10-09 10:09:41.998 | INFO     | [Worker-1 / GPU-1] Epoch 12/20 | Train Acc: 0.6420, Train Loss: 1.0057 | Test Loss: 1.1232, Test Acc: 0.6155
2025-10-09 10:09:41.998 | INFO     | [Worker-1 / GPU-1] Epoch 13/20 | Train Acc: 0.6544, Train Loss: 0.9723 | Test Loss: 1.1215, Test Acc: 0.6111
2025-10-09 10:09:41.998 | INFO     | [Worker-1 / GPU-1] Epoch 14/20 | Train Acc: 0.6617, Train Loss: 0.9404 | Test Loss: 1.1144, Test Acc: 0.6150
2025-10-09 10:09:41.998 | INFO     | [Worker-1 / GPU-1] Epoch 15/20 | Train Acc: 0.6679, Train Loss: 0.9239 | Test Loss: 1.1037, Test Acc: 0.6192
2025-10-09 10:09:41.999 | INFO     | [Worker-1 / GPU-1] Epoch 16/20 | Train Acc: 0.6779, Train Loss: 0.9089 | Test Loss: 1.1046, Test Acc: 0.6197
2025-10-09 10:09:41.999 | INFO     | [Worker-1 / GPU-1] Epoch 17/20 | Train Acc: 0.6782, Train Loss: 0.9014 | Test Loss: 1.1047, Test Acc: 0.6206
2025-10-09 10:09:41.999 | INFO     | [Worker-1 / GPU-1] Epoch 18/20 | Train Acc: 0.6808, Train Loss: 0.8954 | Test Loss: 1.1043, Test Acc: 0.6180
2025-10-09 10:09:41.999 | INFO     | [Worker-1 / GPU-1] Epoch 19/20 | Train Acc: 0.6786, Train Loss: 0.8941 | Test Loss: 1.1007, Test Acc: 0.6201
2025-10-09 10:09:41.999 | INFO     | [Worker-1 / GPU-1] Epoch 20/20 | Train Acc: 0.6828, Train Loss: 0.8931 | Test Loss: 1.1014, Test Acc: 0.6220
2025-10-09 10:09:42.000 | INFO     | [Worker-1 / GPU-1] Individual 6 -> Accuracy: 0.6220, Loss: 1.1014 | Duration: 133.41s
2025-10-09 10:09:42.000 | INFO     | [Worker-1 / GPU-1] GPU memory used: 0.10 GB
2025-10-09 10:09:44.338 | INFO     | [Worker-2 / GPU-2] Evaluating Individual 5/48 (20 epochs)
2025-10-09 10:09:44.339 | INFO     | [Worker-2 / GPU-2] Hyperparameters: {'width_scale': 1.390586234156919, 'fc1_units': 512, 'dropout_rate': 0.23171808386263265, 'optimizer_schedule': 'SGD_COSINE', 'base_lr': 0.015333678392437369, 'aug_intensity': 'STRONG', 'weight_decay': 0.00039885418042416544, 'batch_size': 256}
2025-10-09 10:09:44.339 | INFO     | [Worker-2 / GPU-2] Using base_lr 0.015334 for batch_size 256
2025-10-09 10:09:44.339 | INFO     | [Worker-2 / GPU-2] Epoch 1/20 | Train Acc: 0.3254, Train Loss: 5.2987 | Test Loss: 1.5773, Test Acc: 0.4477
2025-10-09 10:09:44.340 | INFO     | [Worker-2 / GPU-2] Epoch 2/20 | Train Acc: 0.4637, Train Loss: 1.5210 | Test Loss: 1.3192, Test Acc: 0.5265
2025-10-09 10:09:44.340 | INFO     | [Worker-2 / GPU-2] Epoch 3/20 | Train Acc: 0.5422, Train Loss: 1.2915 | Test Loss: 1.2301, Test Acc: 0.5732
2025-10-09 10:09:44.340 | INFO     | [Worker-2 / GPU-2] Epoch 4/20 | Train Acc: 0.5992, Train Loss: 1.1358 | Test Loss: 1.0993, Test Acc: 0.6139
2025-10-09 10:09:44.340 | INFO     | [Worker-2 / GPU-2] Epoch 5/20 | Train Acc: 0.6427, Train Loss: 1.0105 | Test Loss: 1.0408, Test Acc: 0.6317
2025-10-09 10:09:44.340 | INFO     | [Worker-2 / GPU-2] Epoch 6/20 | Train Acc: 0.6755, Train Loss: 0.9131 | Test Loss: 0.9903, Test Acc: 0.6479
2025-10-09 10:09:44.340 | INFO     | [Worker-2 / GPU-2] Epoch 7/20 | Train Acc: 0.7070, Train Loss: 0.8245 | Test Loss: 0.9452, Test Acc: 0.6623
2025-10-09 10:09:44.341 | INFO     | [Worker-2 / GPU-2] Epoch 8/20 | Train Acc: 0.7357, Train Loss: 0.7446 | Test Loss: 0.9394, Test Acc: 0.6759
2025-10-09 10:09:44.341 | INFO     | [Worker-2 / GPU-2] Epoch 9/20 | Train Acc: 0.7635, Train Loss: 0.6748 | Test Loss: 0.8982, Test Acc: 0.6876
2025-10-09 10:09:44.341 | INFO     | [Worker-2 / GPU-2] Epoch 10/20 | Train Acc: 0.7886, Train Loss: 0.6057 | Test Loss: 0.8754, Test Acc: 0.6951
2025-10-09 10:09:44.341 | INFO     | [Worker-2 / GPU-2] Epoch 11/20 | Train Acc: 0.8110, Train Loss: 0.5514 | Test Loss: 0.8828, Test Acc: 0.6946
2025-10-09 10:09:44.341 | INFO     | [Worker-2 / GPU-2] Epoch 12/20 | Train Acc: 0.8292, Train Loss: 0.5041 | Test Loss: 0.8604, Test Acc: 0.7036
2025-10-09 10:09:44.342 | INFO     | [Worker-2 / GPU-2] Epoch 13/20 | Train Acc: 0.8455, Train Loss: 0.4625 | Test Loss: 0.8456, Test Acc: 0.7100
2025-10-09 10:09:44.342 | INFO     | [Worker-2 / GPU-2] Epoch 14/20 | Train Acc: 0.8580, Train Loss: 0.4278 | Test Loss: 0.8441, Test Acc: 0.7105
2025-10-09 10:09:44.342 | INFO     | [Worker-2 / GPU-2] Epoch 15/20 | Train Acc: 0.8688, Train Loss: 0.4045 | Test Loss: 0.8378, Test Acc: 0.7146
2025-10-09 10:09:44.342 | INFO     | [Worker-2 / GPU-2] Epoch 16/20 | Train Acc: 0.8774, Train Loss: 0.3835 | Test Loss: 0.8410, Test Acc: 0.7154
2025-10-09 10:09:44.342 | INFO     | [Worker-2 / GPU-2] Epoch 17/20 | Train Acc: 0.8827, Train Loss: 0.3702 | Test Loss: 0.8341, Test Acc: 0.7166
2025-10-09 10:09:44.343 | INFO     | [Worker-2 / GPU-2] Epoch 18/20 | Train Acc: 0.8862, Train Loss: 0.3629 | Test Loss: 0.8354, Test Acc: 0.7173
2025-10-09 10:09:44.343 | INFO     | [Worker-2 / GPU-2] Epoch 19/20 | Train Acc: 0.8867, Train Loss: 0.3631 | Test Loss: 0.8336, Test Acc: 0.7170
2025-10-09 10:09:44.343 | INFO     | [Worker-2 / GPU-2] Epoch 20/20 | Train Acc: 0.8857, Train Loss: 0.3642 | Test Loss: 0.8322, Test Acc: 0.7157
2025-10-09 10:09:44.343 | INFO     | [Worker-2 / GPU-2] Individual 5 -> Accuracy: 0.7157, Loss: 0.8322 | Duration: 135.96s
2025-10-09 10:09:44.343 | INFO     | [Worker-2 / GPU-2] GPU memory used: 0.07 GB
2025-10-09 10:10:49.095 | INFO     | [Worker-0 / GPU-0] Evaluating Individual 7/48 (20 epochs)
2025-10-09 10:10:49.097 | INFO     | [Worker-0 / GPU-0] Hyperparameters: {'width_scale': 1.0016705535792227, 'fc1_units': 1024, 'dropout_rate': 0.3308827380245655, 'optimizer_schedule': 'SGD_COSINE', 'base_lr': 0.05718217551332424, 'aug_intensity': 'STRONG', 'weight_decay': 0.00011190304390584603, 'batch_size': 128}
2025-10-09 10:10:49.097 | INFO     | [Worker-0 / GPU-0] Using base_lr 0.057182 for batch_size 128
2025-10-09 10:10:49.097 | INFO     | [Worker-0 / GPU-0] Epoch 1/20 | Train Acc: 0.3163, Train Loss: 3.5922 | Test Loss: 1.6290, Test Acc: 0.3982
2025-10-09 10:10:49.097 | INFO     | [Worker-0 / GPU-0] Epoch 2/20 | Train Acc: 0.4309, Train Loss: 1.5344 | Test Loss: 1.3622, Test Acc: 0.5114
2025-10-09 10:10:49.097 | INFO     | [Worker-0 / GPU-0] Epoch 3/20 | Train Acc: 0.5204, Train Loss: 1.3159 | Test Loss: 1.0960, Test Acc: 0.6094
2025-10-09 10:10:49.097 | INFO     | [Worker-0 / GPU-0] Epoch 4/20 | Train Acc: 0.5888, Train Loss: 1.1506 | Test Loss: 1.1414, Test Acc: 0.5966
2025-10-09 10:10:49.098 | INFO     | [Worker-0 / GPU-0] Epoch 5/20 | Train Acc: 0.6443, Train Loss: 1.0014 | Test Loss: 0.9977, Test Acc: 0.6558
2025-10-09 10:10:49.098 | INFO     | [Worker-0 / GPU-0] Epoch 6/20 | Train Acc: 0.6844, Train Loss: 0.9009 | Test Loss: 0.9037, Test Acc: 0.6874
2025-10-09 10:10:49.098 | INFO     | [Worker-0 / GPU-0] Epoch 7/20 | Train Acc: 0.7223, Train Loss: 0.7956 | Test Loss: 0.8261, Test Acc: 0.7152
2025-10-09 10:10:49.098 | INFO     | [Worker-0 / GPU-0] Epoch 8/20 | Train Acc: 0.7555, Train Loss: 0.7029 | Test Loss: 0.7934, Test Acc: 0.7271
2025-10-09 10:10:49.098 | INFO     | [Worker-0 / GPU-0] Epoch 9/20 | Train Acc: 0.7888, Train Loss: 0.6114 | Test Loss: 0.7972, Test Acc: 0.7295
2025-10-09 10:10:49.099 | INFO     | [Worker-0 / GPU-0] Epoch 10/20 | Train Acc: 0.8138, Train Loss: 0.5321 | Test Loss: 0.7379, Test Acc: 0.7541
2025-10-09 10:10:49.099 | INFO     | [Worker-0 / GPU-0] Epoch 11/20 | Train Acc: 0.8435, Train Loss: 0.4487 | Test Loss: 0.7521, Test Acc: 0.7536
2025-10-09 10:10:49.099 | INFO     | [Worker-0 / GPU-0] Epoch 12/20 | Train Acc: 0.8656, Train Loss: 0.3836 | Test Loss: 0.7372, Test Acc: 0.7646
2025-10-09 10:10:49.099 | INFO     | [Worker-0 / GPU-0] Epoch 13/20 | Train Acc: 0.8906, Train Loss: 0.3162 | Test Loss: 0.7040, Test Acc: 0.7764
2025-10-09 10:10:49.099 | INFO     | [Worker-0 / GPU-0] Epoch 14/20 | Train Acc: 0.9108, Train Loss: 0.2643 | Test Loss: 0.7238, Test Acc: 0.7741
2025-10-09 10:10:49.099 | INFO     | [Worker-0 / GPU-0] Epoch 15/20 | Train Acc: 0.9237, Train Loss: 0.2249 | Test Loss: 0.7254, Test Acc: 0.7755
2025-10-09 10:10:49.100 | INFO     | [Worker-0 / GPU-0] Epoch 16/20 | Train Acc: 0.9349, Train Loss: 0.1985 | Test Loss: 0.7346, Test Acc: 0.7818
2025-10-09 10:10:49.100 | INFO     | [Worker-0 / GPU-0] Epoch 17/20 | Train Acc: 0.9443, Train Loss: 0.1760 | Test Loss: 0.7325, Test Acc: 0.7808
2025-10-09 10:10:49.100 | INFO     | [Worker-0 / GPU-0] Epoch 18/20 | Train Acc: 0.9475, Train Loss: 0.1682 | Test Loss: 0.7305, Test Acc: 0.7809
2025-10-09 10:10:49.100 | INFO     | [Worker-0 / GPU-0] Epoch 19/20 | Train Acc: 0.9494, Train Loss: 0.1621 | Test Loss: 0.7305, Test Acc: 0.7803
2025-10-09 10:10:49.100 | INFO     | [Worker-0 / GPU-0] Epoch 20/20 | Train Acc: 0.9464, Train Loss: 0.1689 | Test Loss: 0.7276, Test Acc: 0.7811
2025-10-09 10:10:49.100 | INFO     | [Worker-0 / GPU-0] Individual 7 -> Accuracy: 0.7811, Loss: 0.7276 | Duration: 151.55s
2025-10-09 10:10:49.101 | INFO     | [Worker-0 / GPU-0] GPU memory used: 0.06 GB
2025-10-09 10:11:52.396 | INFO     | [Worker-3 / GPU-3] Evaluating Individual 8/48 (20 epochs)
2025-10-09 10:11:52.397 | INFO     | [Worker-3 / GPU-3] Hyperparameters: {'width_scale': 1.7702859673578057, 'fc1_units': 1024, 'dropout_rate': 0.4270486813668693, 'optimizer_schedule': 'SGD_COSINE', 'base_lr': 0.04374780350234484, 'aug_intensity': 'MEDIUM', 'weight_decay': 0.00018504114303702829, 'batch_size': 64}
2025-10-09 10:11:52.397 | INFO     | [Worker-3 / GPU-3] Using base_lr 0.043748 for batch_size 64
2025-10-09 10:11:52.397 | INFO     | [Worker-3 / GPU-3] Epoch 1/20 | Train Acc: 0.2876, Train Loss: 4.9068 | Test Loss: 1.6400, Test Acc: 0.4097
2025-10-09 10:11:52.397 | INFO     | [Worker-3 / GPU-3] Epoch 2/20 | Train Acc: 0.3415, Train Loss: 1.7336 | Test Loss: 1.4729, Test Acc: 0.4393
2025-10-09 10:11:52.397 | INFO     | [Worker-3 / GPU-3] Epoch 3/20 | Train Acc: 0.4155, Train Loss: 1.5467 | Test Loss: 1.2679, Test Acc: 0.5332
2025-10-09 10:11:52.398 | INFO     | [Worker-3 / GPU-3] Epoch 4/20 | Train Acc: 0.4805, Train Loss: 1.4019 | Test Loss: 1.1776, Test Acc: 0.5697
2025-10-09 10:11:52.398 | INFO     | [Worker-3 / GPU-3] Epoch 5/20 | Train Acc: 0.5260, Train Loss: 1.2815 | Test Loss: 1.0327, Test Acc: 0.6255
2025-10-09 10:11:52.398 | INFO     | [Worker-3 / GPU-3] Epoch 6/20 | Train Acc: 0.5922, Train Loss: 1.1318 | Test Loss: 0.9710, Test Acc: 0.6543
2025-10-09 10:11:52.398 | INFO     | [Worker-3 / GPU-3] Epoch 7/20 | Train Acc: 0.6399, Train Loss: 1.0070 | Test Loss: 0.9170, Test Acc: 0.6763
2025-10-09 10:11:52.398 | INFO     | [Worker-3 / GPU-3] Epoch 8/20 | Train Acc: 0.6848, Train Loss: 0.8925 | Test Loss: 0.8294, Test Acc: 0.7146
2025-10-09 10:11:52.399 | INFO     | [Worker-3 / GPU-3] Epoch 9/20 | Train Acc: 0.7253, Train Loss: 0.7906 | Test Loss: 0.7855, Test Acc: 0.7284
2025-10-09 10:11:52.399 | INFO     | [Worker-3 / GPU-3] Epoch 10/20 | Train Acc: 0.7582, Train Loss: 0.6883 | Test Loss: 0.7329, Test Acc: 0.7427
2025-10-09 10:11:52.399 | INFO     | [Worker-3 / GPU-3] Epoch 11/20 | Train Acc: 0.7894, Train Loss: 0.6015 | Test Loss: 0.7762, Test Acc: 0.7404
2025-10-09 10:11:52.399 | INFO     | [Worker-3 / GPU-3] Epoch 12/20 | Train Acc: 0.8188, Train Loss: 0.5179 | Test Loss: 0.7216, Test Acc: 0.7584
2025-10-09 10:11:52.399 | INFO     | [Worker-3 / GPU-3] Epoch 13/20 | Train Acc: 0.8443, Train Loss: 0.4457 | Test Loss: 0.6817, Test Acc: 0.7694
2025-10-09 10:11:52.399 | INFO     | [Worker-3 / GPU-3] Epoch 14/20 | Train Acc: 0.8669, Train Loss: 0.3831 | Test Loss: 0.6749, Test Acc: 0.7753
2025-10-09 10:11:52.400 | INFO     | [Worker-3 / GPU-3] Epoch 15/20 | Train Acc: 0.8853, Train Loss: 0.3344 | Test Loss: 0.6684, Test Acc: 0.7788
2025-10-09 10:11:52.400 | INFO     | [Worker-3 / GPU-3] Epoch 16/20 | Train Acc: 0.8969, Train Loss: 0.3013 | Test Loss: 0.6631, Test Acc: 0.7821
2025-10-09 10:11:52.400 | INFO     | [Worker-3 / GPU-3] Epoch 17/20 | Train Acc: 0.9079, Train Loss: 0.2746 | Test Loss: 0.6580, Test Acc: 0.7826
2025-10-09 10:11:52.400 | INFO     | [Worker-3 / GPU-3] Epoch 18/20 | Train Acc: 0.9118, Train Loss: 0.2684 | Test Loss: 0.6564, Test Acc: 0.7839
2025-10-09 10:11:52.400 | INFO     | [Worker-3 / GPU-3] Epoch 19/20 | Train Acc: 0.9125, Train Loss: 0.2652 | Test Loss: 0.6580, Test Acc: 0.7845
2025-10-09 10:11:52.400 | INFO     | [Worker-3 / GPU-3] Epoch 20/20 | Train Acc: 0.9099, Train Loss: 0.2662 | Test Loss: 0.6539, Test Acc: 0.7844
2025-10-09 10:11:52.401 | INFO     | [Worker-3 / GPU-3] Individual 8 -> Accuracy: 0.7844, Loss: 0.6539 | Duration: 134.24s
2025-10-09 10:11:52.401 | INFO     | [Worker-3 / GPU-3] GPU memory used: 0.10 GB
2025-10-09 10:11:58.888 | INFO     | [Worker-2 / GPU-2] Evaluating Individual 10/48 (20 epochs)
2025-10-09 10:11:58.888 | INFO     | [Worker-2 / GPU-2] Hyperparameters: {'width_scale': 1.8416254476810048, 'fc1_units': 2048, 'dropout_rate': 0.4500158265892365, 'optimizer_schedule': 'SGD_COSINE', 'base_lr': 0.05160157688717162, 'aug_intensity': 'STRONG', 'weight_decay': 0.0001809599478419211, 'batch_size': 128}
2025-10-09 10:11:58.888 | INFO     | [Worker-2 / GPU-2] Using base_lr 0.051602 for batch_size 128
2025-10-09 10:11:58.889 | INFO     | [Worker-2 / GPU-2] Epoch 1/20 | Train Acc: 0.2785, Train Loss: 5.8336 | Test Loss: 1.6204, Test Acc: 0.4046
2025-10-09 10:11:58.889 | INFO     | [Worker-2 / GPU-2] Epoch 2/20 | Train Acc: 0.3440, Train Loss: 1.7534 | Test Loss: 1.4861, Test Acc: 0.4463
2025-10-09 10:11:58.889 | INFO     | [Worker-2 / GPU-2] Epoch 3/20 | Train Acc: 0.4142, Train Loss: 1.5508 | Test Loss: 1.3401, Test Acc: 0.4885
2025-10-09 10:11:58.889 | INFO     | [Worker-2 / GPU-2] Epoch 4/20 | Train Acc: 0.4835, Train Loss: 1.3888 | Test Loss: 1.1892, Test Acc: 0.5703
2025-10-09 10:11:58.889 | INFO     | [Worker-2 / GPU-2] Epoch 5/20 | Train Acc: 0.5573, Train Loss: 1.2271 | Test Loss: 0.9776, Test Acc: 0.6560
2025-10-09 10:11:58.890 | INFO     | [Worker-2 / GPU-2] Epoch 6/20 | Train Acc: 0.6058, Train Loss: 1.1005 | Test Loss: 0.9810, Test Acc: 0.6482
2025-10-09 10:11:58.890 | INFO     | [Worker-2 / GPU-2] Epoch 7/20 | Train Acc: 0.6553, Train Loss: 0.9590 | Test Loss: 0.8613, Test Acc: 0.6911
2025-10-09 10:11:58.890 | INFO     | [Worker-2 / GPU-2] Epoch 8/20 | Train Acc: 0.6995, Train Loss: 0.8555 | Test Loss: 0.7903, Test Acc: 0.7282
2025-10-09 10:11:58.890 | INFO     | [Worker-2 / GPU-2] Epoch 9/20 | Train Acc: 0.7406, Train Loss: 0.7411 | Test Loss: 0.7357, Test Acc: 0.7494
2025-10-09 10:11:58.890 | INFO     | [Worker-2 / GPU-2] Epoch 10/20 | Train Acc: 0.7766, Train Loss: 0.6418 | Test Loss: 0.7594, Test Acc: 0.7402
2025-10-09 10:11:58.891 | INFO     | [Worker-2 / GPU-2] Epoch 11/20 | Train Acc: 0.8085, Train Loss: 0.5458 | Test Loss: 0.6979, Test Acc: 0.7623
2025-10-09 10:11:58.891 | INFO     | [Worker-2 / GPU-2] Epoch 12/20 | Train Acc: 0.8378, Train Loss: 0.4561 | Test Loss: 0.6718, Test Acc: 0.7745
2025-10-09 10:11:58.891 | INFO     | [Worker-2 / GPU-2] Epoch 13/20 | Train Acc: 0.8677, Train Loss: 0.3798 | Test Loss: 0.6746, Test Acc: 0.7773
2025-10-09 10:11:58.891 | INFO     | [Worker-2 / GPU-2] Epoch 14/20 | Train Acc: 0.8902, Train Loss: 0.3220 | Test Loss: 0.6346, Test Acc: 0.7926
2025-10-09 10:11:58.891 | INFO     | [Worker-2 / GPU-2] Epoch 15/20 | Train Acc: 0.9078, Train Loss: 0.2701 | Test Loss: 0.6333, Test Acc: 0.7943
2025-10-09 10:11:58.891 | INFO     | [Worker-2 / GPU-2] Epoch 16/20 | Train Acc: 0.9234, Train Loss: 0.2346 | Test Loss: 0.6420, Test Acc: 0.7961
2025-10-09 10:11:58.892 | INFO     | [Worker-2 / GPU-2] Epoch 17/20 | Train Acc: 0.9334, Train Loss: 0.2081 | Test Loss: 0.6362, Test Acc: 0.7970
2025-10-09 10:11:58.892 | INFO     | [Worker-2 / GPU-2] Epoch 18/20 | Train Acc: 0.9379, Train Loss: 0.1956 | Test Loss: 0.6359, Test Acc: 0.7991
2025-10-09 10:11:58.892 | INFO     | [Worker-2 / GPU-2] Epoch 19/20 | Train Acc: 0.9390, Train Loss: 0.1938 | Test Loss: 0.6361, Test Acc: 0.7969
2025-10-09 10:11:58.892 | INFO     | [Worker-2 / GPU-2] Epoch 20/20 | Train Acc: 0.9395, Train Loss: 0.1963 | Test Loss: 0.6343, Test Acc: 0.7976
2025-10-09 10:11:58.892 | INFO     | [Worker-2 / GPU-2] Individual 10 -> Accuracy: 0.7976, Loss: 0.6343 | Duration: 134.54s
2025-10-09 10:11:58.893 | INFO     | [Worker-2 / GPU-2] GPU memory used: 0.12 GB
2025-10-09 10:11:59.339 | INFO     | [Worker-1 / GPU-1] Evaluating Individual 9/48 (20 epochs)
2025-10-09 10:11:59.340 | INFO     | [Worker-1 / GPU-1] Hyperparameters: {'width_scale': 1.6852001910427183, 'fc1_units': 2048, 'dropout_rate': 0.32965467586082764, 'optimizer_schedule': 'SGD_EXPONENTIAL', 'base_lr': 0.001870818182707965, 'aug_intensity': 'MEDIUM', 'weight_decay': 0.00017551642142905354, 'batch_size': 256}
2025-10-09 10:11:59.340 | INFO     | [Worker-1 / GPU-1] Using base_lr 0.001871 for batch_size 256
2025-10-09 10:11:59.340 | INFO     | [Worker-1 / GPU-1] Epoch 1/20 | Train Acc: 0.2199, Train Loss: 18.7864 | Test Loss: 7.1949, Test Acc: 0.3796
2025-10-09 10:11:59.341 | INFO     | [Worker-1 / GPU-1] Epoch 2/20 | Train Acc: 0.3095, Train Loss: 11.5947 | Test Loss: 5.7458, Test Acc: 0.4290
2025-10-09 10:11:59.341 | INFO     | [Worker-1 / GPU-1] Epoch 3/20 | Train Acc: 0.3626, Train Loss: 8.4615 | Test Loss: 4.5240, Test Acc: 0.4522
2025-10-09 10:11:59.341 | INFO     | [Worker-1 / GPU-1] Epoch 4/20 | Train Acc: 0.3896, Train Loss: 6.4699 | Test Loss: 3.7975, Test Acc: 0.4670
2025-10-09 10:11:59.341 | INFO     | [Worker-1 / GPU-1] Epoch 5/20 | Train Acc: 0.4112, Train Loss: 4.9828 | Test Loss: 3.1324, Test Acc: 0.4756
2025-10-09 10:11:59.341 | INFO     | [Worker-1 / GPU-1] Epoch 6/20 | Train Acc: 0.4299, Train Loss: 3.8726 | Test Loss: 2.6664, Test Acc: 0.4754
2025-10-09 10:11:59.341 | INFO     | [Worker-1 / GPU-1] Epoch 7/20 | Train Acc: 0.4412, Train Loss: 3.0867 | Test Loss: 2.2788, Test Acc: 0.4766
2025-10-09 10:11:59.342 | INFO     | [Worker-1 / GPU-1] Epoch 8/20 | Train Acc: 0.4495, Train Loss: 2.5141 | Test Loss: 2.0018, Test Acc: 0.4751
2025-10-09 10:11:59.342 | INFO     | [Worker-1 / GPU-1] Epoch 9/20 | Train Acc: 0.4624, Train Loss: 2.1209 | Test Loss: 1.8071, Test Acc: 0.4811
2025-10-09 10:11:59.342 | INFO     | [Worker-1 / GPU-1] Epoch 10/20 | Train Acc: 0.4647, Train Loss: 1.8639 | Test Loss: 1.6868, Test Acc: 0.4816
2025-10-09 10:11:59.342 | INFO     | [Worker-1 / GPU-1] Epoch 11/20 | Train Acc: 0.4828, Train Loss: 1.6932 | Test Loss: 1.6018, Test Acc: 0.4865
2025-10-09 10:11:59.342 | INFO     | [Worker-1 / GPU-1] Epoch 12/20 | Train Acc: 0.4986, Train Loss: 1.5770 | Test Loss: 1.5532, Test Acc: 0.4980
2025-10-09 10:11:59.343 | INFO     | [Worker-1 / GPU-1] Epoch 13/20 | Train Acc: 0.5085, Train Loss: 1.4948 | Test Loss: 1.5090, Test Acc: 0.5045
2025-10-09 10:11:59.343 | INFO     | [Worker-1 / GPU-1] Epoch 14/20 | Train Acc: 0.5239, Train Loss: 1.4242 | Test Loss: 1.4788, Test Acc: 0.5145
2025-10-09 10:11:59.343 | INFO     | [Worker-1 / GPU-1] Epoch 15/20 | Train Acc: 0.5397, Train Loss: 1.3768 | Test Loss: 1.4548, Test Acc: 0.5184
2025-10-09 10:11:59.343 | INFO     | [Worker-1 / GPU-1] Epoch 16/20 | Train Acc: 0.5510, Train Loss: 1.3288 | Test Loss: 1.4473, Test Acc: 0.5231
2025-10-09 10:11:59.343 | INFO     | [Worker-1 / GPU-1] Epoch 17/20 | Train Acc: 0.5617, Train Loss: 1.2829 | Test Loss: 1.4229, Test Acc: 0.5249
2025-10-09 10:11:59.343 | INFO     | [Worker-1 / GPU-1] Epoch 18/20 | Train Acc: 0.5716, Train Loss: 1.2560 | Test Loss: 1.4095, Test Acc: 0.5309
2025-10-09 10:11:59.344 | INFO     | [Worker-1 / GPU-1] Epoch 19/20 | Train Acc: 0.5804, Train Loss: 1.2313 | Test Loss: 1.4001, Test Acc: 0.5331
2025-10-09 10:11:59.344 | INFO     | [Worker-1 / GPU-1] Epoch 20/20 | Train Acc: 0.5860, Train Loss: 1.2099 | Test Loss: 1.3915, Test Acc: 0.5359
2025-10-09 10:11:59.344 | INFO     | [Worker-1 / GPU-1] Individual 9 -> Accuracy: 0.5359, Loss: 1.3915 | Duration: 137.34s
2025-10-09 10:11:59.344 | INFO     | [Worker-1 / GPU-1] GPU memory used: 0.11 GB
2025-10-09 10:13:22.588 | INFO     | [Worker-0 / GPU-0] Evaluating Individual 11/48 (20 epochs)
2025-10-09 10:13:22.588 | INFO     | [Worker-0 / GPU-0] Hyperparameters: {'width_scale': 1.950730921607358, 'fc1_units': 1024, 'dropout_rate': 0.3500367532032226, 'optimizer_schedule': 'SGD_EXPONENTIAL', 'base_lr': 0.028356480428867913, 'aug_intensity': 'MEDIUM', 'weight_decay': 0.00042119505083194653, 'batch_size': 128}
2025-10-09 10:13:22.588 | INFO     | [Worker-0 / GPU-0] Using base_lr 0.028356 for batch_size 128
2025-10-09 10:13:22.589 | INFO     | [Worker-0 / GPU-0] Epoch 1/20 | Train Acc: 0.3190, Train Loss: 5.2662 | Test Loss: 1.5282, Test Acc: 0.4446
2025-10-09 10:13:22.589 | INFO     | [Worker-0 / GPU-0] Epoch 2/20 | Train Acc: 0.4291, Train Loss: 1.5741 | Test Loss: 1.3493, Test Acc: 0.5213
2025-10-09 10:13:22.589 | INFO     | [Worker-0 / GPU-0] Epoch 3/20 | Train Acc: 0.5297, Train Loss: 1.3207 | Test Loss: 1.1236, Test Acc: 0.6052
2025-10-09 10:13:22.589 | INFO     | [Worker-0 / GPU-0] Epoch 4/20 | Train Acc: 0.5940, Train Loss: 1.1360 | Test Loss: 1.0244, Test Acc: 0.6324
2025-10-09 10:13:22.589 | INFO     | [Worker-0 / GPU-0] Epoch 5/20 | Train Acc: 0.6443, Train Loss: 1.0003 | Test Loss: 0.9447, Test Acc: 0.6653
2025-10-09 10:13:22.590 | INFO     | [Worker-0 / GPU-0] Epoch 6/20 | Train Acc: 0.6849, Train Loss: 0.8922 | Test Loss: 0.8599, Test Acc: 0.6962
2025-10-09 10:13:22.590 | INFO     | [Worker-0 / GPU-0] Epoch 7/20 | Train Acc: 0.7144, Train Loss: 0.8041 | Test Loss: 0.8500, Test Acc: 0.7080
2025-10-09 10:13:22.590 | INFO     | [Worker-0 / GPU-0] Epoch 8/20 | Train Acc: 0.7494, Train Loss: 0.7046 | Test Loss: 0.7741, Test Acc: 0.7287
2025-10-09 10:13:22.590 | INFO     | [Worker-0 / GPU-0] Epoch 9/20 | Train Acc: 0.7808, Train Loss: 0.6298 | Test Loss: 0.8054, Test Acc: 0.7236
2025-10-09 10:13:22.590 | INFO     | [Worker-0 / GPU-0] Epoch 10/20 | Train Acc: 0.8068, Train Loss: 0.5583 | Test Loss: 0.7447, Test Acc: 0.7403
2025-10-09 10:13:22.590 | INFO     | [Worker-0 / GPU-0] Epoch 11/20 | Train Acc: 0.8279, Train Loss: 0.4931 | Test Loss: 0.7493, Test Acc: 0.7452
2025-10-09 10:13:22.591 | INFO     | [Worker-0 / GPU-0] Epoch 12/20 | Train Acc: 0.8501, Train Loss: 0.4343 | Test Loss: 0.6913, Test Acc: 0.7635
2025-10-09 10:13:22.591 | INFO     | [Worker-0 / GPU-0] Epoch 13/20 | Train Acc: 0.8719, Train Loss: 0.3781 | Test Loss: 0.6825, Test Acc: 0.7693
2025-10-09 10:13:22.591 | INFO     | [Worker-0 / GPU-0] Epoch 14/20 | Train Acc: 0.8920, Train Loss: 0.3269 | Test Loss: 0.6688, Test Acc: 0.7755
2025-10-09 10:13:22.591 | INFO     | [Worker-0 / GPU-0] Epoch 15/20 | Train Acc: 0.9086, Train Loss: 0.2795 | Test Loss: 0.7091, Test Acc: 0.7602
2025-10-09 10:13:22.591 | INFO     | [Worker-0 / GPU-0] Epoch 16/20 | Train Acc: 0.9265, Train Loss: 0.2339 | Test Loss: 0.7098, Test Acc: 0.7689
2025-10-09 10:13:22.591 | INFO     | [Worker-0 / GPU-0] Epoch 17/20 | Train Acc: 0.9400, Train Loss: 0.2001 | Test Loss: 0.7276, Test Acc: 0.7647
2025-10-09 10:13:22.592 | INFO     | [Worker-0 / GPU-0] Epoch 18/20 | Train Acc: 0.9488, Train Loss: 0.1709 | Test Loss: 0.7202, Test Acc: 0.7702
2025-10-09 10:13:22.592 | INFO     | [Worker-0 / GPU-0] Epoch 19/20 | Train Acc: 0.9587, Train Loss: 0.1441 | Test Loss: 0.6832, Test Acc: 0.7824
2025-10-09 10:13:22.592 | INFO     | [Worker-0 / GPU-0] Epoch 20/20 | Train Acc: 0.9683, Train Loss: 0.1210 | Test Loss: 0.7241, Test Acc: 0.7737
2025-10-09 10:13:22.592 | INFO     | [Worker-0 / GPU-0] Individual 11 -> Accuracy: 0.7737, Loss: 0.7241 | Duration: 153.48s
2025-10-09 10:13:22.592 | INFO     | [Worker-0 / GPU-0] GPU memory used: 0.11 GB
2025-10-09 10:14:11.240 | INFO     | [Worker-3 / GPU-3] Evaluating Individual 12/48 (20 epochs)
2025-10-09 10:14:11.241 | INFO     | [Worker-3 / GPU-3] Hyperparameters: {'width_scale': 1.224136466402166, 'fc1_units': 512, 'dropout_rate': 0.23096839512000772, 'optimizer_schedule': 'SGD_EXPONENTIAL', 'base_lr': 0.04749611417932664, 'aug_intensity': 'STRONG', 'weight_decay': 0.00036671662164187795, 'batch_size': 256}
2025-10-09 10:14:11.241 | INFO     | [Worker-3 / GPU-3] Using base_lr 0.047496 for batch_size 256
2025-10-09 10:14:11.241 | INFO     | [Worker-3 / GPU-3] Epoch 1/20 | Train Acc: 0.3394, Train Loss: 3.2228 | Test Loss: 1.5201, Test Acc: 0.4486
2025-10-09 10:14:11.241 | INFO     | [Worker-3 / GPU-3] Epoch 2/20 | Train Acc: 0.4838, Train Loss: 1.4236 | Test Loss: 1.2139, Test Acc: 0.5589
2025-10-09 10:14:11.241 | INFO     | [Worker-3 / GPU-3] Epoch 3/20 | Train Acc: 0.5729, Train Loss: 1.1791 | Test Loss: 1.0417, Test Acc: 0.6293
2025-10-09 10:14:11.241 | INFO     | [Worker-3 / GPU-3] Epoch 4/20 | Train Acc: 0.6403, Train Loss: 1.0155 | Test Loss: 0.9680, Test Acc: 0.6516
2025-10-09 10:14:11.242 | INFO     | [Worker-3 / GPU-3] Epoch 5/20 | Train Acc: 0.6914, Train Loss: 0.8797 | Test Loss: 0.8566, Test Acc: 0.7017
2025-10-09 10:14:11.242 | INFO     | [Worker-3 / GPU-3] Epoch 6/20 | Train Acc: 0.7312, Train Loss: 0.7707 | Test Loss: 0.8048, Test Acc: 0.7188
2025-10-09 10:14:11.242 | INFO     | [Worker-3 / GPU-3] Epoch 7/20 | Train Acc: 0.7621, Train Loss: 0.6792 | Test Loss: 0.7619, Test Acc: 0.7333
2025-10-09 10:14:11.242 | INFO     | [Worker-3 / GPU-3] Epoch 8/20 | Train Acc: 0.7925, Train Loss: 0.5919 | Test Loss: 0.7590, Test Acc: 0.7378
2025-10-09 10:14:11.242 | INFO     | [Worker-3 / GPU-3] Epoch 9/20 | Train Acc: 0.8217, Train Loss: 0.5106 | Test Loss: 0.7095, Test Acc: 0.7544
2025-10-09 10:14:11.243 | INFO     | [Worker-3 / GPU-3] Epoch 10/20 | Train Acc: 0.8484, Train Loss: 0.4457 | Test Loss: 0.7245, Test Acc: 0.7527
2025-10-09 10:14:11.243 | INFO     | [Worker-3 / GPU-3] Epoch 11/20 | Train Acc: 0.8715, Train Loss: 0.3801 | Test Loss: 0.7124, Test Acc: 0.7581
2025-10-09 10:14:11.243 | INFO     | [Worker-3 / GPU-3] Epoch 12/20 | Train Acc: 0.8912, Train Loss: 0.3223 | Test Loss: 0.7356, Test Acc: 0.7574
2025-10-09 10:14:11.243 | INFO     | [Worker-3 / GPU-3] Epoch 13/20 | Train Acc: 0.9110, Train Loss: 0.2723 | Test Loss: 0.7104, Test Acc: 0.7698
2025-10-09 10:14:11.243 | INFO     | [Worker-3 / GPU-3] Epoch 14/20 | Train Acc: 0.9267, Train Loss: 0.2254 | Test Loss: 0.7127, Test Acc: 0.7689
2025-10-09 10:14:11.244 | INFO     | [Worker-3 / GPU-3] Epoch 15/20 | Train Acc: 0.9430, Train Loss: 0.1856 | Test Loss: 0.7410, Test Acc: 0.7621
2025-10-09 10:14:11.244 | INFO     | [Worker-3 / GPU-3] Epoch 16/20 | Train Acc: 0.9530, Train Loss: 0.1568 | Test Loss: 0.7572, Test Acc: 0.7640
2025-10-09 10:14:11.244 | INFO     | [Worker-3 / GPU-3] Epoch 17/20 | Train Acc: 0.9619, Train Loss: 0.1318 | Test Loss: 0.7042, Test Acc: 0.7808
2025-10-09 10:14:11.244 | INFO     | [Worker-3 / GPU-3] Epoch 18/20 | Train Acc: 0.9707, Train Loss: 0.1098 | Test Loss: 0.7112, Test Acc: 0.7851
2025-10-09 10:14:11.244 | INFO     | [Worker-3 / GPU-3] Epoch 19/20 | Train Acc: 0.9753, Train Loss: 0.0927 | Test Loss: 0.7870, Test Acc: 0.7716
2025-10-09 10:14:11.245 | INFO     | [Worker-3 / GPU-3] Epoch 20/20 | Train Acc: 0.9812, Train Loss: 0.0769 | Test Loss: 0.7967, Test Acc: 0.7738
2025-10-09 10:14:11.245 | INFO     | [Worker-3 / GPU-3] Individual 12 -> Accuracy: 0.7738, Loss: 0.7967 | Duration: 138.83s
2025-10-09 10:14:11.245 | INFO     | [Worker-3 / GPU-3] GPU memory used: 0.06 GB
2025-10-09 10:14:13.822 | INFO     | [Worker-2 / GPU-2] Evaluating Individual 13/48 (20 epochs)
2025-10-09 10:14:13.823 | INFO     | [Worker-2 / GPU-2] Hyperparameters: {'width_scale': 1.8715871516865636, 'fc1_units': 1024, 'dropout_rate': 0.2504061125116724, 'optimizer_schedule': 'SGD_ONECYCLE', 'base_lr': 0.015508988885620374, 'aug_intensity': 'MEDIUM', 'weight_decay': 0.0002656536061061427, 'batch_size': 128}
2025-10-09 10:14:13.823 | INFO     | [Worker-2 / GPU-2] Using base_lr 0.015509 for batch_size 128
2025-10-09 10:14:13.823 | INFO     | [Worker-2 / GPU-2] Epoch 1/20 | Train Acc: 0.2046, Train Loss: 19.3161 | Test Loss: 8.0425, Test Acc: 0.3454
2025-10-09 10:14:13.823 | INFO     | [Worker-2 / GPU-2] Epoch 2/20 | Train Acc: 0.2978, Train Loss: 12.1755 | Test Loss: 6.4235, Test Acc: 0.4066
2025-10-09 10:14:13.824 | INFO     | [Worker-2 / GPU-2] Epoch 3/20 | Train Acc: 0.3404, Train Loss: 9.3946 | Test Loss: 5.3612, Test Acc: 0.4352
2025-10-09 10:14:13.824 | INFO     | [Worker-2 / GPU-2] Epoch 4/20 | Train Acc: 0.3732, Train Loss: 7.4163 | Test Loss: 4.5936, Test Acc: 0.4484
2025-10-09 10:14:13.824 | INFO     | [Worker-2 / GPU-2] Epoch 5/20 | Train Acc: 0.3955, Train Loss: 6.0079 | Test Loss: 3.9572, Test Acc: 0.4566
2025-10-09 10:14:13.824 | INFO     | [Worker-2 / GPU-2] Epoch 6/20 | Train Acc: 0.4201, Train Loss: 4.7987 | Test Loss: 3.4283, Test Acc: 0.4669
2025-10-09 10:14:13.824 | INFO     | [Worker-2 / GPU-2] Epoch 7/20 | Train Acc: 0.4292, Train Loss: 3.9379 | Test Loss: 2.9633, Test Acc: 0.4681
2025-10-09 10:14:13.825 | INFO     | [Worker-2 / GPU-2] Epoch 8/20 | Train Acc: 0.4442, Train Loss: 3.2140 | Test Loss: 2.5237, Test Acc: 0.4696
2025-10-09 10:14:13.825 | INFO     | [Worker-2 / GPU-2] Epoch 9/20 | Train Acc: 0.4546, Train Loss: 2.6588 | Test Loss: 2.2480, Test Acc: 0.4733
2025-10-09 10:14:13.825 | INFO     | [Worker-2 / GPU-2] Epoch 10/20 | Train Acc: 0.4579, Train Loss: 2.2609 | Test Loss: 1.9620, Test Acc: 0.4718
2025-10-09 10:14:13.825 | INFO     | [Worker-2 / GPU-2] Epoch 11/20 | Train Acc: 0.4692, Train Loss: 1.9284 | Test Loss: 1.7827, Test Acc: 0.4781
2025-10-09 10:14:13.825 | INFO     | [Worker-2 / GPU-2] Epoch 12/20 | Train Acc: 0.4811, Train Loss: 1.7330 | Test Loss: 1.6578, Test Acc: 0.4794
2025-10-09 10:14:13.825 | INFO     | [Worker-2 / GPU-2] Epoch 13/20 | Train Acc: 0.4991, Train Loss: 1.5845 | Test Loss: 1.6116, Test Acc: 0.4930
2025-10-09 10:14:13.826 | INFO     | [Worker-2 / GPU-2] Epoch 14/20 | Train Acc: 0.5151, Train Loss: 1.4917 | Test Loss: 1.5466, Test Acc: 0.4988
2025-10-09 10:14:13.826 | INFO     | [Worker-2 / GPU-2] Epoch 15/20 | Train Acc: 0.5286, Train Loss: 1.4255 | Test Loss: 1.5059, Test Acc: 0.5052
2025-10-09 10:14:13.826 | INFO     | [Worker-2 / GPU-2] Epoch 16/20 | Train Acc: 0.5484, Train Loss: 1.3378 | Test Loss: 1.4816, Test Acc: 0.5173
2025-10-09 10:14:13.826 | INFO     | [Worker-2 / GPU-2] Epoch 17/20 | Train Acc: 0.5629, Train Loss: 1.2893 | Test Loss: 1.4506, Test Acc: 0.5234
2025-10-09 10:14:13.827 | INFO     | [Worker-2 / GPU-2] Epoch 18/20 | Train Acc: 0.5801, Train Loss: 1.2385 | Test Loss: 1.4365, Test Acc: 0.5303
2025-10-09 10:14:13.827 | INFO     | [Worker-2 / GPU-2] Epoch 19/20 | Train Acc: 0.5904, Train Loss: 1.2012 | Test Loss: 1.4216, Test Acc: 0.5343
2025-10-09 10:14:13.827 | INFO     | [Worker-2 / GPU-2] Epoch 20/20 | Train Acc: 0.6039, Train Loss: 1.1544 | Test Loss: 1.3945, Test Acc: 0.5417
2025-10-09 10:14:13.827 | INFO     | [Worker-2 / GPU-2] Individual 13 -> Accuracy: 0.5417, Loss: 1.3945 | Duration: 134.93s
2025-10-09 10:14:13.827 | INFO     | [Worker-2 / GPU-2] GPU memory used: 0.10 GB
2025-10-09 10:14:17.883 | INFO     | [Worker-1 / GPU-1] Evaluating Individual 14/48 (20 epochs)
2025-10-09 10:14:17.884 | INFO     | [Worker-1 / GPU-1] Hyperparameters: {'width_scale': 1.123180092720178, 'fc1_units': 512, 'dropout_rate': 0.3530960836002114, 'optimizer_schedule': 'SGD_EXPONENTIAL', 'base_lr': 0.0015051431614166119, 'aug_intensity': 'STRONG', 'weight_decay': 0.00042394665349568847, 'batch_size': 256}
2025-10-09 10:14:17.884 | INFO     | [Worker-1 / GPU-1] Using base_lr 0.001505 for batch_size 256
2025-10-09 10:14:17.884 | INFO     | [Worker-1 / GPU-1] Epoch 1/20 | Train Acc: 0.1820, Train Loss: 17.0324 | Test Loss: 6.1968, Test Acc: 0.3280
2025-10-09 10:14:17.884 | INFO     | [Worker-1 / GPU-1] Epoch 2/20 | Train Acc: 0.2687, Train Loss: 9.3362 | Test Loss: 4.4470, Test Acc: 0.3718
2025-10-09 10:14:17.884 | INFO     | [Worker-1 / GPU-1] Epoch 3/20 | Train Acc: 0.3053, Train Loss: 6.1467 | Test Loss: 3.2940, Test Acc: 0.3876
2025-10-09 10:14:17.885 | INFO     | [Worker-1 / GPU-1] Epoch 4/20 | Train Acc: 0.3247, Train Loss: 4.1675 | Test Loss: 2.4959, Test Acc: 0.3928
2025-10-09 10:14:17.885 | INFO     | [Worker-1 / GPU-1] Epoch 5/20 | Train Acc: 0.3378, Train Loss: 2.8930 | Test Loss: 2.0308, Test Acc: 0.3895
2025-10-09 10:14:17.885 | INFO     | [Worker-1 / GPU-1] Epoch 6/20 | Train Acc: 0.3497, Train Loss: 2.2265 | Test Loss: 1.7929, Test Acc: 0.3937
2025-10-09 10:14:17.885 | INFO     | [Worker-1 / GPU-1] Epoch 7/20 | Train Acc: 0.3621, Train Loss: 1.9370 | Test Loss: 1.6999, Test Acc: 0.4081
2025-10-09 10:14:17.885 | INFO     | [Worker-1 / GPU-1] Epoch 8/20 | Train Acc: 0.3862, Train Loss: 1.7983 | Test Loss: 1.6428, Test Acc: 0.4234
2025-10-09 10:14:17.886 | INFO     | [Worker-1 / GPU-1] Epoch 9/20 | Train Acc: 0.4036, Train Loss: 1.7188 | Test Loss: 1.5933, Test Acc: 0.4404
2025-10-09 10:14:17.886 | INFO     | [Worker-1 / GPU-1] Epoch 10/20 | Train Acc: 0.4261, Train Loss: 1.6529 | Test Loss: 1.5542, Test Acc: 0.4528
2025-10-09 10:14:17.886 | INFO     | [Worker-1 / GPU-1] Epoch 11/20 | Train Acc: 0.4363, Train Loss: 1.6186 | Test Loss: 1.5309, Test Acc: 0.4637
2025-10-09 10:14:17.886 | INFO     | [Worker-1 / GPU-1] Epoch 12/20 | Train Acc: 0.4489, Train Loss: 1.5657 | Test Loss: 1.5023, Test Acc: 0.4748
2025-10-09 10:14:17.886 | INFO     | [Worker-1 / GPU-1] Epoch 13/20 | Train Acc: 0.4581, Train Loss: 1.5359 | Test Loss: 1.4801, Test Acc: 0.4825
2025-10-09 10:14:17.886 | INFO     | [Worker-1 / GPU-1] Epoch 14/20 | Train Acc: 0.4727, Train Loss: 1.4980 | Test Loss: 1.4614, Test Acc: 0.4889
2025-10-09 10:14:17.887 | INFO     | [Worker-1 / GPU-1] Epoch 15/20 | Train Acc: 0.4788, Train Loss: 1.4820 | Test Loss: 1.4504, Test Acc: 0.4959
2025-10-09 10:14:17.887 | INFO     | [Worker-1 / GPU-1] Epoch 16/20 | Train Acc: 0.4931, Train Loss: 1.4506 | Test Loss: 1.4302, Test Acc: 0.4999
2025-10-09 10:14:17.887 | INFO     | [Worker-1 / GPU-1] Epoch 17/20 | Train Acc: 0.4987, Train Loss: 1.4306 | Test Loss: 1.4205, Test Acc: 0.5015
2025-10-09 10:14:17.887 | INFO     | [Worker-1 / GPU-1] Epoch 18/20 | Train Acc: 0.5041, Train Loss: 1.4106 | Test Loss: 1.4092, Test Acc: 0.5079
2025-10-09 10:14:17.887 | INFO     | [Worker-1 / GPU-1] Epoch 19/20 | Train Acc: 0.5094, Train Loss: 1.3936 | Test Loss: 1.3994, Test Acc: 0.5106
2025-10-09 10:14:17.887 | INFO     | [Worker-1 / GPU-1] Epoch 20/20 | Train Acc: 0.5155, Train Loss: 1.3739 | Test Loss: 1.3885, Test Acc: 0.5157
2025-10-09 10:14:17.888 | INFO     | [Worker-1 / GPU-1] Individual 14 -> Accuracy: 0.5157, Loss: 1.3885 | Duration: 138.53s
2025-10-09 10:14:17.888 | INFO     | [Worker-1 / GPU-1] GPU memory used: 0.06 GB
2025-10-09 10:15:52.181 | INFO     | [Worker-0 / GPU-0] Evaluating Individual 15/48 (20 epochs)
2025-10-09 10:15:52.182 | INFO     | [Worker-0 / GPU-0] Hyperparameters: {'width_scale': 1.732039253773702, 'fc1_units': 2048, 'dropout_rate': 0.2306110163898736, 'optimizer_schedule': 'SGD_COSINE', 'base_lr': 0.0015329539991725005, 'aug_intensity': 'MEDIUM', 'weight_decay': 0.0001225306543592152, 'batch_size': 64}
2025-10-09 10:15:52.182 | INFO     | [Worker-0 / GPU-0] Using base_lr 0.001533 for batch_size 64
2025-10-09 10:15:52.182 | INFO     | [Worker-0 / GPU-0] Epoch 1/20 | Train Acc: 0.2188, Train Loss: 16.0157 | Test Loss: 7.0040, Test Acc: 0.3677
2025-10-09 10:15:52.182 | INFO     | [Worker-0 / GPU-0] Epoch 2/20 | Train Acc: 0.3207, Train Loss: 10.5333 | Test Loss: 5.6484, Test Acc: 0.4261
2025-10-09 10:15:52.182 | INFO     | [Worker-0 / GPU-0] Epoch 3/20 | Train Acc: 0.3662, Train Loss: 8.2084 | Test Loss: 4.8165, Test Acc: 0.4510
2025-10-09 10:15:52.183 | INFO     | [Worker-0 / GPU-0] Epoch 4/20 | Train Acc: 0.3975, Train Loss: 6.5792 | Test Loss: 4.2084, Test Acc: 0.4630
2025-10-09 10:15:52.183 | INFO     | [Worker-0 / GPU-0] Epoch 5/20 | Train Acc: 0.4222, Train Loss: 5.4556 | Test Loss: 3.7070, Test Acc: 0.4790
2025-10-09 10:15:52.183 | INFO     | [Worker-0 / GPU-0] Epoch 6/20 | Train Acc: 0.4404, Train Loss: 4.5458 | Test Loss: 3.3268, Test Acc: 0.4898
2025-10-09 10:15:52.183 | INFO     | [Worker-0 / GPU-0] Epoch 7/20 | Train Acc: 0.4573, Train Loss: 3.8848 | Test Loss: 3.0042, Test Acc: 0.4957
2025-10-09 10:15:52.183 | INFO     | [Worker-0 / GPU-0] Epoch 8/20 | Train Acc: 0.4708, Train Loss: 3.3820 | Test Loss: 2.7447, Test Acc: 0.4957
2025-10-09 10:15:52.184 | INFO     | [Worker-0 / GPU-0] Epoch 9/20 | Train Acc: 0.4809, Train Loss: 2.9728 | Test Loss: 2.5352, Test Acc: 0.4996
2025-10-09 10:15:52.184 | INFO     | [Worker-0 / GPU-0] Epoch 10/20 | Train Acc: 0.4863, Train Loss: 2.7023 | Test Loss: 2.4028, Test Acc: 0.5022
2025-10-09 10:15:52.184 | INFO     | [Worker-0 / GPU-0] Epoch 11/20 | Train Acc: 0.4959, Train Loss: 2.4756 | Test Loss: 2.2941, Test Acc: 0.5009
2025-10-09 10:15:52.184 | INFO     | [Worker-0 / GPU-0] Epoch 12/20 | Train Acc: 0.5018, Train Loss: 2.3116 | Test Loss: 2.2000, Test Acc: 0.5028
2025-10-09 10:15:52.184 | INFO     | [Worker-0 / GPU-0] Epoch 13/20 | Train Acc: 0.5104, Train Loss: 2.1901 | Test Loss: 2.1323, Test Acc: 0.5055
2025-10-09 10:15:52.184 | INFO     | [Worker-0 / GPU-0] Epoch 14/20 | Train Acc: 0.5124, Train Loss: 2.1008 | Test Loss: 2.1024, Test Acc: 0.5043
2025-10-09 10:15:52.185 | INFO     | [Worker-0 / GPU-0] Epoch 15/20 | Train Acc: 0.5114, Train Loss: 2.0576 | Test Loss: 2.0862, Test Acc: 0.5045
2025-10-09 10:15:52.185 | INFO     | [Worker-0 / GPU-0] Epoch 16/20 | Train Acc: 0.5202, Train Loss: 2.0051 | Test Loss: 2.0790, Test Acc: 0.5070
2025-10-09 10:15:52.185 | INFO     | [Worker-0 / GPU-0] Epoch 17/20 | Train Acc: 0.5186, Train Loss: 1.9933 | Test Loss: 2.0723, Test Acc: 0.5079
2025-10-09 10:15:52.185 | INFO     | [Worker-0 / GPU-0] Epoch 18/20 | Train Acc: 0.5178, Train Loss: 1.9880 | Test Loss: 2.0390, Test Acc: 0.5058
2025-10-09 10:15:52.185 | INFO     | [Worker-0 / GPU-0] Epoch 19/20 | Train Acc: 0.5186, Train Loss: 1.9659 | Test Loss: 2.0573, Test Acc: 0.5059
2025-10-09 10:15:52.186 | INFO     | [Worker-0 / GPU-0] Epoch 20/20 | Train Acc: 0.5200, Train Loss: 1.9927 | Test Loss: 2.0546, Test Acc: 0.5066
2025-10-09 10:15:52.186 | INFO     | [Worker-0 / GPU-0] Individual 15 -> Accuracy: 0.5066, Loss: 2.0546 | Duration: 149.58s
2025-10-09 10:15:52.186 | INFO     | [Worker-0 / GPU-0] GPU memory used: 0.12 GB
2025-10-09 10:16:15.409 | INFO     | [Worker-2 / GPU-2] Evaluating Individual 17/48 (20 epochs)
2025-10-09 10:16:15.410 | INFO     | [Worker-2 / GPU-2] Hyperparameters: {'width_scale': 1.9806745885132977, 'fc1_units': 768, 'dropout_rate': 0.4975873318382651, 'optimizer_schedule': 'SGD_ONECYCLE', 'base_lr': 0.005717159775161218, 'aug_intensity': 'STRONG', 'weight_decay': 0.00010736072748367484, 'batch_size': 256}
2025-10-09 10:16:15.410 | INFO     | [Worker-2 / GPU-2] Using base_lr 0.005717 for batch_size 256
2025-10-09 10:16:15.411 | INFO     | [Worker-2 / GPU-2] Epoch 1/20 | Train Acc: 0.1412, Train Loss: 35.2673 | Test Loss: 11.5210, Test Acc: 0.2558
2025-10-09 10:16:15.411 | INFO     | [Worker-2 / GPU-2] Epoch 2/20 | Train Acc: 0.1875, Train Loss: 26.4914 | Test Loss: 9.8567, Test Acc: 0.3143
2025-10-09 10:16:15.411 | INFO     | [Worker-2 / GPU-2] Epoch 3/20 | Train Acc: 0.2198, Train Loss: 22.0353 | Test Loss: 8.8044, Test Acc: 0.3467
2025-10-09 10:16:15.411 | INFO     | [Worker-2 / GPU-2] Epoch 4/20 | Train Acc: 0.2422, Train Loss: 18.4312 | Test Loss: 7.7942, Test Acc: 0.3695
2025-10-09 10:16:15.411 | INFO     | [Worker-2 / GPU-2] Epoch 5/20 | Train Acc: 0.2647, Train Loss: 15.7099 | Test Loss: 6.9558, Test Acc: 0.3817
2025-10-09 10:16:15.411 | INFO     | [Worker-2 / GPU-2] Epoch 6/20 | Train Acc: 0.2793, Train Loss: 13.3950 | Test Loss: 6.2203, Test Acc: 0.3942
2025-10-09 10:16:15.412 | INFO     | [Worker-2 / GPU-2] Epoch 7/20 | Train Acc: 0.2901, Train Loss: 11.7019 | Test Loss: 5.5519, Test Acc: 0.4003
2025-10-09 10:16:15.412 | INFO     | [Worker-2 / GPU-2] Epoch 8/20 | Train Acc: 0.3005, Train Loss: 10.0176 | Test Loss: 5.0373, Test Acc: 0.4031
2025-10-09 10:16:15.412 | INFO     | [Worker-2 / GPU-2] Epoch 9/20 | Train Acc: 0.3122, Train Loss: 8.6389 | Test Loss: 4.4741, Test Acc: 0.4064
2025-10-09 10:16:15.412 | INFO     | [Worker-2 / GPU-2] Epoch 10/20 | Train Acc: 0.3168, Train Loss: 7.4849 | Test Loss: 4.0767, Test Acc: 0.4103
2025-10-09 10:16:15.412 | INFO     | [Worker-2 / GPU-2] Epoch 11/20 | Train Acc: 0.3224, Train Loss: 6.4294 | Test Loss: 3.6521, Test Acc: 0.4081
2025-10-09 10:16:15.412 | INFO     | [Worker-2 / GPU-2] Epoch 12/20 | Train Acc: 0.3246, Train Loss: 5.6075 | Test Loss: 3.2369, Test Acc: 0.4064
2025-10-09 10:16:15.413 | INFO     | [Worker-2 / GPU-2] Epoch 13/20 | Train Acc: 0.3254, Train Loss: 4.8245 | Test Loss: 2.8936, Test Acc: 0.4016
2025-10-09 10:16:15.413 | INFO     | [Worker-2 / GPU-2] Epoch 14/20 | Train Acc: 0.3268, Train Loss: 4.1577 | Test Loss: 2.6052, Test Acc: 0.4004
2025-10-09 10:16:15.413 | INFO     | [Worker-2 / GPU-2] Epoch 15/20 | Train Acc: 0.3255, Train Loss: 3.5694 | Test Loss: 2.3680, Test Acc: 0.3934
2025-10-09 10:16:15.413 | INFO     | [Worker-2 / GPU-2] Epoch 16/20 | Train Acc: 0.3224, Train Loss: 3.1202 | Test Loss: 2.1635, Test Acc: 0.3898
2025-10-09 10:16:15.413 | INFO     | [Worker-2 / GPU-2] Epoch 16/20 | Train Acc: 0.3224, Train Loss: 3.1202 | Test Loss: 2.1635, Test Acc: 0.3898 / Early stopping triggered
2025-10-09 10:16:15.413 | INFO     | [Worker-2 / GPU-2] Individual 17 -> Accuracy: 0.3898, Loss: 2.1635 | Duration: 121.58s
2025-10-09 10:16:15.414 | INFO     | [Worker-2 / GPU-2] GPU memory used: 0.10 GB
2025-10-09 10:16:32.251 | INFO     | [Worker-3 / GPU-3] Evaluating Individual 16/48 (20 epochs)
2025-10-09 10:16:32.252 | INFO     | [Worker-3 / GPU-3] Hyperparameters: {'width_scale': 1.3321976985096797, 'fc1_units': 768, 'dropout_rate': 0.4556259856788106, 'optimizer_schedule': 'SGD_COSINE', 'base_lr': 0.0018625799284996195, 'aug_intensity': 'STRONG', 'weight_decay': 0.00030935711923171604, 'batch_size': 64}
2025-10-09 10:16:32.252 | INFO     | [Worker-3 / GPU-3] Using base_lr 0.001863 for batch_size 64
2025-10-09 10:16:32.252 | INFO     | [Worker-3 / GPU-3] Epoch 1/20 | Train Acc: 0.1860, Train Loss: 20.9453 | Test Loss: 6.2651, Test Acc: 0.3565
2025-10-09 10:16:32.253 | INFO     | [Worker-3 / GPU-3] Epoch 2/20 | Train Acc: 0.2806, Train Loss: 9.5711 | Test Loss: 3.9859, Test Acc: 0.3907
2025-10-09 10:16:32.253 | INFO     | [Worker-3 / GPU-3] Epoch 3/20 | Train Acc: 0.3161, Train Loss: 5.2358 | Test Loss: 2.5759, Test Acc: 0.3961
2025-10-09 10:16:32.253 | INFO     | [Worker-3 / GPU-3] Epoch 4/20 | Train Acc: 0.3213, Train Loss: 3.0130 | Test Loss: 1.8937, Test Acc: 0.3901
2025-10-09 10:16:32.253 | INFO     | [Worker-3 / GPU-3] Epoch 5/20 | Train Acc: 0.3320, Train Loss: 2.1239 | Test Loss: 1.7139, Test Acc: 0.3992
2025-10-09 10:16:32.254 | INFO     | [Worker-3 / GPU-3] Epoch 6/20 | Train Acc: 0.3641, Train Loss: 1.8676 | Test Loss: 1.6331, Test Acc: 0.4174
2025-10-09 10:16:32.254 | INFO     | [Worker-3 / GPU-3] Epoch 7/20 | Train Acc: 0.3893, Train Loss: 1.7620 | Test Loss: 1.5723, Test Acc: 0.4435
2025-10-09 10:16:32.254 | INFO     | [Worker-3 / GPU-3] Epoch 8/20 | Train Acc: 0.4085, Train Loss: 1.6959 | Test Loss: 1.5333, Test Acc: 0.4547
2025-10-09 10:16:32.254 | INFO     | [Worker-3 / GPU-3] Epoch 9/20 | Train Acc: 0.4272, Train Loss: 1.6301 | Test Loss: 1.4904, Test Acc: 0.4711
2025-10-09 10:16:32.254 | INFO     | [Worker-3 / GPU-3] Epoch 10/20 | Train Acc: 0.4456, Train Loss: 1.5816 | Test Loss: 1.4686, Test Acc: 0.4811
2025-10-09 10:16:32.254 | INFO     | [Worker-3 / GPU-3] Epoch 11/20 | Train Acc: 0.4573, Train Loss: 1.5502 | Test Loss: 1.4511, Test Acc: 0.4851
2025-10-09 10:16:32.255 | INFO     | [Worker-3 / GPU-3] Epoch 12/20 | Train Acc: 0.4623, Train Loss: 1.5264 | Test Loss: 1.4368, Test Acc: 0.4904
2025-10-09 10:16:32.255 | INFO     | [Worker-3 / GPU-3] Epoch 13/20 | Train Acc: 0.4669, Train Loss: 1.5100 | Test Loss: 1.4293, Test Acc: 0.4963
2025-10-09 10:16:32.255 | INFO     | [Worker-3 / GPU-3] Epoch 14/20 | Train Acc: 0.4733, Train Loss: 1.4915 | Test Loss: 1.4226, Test Acc: 0.5009
2025-10-09 10:16:32.255 | INFO     | [Worker-3 / GPU-3] Epoch 15/20 | Train Acc: 0.4831, Train Loss: 1.4769 | Test Loss: 1.4178, Test Acc: 0.4984
2025-10-09 10:16:32.255 | INFO     | [Worker-3 / GPU-3] Epoch 16/20 | Train Acc: 0.4819, Train Loss: 1.4696 | Test Loss: 1.4165, Test Acc: 0.4978
2025-10-09 10:16:32.256 | INFO     | [Worker-3 / GPU-3] Epoch 17/20 | Train Acc: 0.4830, Train Loss: 1.4694 | Test Loss: 1.4138, Test Acc: 0.5016
2025-10-09 10:16:32.256 | INFO     | [Worker-3 / GPU-3] Epoch 18/20 | Train Acc: 0.4837, Train Loss: 1.4675 | Test Loss: 1.4140, Test Acc: 0.5007
2025-10-09 10:16:32.256 | INFO     | [Worker-3 / GPU-3] Epoch 19/20 | Train Acc: 0.4825, Train Loss: 1.4662 | Test Loss: 1.4144, Test Acc: 0.5028
2025-10-09 10:16:32.256 | INFO     | [Worker-3 / GPU-3] Epoch 20/20 | Train Acc: 0.4859, Train Loss: 1.4600 | Test Loss: 1.4134, Test Acc: 0.5013
2025-10-09 10:16:32.256 | INFO     | [Worker-3 / GPU-3] Individual 16 -> Accuracy: 0.5013, Loss: 1.4134 | Duration: 141.00s
2025-10-09 10:16:32.256 | INFO     | [Worker-3 / GPU-3] GPU memory used: 0.07 GB
2025-10-09 10:16:34.808 | INFO     | [Worker-1 / GPU-1] Evaluating Individual 18/48 (20 epochs)
2025-10-09 10:16:34.808 | INFO     | [Worker-1 / GPU-1] Hyperparameters: {'width_scale': 1.4604426865545492, 'fc1_units': 768, 'dropout_rate': 0.42323420139784323, 'optimizer_schedule': 'SGD_EXPONENTIAL', 'base_lr': 0.0013011232182322243, 'aug_intensity': 'STRONG', 'weight_decay': 0.0002375318242305719, 'batch_size': 64}
2025-10-09 10:16:34.808 | INFO     | [Worker-1 / GPU-1] Using base_lr 0.001301 for batch_size 64
2025-10-09 10:16:34.809 | INFO     | [Worker-1 / GPU-1] Epoch 1/20 | Train Acc: 0.1882, Train Loss: 21.3943 | Test Loss: 7.3282, Test Acc: 0.3420
2025-10-09 10:16:34.809 | INFO     | [Worker-1 / GPU-1] Epoch 2/20 | Train Acc: 0.2631, Train Loss: 12.5844 | Test Loss: 5.5190, Test Acc: 0.3906
2025-10-09 10:16:34.809 | INFO     | [Worker-1 / GPU-1] Epoch 3/20 | Train Acc: 0.3005, Train Loss: 8.6378 | Test Loss: 4.2868, Test Acc: 0.4074
2025-10-09 10:16:34.809 | INFO     | [Worker-1 / GPU-1] Epoch 4/20 | Train Acc: 0.3236, Train Loss: 6.1992 | Test Loss: 3.3393, Test Acc: 0.4157
2025-10-09 10:16:34.809 | INFO     | [Worker-1 / GPU-1] Epoch 5/20 | Train Acc: 0.3435, Train Loss: 4.4395 | Test Loss: 2.6528, Test Acc: 0.4138
2025-10-09 10:16:34.810 | INFO     | [Worker-1 / GPU-1] Epoch 6/20 | Train Acc: 0.3449, Train Loss: 3.3220 | Test Loss: 2.1758, Test Acc: 0.4082
2025-10-09 10:16:34.810 | INFO     | [Worker-1 / GPU-1] Epoch 7/20 | Train Acc: 0.3501, Train Loss: 2.5772 | Test Loss: 1.9027, Test Acc: 0.4039
2025-10-09 10:16:34.810 | INFO     | [Worker-1 / GPU-1] Epoch 8/20 | Train Acc: 0.3534, Train Loss: 2.1633 | Test Loss: 1.7776, Test Acc: 0.4069
2025-10-09 10:16:34.810 | INFO     | [Worker-1 / GPU-1] Epoch 9/20 | Train Acc: 0.3651, Train Loss: 1.9670 | Test Loss: 1.6973, Test Acc: 0.4181
2025-10-09 10:16:34.810 | INFO     | [Worker-1 / GPU-1] Epoch 10/20 | Train Acc: 0.3826, Train Loss: 1.8406 | Test Loss: 1.6445, Test Acc: 0.4300
2025-10-09 10:16:34.811 | INFO     | [Worker-1 / GPU-1] Epoch 11/20 | Train Acc: 0.4003, Train Loss: 1.7676 | Test Loss: 1.6109, Test Acc: 0.4399
2025-10-09 10:16:34.811 | INFO     | [Worker-1 / GPU-1] Epoch 12/20 | Train Acc: 0.4132, Train Loss: 1.7116 | Test Loss: 1.5829, Test Acc: 0.4489
2025-10-09 10:16:34.811 | INFO     | [Worker-1 / GPU-1] Epoch 13/20 | Train Acc: 0.4203, Train Loss: 1.6764 | Test Loss: 1.5568, Test Acc: 0.4562
2025-10-09 10:16:34.811 | INFO     | [Worker-1 / GPU-1] Epoch 14/20 | Train Acc: 0.4337, Train Loss: 1.6324 | Test Loss: 1.5363, Test Acc: 0.4646
2025-10-09 10:16:34.811 | INFO     | [Worker-1 / GPU-1] Epoch 15/20 | Train Acc: 0.4455, Train Loss: 1.5972 | Test Loss: 1.5189, Test Acc: 0.4690
2025-10-09 10:16:34.811 | INFO     | [Worker-1 / GPU-1] Epoch 16/20 | Train Acc: 0.4520, Train Loss: 1.5624 | Test Loss: 1.5023, Test Acc: 0.4733
2025-10-09 10:16:34.812 | INFO     | [Worker-1 / GPU-1] Epoch 17/20 | Train Acc: 0.4616, Train Loss: 1.5467 | Test Loss: 1.4899, Test Acc: 0.4816
2025-10-09 10:16:34.812 | INFO     | [Worker-1 / GPU-1] Epoch 18/20 | Train Acc: 0.4673, Train Loss: 1.5231 | Test Loss: 1.4745, Test Acc: 0.4856
2025-10-09 10:16:34.812 | INFO     | [Worker-1 / GPU-1] Epoch 19/20 | Train Acc: 0.4734, Train Loss: 1.5023 | Test Loss: 1.4627, Test Acc: 0.4901
2025-10-09 10:16:34.812 | INFO     | [Worker-1 / GPU-1] Epoch 20/20 | Train Acc: 0.4804, Train Loss: 1.4795 | Test Loss: 1.4549, Test Acc: 0.4921
2025-10-09 10:16:34.812 | INFO     | [Worker-1 / GPU-1] Individual 18 -> Accuracy: 0.4921, Loss: 1.4549 | Duration: 136.92s
2025-10-09 10:16:34.813 | INFO     | [Worker-1 / GPU-1] GPU memory used: 0.08 GB
2025-10-09 10:18:34.943 | INFO     | [Worker-0 / GPU-0] Evaluating Individual 19/48 (20 epochs)
2025-10-09 10:18:34.944 | INFO     | [Worker-0 / GPU-0] Hyperparameters: {'width_scale': 1.0523635988509443, 'fc1_units': 512, 'dropout_rate': 0.2261560032567897, 'optimizer_schedule': 'SGD_ONECYCLE', 'base_lr': 0.003412774751161636, 'aug_intensity': 'MEDIUM', 'weight_decay': 0.0001840757320617522, 'batch_size': 256}
2025-10-09 10:18:34.944 | INFO     | [Worker-0 / GPU-0] Using base_lr 0.003413 for batch_size 256
2025-10-09 10:18:34.944 | INFO     | [Worker-0 / GPU-0] Epoch 1/20 | Train Acc: 0.1202, Train Loss: 18.5630 | Test Loss: 8.5015, Test Acc: 0.1879
2025-10-09 10:18:34.945 | INFO     | [Worker-0 / GPU-0] Epoch 2/20 | Train Acc: 0.1787, Train Loss: 12.5380 | Test Loss: 7.1966, Test Acc: 0.2470
2025-10-09 10:18:34.945 | INFO     | [Worker-0 / GPU-0] Epoch 3/20 | Train Acc: 0.2114, Train Loss: 10.9624 | Test Loss: 6.4112, Test Acc: 0.2759
2025-10-09 10:18:34.945 | INFO     | [Worker-0 / GPU-0] Epoch 4/20 | Train Acc: 0.2326, Train Loss: 10.0096 | Test Loss: 5.9539, Test Acc: 0.3000
2025-10-09 10:18:34.946 | INFO     | [Worker-0 / GPU-0] Epoch 5/20 | Train Acc: 0.2498, Train Loss: 9.0983 | Test Loss: 5.6124, Test Acc: 0.3146
2025-10-09 10:18:34.946 | INFO     | [Worker-0 / GPU-0] Epoch 6/20 | Train Acc: 0.2643, Train Loss: 8.3701 | Test Loss: 5.2087, Test Acc: 0.3286
2025-10-09 10:18:34.946 | INFO     | [Worker-0 / GPU-0] Epoch 7/20 | Train Acc: 0.2768, Train Loss: 7.7526 | Test Loss: 4.8988, Test Acc: 0.3419
2025-10-09 10:18:34.946 | INFO     | [Worker-0 / GPU-0] Epoch 8/20 | Train Acc: 0.2863, Train Loss: 7.1873 | Test Loss: 4.5848, Test Acc: 0.3458
2025-10-09 10:18:34.946 | INFO     | [Worker-0 / GPU-0] Epoch 9/20 | Train Acc: 0.2962, Train Loss: 6.6793 | Test Loss: 4.3646, Test Acc: 0.3532
2025-10-09 10:18:34.946 | INFO     | [Worker-0 / GPU-0] Epoch 10/20 | Train Acc: 0.3003, Train Loss: 6.2323 | Test Loss: 4.1546, Test Acc: 0.3590
2025-10-09 10:18:34.947 | INFO     | [Worker-0 / GPU-0] Epoch 11/20 | Train Acc: 0.3122, Train Loss: 5.7297 | Test Loss: 3.9706, Test Acc: 0.3648
2025-10-09 10:18:34.947 | INFO     | [Worker-0 / GPU-0] Epoch 12/20 | Train Acc: 0.3189, Train Loss: 5.3843 | Test Loss: 3.7788, Test Acc: 0.3698
2025-10-09 10:18:34.947 | INFO     | [Worker-0 / GPU-0] Epoch 13/20 | Train Acc: 0.3269, Train Loss: 5.0156 | Test Loss: 3.6493, Test Acc: 0.3755
2025-10-09 10:18:34.947 | INFO     | [Worker-0 / GPU-0] Epoch 14/20 | Train Acc: 0.3342, Train Loss: 4.6915 | Test Loss: 3.4582, Test Acc: 0.3764
2025-10-09 10:18:34.947 | INFO     | [Worker-0 / GPU-0] Epoch 15/20 | Train Acc: 0.3355, Train Loss: 4.4235 | Test Loss: 3.2623, Test Acc: 0.3811
2025-10-09 10:18:34.947 | INFO     | [Worker-0 / GPU-0] Epoch 16/20 | Train Acc: 0.3389, Train Loss: 4.1554 | Test Loss: 3.1254, Test Acc: 0.3834
2025-10-09 10:18:34.948 | INFO     | [Worker-0 / GPU-0] Epoch 17/20 | Train Acc: 0.3456, Train Loss: 3.8726 | Test Loss: 2.9846, Test Acc: 0.3826
2025-10-09 10:18:34.948 | INFO     | [Worker-0 / GPU-0] Epoch 18/20 | Train Acc: 0.3528, Train Loss: 3.6346 | Test Loss: 2.8497, Test Acc: 0.3861
2025-10-09 10:18:34.948 | INFO     | [Worker-0 / GPU-0] Epoch 19/20 | Train Acc: 0.3569, Train Loss: 3.3998 | Test Loss: 2.7203, Test Acc: 0.3883
2025-10-09 10:18:34.948 | INFO     | [Worker-0 / GPU-0] Epoch 20/20 | Train Acc: 0.3604, Train Loss: 3.1987 | Test Loss: 2.6153, Test Acc: 0.3895
2025-10-09 10:18:34.948 | INFO     | [Worker-0 / GPU-0] Individual 19 -> Accuracy: 0.3895, Loss: 2.6153 | Duration: 162.75s
2025-10-09 10:18:34.949 | INFO     | [Worker-0 / GPU-0] GPU memory used: 0.05 GB
2025-10-09 10:18:42.036 | INFO     | [Worker-2 / GPU-2] Evaluating Individual 20/48 (20 epochs)
2025-10-09 10:18:42.036 | INFO     | [Worker-2 / GPU-2] Hyperparameters: {'width_scale': 1.46589546818237, 'fc1_units': 2048, 'dropout_rate': 0.26661490614090855, 'optimizer_schedule': 'SGD_EXPONENTIAL', 'base_lr': 0.06920064771229184, 'aug_intensity': 'STRONG', 'weight_decay': 0.00022603854615319287, 'batch_size': 128}
2025-10-09 10:18:42.036 | INFO     | [Worker-2 / GPU-2] Using base_lr 0.069201 for batch_size 128
2025-10-09 10:18:42.037 | INFO     | [Worker-2 / GPU-2] Epoch 1/20 | Train Acc: 0.3344, Train Loss: 4.6162 | Test Loss: 1.5368, Test Acc: 0.4352
2025-10-09 10:18:42.037 | INFO     | [Worker-2 / GPU-2] Epoch 2/20 | Train Acc: 0.4647, Train Loss: 1.4599 | Test Loss: 1.3318, Test Acc: 0.5329
2025-10-09 10:18:42.037 | INFO     | [Worker-2 / GPU-2] Epoch 3/20 | Train Acc: 0.5651, Train Loss: 1.2060 | Test Loss: 1.0453, Test Acc: 0.6299
2025-10-09 10:18:42.037 | INFO     | [Worker-2 / GPU-2] Epoch 4/20 | Train Acc: 0.6288, Train Loss: 1.0477 | Test Loss: 0.9641, Test Acc: 0.6558
2025-10-09 10:18:42.037 | INFO     | [Worker-2 / GPU-2] Epoch 5/20 | Train Acc: 0.6776, Train Loss: 0.9049 | Test Loss: 0.8480, Test Acc: 0.7021
2025-10-09 10:18:42.038 | INFO     | [Worker-2 / GPU-2] Epoch 6/20 | Train Acc: 0.7253, Train Loss: 0.7866 | Test Loss: 0.8213, Test Acc: 0.7203
2025-10-09 10:18:42.038 | INFO     | [Worker-2 / GPU-2] Epoch 7/20 | Train Acc: 0.7626, Train Loss: 0.6804 | Test Loss: 0.8236, Test Acc: 0.7193
2025-10-09 10:18:42.038 | INFO     | [Worker-2 / GPU-2] Epoch 8/20 | Train Acc: 0.7932, Train Loss: 0.5903 | Test Loss: 0.7007, Test Acc: 0.7602
2025-10-09 10:18:42.038 | INFO     | [Worker-2 / GPU-2] Epoch 9/20 | Train Acc: 0.8248, Train Loss: 0.5047 | Test Loss: 0.7208, Test Acc: 0.7566
2025-10-09 10:18:42.038 | INFO     | [Worker-2 / GPU-2] Epoch 10/20 | Train Acc: 0.8524, Train Loss: 0.4213 | Test Loss: 0.8658, Test Acc: 0.7263
2025-10-09 10:18:42.039 | INFO     | [Worker-2 / GPU-2] Epoch 11/20 | Train Acc: 0.8802, Train Loss: 0.3516 | Test Loss: 0.6813, Test Acc: 0.7707
2025-10-09 10:18:42.039 | INFO     | [Worker-2 / GPU-2] Epoch 12/20 | Train Acc: 0.9010, Train Loss: 0.2899 | Test Loss: 0.7649, Test Acc: 0.7645
2025-10-09 10:18:42.039 | INFO     | [Worker-2 / GPU-2] Epoch 13/20 | Train Acc: 0.9212, Train Loss: 0.2372 | Test Loss: 0.7730, Test Acc: 0.7654
2025-10-09 10:18:42.039 | INFO     | [Worker-2 / GPU-2] Epoch 14/20 | Train Acc: 0.9372, Train Loss: 0.1882 | Test Loss: 0.8372, Test Acc: 0.7602
2025-10-09 10:18:42.039 | INFO     | [Worker-2 / GPU-2] Epoch 15/20 | Train Acc: 0.9508, Train Loss: 0.1487 | Test Loss: 0.8573, Test Acc: 0.7532
2025-10-09 10:18:42.040 | INFO     | [Worker-2 / GPU-2] Epoch 16/20 | Train Acc: 0.9622, Train Loss: 0.1205 | Test Loss: 0.9328, Test Acc: 0.7497
2025-10-09 10:18:42.040 | INFO     | [Worker-2 / GPU-2] Epoch 17/20 | Train Acc: 0.9689, Train Loss: 0.0985 | Test Loss: 0.8131, Test Acc: 0.7781
2025-10-09 10:18:42.040 | INFO     | [Worker-2 / GPU-2] Epoch 18/20 | Train Acc: 0.9737, Train Loss: 0.0844 | Test Loss: 0.8400, Test Acc: 0.7670
2025-10-09 10:18:42.040 | INFO     | [Worker-2 / GPU-2] Epoch 19/20 | Train Acc: 0.9781, Train Loss: 0.0722 | Test Loss: 0.7874, Test Acc: 0.7847
2025-10-09 10:18:42.040 | INFO     | [Worker-2 / GPU-2] Epoch 20/20 | Train Acc: 0.9838, Train Loss: 0.0567 | Test Loss: 0.8430, Test Acc: 0.7805
2025-10-09 10:18:42.041 | INFO     | [Worker-2 / GPU-2] Individual 20 -> Accuracy: 0.7805, Loss: 0.8430 | Duration: 146.62s
2025-10-09 10:18:42.041 | INFO     | [Worker-2 / GPU-2] GPU memory used: 0.10 GB
2025-10-09 10:18:49.748 | INFO     | [Worker-3 / GPU-3] Evaluating Individual 21/48 (20 epochs)
2025-10-09 10:18:49.749 | INFO     | [Worker-3 / GPU-3] Hyperparameters: {'width_scale': 1.9408904680768644, 'fc1_units': 512, 'dropout_rate': 0.39064640091223773, 'optimizer_schedule': 'SGD_ONECYCLE', 'base_lr': 0.07380601690464843, 'aug_intensity': 'STRONG', 'weight_decay': 0.00011954993884099106, 'batch_size': 256}
2025-10-09 10:18:49.749 | INFO     | [Worker-3 / GPU-3] Using base_lr 0.073806 for batch_size 256
2025-10-09 10:18:49.749 | INFO     | [Worker-3 / GPU-3] Epoch 1/20 | Train Acc: 0.2618, Train Loss: 12.4655 | Test Loss: 2.7788, Test Acc: 0.3755
2025-10-09 10:18:49.749 | INFO     | [Worker-3 / GPU-3] Epoch 2/20 | Train Acc: 0.3282, Train Loss: 2.2887 | Test Loss: 1.6932, Test Acc: 0.4017
2025-10-09 10:18:49.749 | INFO     | [Worker-3 / GPU-3] Epoch 3/20 | Train Acc: 0.4072, Train Loss: 1.7142 | Test Loss: 1.4956, Test Acc: 0.4760
2025-10-09 10:18:49.750 | INFO     | [Worker-3 / GPU-3] Epoch 4/20 | Train Acc: 0.4565, Train Loss: 1.5536 | Test Loss: 1.4022, Test Acc: 0.5101
2025-10-09 10:18:49.750 | INFO     | [Worker-3 / GPU-3] Epoch 5/20 | Train Acc: 0.5009, Train Loss: 1.4285 | Test Loss: 1.3128, Test Acc: 0.5403
2025-10-09 10:18:49.750 | INFO     | [Worker-3 / GPU-3] Epoch 6/20 | Train Acc: 0.5363, Train Loss: 1.3243 | Test Loss: 1.2616, Test Acc: 0.5622
2025-10-09 10:18:49.750 | INFO     | [Worker-3 / GPU-3] Epoch 7/20 | Train Acc: 0.5674, Train Loss: 1.2352 | Test Loss: 1.2209, Test Acc: 0.5764
2025-10-09 10:18:49.750 | INFO     | [Worker-3 / GPU-3] Epoch 8/20 | Train Acc: 0.5942, Train Loss: 1.1586 | Test Loss: 1.1893, Test Acc: 0.5877
2025-10-09 10:18:49.750 | INFO     | [Worker-3 / GPU-3] Epoch 9/20 | Train Acc: 0.6158, Train Loss: 1.0974 | Test Loss: 1.1613, Test Acc: 0.6024
2025-10-09 10:18:49.751 | INFO     | [Worker-3 / GPU-3] Epoch 10/20 | Train Acc: 0.6305, Train Loss: 1.0408 | Test Loss: 1.1350, Test Acc: 0.6084
2025-10-09 10:18:49.751 | INFO     | [Worker-3 / GPU-3] Epoch 11/20 | Train Acc: 0.6553, Train Loss: 0.9832 | Test Loss: 1.1236, Test Acc: 0.6166
2025-10-09 10:18:49.751 | INFO     | [Worker-3 / GPU-3] Epoch 12/20 | Train Acc: 0.6740, Train Loss: 0.9243 | Test Loss: 1.1184, Test Acc: 0.6243
2025-10-09 10:18:49.751 | INFO     | [Worker-3 / GPU-3] Epoch 13/20 | Train Acc: 0.6860, Train Loss: 0.8790 | Test Loss: 1.0829, Test Acc: 0.6270
2025-10-09 10:18:49.751 | INFO     | [Worker-3 / GPU-3] Epoch 14/20 | Train Acc: 0.7039, Train Loss: 0.8343 | Test Loss: 1.0781, Test Acc: 0.6356
2025-10-09 10:18:49.751 | INFO     | [Worker-3 / GPU-3] Epoch 15/20 | Train Acc: 0.7176, Train Loss: 0.7928 | Test Loss: 1.0627, Test Acc: 0.6396
2025-10-09 10:18:49.752 | INFO     | [Worker-3 / GPU-3] Epoch 16/20 | Train Acc: 0.7323, Train Loss: 0.7574 | Test Loss: 1.0490, Test Acc: 0.6459
2025-10-09 10:18:49.752 | INFO     | [Worker-3 / GPU-3] Epoch 17/20 | Train Acc: 0.7472, Train Loss: 0.7166 | Test Loss: 1.0410, Test Acc: 0.6482
2025-10-09 10:18:49.752 | INFO     | [Worker-3 / GPU-3] Epoch 18/20 | Train Acc: 0.7567, Train Loss: 0.6837 | Test Loss: 1.0466, Test Acc: 0.6492
2025-10-09 10:18:49.752 | INFO     | [Worker-3 / GPU-3] Epoch 19/20 | Train Acc: 0.7688, Train Loss: 0.6481 | Test Loss: 1.0342, Test Acc: 0.6602
2025-10-09 10:18:49.752 | INFO     | [Worker-3 / GPU-3] Epoch 20/20 | Train Acc: 0.7791, Train Loss: 0.6238 | Test Loss: 1.0310, Test Acc: 0.6518
2025-10-09 10:18:49.752 | INFO     | [Worker-3 / GPU-3] Individual 21 -> Accuracy: 0.6518, Loss: 1.0310 | Duration: 137.49s
2025-10-09 10:18:49.753 | INFO     | [Worker-3 / GPU-3] GPU memory used: 0.09 GB
2025-10-09 10:18:49.885 | INFO     | [Worker-1 / GPU-1] Evaluating Individual 22/48 (20 epochs)
2025-10-09 10:18:49.886 | INFO     | [Worker-1 / GPU-1] Hyperparameters: {'width_scale': 1.3705367267248296, 'fc1_units': 1024, 'dropout_rate': 0.20713767701192481, 'optimizer_schedule': 'SGD_EXPONENTIAL', 'base_lr': 0.08697053757983328, 'aug_intensity': 'STRONG', 'weight_decay': 0.00011089357352435207, 'batch_size': 256}
2025-10-09 10:18:49.886 | INFO     | [Worker-1 / GPU-1] Using base_lr 0.086971 for batch_size 256
2025-10-09 10:18:49.886 | INFO     | [Worker-1 / GPU-1] Epoch 1/20 | Train Acc: 0.3339, Train Loss: 3.4108 | Test Loss: 1.4265, Test Acc: 0.4763
2025-10-09 10:18:49.886 | INFO     | [Worker-1 / GPU-1] Epoch 2/20 | Train Acc: 0.4621, Train Loss: 1.4502 | Test Loss: 1.3123, Test Acc: 0.5229
2025-10-09 10:18:49.887 | INFO     | [Worker-1 / GPU-1] Epoch 3/20 | Train Acc: 0.5513, Train Loss: 1.2298 | Test Loss: 1.0914, Test Acc: 0.6126
2025-10-09 10:18:49.887 | INFO     | [Worker-1 / GPU-1] Epoch 4/20 | Train Acc: 0.6184, Train Loss: 1.0668 | Test Loss: 0.9476, Test Acc: 0.6754
2025-10-09 10:18:49.887 | INFO     | [Worker-1 / GPU-1] Epoch 5/20 | Train Acc: 0.6689, Train Loss: 0.9254 | Test Loss: 0.8791, Test Acc: 0.6950
2025-10-09 10:18:49.887 | INFO     | [Worker-1 / GPU-1] Epoch 6/20 | Train Acc: 0.7215, Train Loss: 0.7981 | Test Loss: 0.8370, Test Acc: 0.7128
2025-10-09 10:18:49.887 | INFO     | [Worker-1 / GPU-1] Epoch 7/20 | Train Acc: 0.7596, Train Loss: 0.6910 | Test Loss: 0.8466, Test Acc: 0.7044
2025-10-09 10:18:49.888 | INFO     | [Worker-1 / GPU-1] Epoch 8/20 | Train Acc: 0.7970, Train Loss: 0.5779 | Test Loss: 0.7850, Test Acc: 0.7362
2025-10-09 10:18:49.888 | INFO     | [Worker-1 / GPU-1] Epoch 9/20 | Train Acc: 0.8265, Train Loss: 0.4967 | Test Loss: 0.7237, Test Acc: 0.7604
2025-10-09 10:18:49.888 | INFO     | [Worker-1 / GPU-1] Epoch 10/20 | Train Acc: 0.8567, Train Loss: 0.4164 | Test Loss: 0.7224, Test Acc: 0.7670
2025-10-09 10:18:49.888 | INFO     | [Worker-1 / GPU-1] Epoch 11/20 | Train Acc: 0.8823, Train Loss: 0.3396 | Test Loss: 0.7740, Test Acc: 0.7650
2025-10-09 10:18:49.888 | INFO     | [Worker-1 / GPU-1] Epoch 12/20 | Train Acc: 0.9034, Train Loss: 0.2827 | Test Loss: 0.8429, Test Acc: 0.7524
2025-10-09 10:18:49.888 | INFO     | [Worker-1 / GPU-1] Epoch 13/20 | Train Acc: 0.9203, Train Loss: 0.2348 | Test Loss: 0.8721, Test Acc: 0.7541
2025-10-09 10:18:49.889 | INFO     | [Worker-1 / GPU-1] Epoch 14/20 | Train Acc: 0.9346, Train Loss: 0.1904 | Test Loss: 0.7639, Test Acc: 0.7791
2025-10-09 10:18:49.889 | INFO     | [Worker-1 / GPU-1] Epoch 15/20 | Train Acc: 0.9476, Train Loss: 0.1558 | Test Loss: 0.8402, Test Acc: 0.7703
2025-10-09 10:18:49.889 | INFO     | [Worker-1 / GPU-1] Epoch 16/20 | Train Acc: 0.9586, Train Loss: 0.1247 | Test Loss: 0.8656, Test Acc: 0.7760
2025-10-09 10:18:49.889 | INFO     | [Worker-1 / GPU-1] Epoch 17/20 | Train Acc: 0.9662, Train Loss: 0.1000 | Test Loss: 0.8549, Test Acc: 0.7817
2025-10-09 10:18:49.889 | INFO     | [Worker-1 / GPU-1] Epoch 18/20 | Train Acc: 0.9729, Train Loss: 0.0811 | Test Loss: 0.9609, Test Acc: 0.7705
2025-10-09 10:18:49.889 | INFO     | [Worker-1 / GPU-1] Epoch 19/20 | Train Acc: 0.9772, Train Loss: 0.0691 | Test Loss: 0.9963, Test Acc: 0.7719
2025-10-09 10:18:49.890 | INFO     | [Worker-1 / GPU-1] Epoch 20/20 | Train Acc: 0.9806, Train Loss: 0.0568 | Test Loss: 0.9749, Test Acc: 0.7802
2025-10-09 10:18:49.890 | INFO     | [Worker-1 / GPU-1] Individual 22 -> Accuracy: 0.7802, Loss: 0.9749 | Duration: 135.07s
2025-10-09 10:18:49.890 | INFO     | [Worker-1 / GPU-1] GPU memory used: 0.08 GB
