2025-10-08 15:11:31.533 | INFO     | Configuration:
{
    "project": {
        "name": "HPO Paper-Based Experiment",
        "seed": 29369
    },
    "environment": {
        "data_source": {
            "dataset": "CIFAR-10",
            "path": "./model_data"
        },
        "logging": {
            "log_file": "logs/experiment.log",
            "error_log_file": "logs/error.log",
            "report_directory": "reports"
        }
    },
    "checkpoint_config": {
        "interval_per_gen": 1
    },
    "parallel_config": {
        "execution": {
            "evaluation_mode": "GPU",
            "enable_parallel": true,
            "gpu_workers": 4,
            "cpu_workers": 0,
            "gpu_cpu_performance_ratio": 16,
            "dataloader_workers": {
                "per_gpu": 8,
                "per_cpu": 1
            }
        }
    },
    "neural_network_config": {
        "input_shape": [
            3,
            32,
            32
        ],
        "output_classes": 10,
        "conv_blocks": 4,
        "fixed_parameters": {
            "activation_function": "relu",
            "base_filters": 32
        },
        "hyperparameter_space": {
            "width_scale": {
                "type": "float",
                "range": [
                    1.0,
                    2.0
                ],
                "description": "Scales the number of filters in convolutional layers"
            },
            "fc1_units": {
                "type": "enum",
                "values": [
                    512,
                    768,
                    1024
                ],
                "description": "Number of neurons in the first fully connected layer"
            },
            "dropout_rate": {
                "type": "float",
                "range": [
                    0.01,
                    0.1
                ],
                "description": "Dropout intensity in the first fully connected layer"
            },
            "optimizer_schedule": {
                "type": "enum",
                "values": [
                    "SGD_COSINE",
                    "SGD_ONECYCLE",
                    "SGD_EXPONENTIAL"
                ],
                "description": "Optimizer type + Learning rate scheduler"
            },
            "base_lr": {
                "type": "float",
                "range": [
                    0.001,
                    0.1
                ],
                "scale": "log",
                "description": "Base learning rate value, log scale"
            },
            "aug_intensity": {
                "type": "enum",
                "values": [
                    "MEDIUM",
                    "STRONG"
                ],
                "description": "Level of data augmentation"
            },
            "weight_decay": {
                "type": "float",
                "range": [
                    1e-05,
                    0.0001
                ],
                "scale": "log",
                "description": "L2 regularization coefficient, log scale"
            },
            "batch_size": {
                "type": "enum",
                "values": [
                    64,
                    128,
                    256
                ],
                "description": "Training batch size"
            }
        }
    },
    "nested_validation_config": {
        "enabled": true,
        "outer_k_folds": 3
    },
    "genetic_algorithm_config": {
        "genetic_operators": {
            "active": [
                "selection",
                "crossover",
                "mutation",
                "elitism"
            ],
            "selection": {
                "type": "tournament",
                "tournament_size": 3
            },
            "crossover": {
                "type": "uniform",
                "crossover_prob": 0.8
            },
            "mutation": {
                "mutation_prob_discrete": 0.15,
                "mutation_prob_categorical": 0.15,
                "mutation_sigma_continuous": 0.1,
                "mutation_prob_continuous": 0.15
            },
            "elitism_percent": 0.1
        },
        "calibration": {
            "enabled": true,
            "population_size": 48,
            "generations": 10,
            "training_epochs": 20,
            "data_subset_percentage": 0.2,
            "mutation_decay_rate": 0.98,
            "stratification_bins": 9,
            "stop_conditions": {
                "max_generations": 10,
                "early_stop_generations": 999,
                "early_stop_epochs": 3,
                "fitness_goal": 0.81,
                "time_limit_minutes": 1440
            }
        },
        "main_algorithm": {
            "population_size": 24,
            "generations": 70,
            "training_epochs": 200,
            "mutation_decay_rate": 0.98,
            "stratification_bins": 3,
            "stop_conditions": {
                "max_generations": 70,
                "early_stop_generations": 20,
                "early_stop_epochs": 15,
                "fitness_goal": 0.99,
                "time_limit_minutes": 0
            }
        }
    }
}
2025-10-08 15:11:31.534 | INFO     | Logger initialized. Log file at logs/log_2025-10-08_13-11-31.log
2025-10-08 15:11:31.534 | INFO     | --- Starting Nested Resampling With 3 Folds ---
2025-10-08 15:11:32.431 | INFO     | --- Running Fold 1/3 ---
2025-10-08 15:11:32.432 | INFO     | Initializing worker pool...
2025-10-08 15:11:32.432 | INFO     | Using GPU-Only scheduling strategy.
2025-10-08 15:11:32.436 | INFO     | Worker pool initialized with 4 workers.
2025-10-08 15:11:32.577 | INFO     | --- Starting CALIBRATION Phase ---
2025-10-08 15:11:32.577 | INFO     | Generations: 10, Population: 48
2025-10-08 15:11:32.578 | WARNING  | Progressive epochs are disabled! To enable progression minimal training epochs must be at least (20).
2025-10-08 15:11:32.578 | INFO     | --- CALIBRATION - Generation 1/10 ---
2025-10-08 15:13:59.895 | INFO     | [Worker-1 / GPU-1] Evaluating Individual 3/48 (20 epochs)
2025-10-08 15:13:59.897 | INFO     | [Worker-1 / GPU-1] Hyperparameters: {'width_scale': 1.3151694942987413, 'fc1_units': 512, 'dropout_rate': 0.040282967733368216, 'optimizer_schedule': 'SGD_COSINE', 'base_lr': 0.001108601897705073, 'aug_intensity': 'STRONG', 'weight_decay': 3.60218837900955e-05, 'batch_size': 64}
2025-10-08 15:13:59.897 | INFO     | [Worker-1 / GPU-1] Using base_lr 0.001109 for batch_size 64
2025-10-08 15:13:59.897 | INFO     | [Worker-1 / GPU-1] Epoch 1/20 | Train Acc: 0.2083, Train Loss: 12.1081 | Test Loss: 6.9239, Test Acc: 0.3003
2025-10-08 15:13:59.897 | INFO     | [Worker-1 / GPU-1] Epoch 2/20 | Train Acc: 0.3139, Train Loss: 7.2349 | Test Loss: 5.5073, Test Acc: 0.3601
2025-10-08 15:13:59.897 | INFO     | [Worker-1 / GPU-1] Epoch 3/20 | Train Acc: 0.3590, Train Loss: 5.8604 | Test Loss: 4.8914, Test Acc: 0.3889
2025-10-08 15:13:59.898 | INFO     | [Worker-1 / GPU-1] Epoch 4/20 | Train Acc: 0.3879, Train Loss: 5.1107 | Test Loss: 4.3657, Test Acc: 0.4126
2025-10-08 15:13:59.898 | INFO     | [Worker-1 / GPU-1] Epoch 5/20 | Train Acc: 0.4153, Train Loss: 4.4906 | Test Loss: 3.9744, Test Acc: 0.4301
2025-10-08 15:13:59.898 | INFO     | [Worker-1 / GPU-1] Epoch 6/20 | Train Acc: 0.4341, Train Loss: 4.0423 | Test Loss: 3.7280, Test Acc: 0.4331
2025-10-08 15:13:59.898 | INFO     | [Worker-1 / GPU-1] Epoch 7/20 | Train Acc: 0.4505, Train Loss: 3.6655 | Test Loss: 3.5437, Test Acc: 0.4464
2025-10-08 15:13:59.899 | INFO     | [Worker-1 / GPU-1] Epoch 8/20 | Train Acc: 0.4616, Train Loss: 3.3934 | Test Loss: 3.3994, Test Acc: 0.4543
2025-10-08 15:13:59.899 | INFO     | [Worker-1 / GPU-1] Epoch 9/20 | Train Acc: 0.4727, Train Loss: 3.1896 | Test Loss: 3.2354, Test Acc: 0.4600
2025-10-08 15:13:59.899 | INFO     | [Worker-1 / GPU-1] Epoch 10/20 | Train Acc: 0.4849, Train Loss: 3.0177 | Test Loss: 3.1444, Test Acc: 0.4609
2025-10-08 15:13:59.899 | INFO     | [Worker-1 / GPU-1] Epoch 11/20 | Train Acc: 0.4928, Train Loss: 2.8782 | Test Loss: 3.1457, Test Acc: 0.4631
2025-10-08 15:13:59.899 | INFO     | [Worker-1 / GPU-1] Epoch 12/20 | Train Acc: 0.4983, Train Loss: 2.7671 | Test Loss: 3.0601, Test Acc: 0.4701
2025-10-08 15:13:59.900 | INFO     | [Worker-1 / GPU-1] Epoch 13/20 | Train Acc: 0.4999, Train Loss: 2.6962 | Test Loss: 2.9737, Test Acc: 0.4708
2025-10-08 15:13:59.900 | INFO     | [Worker-1 / GPU-1] Epoch 14/20 | Train Acc: 0.5060, Train Loss: 2.6251 | Test Loss: 2.9544, Test Acc: 0.4697
2025-10-08 15:13:59.900 | INFO     | [Worker-1 / GPU-1] Epoch 15/20 | Train Acc: 0.5098, Train Loss: 2.6024 | Test Loss: 2.9551, Test Acc: 0.4714
2025-10-08 15:13:59.900 | INFO     | [Worker-1 / GPU-1] Epoch 16/20 | Train Acc: 0.5083, Train Loss: 2.5863 | Test Loss: 2.9561, Test Acc: 0.4742
2025-10-08 15:13:59.900 | INFO     | [Worker-1 / GPU-1] Epoch 17/20 | Train Acc: 0.5093, Train Loss: 2.5773 | Test Loss: 2.9010, Test Acc: 0.4729
2025-10-08 15:13:59.900 | INFO     | [Worker-1 / GPU-1] Epoch 18/20 | Train Acc: 0.5124, Train Loss: 2.5283 | Test Loss: 2.8885, Test Acc: 0.4729
2025-10-08 15:13:59.901 | INFO     | [Worker-1 / GPU-1] Epoch 19/20 | Train Acc: 0.5084, Train Loss: 2.5293 | Test Loss: 2.9472, Test Acc: 0.4718
2025-10-08 15:13:59.901 | INFO     | [Worker-1 / GPU-1] Epoch 19/20 | Train Acc: 0.5084, Train Loss: 2.5293 | Test Loss: 2.9472, Test Acc: 0.4718 / Early stopping triggered
2025-10-08 15:13:59.901 | INFO     | [Worker-1 / GPU-1] Individual 3 -> Accuracy: 0.4718, Loss: 2.9472 | Duration: 142.13s
2025-10-08 15:13:59.901 | INFO     | [Worker-1 / GPU-1] GPU memory used: 0.07 GB
2025-10-08 15:14:02.218 | INFO     | [Worker-0 / GPU-0] Evaluating Individual 0/48 (20 epochs)
2025-10-08 15:14:02.219 | INFO     | [Worker-0 / GPU-0] Hyperparameters: {'width_scale': 1.5259503498929838, 'fc1_units': 512, 'dropout_rate': 0.07199396351020135, 'optimizer_schedule': 'SGD_ONECYCLE', 'base_lr': 0.005177210408394989, 'aug_intensity': 'STRONG', 'weight_decay': 3.863194558493915e-05, 'batch_size': 256}
2025-10-08 15:14:02.219 | INFO     | [Worker-0 / GPU-0] Using base_lr 0.005177 for batch_size 256
2025-10-08 15:14:02.219 | INFO     | [Worker-0 / GPU-0] Epoch 1/20 | Train Acc: 0.1555, Train Loss: 14.2993 | Test Loss: 9.0970, Test Acc: 0.2425
2025-10-08 15:14:02.219 | INFO     | [Worker-0 / GPU-0] Epoch 2/20 | Train Acc: 0.2400, Train Loss: 10.5241 | Test Loss: 7.6382, Test Acc: 0.2978
2025-10-08 15:14:02.219 | INFO     | [Worker-0 / GPU-0] Epoch 3/20 | Train Acc: 0.2776, Train Loss: 9.2325 | Test Loss: 6.8419, Test Acc: 0.3274
2025-10-08 15:14:02.219 | INFO     | [Worker-0 / GPU-0] Epoch 4/20 | Train Acc: 0.3023, Train Loss: 8.3606 | Test Loss: 6.3033, Test Acc: 0.3513
2025-10-08 15:14:02.220 | INFO     | [Worker-0 / GPU-0] Epoch 5/20 | Train Acc: 0.3271, Train Loss: 7.6082 | Test Loss: 5.9093, Test Acc: 0.3698
2025-10-08 15:14:02.220 | INFO     | [Worker-0 / GPU-0] Epoch 6/20 | Train Acc: 0.3393, Train Loss: 7.0654 | Test Loss: 5.5283, Test Acc: 0.3855
2025-10-08 15:14:02.220 | INFO     | [Worker-0 / GPU-0] Epoch 7/20 | Train Acc: 0.3572, Train Loss: 6.5885 | Test Loss: 5.2688, Test Acc: 0.3947
2025-10-08 15:14:02.220 | INFO     | [Worker-0 / GPU-0] Epoch 8/20 | Train Acc: 0.3728, Train Loss: 6.1540 | Test Loss: 4.9936, Test Acc: 0.4049
2025-10-08 15:14:02.220 | INFO     | [Worker-0 / GPU-0] Epoch 9/20 | Train Acc: 0.3871, Train Loss: 5.7649 | Test Loss: 4.7508, Test Acc: 0.4113
2025-10-08 15:14:02.221 | INFO     | [Worker-0 / GPU-0] Epoch 10/20 | Train Acc: 0.3947, Train Loss: 5.4505 | Test Loss: 4.6230, Test Acc: 0.4195
2025-10-08 15:14:02.221 | INFO     | [Worker-0 / GPU-0] Epoch 11/20 | Train Acc: 0.4042, Train Loss: 5.1469 | Test Loss: 4.4293, Test Acc: 0.4244
2025-10-08 15:14:02.221 | INFO     | [Worker-0 / GPU-0] Epoch 12/20 | Train Acc: 0.4146, Train Loss: 4.8632 | Test Loss: 4.2748, Test Acc: 0.4325
2025-10-08 15:14:02.221 | INFO     | [Worker-0 / GPU-0] Epoch 13/20 | Train Acc: 0.4231, Train Loss: 4.6257 | Test Loss: 4.1093, Test Acc: 0.4337
2025-10-08 15:14:02.221 | INFO     | [Worker-0 / GPU-0] Epoch 14/20 | Train Acc: 0.4304, Train Loss: 4.3818 | Test Loss: 3.9985, Test Acc: 0.4419
2025-10-08 15:14:02.221 | INFO     | [Worker-0 / GPU-0] Epoch 15/20 | Train Acc: 0.4361, Train Loss: 4.1611 | Test Loss: 3.8525, Test Acc: 0.4433
2025-10-08 15:14:02.222 | INFO     | [Worker-0 / GPU-0] Epoch 16/20 | Train Acc: 0.4434, Train Loss: 3.9876 | Test Loss: 3.7282, Test Acc: 0.4464
2025-10-08 15:14:02.222 | INFO     | [Worker-0 / GPU-0] Epoch 17/20 | Train Acc: 0.4525, Train Loss: 3.7691 | Test Loss: 3.6118, Test Acc: 0.4496
2025-10-08 15:14:02.222 | INFO     | [Worker-0 / GPU-0] Epoch 18/20 | Train Acc: 0.4581, Train Loss: 3.5860 | Test Loss: 3.4716, Test Acc: 0.4531
2025-10-08 15:14:02.222 | INFO     | [Worker-0 / GPU-0] Epoch 19/20 | Train Acc: 0.4628, Train Loss: 3.4583 | Test Loss: 3.4001, Test Acc: 0.4547
2025-10-08 15:14:02.222 | INFO     | [Worker-0 / GPU-0] Epoch 20/20 | Train Acc: 0.4670, Train Loss: 3.3152 | Test Loss: 3.2884, Test Acc: 0.4597
2025-10-08 15:14:02.223 | INFO     | [Worker-0 / GPU-0] Individual 0 -> Accuracy: 0.4597, Loss: 3.2884 | Duration: 144.61s
2025-10-08 15:14:02.223 | INFO     | [Worker-0 / GPU-0] GPU memory used: 0.07 GB
2025-10-08 15:14:04.606 | INFO     | [Worker-3 / GPU-3] Evaluating Individual 1/48 (20 epochs)
2025-10-08 15:14:04.606 | INFO     | [Worker-3 / GPU-3] Hyperparameters: {'width_scale': 1.652694105482767, 'fc1_units': 1024, 'dropout_rate': 0.05099932284181755, 'optimizer_schedule': 'SGD_EXPONENTIAL', 'base_lr': 0.0013350687114945833, 'aug_intensity': 'STRONG', 'weight_decay': 1.3692893331088282e-05, 'batch_size': 256}
2025-10-08 15:14:04.607 | INFO     | [Worker-3 / GPU-3] Using base_lr 0.001335 for batch_size 256
2025-10-08 15:14:04.607 | INFO     | [Worker-3 / GPU-3] Epoch 1/20 | Train Acc: 0.2377, Train Loss: 11.7577 | Test Loss: 6.9154, Test Acc: 0.3386
2025-10-08 15:14:04.607 | INFO     | [Worker-3 / GPU-3] Epoch 2/20 | Train Acc: 0.3280, Train Loss: 7.4826 | Test Loss: 5.7003, Test Acc: 0.3868
2025-10-08 15:14:04.607 | INFO     | [Worker-3 / GPU-3] Epoch 3/20 | Train Acc: 0.3754, Train Loss: 6.2396 | Test Loss: 5.0235, Test Acc: 0.4177
2025-10-08 15:14:04.607 | INFO     | [Worker-3 / GPU-3] Epoch 4/20 | Train Acc: 0.4058, Train Loss: 5.4060 | Test Loss: 4.5510, Test Acc: 0.4324
2025-10-08 15:14:04.607 | INFO     | [Worker-3 / GPU-3] Epoch 5/20 | Train Acc: 0.4276, Train Loss: 4.7275 | Test Loss: 4.2247, Test Acc: 0.4507
2025-10-08 15:14:04.608 | INFO     | [Worker-3 / GPU-3] Epoch 6/20 | Train Acc: 0.4479, Train Loss: 4.2720 | Test Loss: 3.9537, Test Acc: 0.4601
2025-10-08 15:14:04.608 | INFO     | [Worker-3 / GPU-3] Epoch 7/20 | Train Acc: 0.4628, Train Loss: 3.9036 | Test Loss: 3.7763, Test Acc: 0.4667
2025-10-08 15:14:04.608 | INFO     | [Worker-3 / GPU-3] Epoch 8/20 | Train Acc: 0.4831, Train Loss: 3.5570 | Test Loss: 3.5916, Test Acc: 0.4748
2025-10-08 15:14:04.608 | INFO     | [Worker-3 / GPU-3] Epoch 9/20 | Train Acc: 0.4918, Train Loss: 3.3173 | Test Loss: 3.4171, Test Acc: 0.4792
2025-10-08 15:14:04.608 | INFO     | [Worker-3 / GPU-3] Epoch 10/20 | Train Acc: 0.5066, Train Loss: 3.0726 | Test Loss: 3.3080, Test Acc: 0.4820
2025-10-08 15:14:04.608 | INFO     | [Worker-3 / GPU-3] Epoch 11/20 | Train Acc: 0.5150, Train Loss: 2.8684 | Test Loss: 3.1990, Test Acc: 0.4901
2025-10-08 15:14:04.609 | INFO     | [Worker-3 / GPU-3] Epoch 12/20 | Train Acc: 0.5231, Train Loss: 2.7143 | Test Loss: 3.1176, Test Acc: 0.4919
2025-10-08 15:14:04.609 | INFO     | [Worker-3 / GPU-3] Epoch 13/20 | Train Acc: 0.5331, Train Loss: 2.5908 | Test Loss: 3.0235, Test Acc: 0.4956
2025-10-08 15:14:04.609 | INFO     | [Worker-3 / GPU-3] Epoch 14/20 | Train Acc: 0.5402, Train Loss: 2.4606 | Test Loss: 2.9492, Test Acc: 0.4978
2025-10-08 15:14:04.609 | INFO     | [Worker-3 / GPU-3] Epoch 15/20 | Train Acc: 0.5493, Train Loss: 2.3392 | Test Loss: 2.9032, Test Acc: 0.5005
2025-10-08 15:14:04.609 | INFO     | [Worker-3 / GPU-3] Epoch 16/20 | Train Acc: 0.5559, Train Loss: 2.2414 | Test Loss: 2.8163, Test Acc: 0.5019
2025-10-08 15:14:04.609 | INFO     | [Worker-3 / GPU-3] Epoch 17/20 | Train Acc: 0.5620, Train Loss: 2.1600 | Test Loss: 2.7709, Test Acc: 0.5091
2025-10-08 15:14:04.610 | INFO     | [Worker-3 / GPU-3] Epoch 18/20 | Train Acc: 0.5680, Train Loss: 2.0673 | Test Loss: 2.7342, Test Acc: 0.5087
2025-10-08 15:14:04.610 | INFO     | [Worker-3 / GPU-3] Epoch 19/20 | Train Acc: 0.5742, Train Loss: 1.9981 | Test Loss: 2.6731, Test Acc: 0.5090
2025-10-08 15:14:04.610 | INFO     | [Worker-3 / GPU-3] Epoch 20/20 | Train Acc: 0.5786, Train Loss: 1.9356 | Test Loss: 2.6361, Test Acc: 0.5125
2025-10-08 15:14:04.610 | INFO     | [Worker-3 / GPU-3] Individual 1 -> Accuracy: 0.5125, Loss: 2.6361 | Duration: 146.94s
2025-10-08 15:14:04.610 | INFO     | [Worker-3 / GPU-3] GPU memory used: 0.09 GB
2025-10-08 15:14:21.917 | INFO     | [Worker-2 / GPU-2] Evaluating Individual 2/48 (20 epochs)
2025-10-08 15:14:21.918 | INFO     | [Worker-2 / GPU-2] Hyperparameters: {'width_scale': 1.3453727384345935, 'fc1_units': 512, 'dropout_rate': 0.021610086020607645, 'optimizer_schedule': 'SGD_ONECYCLE', 'base_lr': 0.0032292140239430223, 'aug_intensity': 'MEDIUM', 'weight_decay': 3.1511419647859516e-05, 'batch_size': 128}
2025-10-08 15:14:21.918 | INFO     | [Worker-2 / GPU-2] Using base_lr 0.003229 for batch_size 128
2025-10-08 15:14:21.918 | INFO     | [Worker-2 / GPU-2] Epoch 1/20 | Train Acc: 0.1366, Train Loss: 14.3686 | Test Loss: 9.6322, Test Acc: 0.1877
2025-10-08 15:14:21.918 | INFO     | [Worker-2 / GPU-2] Epoch 2/20 | Train Acc: 0.2065, Train Loss: 9.3509 | Test Loss: 8.0555, Test Acc: 0.2367
2025-10-08 15:14:21.918 | INFO     | [Worker-2 / GPU-2] Epoch 3/20 | Train Acc: 0.2428, Train Loss: 8.1401 | Test Loss: 7.3167, Test Acc: 0.2606
2025-10-08 15:14:21.918 | INFO     | [Worker-2 / GPU-2] Epoch 4/20 | Train Acc: 0.2686, Train Loss: 7.3791 | Test Loss: 6.7002, Test Acc: 0.2851
2025-10-08 15:14:21.919 | INFO     | [Worker-2 / GPU-2] Epoch 5/20 | Train Acc: 0.2893, Train Loss: 6.8352 | Test Loss: 6.2990, Test Acc: 0.2968
2025-10-08 15:14:21.919 | INFO     | [Worker-2 / GPU-2] Epoch 6/20 | Train Acc: 0.3077, Train Loss: 6.3513 | Test Loss: 5.9769, Test Acc: 0.3156
2025-10-08 15:14:21.919 | INFO     | [Worker-2 / GPU-2] Epoch 7/20 | Train Acc: 0.3206, Train Loss: 6.0401 | Test Loss: 5.6575, Test Acc: 0.3296
2025-10-08 15:14:21.919 | INFO     | [Worker-2 / GPU-2] Epoch 8/20 | Train Acc: 0.3355, Train Loss: 5.6785 | Test Loss: 5.4486, Test Acc: 0.3418
2025-10-08 15:14:21.919 | INFO     | [Worker-2 / GPU-2] Epoch 9/20 | Train Acc: 0.3454, Train Loss: 5.4567 | Test Loss: 5.2026, Test Acc: 0.3485
2025-10-08 15:14:21.920 | INFO     | [Worker-2 / GPU-2] Epoch 10/20 | Train Acc: 0.3551, Train Loss: 5.1951 | Test Loss: 5.0202, Test Acc: 0.3590
2025-10-08 15:14:21.920 | INFO     | [Worker-2 / GPU-2] Epoch 11/20 | Train Acc: 0.3618, Train Loss: 4.9989 | Test Loss: 4.8287, Test Acc: 0.3667
2025-10-08 15:14:21.920 | INFO     | [Worker-2 / GPU-2] Epoch 12/20 | Train Acc: 0.3744, Train Loss: 4.7685 | Test Loss: 4.7260, Test Acc: 0.3757
2025-10-08 15:14:21.920 | INFO     | [Worker-2 / GPU-2] Epoch 13/20 | Train Acc: 0.3813, Train Loss: 4.6260 | Test Loss: 4.6267, Test Acc: 0.3784
2025-10-08 15:14:21.920 | INFO     | [Worker-2 / GPU-2] Epoch 14/20 | Train Acc: 0.3907, Train Loss: 4.4405 | Test Loss: 4.4365, Test Acc: 0.3846
2025-10-08 15:14:21.920 | INFO     | [Worker-2 / GPU-2] Epoch 15/20 | Train Acc: 0.3925, Train Loss: 4.2975 | Test Loss: 4.3556, Test Acc: 0.3922
2025-10-08 15:14:21.921 | INFO     | [Worker-2 / GPU-2] Epoch 16/20 | Train Acc: 0.4045, Train Loss: 4.1718 | Test Loss: 4.2644, Test Acc: 0.3965
2025-10-08 15:14:21.921 | INFO     | [Worker-2 / GPU-2] Epoch 17/20 | Train Acc: 0.4107, Train Loss: 4.0452 | Test Loss: 4.1247, Test Acc: 0.4007
2025-10-08 15:14:21.921 | INFO     | [Worker-2 / GPU-2] Epoch 18/20 | Train Acc: 0.4154, Train Loss: 3.9373 | Test Loss: 4.0492, Test Acc: 0.4045
2025-10-08 15:14:21.921 | INFO     | [Worker-2 / GPU-2] Epoch 19/20 | Train Acc: 0.4214, Train Loss: 3.8128 | Test Loss: 3.9779, Test Acc: 0.4061
2025-10-08 15:14:21.921 | INFO     | [Worker-2 / GPU-2] Epoch 20/20 | Train Acc: 0.4283, Train Loss: 3.7015 | Test Loss: 3.8848, Test Acc: 0.4103
2025-10-08 15:14:21.921 | INFO     | [Worker-2 / GPU-2] Individual 2 -> Accuracy: 0.4103, Loss: 3.8848 | Duration: 164.17s
2025-10-08 15:14:21.922 | INFO     | [Worker-2 / GPU-2] GPU memory used: 0.07 GB
2025-10-08 15:16:06.887 | INFO     | [Worker-0 / GPU-0] Evaluating Individual 5/48 (20 epochs)
2025-10-08 15:16:06.888 | INFO     | [Worker-0 / GPU-0] Hyperparameters: {'width_scale': 1.05718099664369, 'fc1_units': 512, 'dropout_rate': 0.026305683778016037, 'optimizer_schedule': 'SGD_EXPONENTIAL', 'base_lr': 0.08525717471008863, 'aug_intensity': 'STRONG', 'weight_decay': 1.5482266123700064e-05, 'batch_size': 128}
2025-10-08 15:16:06.888 | INFO     | [Worker-0 / GPU-0] Using base_lr 0.085257 for batch_size 128
2025-10-08 15:16:06.888 | INFO     | [Worker-0 / GPU-0] Epoch 1/20 | Train Acc: 0.3938, Train Loss: 2.8595 | Test Loss: 1.5557, Test Acc: 0.4693
2025-10-08 15:16:06.888 | INFO     | [Worker-0 / GPU-0] Epoch 2/20 | Train Acc: 0.5828, Train Loss: 1.1736 | Test Loss: 0.9878, Test Acc: 0.6519
2025-10-08 15:16:06.889 | INFO     | [Worker-0 / GPU-0] Epoch 3/20 | Train Acc: 0.6593, Train Loss: 0.9643 | Test Loss: 1.0435, Test Acc: 0.6482
2025-10-08 15:16:06.889 | INFO     | [Worker-0 / GPU-0] Epoch 4/20 | Train Acc: 0.7156, Train Loss: 0.8079 | Test Loss: 0.8617, Test Acc: 0.7054
2025-10-08 15:16:06.889 | INFO     | [Worker-0 / GPU-0] Epoch 5/20 | Train Acc: 0.7585, Train Loss: 0.6917 | Test Loss: 0.8154, Test Acc: 0.7203
2025-10-08 15:16:06.890 | INFO     | [Worker-0 / GPU-0] Epoch 6/20 | Train Acc: 0.7958, Train Loss: 0.5879 | Test Loss: 0.7809, Test Acc: 0.7398
2025-10-08 15:16:06.890 | INFO     | [Worker-0 / GPU-0] Epoch 7/20 | Train Acc: 0.8262, Train Loss: 0.4977 | Test Loss: 0.8657, Test Acc: 0.7318
2025-10-08 15:16:06.890 | INFO     | [Worker-0 / GPU-0] Epoch 8/20 | Train Acc: 0.8553, Train Loss: 0.4155 | Test Loss: 0.7852, Test Acc: 0.7493
2025-10-08 15:16:06.890 | INFO     | [Worker-0 / GPU-0] Epoch 9/20 | Train Acc: 0.8813, Train Loss: 0.3426 | Test Loss: 0.8998, Test Acc: 0.7436
2025-10-08 15:16:06.890 | INFO     | [Worker-0 / GPU-0] Epoch 10/20 | Train Acc: 0.9076, Train Loss: 0.2714 | Test Loss: 0.8450, Test Acc: 0.7605
2025-10-08 15:16:06.891 | INFO     | [Worker-0 / GPU-0] Epoch 11/20 | Train Acc: 0.9239, Train Loss: 0.2208 | Test Loss: 0.9628, Test Acc: 0.7508
2025-10-08 15:16:06.891 | INFO     | [Worker-0 / GPU-0] Epoch 12/20 | Train Acc: 0.9365, Train Loss: 0.1895 | Test Loss: 0.9931, Test Acc: 0.7518
2025-10-08 15:16:06.891 | INFO     | [Worker-0 / GPU-0] Epoch 13/20 | Train Acc: 0.9446, Train Loss: 0.1619 | Test Loss: 1.1400, Test Acc: 0.7372
2025-10-08 15:16:06.891 | INFO     | [Worker-0 / GPU-0] Epoch 13/20 | Train Acc: 0.9446, Train Loss: 0.1619 | Test Loss: 1.1400, Test Acc: 0.7372 / Early stopping triggered
2025-10-08 15:16:06.891 | INFO     | [Worker-0 / GPU-0] Individual 5 -> Accuracy: 0.7372, Loss: 1.1400 | Duration: 124.66s
2025-10-08 15:16:06.892 | INFO     | [Worker-0 / GPU-0] GPU memory used: 0.06 GB
2025-10-08 15:16:26.134 | INFO     | [Worker-1 / GPU-1] Evaluating Individual 4/48 (20 epochs)
2025-10-08 15:16:26.135 | INFO     | [Worker-1 / GPU-1] Hyperparameters: {'width_scale': 1.4343087601160858, 'fc1_units': 512, 'dropout_rate': 0.08687891455685338, 'optimizer_schedule': 'SGD_COSINE', 'base_lr': 0.003101772854281259, 'aug_intensity': 'STRONG', 'weight_decay': 3.146958581559639e-05, 'batch_size': 64}
2025-10-08 15:16:26.135 | INFO     | [Worker-1 / GPU-1] Using base_lr 0.003102 for batch_size 64
2025-10-08 15:16:26.135 | INFO     | [Worker-1 / GPU-1] Epoch 1/20 | Train Acc: 0.2707, Train Loss: 9.2631 | Test Loss: 5.0070, Test Acc: 0.3686
2025-10-08 15:16:26.135 | INFO     | [Worker-1 / GPU-1] Epoch 2/20 | Train Acc: 0.3752, Train Loss: 4.6621 | Test Loss: 3.4041, Test Acc: 0.4140
2025-10-08 15:16:26.135 | INFO     | [Worker-1 / GPU-1] Epoch 3/20 | Train Acc: 0.4173, Train Loss: 2.9667 | Test Loss: 2.4208, Test Acc: 0.4225
2025-10-08 15:16:26.136 | INFO     | [Worker-1 / GPU-1] Epoch 4/20 | Train Acc: 0.4480, Train Loss: 2.0551 | Test Loss: 1.8912, Test Acc: 0.4379
2025-10-08 15:16:26.136 | INFO     | [Worker-1 / GPU-1] Epoch 5/20 | Train Acc: 0.4782, Train Loss: 1.6358 | Test Loss: 1.6807, Test Acc: 0.4595
2025-10-08 15:16:26.136 | INFO     | [Worker-1 / GPU-1] Epoch 6/20 | Train Acc: 0.5202, Train Loss: 1.4320 | Test Loss: 1.5791, Test Acc: 0.4857
2025-10-08 15:16:26.136 | INFO     | [Worker-1 / GPU-1] Epoch 7/20 | Train Acc: 0.5571, Train Loss: 1.3050 | Test Loss: 1.5370, Test Acc: 0.4982
2025-10-08 15:16:26.136 | INFO     | [Worker-1 / GPU-1] Epoch 8/20 | Train Acc: 0.5812, Train Loss: 1.2177 | Test Loss: 1.5112, Test Acc: 0.5132
2025-10-08 15:16:26.137 | INFO     | [Worker-1 / GPU-1] Epoch 9/20 | Train Acc: 0.6052, Train Loss: 1.1438 | Test Loss: 1.4900, Test Acc: 0.5173
2025-10-08 15:16:26.137 | INFO     | [Worker-1 / GPU-1] Epoch 10/20 | Train Acc: 0.6269, Train Loss: 1.0786 | Test Loss: 1.4652, Test Acc: 0.5271
2025-10-08 15:16:26.137 | INFO     | [Worker-1 / GPU-1] Epoch 11/20 | Train Acc: 0.6430, Train Loss: 1.0355 | Test Loss: 1.4662, Test Acc: 0.5280
2025-10-08 15:16:26.137 | INFO     | [Worker-1 / GPU-1] Epoch 12/20 | Train Acc: 0.6549, Train Loss: 0.9885 | Test Loss: 1.4543, Test Acc: 0.5378
2025-10-08 15:16:26.138 | INFO     | [Worker-1 / GPU-1] Epoch 13/20 | Train Acc: 0.6680, Train Loss: 0.9612 | Test Loss: 1.4454, Test Acc: 0.5399
2025-10-08 15:16:26.138 | INFO     | [Worker-1 / GPU-1] Epoch 14/20 | Train Acc: 0.6758, Train Loss: 0.9338 | Test Loss: 1.4429, Test Acc: 0.5406
2025-10-08 15:16:26.138 | INFO     | [Worker-1 / GPU-1] Epoch 15/20 | Train Acc: 0.6830, Train Loss: 0.9091 | Test Loss: 1.4392, Test Acc: 0.5418
2025-10-08 15:16:26.138 | INFO     | [Worker-1 / GPU-1] Epoch 16/20 | Train Acc: 0.6876, Train Loss: 0.9024 | Test Loss: 1.4391, Test Acc: 0.5424
2025-10-08 15:16:26.139 | INFO     | [Worker-1 / GPU-1] Epoch 17/20 | Train Acc: 0.6876, Train Loss: 0.8924 | Test Loss: 1.4433, Test Acc: 0.5415
2025-10-08 15:16:26.139 | INFO     | [Worker-1 / GPU-1] Epoch 18/20 | Train Acc: 0.6869, Train Loss: 0.8894 | Test Loss: 1.4369, Test Acc: 0.5421
2025-10-08 15:16:26.139 | INFO     | [Worker-1 / GPU-1] Epoch 19/20 | Train Acc: 0.6922, Train Loss: 0.8836 | Test Loss: 1.4463, Test Acc: 0.5436
2025-10-08 15:16:26.139 | INFO     | [Worker-1 / GPU-1] Epoch 20/20 | Train Acc: 0.6894, Train Loss: 0.8900 | Test Loss: 1.4364, Test Acc: 0.5428
2025-10-08 15:16:26.140 | INFO     | [Worker-1 / GPU-1] Individual 4 -> Accuracy: 0.5428, Loss: 1.4364 | Duration: 146.23s
2025-10-08 15:16:26.140 | INFO     | [Worker-1 / GPU-1] GPU memory used: 0.07 GB
2025-10-08 15:16:58.893 | INFO     | [Worker-3 / GPU-3] Evaluating Individual 6/48 (20 epochs)
2025-10-08 15:16:58.894 | INFO     | [Worker-3 / GPU-3] Hyperparameters: {'width_scale': 1.815969456200238, 'fc1_units': 768, 'dropout_rate': 0.09571939209795106, 'optimizer_schedule': 'SGD_COSINE', 'base_lr': 0.0025934660344268793, 'aug_intensity': 'MEDIUM', 'weight_decay': 8.972876926586534e-05, 'batch_size': 256}
2025-10-08 15:16:58.894 | INFO     | [Worker-3 / GPU-3] Using base_lr 0.002593 for batch_size 256
2025-10-08 15:16:58.894 | INFO     | [Worker-3 / GPU-3] Epoch 1/20 | Train Acc: 0.2669, Train Loss: 11.9509 | Test Loss: 5.9379, Test Acc: 0.3853
2025-10-08 15:16:58.895 | INFO     | [Worker-3 / GPU-3] Epoch 2/20 | Train Acc: 0.3776, Train Loss: 6.5439 | Test Loss: 4.4957, Test Acc: 0.4351
2025-10-08 15:16:58.895 | INFO     | [Worker-3 / GPU-3] Epoch 3/20 | Train Acc: 0.4266, Train Loss: 4.6517 | Test Loss: 3.5499, Test Acc: 0.4511
2025-10-08 15:16:58.895 | INFO     | [Worker-3 / GPU-3] Epoch 4/20 | Train Acc: 0.4613, Train Loss: 3.4626 | Test Loss: 2.9841, Test Acc: 0.4654
2025-10-08 15:16:58.895 | INFO     | [Worker-3 / GPU-3] Epoch 5/20 | Train Acc: 0.4848, Train Loss: 2.6967 | Test Loss: 2.5302, Test Acc: 0.4702
2025-10-08 15:16:58.895 | INFO     | [Worker-3 / GPU-3] Epoch 6/20 | Train Acc: 0.5090, Train Loss: 2.1470 | Test Loss: 2.2390, Test Acc: 0.4736
2025-10-08 15:16:58.895 | INFO     | [Worker-3 / GPU-3] Epoch 7/20 | Train Acc: 0.5236, Train Loss: 1.8103 | Test Loss: 2.0140, Test Acc: 0.4777
2025-10-08 15:16:58.896 | INFO     | [Worker-3 / GPU-3] Epoch 8/20 | Train Acc: 0.5453, Train Loss: 1.5729 | Test Loss: 1.8623, Test Acc: 0.4856
2025-10-08 15:16:58.896 | INFO     | [Worker-3 / GPU-3] Epoch 9/20 | Train Acc: 0.5637, Train Loss: 1.4228 | Test Loss: 1.7992, Test Acc: 0.4974
2025-10-08 15:16:58.896 | INFO     | [Worker-3 / GPU-3] Epoch 10/20 | Train Acc: 0.5880, Train Loss: 1.3032 | Test Loss: 1.7479, Test Acc: 0.5045
2025-10-08 15:16:58.896 | INFO     | [Worker-3 / GPU-3] Epoch 11/20 | Train Acc: 0.6034, Train Loss: 1.2379 | Test Loss: 1.7213, Test Acc: 0.5075
2025-10-08 15:16:58.897 | INFO     | [Worker-3 / GPU-3] Epoch 12/20 | Train Acc: 0.6216, Train Loss: 1.1622 | Test Loss: 1.6915, Test Acc: 0.5128
2025-10-08 15:16:58.897 | INFO     | [Worker-3 / GPU-3] Epoch 13/20 | Train Acc: 0.6350, Train Loss: 1.1198 | Test Loss: 1.6830, Test Acc: 0.5157
2025-10-08 15:16:58.897 | INFO     | [Worker-3 / GPU-3] Epoch 14/20 | Train Acc: 0.6448, Train Loss: 1.0852 | Test Loss: 1.6777, Test Acc: 0.5168
2025-10-08 15:16:58.904 | INFO     | [Worker-3 / GPU-3] Epoch 15/20 | Train Acc: 0.6516, Train Loss: 1.0569 | Test Loss: 1.6974, Test Acc: 0.5186
2025-10-08 15:16:58.904 | INFO     | [Worker-3 / GPU-3] Epoch 16/20 | Train Acc: 0.6560, Train Loss: 1.0399 | Test Loss: 1.6736, Test Acc: 0.5180
2025-10-08 15:16:58.904 | INFO     | [Worker-3 / GPU-3] Epoch 17/20 | Train Acc: 0.6564, Train Loss: 1.0287 | Test Loss: 1.6766, Test Acc: 0.5177
2025-10-08 15:16:58.904 | INFO     | [Worker-3 / GPU-3] Epoch 18/20 | Train Acc: 0.6592, Train Loss: 1.0269 | Test Loss: 1.6721, Test Acc: 0.5191
2025-10-08 15:16:58.905 | INFO     | [Worker-3 / GPU-3] Epoch 19/20 | Train Acc: 0.6616, Train Loss: 1.0200 | Test Loss: 1.6534, Test Acc: 0.5178
2025-10-08 15:16:58.905 | INFO     | [Worker-3 / GPU-3] Epoch 20/20 | Train Acc: 0.6600, Train Loss: 1.0204 | Test Loss: 1.6798, Test Acc: 0.5179
2025-10-08 15:16:58.905 | INFO     | [Worker-3 / GPU-3] Individual 6 -> Accuracy: 0.5179, Loss: 1.6798 | Duration: 174.28s
2025-10-08 15:16:58.905 | INFO     | [Worker-3 / GPU-3] GPU memory used: 0.10 GB
2025-10-08 15:17:54.494 | INFO     | [Worker-2 / GPU-2] Evaluating Individual 7/48 (20 epochs)
2025-10-08 15:17:54.496 | INFO     | [Worker-2 / GPU-2] Hyperparameters: {'width_scale': 1.2517253712313932, 'fc1_units': 1024, 'dropout_rate': 0.07308107318244385, 'optimizer_schedule': 'SGD_EXPONENTIAL', 'base_lr': 0.013544063941857464, 'aug_intensity': 'MEDIUM', 'weight_decay': 3.4205339002569636e-05, 'batch_size': 64}
2025-10-08 15:17:54.496 | INFO     | [Worker-2 / GPU-2] Using base_lr 0.013544 for batch_size 64
2025-10-08 15:17:54.496 | INFO     | [Worker-2 / GPU-2] Epoch 1/20 | Train Acc: 0.3494, Train Loss: 5.8459 | Test Loss: 2.3975, Test Acc: 0.4270
2025-10-08 15:17:54.496 | INFO     | [Worker-2 / GPU-2] Epoch 2/20 | Train Acc: 0.4572, Train Loss: 1.7175 | Test Loss: 1.4476, Test Acc: 0.4977
2025-10-08 15:17:54.497 | INFO     | [Worker-2 / GPU-2] Epoch 3/20 | Train Acc: 0.5473, Train Loss: 1.2945 | Test Loss: 1.3403, Test Acc: 0.5368
2025-10-08 15:17:54.497 | INFO     | [Worker-2 / GPU-2] Epoch 4/20 | Train Acc: 0.6104, Train Loss: 1.1106 | Test Loss: 1.1794, Test Acc: 0.5887
2025-10-08 15:17:54.497 | INFO     | [Worker-2 / GPU-2] Epoch 5/20 | Train Acc: 0.6635, Train Loss: 0.9637 | Test Loss: 1.1473, Test Acc: 0.6125
2025-10-08 15:17:54.497 | INFO     | [Worker-2 / GPU-2] Epoch 6/20 | Train Acc: 0.7019, Train Loss: 0.8501 | Test Loss: 1.1543, Test Acc: 0.6103
2025-10-08 15:17:54.497 | INFO     | [Worker-2 / GPU-2] Epoch 7/20 | Train Acc: 0.7384, Train Loss: 0.7466 | Test Loss: 1.0962, Test Acc: 0.6374
2025-10-08 15:17:54.498 | INFO     | [Worker-2 / GPU-2] Epoch 8/20 | Train Acc: 0.7721, Train Loss: 0.6538 | Test Loss: 1.1013, Test Acc: 0.6438
2025-10-08 15:17:54.498 | INFO     | [Worker-2 / GPU-2] Epoch 9/20 | Train Acc: 0.7973, Train Loss: 0.5769 | Test Loss: 1.0842, Test Acc: 0.6584
2025-10-08 15:17:54.498 | INFO     | [Worker-2 / GPU-2] Epoch 10/20 | Train Acc: 0.8236, Train Loss: 0.5089 | Test Loss: 1.0631, Test Acc: 0.6632
2025-10-08 15:17:54.498 | INFO     | [Worker-2 / GPU-2] Epoch 11/20 | Train Acc: 0.8462, Train Loss: 0.4458 | Test Loss: 1.0838, Test Acc: 0.6611
2025-10-08 15:17:54.498 | INFO     | [Worker-2 / GPU-2] Epoch 12/20 | Train Acc: 0.8673, Train Loss: 0.3888 | Test Loss: 1.0679, Test Acc: 0.6704
2025-10-08 15:17:54.498 | INFO     | [Worker-2 / GPU-2] Epoch 13/20 | Train Acc: 0.8875, Train Loss: 0.3406 | Test Loss: 1.0772, Test Acc: 0.6722
2025-10-08 15:17:54.499 | INFO     | [Worker-2 / GPU-2] Epoch 14/20 | Train Acc: 0.9022, Train Loss: 0.2976 | Test Loss: 1.0965, Test Acc: 0.6716
2025-10-08 15:17:54.499 | INFO     | [Worker-2 / GPU-2] Epoch 15/20 | Train Acc: 0.9167, Train Loss: 0.2604 | Test Loss: 1.1090, Test Acc: 0.6759
2025-10-08 15:17:54.499 | INFO     | [Worker-2 / GPU-2] Epoch 16/20 | Train Acc: 0.9293, Train Loss: 0.2277 | Test Loss: 1.1104, Test Acc: 0.6795
2025-10-08 15:17:54.499 | INFO     | [Worker-2 / GPU-2] Epoch 17/20 | Train Acc: 0.9403, Train Loss: 0.2004 | Test Loss: 1.1213, Test Acc: 0.6770
2025-10-08 15:17:54.499 | INFO     | [Worker-2 / GPU-2] Epoch 18/20 | Train Acc: 0.9496, Train Loss: 0.1765 | Test Loss: 1.1273, Test Acc: 0.6809
2025-10-08 15:17:54.500 | INFO     | [Worker-2 / GPU-2] Epoch 19/20 | Train Acc: 0.9603, Train Loss: 0.1522 | Test Loss: 1.1427, Test Acc: 0.6827
2025-10-08 15:17:54.500 | INFO     | [Worker-2 / GPU-2] Epoch 20/20 | Train Acc: 0.9646, Train Loss: 0.1371 | Test Loss: 1.1582, Test Acc: 0.6795
2025-10-08 15:17:54.500 | INFO     | [Worker-2 / GPU-2] Individual 7 -> Accuracy: 0.6795, Loss: 1.1582 | Duration: 212.57s
2025-10-08 15:17:54.500 | INFO     | [Worker-2 / GPU-2] GPU memory used: 0.07 GB
2025-10-08 15:18:42.188 | INFO     | [Worker-1 / GPU-1] Evaluating Individual 9/48 (20 epochs)
2025-10-08 15:18:42.189 | INFO     | [Worker-1 / GPU-1] Hyperparameters: {'width_scale': 1.365246214049089, 'fc1_units': 768, 'dropout_rate': 0.07846381333308085, 'optimizer_schedule': 'SGD_COSINE', 'base_lr': 0.002667455349468269, 'aug_intensity': 'STRONG', 'weight_decay': 1.9631774446681852e-05, 'batch_size': 128}
2025-10-08 15:18:42.189 | INFO     | [Worker-1 / GPU-1] Using base_lr 0.002667 for batch_size 128
2025-10-08 15:18:42.189 | INFO     | [Worker-1 / GPU-1] Epoch 1/20 | Train Acc: 0.2529, Train Loss: 10.4480 | Test Loss: 5.3946, Test Acc: 0.3712
2025-10-08 15:18:42.189 | INFO     | [Worker-1 / GPU-1] Epoch 2/20 | Train Acc: 0.3716, Train Loss: 5.6096 | Test Loss: 3.9769, Test Acc: 0.4228
2025-10-08 15:18:42.189 | INFO     | [Worker-1 / GPU-1] Epoch 3/20 | Train Acc: 0.4235, Train Loss: 3.9411 | Test Loss: 3.2617, Test Acc: 0.4450
2025-10-08 15:18:42.190 | INFO     | [Worker-1 / GPU-1] Epoch 4/20 | Train Acc: 0.4571, Train Loss: 3.0185 | Test Loss: 2.7287, Test Acc: 0.4530
2025-10-08 15:18:42.190 | INFO     | [Worker-1 / GPU-1] Epoch 5/20 | Train Acc: 0.4816, Train Loss: 2.3951 | Test Loss: 2.3357, Test Acc: 0.4715
2025-10-08 15:18:42.190 | INFO     | [Worker-1 / GPU-1] Epoch 6/20 | Train Acc: 0.5059, Train Loss: 1.9833 | Test Loss: 2.0888, Test Acc: 0.4849
2025-10-08 15:18:42.190 | INFO     | [Worker-1 / GPU-1] Epoch 7/20 | Train Acc: 0.5312, Train Loss: 1.6818 | Test Loss: 1.9107, Test Acc: 0.4922
2025-10-08 15:18:42.191 | INFO     | [Worker-1 / GPU-1] Epoch 8/20 | Train Acc: 0.5478, Train Loss: 1.5101 | Test Loss: 1.7855, Test Acc: 0.4991
2025-10-08 15:18:42.191 | INFO     | [Worker-1 / GPU-1] Epoch 9/20 | Train Acc: 0.5720, Train Loss: 1.3670 | Test Loss: 1.7174, Test Acc: 0.5094
2025-10-08 15:18:42.191 | INFO     | [Worker-1 / GPU-1] Epoch 10/20 | Train Acc: 0.5892, Train Loss: 1.2839 | Test Loss: 1.6693, Test Acc: 0.5158
2025-10-08 15:18:42.191 | INFO     | [Worker-1 / GPU-1] Epoch 11/20 | Train Acc: 0.6091, Train Loss: 1.2049 | Test Loss: 1.6408, Test Acc: 0.5169
2025-10-08 15:18:42.191 | INFO     | [Worker-1 / GPU-1] Epoch 12/20 | Train Acc: 0.6188, Train Loss: 1.1554 | Test Loss: 1.6204, Test Acc: 0.5240
2025-10-08 15:18:42.191 | INFO     | [Worker-1 / GPU-1] Epoch 13/20 | Train Acc: 0.6329, Train Loss: 1.1084 | Test Loss: 1.6112, Test Acc: 0.5289
2025-10-08 15:18:42.192 | INFO     | [Worker-1 / GPU-1] Epoch 14/20 | Train Acc: 0.6404, Train Loss: 1.0843 | Test Loss: 1.6037, Test Acc: 0.5278
2025-10-08 15:18:42.192 | INFO     | [Worker-1 / GPU-1] Epoch 15/20 | Train Acc: 0.6503, Train Loss: 1.0510 | Test Loss: 1.6062, Test Acc: 0.5285
2025-10-08 15:18:42.192 | INFO     | [Worker-1 / GPU-1] Epoch 16/20 | Train Acc: 0.6543, Train Loss: 1.0354 | Test Loss: 1.6159, Test Acc: 0.5278
2025-10-08 15:18:42.192 | INFO     | [Worker-1 / GPU-1] Epoch 16/20 | Train Acc: 0.6543, Train Loss: 1.0354 | Test Loss: 1.6159, Test Acc: 0.5278 / Early stopping triggered
2025-10-08 15:18:42.192 | INFO     | [Worker-1 / GPU-1] Individual 9 -> Accuracy: 0.5278, Loss: 1.6159 | Duration: 136.05s
2025-10-08 15:18:42.193 | INFO     | [Worker-1 / GPU-1] GPU memory used: 0.07 GB
2025-10-08 15:19:07.001 | INFO     | [Worker-0 / GPU-0] Evaluating Individual 8/48 (20 epochs)
2025-10-08 15:19:07.002 | INFO     | [Worker-0 / GPU-0] Hyperparameters: {'width_scale': 1.6035664677842907, 'fc1_units': 768, 'dropout_rate': 0.010633238692452524, 'optimizer_schedule': 'SGD_ONECYCLE', 'base_lr': 0.00537346368316497, 'aug_intensity': 'MEDIUM', 'weight_decay': 9.376508203165247e-05, 'batch_size': 64}
2025-10-08 15:19:07.002 | INFO     | [Worker-0 / GPU-0] Using base_lr 0.005373 for batch_size 64
2025-10-08 15:19:07.002 | INFO     | [Worker-0 / GPU-0] Epoch 1/20 | Train Acc: 0.1746, Train Loss: 12.3200 | Test Loss: 8.6957, Test Acc: 0.2385
2025-10-08 15:19:07.003 | INFO     | [Worker-0 / GPU-0] Epoch 2/20 | Train Acc: 0.2592, Train Loss: 8.3595 | Test Loss: 7.4010, Test Acc: 0.2808
2025-10-08 15:19:07.003 | INFO     | [Worker-0 / GPU-0] Epoch 3/20 | Train Acc: 0.2967, Train Loss: 7.2428 | Test Loss: 6.6424, Test Acc: 0.3119
2025-10-08 15:19:07.003 | INFO     | [Worker-0 / GPU-0] Epoch 4/20 | Train Acc: 0.3274, Train Loss: 6.5225 | Test Loss: 6.1749, Test Acc: 0.3340
2025-10-08 15:19:07.003 | INFO     | [Worker-0 / GPU-0] Epoch 5/20 | Train Acc: 0.3477, Train Loss: 5.9527 | Test Loss: 5.7643, Test Acc: 0.3514
2025-10-08 15:19:07.003 | INFO     | [Worker-0 / GPU-0] Epoch 6/20 | Train Acc: 0.3713, Train Loss: 5.5298 | Test Loss: 5.4446, Test Acc: 0.3636
2025-10-08 15:19:07.004 | INFO     | [Worker-0 / GPU-0] Epoch 7/20 | Train Acc: 0.3827, Train Loss: 5.1940 | Test Loss: 5.1692, Test Acc: 0.3764
2025-10-08 15:19:07.004 | INFO     | [Worker-0 / GPU-0] Epoch 8/20 | Train Acc: 0.3968, Train Loss: 4.8765 | Test Loss: 4.9457, Test Acc: 0.3892
2025-10-08 15:19:07.004 | INFO     | [Worker-0 / GPU-0] Epoch 9/20 | Train Acc: 0.4119, Train Loss: 4.6179 | Test Loss: 4.7980, Test Acc: 0.3971
2025-10-08 15:19:07.004 | INFO     | [Worker-0 / GPU-0] Epoch 10/20 | Train Acc: 0.4249, Train Loss: 4.3970 | Test Loss: 4.5975, Test Acc: 0.4055
2025-10-08 15:19:07.004 | INFO     | [Worker-0 / GPU-0] Epoch 11/20 | Train Acc: 0.4349, Train Loss: 4.1791 | Test Loss: 4.4726, Test Acc: 0.4131
2025-10-08 15:19:07.005 | INFO     | [Worker-0 / GPU-0] Epoch 12/20 | Train Acc: 0.4430, Train Loss: 3.9883 | Test Loss: 4.3675, Test Acc: 0.4197
2025-10-08 15:19:07.005 | INFO     | [Worker-0 / GPU-0] Epoch 13/20 | Train Acc: 0.4556, Train Loss: 3.8011 | Test Loss: 4.2165, Test Acc: 0.4244
2025-10-08 15:19:07.005 | INFO     | [Worker-0 / GPU-0] Epoch 14/20 | Train Acc: 0.4660, Train Loss: 3.6733 | Test Loss: 4.0996, Test Acc: 0.4337
2025-10-08 15:19:07.005 | INFO     | [Worker-0 / GPU-0] Epoch 15/20 | Train Acc: 0.4714, Train Loss: 3.5292 | Test Loss: 4.0295, Test Acc: 0.4343
2025-10-08 15:19:07.005 | INFO     | [Worker-0 / GPU-0] Epoch 16/20 | Train Acc: 0.4775, Train Loss: 3.3840 | Test Loss: 3.9296, Test Acc: 0.4392
2025-10-08 15:19:07.006 | INFO     | [Worker-0 / GPU-0] Epoch 17/20 | Train Acc: 0.4843, Train Loss: 3.2676 | Test Loss: 3.8758, Test Acc: 0.4463
2025-10-08 15:19:07.006 | INFO     | [Worker-0 / GPU-0] Epoch 18/20 | Train Acc: 0.4947, Train Loss: 3.1615 | Test Loss: 3.7439, Test Acc: 0.4469
2025-10-08 15:19:07.006 | INFO     | [Worker-0 / GPU-0] Epoch 19/20 | Train Acc: 0.5016, Train Loss: 3.0452 | Test Loss: 3.7051, Test Acc: 0.4541
2025-10-08 15:19:07.006 | INFO     | [Worker-0 / GPU-0] Epoch 20/20 | Train Acc: 0.5073, Train Loss: 2.9575 | Test Loss: 3.6522, Test Acc: 0.4581
2025-10-08 15:19:07.006 | INFO     | [Worker-0 / GPU-0] Individual 8 -> Accuracy: 0.4581, Loss: 3.6522 | Duration: 180.11s
2025-10-08 15:19:07.006 | INFO     | [Worker-0 / GPU-0] GPU memory used: 0.08 GB
2025-10-08 15:19:59.575 | INFO     | [Worker-3 / GPU-3] Evaluating Individual 10/48 (20 epochs)
2025-10-08 15:19:59.576 | INFO     | [Worker-3 / GPU-3] Hyperparameters: {'width_scale': 1.8798333362335256, 'fc1_units': 768, 'dropout_rate': 0.012140908499895084, 'optimizer_schedule': 'SGD_EXPONENTIAL', 'base_lr': 0.0617434050916482, 'aug_intensity': 'MEDIUM', 'weight_decay': 4.285370497505544e-05, 'batch_size': 128}
2025-10-08 15:19:59.576 | INFO     | [Worker-3 / GPU-3] Using base_lr 0.061743 for batch_size 128
2025-10-08 15:19:59.576 | INFO     | [Worker-3 / GPU-3] Epoch 1/20 | Train Acc: 0.3834, Train Loss: 3.9560 | Test Loss: 1.4518, Test Acc: 0.4666
2025-10-08 15:19:59.576 | INFO     | [Worker-3 / GPU-3] Epoch 2/20 | Train Acc: 0.5491, Train Loss: 1.2517 | Test Loss: 1.2707, Test Acc: 0.5611
2025-10-08 15:19:59.577 | INFO     | [Worker-3 / GPU-3] Epoch 3/20 | Train Acc: 0.6532, Train Loss: 0.9710 | Test Loss: 0.9459, Test Acc: 0.6722
2025-10-08 15:19:59.577 | INFO     | [Worker-3 / GPU-3] Epoch 4/20 | Train Acc: 0.7183, Train Loss: 0.8007 | Test Loss: 0.8496, Test Acc: 0.7104
2025-10-08 15:19:59.577 | INFO     | [Worker-3 / GPU-3] Epoch 5/20 | Train Acc: 0.7672, Train Loss: 0.6591 | Test Loss: 0.7857, Test Acc: 0.7305
2025-10-08 15:19:59.577 | INFO     | [Worker-3 / GPU-3] Epoch 6/20 | Train Acc: 0.8147, Train Loss: 0.5246 | Test Loss: 0.7656, Test Acc: 0.7424
2025-10-08 15:19:59.577 | INFO     | [Worker-3 / GPU-3] Epoch 7/20 | Train Acc: 0.8532, Train Loss: 0.4211 | Test Loss: 0.8053, Test Acc: 0.7436
2025-10-08 15:19:59.578 | INFO     | [Worker-3 / GPU-3] Epoch 8/20 | Train Acc: 0.8842, Train Loss: 0.3347 | Test Loss: 0.8906, Test Acc: 0.7319
2025-10-08 15:19:59.578 | INFO     | [Worker-3 / GPU-3] Epoch 9/20 | Train Acc: 0.9087, Train Loss: 0.2557 | Test Loss: 0.8105, Test Acc: 0.7596
2025-10-08 15:19:59.578 | INFO     | [Worker-3 / GPU-3] Epoch 10/20 | Train Acc: 0.9348, Train Loss: 0.1915 | Test Loss: 0.9393, Test Acc: 0.7533
2025-10-08 15:19:59.578 | INFO     | [Worker-3 / GPU-3] Epoch 11/20 | Train Acc: 0.9482, Train Loss: 0.1530 | Test Loss: 0.9637, Test Acc: 0.7562
2025-10-08 15:19:59.578 | INFO     | [Worker-3 / GPU-3] Epoch 12/20 | Train Acc: 0.9599, Train Loss: 0.1196 | Test Loss: 0.9691, Test Acc: 0.7596
2025-10-08 15:19:59.578 | INFO     | [Worker-3 / GPU-3] Epoch 13/20 | Train Acc: 0.9677, Train Loss: 0.0970 | Test Loss: 1.0474, Test Acc: 0.7512
2025-10-08 15:19:59.579 | INFO     | [Worker-3 / GPU-3] Epoch 14/20 | Train Acc: 0.9737, Train Loss: 0.0806 | Test Loss: 0.9753, Test Acc: 0.7699
2025-10-08 15:19:59.579 | INFO     | [Worker-3 / GPU-3] Epoch 15/20 | Train Acc: 0.9779, Train Loss: 0.0686 | Test Loss: 1.0535, Test Acc: 0.7599
2025-10-08 15:19:59.579 | INFO     | [Worker-3 / GPU-3] Epoch 16/20 | Train Acc: 0.9814, Train Loss: 0.0595 | Test Loss: 1.0567, Test Acc: 0.7590
2025-10-08 15:19:59.579 | INFO     | [Worker-3 / GPU-3] Epoch 17/20 | Train Acc: 0.9837, Train Loss: 0.0510 | Test Loss: 1.0758, Test Acc: 0.7713
2025-10-08 15:19:59.579 | INFO     | [Worker-3 / GPU-3] Epoch 18/20 | Train Acc: 0.9859, Train Loss: 0.0441 | Test Loss: 1.1861, Test Acc: 0.7583
2025-10-08 15:19:59.580 | INFO     | [Worker-3 / GPU-3] Epoch 19/20 | Train Acc: 0.9883, Train Loss: 0.0371 | Test Loss: 1.1510, Test Acc: 0.7671
2025-10-08 15:19:59.580 | INFO     | [Worker-3 / GPU-3] Epoch 20/20 | Train Acc: 0.9897, Train Loss: 0.0331 | Test Loss: 1.1777, Test Acc: 0.7683
2025-10-08 15:19:59.580 | INFO     | [Worker-3 / GPU-3] Epoch 20/20 | Train Acc: 0.9897, Train Loss: 0.0331 | Test Loss: 1.1777, Test Acc: 0.7683 / Early stopping triggered
2025-10-08 15:19:59.580 | INFO     | [Worker-3 / GPU-3] Individual 10 -> Accuracy: 0.7683, Loss: 1.1777 | Duration: 180.67s
2025-10-08 15:19:59.580 | INFO     | [Worker-3 / GPU-3] GPU memory used: 0.10 GB
2025-10-08 15:21:09.314 | INFO     | [Worker-1 / GPU-1] Evaluating Individual 12/48 (20 epochs)
2025-10-08 15:21:09.314 | INFO     | [Worker-1 / GPU-1] Hyperparameters: {'width_scale': 1.506977556880189, 'fc1_units': 512, 'dropout_rate': 0.059486721948255765, 'optimizer_schedule': 'SGD_ONECYCLE', 'base_lr': 0.004701395545712322, 'aug_intensity': 'STRONG', 'weight_decay': 1.0572517229101832e-05, 'batch_size': 128}
2025-10-08 15:21:09.314 | INFO     | [Worker-1 / GPU-1] Using base_lr 0.004701 for batch_size 128
2025-10-08 15:21:09.315 | INFO     | [Worker-1 / GPU-1] Epoch 1/20 | Train Acc: 0.1735, Train Loss: 18.1382 | Test Loss: 8.9620, Test Acc: 0.2457
2025-10-08 15:21:09.315 | INFO     | [Worker-1 / GPU-1] Epoch 2/20 | Train Acc: 0.2518, Train Loss: 9.7444 | Test Loss: 7.5440, Test Acc: 0.2869
2025-10-08 15:21:09.315 | INFO     | [Worker-1 / GPU-1] Epoch 3/20 | Train Acc: 0.2829, Train Loss: 8.5873 | Test Loss: 6.8134, Test Acc: 0.3184
2025-10-08 15:21:09.315 | INFO     | [Worker-1 / GPU-1] Epoch 4/20 | Train Acc: 0.3068, Train Loss: 7.7748 | Test Loss: 6.3110, Test Acc: 0.3411
2025-10-08 15:21:09.315 | INFO     | [Worker-1 / GPU-1] Epoch 5/20 | Train Acc: 0.3304, Train Loss: 7.1497 | Test Loss: 5.8502, Test Acc: 0.3572
2025-10-08 15:21:09.316 | INFO     | [Worker-1 / GPU-1] Epoch 6/20 | Train Acc: 0.3490, Train Loss: 6.6030 | Test Loss: 5.5613, Test Acc: 0.3730
2025-10-08 15:21:09.316 | INFO     | [Worker-1 / GPU-1] Epoch 7/20 | Train Acc: 0.3596, Train Loss: 6.2235 | Test Loss: 5.2286, Test Acc: 0.3824
2025-10-08 15:21:09.316 | INFO     | [Worker-1 / GPU-1] Epoch 8/20 | Train Acc: 0.3723, Train Loss: 5.8444 | Test Loss: 5.0062, Test Acc: 0.3908
2025-10-08 15:21:09.316 | INFO     | [Worker-1 / GPU-1] Epoch 9/20 | Train Acc: 0.3834, Train Loss: 5.5205 | Test Loss: 4.8318, Test Acc: 0.4002
2025-10-08 15:21:09.316 | INFO     | [Worker-1 / GPU-1] Epoch 10/20 | Train Acc: 0.3959, Train Loss: 5.1827 | Test Loss: 4.6725, Test Acc: 0.4067
2025-10-08 15:21:09.317 | INFO     | [Worker-1 / GPU-1] Epoch 11/20 | Train Acc: 0.4066, Train Loss: 4.9017 | Test Loss: 4.4862, Test Acc: 0.4099
2025-10-08 15:21:09.317 | INFO     | [Worker-1 / GPU-1] Epoch 12/20 | Train Acc: 0.4102, Train Loss: 4.7094 | Test Loss: 4.3083, Test Acc: 0.4166
2025-10-08 15:21:09.317 | INFO     | [Worker-1 / GPU-1] Epoch 13/20 | Train Acc: 0.4207, Train Loss: 4.4675 | Test Loss: 4.1871, Test Acc: 0.4220
2025-10-08 15:21:09.317 | INFO     | [Worker-1 / GPU-1] Epoch 14/20 | Train Acc: 0.4293, Train Loss: 4.2486 | Test Loss: 4.0581, Test Acc: 0.4286
2025-10-08 15:21:09.317 | INFO     | [Worker-1 / GPU-1] Epoch 15/20 | Train Acc: 0.4362, Train Loss: 4.0964 | Test Loss: 3.9624, Test Acc: 0.4319
2025-10-08 15:21:09.317 | INFO     | [Worker-1 / GPU-1] Epoch 16/20 | Train Acc: 0.4441, Train Loss: 3.8675 | Test Loss: 3.8319, Test Acc: 0.4350
2025-10-08 15:21:09.318 | INFO     | [Worker-1 / GPU-1] Epoch 17/20 | Train Acc: 0.4521, Train Loss: 3.7096 | Test Loss: 3.7028, Test Acc: 0.4381
2025-10-08 15:21:09.318 | INFO     | [Worker-1 / GPU-1] Epoch 18/20 | Train Acc: 0.4537, Train Loss: 3.5691 | Test Loss: 3.6224, Test Acc: 0.4422
2025-10-08 15:21:09.318 | INFO     | [Worker-1 / GPU-1] Epoch 19/20 | Train Acc: 0.4617, Train Loss: 3.4313 | Test Loss: 3.4933, Test Acc: 0.4450
2025-10-08 15:21:09.318 | INFO     | [Worker-1 / GPU-1] Epoch 20/20 | Train Acc: 0.4670, Train Loss: 3.2703 | Test Loss: 3.3986, Test Acc: 0.4482
2025-10-08 15:21:09.318 | INFO     | [Worker-1 / GPU-1] Individual 12 -> Accuracy: 0.4482, Loss: 3.3986 | Duration: 147.12s
2025-10-08 15:21:09.318 | INFO     | [Worker-1 / GPU-1] GPU memory used: 0.07 GB
2025-10-08 15:21:16.886 | INFO     | [Worker-2 / GPU-2] Evaluating Individual 11/48 (20 epochs)
2025-10-08 15:21:16.887 | INFO     | [Worker-2 / GPU-2] Hyperparameters: {'width_scale': 1.3732567005006724, 'fc1_units': 768, 'dropout_rate': 0.08173353127777064, 'optimizer_schedule': 'SGD_EXPONENTIAL', 'base_lr': 0.0029003625193989363, 'aug_intensity': 'MEDIUM', 'weight_decay': 3.47941957099297e-05, 'batch_size': 256}
2025-10-08 15:21:16.887 | INFO     | [Worker-2 / GPU-2] Using base_lr 0.002900 for batch_size 256
2025-10-08 15:21:16.887 | INFO     | [Worker-2 / GPU-2] Epoch 1/20 | Train Acc: 0.2681, Train Loss: 9.5148 | Test Loss: 4.9009, Test Acc: 0.3897
2025-10-08 15:21:16.887 | INFO     | [Worker-2 / GPU-2] Epoch 2/20 | Train Acc: 0.3773, Train Loss: 5.1242 | Test Loss: 3.7387, Test Acc: 0.4382
2025-10-08 15:21:16.887 | INFO     | [Worker-2 / GPU-2] Epoch 3/20 | Train Acc: 0.4290, Train Loss: 3.6639 | Test Loss: 2.9411, Test Acc: 0.4581
2025-10-08 15:21:16.888 | INFO     | [Worker-2 / GPU-2] Epoch 4/20 | Train Acc: 0.4620, Train Loss: 2.7530 | Test Loss: 2.4707, Test Acc: 0.4610
2025-10-08 15:21:16.888 | INFO     | [Worker-2 / GPU-2] Epoch 5/20 | Train Acc: 0.4855, Train Loss: 2.1605 | Test Loss: 2.1145, Test Acc: 0.4744
2025-10-08 15:21:16.888 | INFO     | [Worker-2 / GPU-2] Epoch 6/20 | Train Acc: 0.5060, Train Loss: 1.7958 | Test Loss: 1.8962, Test Acc: 0.4832
2025-10-08 15:21:16.888 | INFO     | [Worker-2 / GPU-2] Epoch 7/20 | Train Acc: 0.5277, Train Loss: 1.5575 | Test Loss: 1.7542, Test Acc: 0.4909
2025-10-08 15:21:16.888 | INFO     | [Worker-2 / GPU-2] Epoch 8/20 | Train Acc: 0.5522, Train Loss: 1.4088 | Test Loss: 1.6472, Test Acc: 0.5060
2025-10-08 15:21:16.889 | INFO     | [Worker-2 / GPU-2] Epoch 9/20 | Train Acc: 0.5752, Train Loss: 1.2871 | Test Loss: 1.5991, Test Acc: 0.5143
2025-10-08 15:21:16.889 | INFO     | [Worker-2 / GPU-2] Epoch 10/20 | Train Acc: 0.5980, Train Loss: 1.2042 | Test Loss: 1.5603, Test Acc: 0.5251
2025-10-08 15:21:16.889 | INFO     | [Worker-2 / GPU-2] Epoch 11/20 | Train Acc: 0.6203, Train Loss: 1.1353 | Test Loss: 1.5404, Test Acc: 0.5286
2025-10-08 15:21:16.889 | INFO     | [Worker-2 / GPU-2] Epoch 12/20 | Train Acc: 0.6342, Train Loss: 1.0762 | Test Loss: 1.5117, Test Acc: 0.5342
2025-10-08 15:21:16.889 | INFO     | [Worker-2 / GPU-2] Epoch 13/20 | Train Acc: 0.6498, Train Loss: 1.0213 | Test Loss: 1.5113, Test Acc: 0.5409
2025-10-08 15:21:16.889 | INFO     | [Worker-2 / GPU-2] Epoch 14/20 | Train Acc: 0.6654, Train Loss: 0.9729 | Test Loss: 1.4937, Test Acc: 0.5467
2025-10-08 15:21:16.890 | INFO     | [Worker-2 / GPU-2] Epoch 15/20 | Train Acc: 0.6825, Train Loss: 0.9311 | Test Loss: 1.4877, Test Acc: 0.5483
2025-10-08 15:21:16.890 | INFO     | [Worker-2 / GPU-2] Epoch 16/20 | Train Acc: 0.6893, Train Loss: 0.8968 | Test Loss: 1.4690, Test Acc: 0.5535
2025-10-08 15:21:16.890 | INFO     | [Worker-2 / GPU-2] Epoch 17/20 | Train Acc: 0.7001, Train Loss: 0.8664 | Test Loss: 1.4576, Test Acc: 0.5573
2025-10-08 15:21:16.890 | INFO     | [Worker-2 / GPU-2] Epoch 18/20 | Train Acc: 0.7121, Train Loss: 0.8314 | Test Loss: 1.4557, Test Acc: 0.5606
2025-10-08 15:21:16.890 | INFO     | [Worker-2 / GPU-2] Epoch 19/20 | Train Acc: 0.7207, Train Loss: 0.8028 | Test Loss: 1.4698, Test Acc: 0.5600
2025-10-08 15:21:16.890 | INFO     | [Worker-2 / GPU-2] Epoch 20/20 | Train Acc: 0.7294, Train Loss: 0.7821 | Test Loss: 1.4510, Test Acc: 0.5606
2025-10-08 15:21:16.891 | INFO     | [Worker-2 / GPU-2] Individual 11 -> Accuracy: 0.5606, Loss: 1.4510 | Duration: 202.38s
2025-10-08 15:21:16.891 | INFO     | [Worker-2 / GPU-2] GPU memory used: 0.07 GB
2025-10-08 15:22:04.628 | INFO     | [Worker-0 / GPU-0] Evaluating Individual 13/48 (20 epochs)
2025-10-08 15:22:04.629 | INFO     | [Worker-0 / GPU-0] Hyperparameters: {'width_scale': 1.6741697363073416, 'fc1_units': 768, 'dropout_rate': 0.08515373974050436, 'optimizer_schedule': 'SGD_COSINE', 'base_lr': 0.061834258248752334, 'aug_intensity': 'MEDIUM', 'weight_decay': 2.2459239274011936e-05, 'batch_size': 64}
2025-10-08 15:22:04.629 | INFO     | [Worker-0 / GPU-0] Using base_lr 0.061834 for batch_size 64
2025-10-08 15:22:04.629 | INFO     | [Worker-0 / GPU-0] Epoch 1/20 | Train Acc: 0.3603, Train Loss: 3.8855 | Test Loss: 1.4979, Test Acc: 0.4559
2025-10-08 15:22:04.629 | INFO     | [Worker-0 / GPU-0] Epoch 2/20 | Train Acc: 0.5054, Train Loss: 1.3557 | Test Loss: 1.2138, Test Acc: 0.5759
2025-10-08 15:22:04.630 | INFO     | [Worker-0 / GPU-0] Epoch 3/20 | Train Acc: 0.5976, Train Loss: 1.1151 | Test Loss: 1.0534, Test Acc: 0.6258
2025-10-08 15:22:04.630 | INFO     | [Worker-0 / GPU-0] Epoch 4/20 | Train Acc: 0.6658, Train Loss: 0.9429 | Test Loss: 0.9998, Test Acc: 0.6489
2025-10-08 15:22:04.630 | INFO     | [Worker-0 / GPU-0] Epoch 5/20 | Train Acc: 0.7073, Train Loss: 0.8206 | Test Loss: 0.8767, Test Acc: 0.7038
2025-10-08 15:22:04.630 | INFO     | [Worker-0 / GPU-0] Epoch 6/20 | Train Acc: 0.7532, Train Loss: 0.6958 | Test Loss: 0.8376, Test Acc: 0.7145
2025-10-08 15:22:04.630 | INFO     | [Worker-0 / GPU-0] Epoch 7/20 | Train Acc: 0.7927, Train Loss: 0.5857 | Test Loss: 0.8664, Test Acc: 0.7224
2025-10-08 15:22:04.631 | INFO     | [Worker-0 / GPU-0] Epoch 8/20 | Train Acc: 0.8289, Train Loss: 0.4791 | Test Loss: 0.8719, Test Acc: 0.7252
2025-10-08 15:22:04.631 | INFO     | [Worker-0 / GPU-0] Epoch 9/20 | Train Acc: 0.8608, Train Loss: 0.3894 | Test Loss: 0.8020, Test Acc: 0.7443
2025-10-08 15:22:04.631 | INFO     | [Worker-0 / GPU-0] Epoch 10/20 | Train Acc: 0.8925, Train Loss: 0.3049 | Test Loss: 0.8630, Test Acc: 0.7547
2025-10-08 15:22:04.631 | INFO     | [Worker-0 / GPU-0] Epoch 11/20 | Train Acc: 0.9180, Train Loss: 0.2320 | Test Loss: 0.8103, Test Acc: 0.7634
2025-10-08 15:22:04.631 | INFO     | [Worker-0 / GPU-0] Epoch 12/20 | Train Acc: 0.9406, Train Loss: 0.1733 | Test Loss: 0.9085, Test Acc: 0.7603
2025-10-08 15:22:04.632 | INFO     | [Worker-0 / GPU-0] Epoch 13/20 | Train Acc: 0.9552, Train Loss: 0.1320 | Test Loss: 0.9010, Test Acc: 0.7696
2025-10-08 15:22:04.632 | INFO     | [Worker-0 / GPU-0] Epoch 14/20 | Train Acc: 0.9681, Train Loss: 0.1001 | Test Loss: 0.9012, Test Acc: 0.7714
2025-10-08 15:22:04.632 | INFO     | [Worker-0 / GPU-0] Epoch 15/20 | Train Acc: 0.9740, Train Loss: 0.0801 | Test Loss: 0.9040, Test Acc: 0.7763
2025-10-08 15:22:04.632 | INFO     | [Worker-0 / GPU-0] Epoch 16/20 | Train Acc: 0.9800, Train Loss: 0.0647 | Test Loss: 0.9207, Test Acc: 0.7761
2025-10-08 15:22:04.632 | INFO     | [Worker-0 / GPU-0] Epoch 17/20 | Train Acc: 0.9835, Train Loss: 0.0545 | Test Loss: 0.9316, Test Acc: 0.7782
2025-10-08 15:22:04.633 | INFO     | [Worker-0 / GPU-0] Epoch 18/20 | Train Acc: 0.9843, Train Loss: 0.0530 | Test Loss: 0.9267, Test Acc: 0.7775
2025-10-08 15:22:04.633 | INFO     | [Worker-0 / GPU-0] Epoch 19/20 | Train Acc: 0.9839, Train Loss: 0.0529 | Test Loss: 0.9255, Test Acc: 0.7784
2025-10-08 15:22:04.633 | INFO     | [Worker-0 / GPU-0] Epoch 20/20 | Train Acc: 0.9860, Train Loss: 0.0486 | Test Loss: 0.9359, Test Acc: 0.7785
2025-10-08 15:22:04.633 | INFO     | [Worker-0 / GPU-0] Individual 13 -> Accuracy: 0.7785, Loss: 0.9359 | Duration: 177.62s
2025-10-08 15:22:04.633 | INFO     | [Worker-0 / GPU-0] GPU memory used: 0.09 GB
2025-10-08 15:23:00.715 | INFO     | [Worker-3 / GPU-3] Evaluating Individual 14/48 (20 epochs)
2025-10-08 15:23:00.716 | INFO     | [Worker-3 / GPU-3] Hyperparameters: {'width_scale': 1.7518615835896654, 'fc1_units': 1024, 'dropout_rate': 0.03217690276258188, 'optimizer_schedule': 'SGD_EXPONENTIAL', 'base_lr': 0.006871099526729674, 'aug_intensity': 'MEDIUM', 'weight_decay': 8.501661331666417e-05, 'batch_size': 64}
2025-10-08 15:23:00.716 | INFO     | [Worker-3 / GPU-3] Using base_lr 0.006871 for batch_size 64
2025-10-08 15:23:00.716 | INFO     | [Worker-3 / GPU-3] Epoch 1/20 | Train Acc: 0.3459, Train Loss: 8.0517 | Test Loss: 4.5460, Test Acc: 0.4451
2025-10-08 15:23:00.716 | INFO     | [Worker-3 / GPU-3] Epoch 2/20 | Train Acc: 0.4674, Train Loss: 3.9692 | Test Loss: 3.2659, Test Acc: 0.4847
2025-10-08 15:23:00.716 | INFO     | [Worker-3 / GPU-3] Epoch 3/20 | Train Acc: 0.5266, Train Loss: 2.6151 | Test Loss: 2.6138, Test Acc: 0.5091
2025-10-08 15:23:00.716 | INFO     | [Worker-3 / GPU-3] Epoch 4/20 | Train Acc: 0.5795, Train Loss: 1.8660 | Test Loss: 2.2184, Test Acc: 0.5280
2025-10-08 15:23:00.717 | INFO     | [Worker-3 / GPU-3] Epoch 5/20 | Train Acc: 0.6190, Train Loss: 1.4581 | Test Loss: 1.9649, Test Acc: 0.5447
2025-10-08 15:23:00.717 | INFO     | [Worker-3 / GPU-3] Epoch 6/20 | Train Acc: 0.6611, Train Loss: 1.1669 | Test Loss: 1.8848, Test Acc: 0.5472
2025-10-08 15:23:00.717 | INFO     | [Worker-3 / GPU-3] Epoch 7/20 | Train Acc: 0.6962, Train Loss: 0.9754 | Test Loss: 1.7546, Test Acc: 0.5628
2025-10-08 15:23:00.717 | INFO     | [Worker-3 / GPU-3] Epoch 8/20 | Train Acc: 0.7366, Train Loss: 0.8188 | Test Loss: 1.7121, Test Acc: 0.5747
2025-10-08 15:23:00.718 | INFO     | [Worker-3 / GPU-3] Epoch 9/20 | Train Acc: 0.7712, Train Loss: 0.6897 | Test Loss: 1.7052, Test Acc: 0.5805
2025-10-08 15:23:00.718 | INFO     | [Worker-3 / GPU-3] Epoch 10/20 | Train Acc: 0.7972, Train Loss: 0.5938 | Test Loss: 1.6844, Test Acc: 0.5869
2025-10-08 15:23:00.718 | INFO     | [Worker-3 / GPU-3] Epoch 11/20 | Train Acc: 0.8231, Train Loss: 0.5130 | Test Loss: 1.6588, Test Acc: 0.5948
2025-10-08 15:23:00.718 | INFO     | [Worker-3 / GPU-3] Epoch 12/20 | Train Acc: 0.8486, Train Loss: 0.4345 | Test Loss: 1.6574, Test Acc: 0.5964
2025-10-08 15:23:00.718 | INFO     | [Worker-3 / GPU-3] Epoch 13/20 | Train Acc: 0.8664, Train Loss: 0.3846 | Test Loss: 1.6724, Test Acc: 0.5963
2025-10-08 15:23:00.718 | INFO     | [Worker-3 / GPU-3] Epoch 14/20 | Train Acc: 0.8834, Train Loss: 0.3330 | Test Loss: 1.6518, Test Acc: 0.6027
2025-10-08 15:23:00.719 | INFO     | [Worker-3 / GPU-3] Epoch 15/20 | Train Acc: 0.8986, Train Loss: 0.2916 | Test Loss: 1.6186, Test Acc: 0.6086
2025-10-08 15:23:00.719 | INFO     | [Worker-3 / GPU-3] Epoch 16/20 | Train Acc: 0.9142, Train Loss: 0.2541 | Test Loss: 1.6167, Test Acc: 0.6126
2025-10-08 15:23:00.719 | INFO     | [Worker-3 / GPU-3] Epoch 17/20 | Train Acc: 0.9264, Train Loss: 0.2226 | Test Loss: 1.6232, Test Acc: 0.6110
2025-10-08 15:23:00.719 | INFO     | [Worker-3 / GPU-3] Epoch 18/20 | Train Acc: 0.9352, Train Loss: 0.2016 | Test Loss: 1.6399, Test Acc: 0.6170
2025-10-08 15:23:00.719 | INFO     | [Worker-3 / GPU-3] Epoch 19/20 | Train Acc: 0.9442, Train Loss: 0.1780 | Test Loss: 1.6330, Test Acc: 0.6201
2025-10-08 15:23:00.720 | INFO     | [Worker-3 / GPU-3] Epoch 20/20 | Train Acc: 0.9508, Train Loss: 0.1621 | Test Loss: 1.6371, Test Acc: 0.6217
2025-10-08 15:23:00.720 | INFO     | [Worker-3 / GPU-3] Individual 14 -> Accuracy: 0.6217, Loss: 1.6371 | Duration: 181.13s
2025-10-08 15:23:00.720 | INFO     | [Worker-3 / GPU-3] GPU memory used: 0.10 GB
2025-10-08 15:23:40.514 | INFO     | [Worker-1 / GPU-1] Evaluating Individual 15/48 (20 epochs)
2025-10-08 15:23:40.515 | INFO     | [Worker-1 / GPU-1] Hyperparameters: {'width_scale': 1.3168717431435664, 'fc1_units': 512, 'dropout_rate': 0.028090713259708577, 'optimizer_schedule': 'SGD_EXPONENTIAL', 'base_lr': 0.006628576741317213, 'aug_intensity': 'MEDIUM', 'weight_decay': 3.913388066265654e-05, 'batch_size': 64}
2025-10-08 15:23:40.515 | INFO     | [Worker-1 / GPU-1] Using base_lr 0.006629 for batch_size 64
2025-10-08 15:23:40.516 | INFO     | [Worker-1 / GPU-1] Epoch 1/20 | Train Acc: 0.3221, Train Loss: 6.6783 | Test Loss: 3.4800, Test Acc: 0.4127
2025-10-08 15:23:40.516 | INFO     | [Worker-1 / GPU-1] Epoch 2/20 | Train Acc: 0.4419, Train Loss: 2.7954 | Test Loss: 2.2831, Test Acc: 0.4598
2025-10-08 15:23:40.516 | INFO     | [Worker-1 / GPU-1] Epoch 3/20 | Train Acc: 0.4961, Train Loss: 1.8392 | Test Loss: 1.7503, Test Acc: 0.4858
2025-10-08 15:23:40.516 | INFO     | [Worker-1 / GPU-1] Epoch 4/20 | Train Acc: 0.5450, Train Loss: 1.4315 | Test Loss: 1.5728, Test Acc: 0.5159
2025-10-08 15:23:40.517 | INFO     | [Worker-1 / GPU-1] Epoch 5/20 | Train Acc: 0.5951, Train Loss: 1.2215 | Test Loss: 1.4746, Test Acc: 0.5390
2025-10-08 15:23:40.517 | INFO     | [Worker-1 / GPU-1] Epoch 6/20 | Train Acc: 0.6326, Train Loss: 1.0755 | Test Loss: 1.4127, Test Acc: 0.5592
2025-10-08 15:23:40.517 | INFO     | [Worker-1 / GPU-1] Epoch 7/20 | Train Acc: 0.6719, Train Loss: 0.9555 | Test Loss: 1.3760, Test Acc: 0.5676
2025-10-08 15:23:40.518 | INFO     | [Worker-1 / GPU-1] Epoch 8/20 | Train Acc: 0.7008, Train Loss: 0.8684 | Test Loss: 1.3678, Test Acc: 0.5772
2025-10-08 15:23:40.518 | INFO     | [Worker-1 / GPU-1] Epoch 9/20 | Train Acc: 0.7268, Train Loss: 0.7896 | Test Loss: 1.3436, Test Acc: 0.5838
2025-10-08 15:23:40.518 | INFO     | [Worker-1 / GPU-1] Epoch 10/20 | Train Acc: 0.7498, Train Loss: 0.7195 | Test Loss: 1.3456, Test Acc: 0.5880
2025-10-08 15:23:40.519 | INFO     | [Worker-1 / GPU-1] Epoch 11/20 | Train Acc: 0.7746, Train Loss: 0.6526 | Test Loss: 1.3251, Test Acc: 0.5926
2025-10-08 15:23:40.519 | INFO     | [Worker-1 / GPU-1] Epoch 12/20 | Train Acc: 0.7955, Train Loss: 0.5983 | Test Loss: 1.3268, Test Acc: 0.6017
2025-10-08 15:23:40.519 | INFO     | [Worker-1 / GPU-1] Epoch 13/20 | Train Acc: 0.8109, Train Loss: 0.5485 | Test Loss: 1.3329, Test Acc: 0.6023
2025-10-08 15:23:40.519 | INFO     | [Worker-1 / GPU-1] Epoch 14/20 | Train Acc: 0.8251, Train Loss: 0.5102 | Test Loss: 1.3428, Test Acc: 0.6036
2025-10-08 15:23:40.519 | INFO     | [Worker-1 / GPU-1] Epoch 15/20 | Train Acc: 0.8442, Train Loss: 0.4649 | Test Loss: 1.3323, Test Acc: 0.6065
2025-10-08 15:23:40.520 | INFO     | [Worker-1 / GPU-1] Epoch 16/20 | Train Acc: 0.8580, Train Loss: 0.4309 | Test Loss: 1.3424, Test Acc: 0.6077
2025-10-08 15:23:40.520 | INFO     | [Worker-1 / GPU-1] Epoch 17/20 | Train Acc: 0.8665, Train Loss: 0.4037 | Test Loss: 1.3337, Test Acc: 0.6158
2025-10-08 15:23:40.520 | INFO     | [Worker-1 / GPU-1] Epoch 18/20 | Train Acc: 0.8784, Train Loss: 0.3730 | Test Loss: 1.3545, Test Acc: 0.6128
2025-10-08 15:23:40.520 | INFO     | [Worker-1 / GPU-1] Epoch 19/20 | Train Acc: 0.8883, Train Loss: 0.3492 | Test Loss: 1.3522, Test Acc: 0.6152
2025-10-08 15:23:40.520 | INFO     | [Worker-1 / GPU-1] Epoch 20/20 | Train Acc: 0.8986, Train Loss: 0.3270 | Test Loss: 1.3388, Test Acc: 0.6171
2025-10-08 15:23:40.520 | INFO     | [Worker-1 / GPU-1] Individual 15 -> Accuracy: 0.6171, Loss: 1.3388 | Duration: 151.19s
2025-10-08 15:23:40.521 | INFO     | [Worker-1 / GPU-1] GPU memory used: 0.07 GB
2025-10-08 15:24:43.727 | INFO     | [Worker-2 / GPU-2] Evaluating Individual 16/48 (20 epochs)
2025-10-08 15:24:43.728 | INFO     | [Worker-2 / GPU-2] Hyperparameters: {'width_scale': 1.5118926055245028, 'fc1_units': 768, 'dropout_rate': 0.09621303497308603, 'optimizer_schedule': 'SGD_ONECYCLE', 'base_lr': 0.004951403563085107, 'aug_intensity': 'MEDIUM', 'weight_decay': 2.0493957759907504e-05, 'batch_size': 256}
2025-10-08 15:24:43.728 | INFO     | [Worker-2 / GPU-2] Using base_lr 0.004951 for batch_size 256
2025-10-08 15:24:43.728 | INFO     | [Worker-2 / GPU-2] Epoch 1/20 | Train Acc: 0.1626, Train Loss: 17.5615 | Test Loss: 9.4794, Test Acc: 0.2255
2025-10-08 15:24:43.728 | INFO     | [Worker-2 / GPU-2] Epoch 2/20 | Train Acc: 0.2262, Train Loss: 11.1703 | Test Loss: 7.9086, Test Acc: 0.2811
2025-10-08 15:24:43.728 | INFO     | [Worker-2 / GPU-2] Epoch 3/20 | Train Acc: 0.2639, Train Loss: 9.7622 | Test Loss: 6.9840, Test Acc: 0.3130
2025-10-08 15:24:43.729 | INFO     | [Worker-2 / GPU-2] Epoch 4/20 | Train Acc: 0.2846, Train Loss: 8.7554 | Test Loss: 6.4558, Test Acc: 0.3363
2025-10-08 15:24:43.729 | INFO     | [Worker-2 / GPU-2] Epoch 5/20 | Train Acc: 0.3052, Train Loss: 8.0537 | Test Loss: 5.9424, Test Acc: 0.3535
2025-10-08 15:24:43.729 | INFO     | [Worker-2 / GPU-2] Epoch 6/20 | Train Acc: 0.3260, Train Loss: 7.4008 | Test Loss: 5.5886, Test Acc: 0.3727
2025-10-08 15:24:43.729 | INFO     | [Worker-2 / GPU-2] Epoch 7/20 | Train Acc: 0.3392, Train Loss: 6.8696 | Test Loss: 5.2029, Test Acc: 0.3826
2025-10-08 15:24:43.729 | INFO     | [Worker-2 / GPU-2] Epoch 8/20 | Train Acc: 0.3561, Train Loss: 6.4118 | Test Loss: 5.0148, Test Acc: 0.3963
2025-10-08 15:24:43.730 | INFO     | [Worker-2 / GPU-2] Epoch 9/20 | Train Acc: 0.3657, Train Loss: 6.0393 | Test Loss: 4.7419, Test Acc: 0.4048
2025-10-08 15:24:43.730 | INFO     | [Worker-2 / GPU-2] Epoch 10/20 | Train Acc: 0.3807, Train Loss: 5.6043 | Test Loss: 4.5513, Test Acc: 0.4148
2025-10-08 15:24:43.730 | INFO     | [Worker-2 / GPU-2] Epoch 11/20 | Train Acc: 0.3929, Train Loss: 5.3008 | Test Loss: 4.3391, Test Acc: 0.4195
2025-10-08 15:24:43.730 | INFO     | [Worker-2 / GPU-2] Epoch 12/20 | Train Acc: 0.3960, Train Loss: 5.0699 | Test Loss: 4.1817, Test Acc: 0.4265
2025-10-08 15:24:43.730 | INFO     | [Worker-2 / GPU-2] Epoch 13/20 | Train Acc: 0.4063, Train Loss: 4.7583 | Test Loss: 3.9966, Test Acc: 0.4300
2025-10-08 15:24:43.730 | INFO     | [Worker-2 / GPU-2] Epoch 14/20 | Train Acc: 0.4170, Train Loss: 4.4355 | Test Loss: 3.8803, Test Acc: 0.4352
2025-10-08 15:24:43.731 | INFO     | [Worker-2 / GPU-2] Epoch 15/20 | Train Acc: 0.4270, Train Loss: 4.2392 | Test Loss: 3.7128, Test Acc: 0.4384
2025-10-08 15:24:43.731 | INFO     | [Worker-2 / GPU-2] Epoch 16/20 | Train Acc: 0.4299, Train Loss: 4.0055 | Test Loss: 3.5857, Test Acc: 0.4436
2025-10-08 15:24:43.731 | INFO     | [Worker-2 / GPU-2] Epoch 17/20 | Train Acc: 0.4373, Train Loss: 3.8242 | Test Loss: 3.4983, Test Acc: 0.4480
2025-10-08 15:24:43.731 | INFO     | [Worker-2 / GPU-2] Epoch 18/20 | Train Acc: 0.4472, Train Loss: 3.6436 | Test Loss: 3.3623, Test Acc: 0.4510
2025-10-08 15:24:43.731 | INFO     | [Worker-2 / GPU-2] Epoch 19/20 | Train Acc: 0.4541, Train Loss: 3.4608 | Test Loss: 3.2309, Test Acc: 0.4549
2025-10-08 15:24:43.732 | INFO     | [Worker-2 / GPU-2] Epoch 20/20 | Train Acc: 0.4574, Train Loss: 3.3157 | Test Loss: 3.1932, Test Acc: 0.4555
2025-10-08 15:24:43.732 | INFO     | [Worker-2 / GPU-2] Individual 16 -> Accuracy: 0.4555, Loss: 3.1932 | Duration: 206.83s
2025-10-08 15:24:43.732 | INFO     | [Worker-2 / GPU-2] GPU memory used: 0.08 GB
2025-10-08 15:25:18.221 | INFO     | [Worker-0 / GPU-0] Evaluating Individual 17/48 (20 epochs)
2025-10-08 15:25:18.222 | INFO     | [Worker-0 / GPU-0] Hyperparameters: {'width_scale': 1.9511879136184453, 'fc1_units': 1024, 'dropout_rate': 0.09647964342886155, 'optimizer_schedule': 'SGD_COSINE', 'base_lr': 0.0018502474474413086, 'aug_intensity': 'STRONG', 'weight_decay': 1.2316392830688841e-05, 'batch_size': 256}
2025-10-08 15:25:18.222 | INFO     | [Worker-0 / GPU-0] Using base_lr 0.001850 for batch_size 256
2025-10-08 15:25:18.222 | INFO     | [Worker-0 / GPU-0] Epoch 1/20 | Train Acc: 0.2500, Train Loss: 12.8063 | Test Loss: 7.0185, Test Acc: 0.3674
2025-10-08 15:25:18.222 | INFO     | [Worker-0 / GPU-0] Epoch 2/20 | Train Acc: 0.3589, Train Loss: 8.0110 | Test Loss: 5.5583, Test Acc: 0.4306
2025-10-08 15:25:18.223 | INFO     | [Worker-0 / GPU-0] Epoch 3/20 | Train Acc: 0.4083, Train Loss: 6.1573 | Test Loss: 4.7356, Test Acc: 0.4525
2025-10-08 15:25:18.223 | INFO     | [Worker-0 / GPU-0] Epoch 4/20 | Train Acc: 0.4450, Train Loss: 4.9410 | Test Loss: 4.1107, Test Acc: 0.4703
2025-10-08 15:25:18.223 | INFO     | [Worker-0 / GPU-0] Epoch 5/20 | Train Acc: 0.4685, Train Loss: 4.1456 | Test Loss: 3.7152, Test Acc: 0.4802
2025-10-08 15:25:18.223 | INFO     | [Worker-0 / GPU-0] Epoch 6/20 | Train Acc: 0.4955, Train Loss: 3.4746 | Test Loss: 3.3950, Test Acc: 0.4838
2025-10-08 15:25:18.223 | INFO     | [Worker-0 / GPU-0] Epoch 7/20 | Train Acc: 0.5144, Train Loss: 3.0164 | Test Loss: 3.0981, Test Acc: 0.4938
2025-10-08 15:25:18.224 | INFO     | [Worker-0 / GPU-0] Epoch 8/20 | Train Acc: 0.5281, Train Loss: 2.6401 | Test Loss: 2.9293, Test Acc: 0.4934
2025-10-08 15:25:18.224 | INFO     | [Worker-0 / GPU-0] Epoch 9/20 | Train Acc: 0.5441, Train Loss: 2.3788 | Test Loss: 2.7634, Test Acc: 0.4942
2025-10-08 15:25:18.224 | INFO     | [Worker-0 / GPU-0] Epoch 10/20 | Train Acc: 0.5534, Train Loss: 2.1639 | Test Loss: 2.6607, Test Acc: 0.5007
2025-10-08 15:25:18.224 | INFO     | [Worker-0 / GPU-0] Epoch 11/20 | Train Acc: 0.5654, Train Loss: 2.0192 | Test Loss: 2.5639, Test Acc: 0.4993
2025-10-08 15:25:18.224 | INFO     | [Worker-0 / GPU-0] Epoch 12/20 | Train Acc: 0.5739, Train Loss: 1.8985 | Test Loss: 2.4903, Test Acc: 0.5057
2025-10-08 15:25:18.225 | INFO     | [Worker-0 / GPU-0] Epoch 13/20 | Train Acc: 0.5802, Train Loss: 1.8094 | Test Loss: 2.4447, Test Acc: 0.5066
2025-10-08 15:25:18.225 | INFO     | [Worker-0 / GPU-0] Epoch 14/20 | Train Acc: 0.5859, Train Loss: 1.7334 | Test Loss: 2.4211, Test Acc: 0.5088
2025-10-08 15:25:18.225 | INFO     | [Worker-0 / GPU-0] Epoch 15/20 | Train Acc: 0.5933, Train Loss: 1.6803 | Test Loss: 2.3890, Test Acc: 0.5079
2025-10-08 15:25:18.225 | INFO     | [Worker-0 / GPU-0] Epoch 16/20 | Train Acc: 0.5947, Train Loss: 1.6700 | Test Loss: 2.3621, Test Acc: 0.5090
2025-10-08 15:25:18.225 | INFO     | [Worker-0 / GPU-0] Epoch 17/20 | Train Acc: 0.5977, Train Loss: 1.6441 | Test Loss: 2.3824, Test Acc: 0.5063
2025-10-08 15:25:18.226 | INFO     | [Worker-0 / GPU-0] Epoch 18/20 | Train Acc: 0.5992, Train Loss: 1.6412 | Test Loss: 2.3906, Test Acc: 0.5090
2025-10-08 15:25:18.226 | INFO     | [Worker-0 / GPU-0] Epoch 19/20 | Train Acc: 0.5995, Train Loss: 1.6400 | Test Loss: 2.3591, Test Acc: 0.5100
2025-10-08 15:25:18.226 | INFO     | [Worker-0 / GPU-0] Epoch 20/20 | Train Acc: 0.5980, Train Loss: 1.6335 | Test Loss: 2.3660, Test Acc: 0.5088
2025-10-08 15:25:18.226 | INFO     | [Worker-0 / GPU-0] Individual 17 -> Accuracy: 0.5088, Loss: 2.3660 | Duration: 193.59s
2025-10-08 15:25:18.226 | INFO     | [Worker-0 / GPU-0] GPU memory used: 0.11 GB
2025-10-08 15:26:04.794 | INFO     | [Worker-3 / GPU-3] Evaluating Individual 18/48 (20 epochs)
2025-10-08 15:26:04.795 | INFO     | [Worker-3 / GPU-3] Hyperparameters: {'width_scale': 1.8738841206437038, 'fc1_units': 512, 'dropout_rate': 0.04521891319347552, 'optimizer_schedule': 'SGD_EXPONENTIAL', 'base_lr': 0.03352931993730683, 'aug_intensity': 'MEDIUM', 'weight_decay': 9.154550086893998e-05, 'batch_size': 256}
2025-10-08 15:26:04.795 | INFO     | [Worker-3 / GPU-3] Using base_lr 0.033529 for batch_size 256
2025-10-08 15:26:04.795 | INFO     | [Worker-3 / GPU-3] Epoch 1/20 | Train Acc: 0.3822, Train Loss: 4.1877 | Test Loss: 1.4506, Test Acc: 0.4939
2025-10-08 15:26:04.795 | INFO     | [Worker-3 / GPU-3] Epoch 2/20 | Train Acc: 0.5452, Train Loss: 1.2883 | Test Loss: 1.1740, Test Acc: 0.5880
2025-10-08 15:26:04.795 | INFO     | [Worker-3 / GPU-3] Epoch 3/20 | Train Acc: 0.6327, Train Loss: 1.0439 | Test Loss: 1.1130, Test Acc: 0.6185
2025-10-08 15:26:04.796 | INFO     | [Worker-3 / GPU-3] Epoch 4/20 | Train Acc: 0.6931, Train Loss: 0.8779 | Test Loss: 0.9368, Test Acc: 0.6699
2025-10-08 15:26:04.796 | INFO     | [Worker-3 / GPU-3] Epoch 5/20 | Train Acc: 0.7382, Train Loss: 0.7395 | Test Loss: 0.8860, Test Acc: 0.7026
2025-10-08 15:26:04.796 | INFO     | [Worker-3 / GPU-3] Epoch 6/20 | Train Acc: 0.7812, Train Loss: 0.6233 | Test Loss: 0.8442, Test Acc: 0.7154
2025-10-08 15:26:04.796 | INFO     | [Worker-3 / GPU-3] Epoch 7/20 | Train Acc: 0.8192, Train Loss: 0.5087 | Test Loss: 0.8982, Test Acc: 0.7107
2025-10-08 15:26:04.796 | INFO     | [Worker-3 / GPU-3] Epoch 8/20 | Train Acc: 0.8560, Train Loss: 0.4127 | Test Loss: 0.8364, Test Acc: 0.7274
2025-10-08 15:26:04.797 | INFO     | [Worker-3 / GPU-3] Epoch 9/20 | Train Acc: 0.8857, Train Loss: 0.3317 | Test Loss: 0.8801, Test Acc: 0.7257
2025-10-08 15:26:04.797 | INFO     | [Worker-3 / GPU-3] Epoch 10/20 | Train Acc: 0.9119, Train Loss: 0.2618 | Test Loss: 0.8928, Test Acc: 0.7314
2025-10-08 15:26:04.797 | INFO     | [Worker-3 / GPU-3] Epoch 11/20 | Train Acc: 0.9325, Train Loss: 0.2039 | Test Loss: 0.8993, Test Acc: 0.7302
2025-10-08 15:26:04.797 | INFO     | [Worker-3 / GPU-3] Epoch 12/20 | Train Acc: 0.9498, Train Loss: 0.1611 | Test Loss: 0.9159, Test Acc: 0.7382
2025-10-08 15:26:04.797 | INFO     | [Worker-3 / GPU-3] Epoch 13/20 | Train Acc: 0.9607, Train Loss: 0.1290 | Test Loss: 0.9784, Test Acc: 0.7310
2025-10-08 15:26:04.798 | INFO     | [Worker-3 / GPU-3] Epoch 14/20 | Train Acc: 0.9703, Train Loss: 0.1010 | Test Loss: 0.9771, Test Acc: 0.7455
2025-10-08 15:26:04.798 | INFO     | [Worker-3 / GPU-3] Epoch 15/20 | Train Acc: 0.9761, Train Loss: 0.0813 | Test Loss: 0.9832, Test Acc: 0.7436
2025-10-08 15:26:04.798 | INFO     | [Worker-3 / GPU-3] Epoch 16/20 | Train Acc: 0.9810, Train Loss: 0.0693 | Test Loss: 0.9908, Test Acc: 0.7482
2025-10-08 15:26:04.798 | INFO     | [Worker-3 / GPU-3] Epoch 17/20 | Train Acc: 0.9847, Train Loss: 0.0559 | Test Loss: 0.9801, Test Acc: 0.7513
2025-10-08 15:26:04.798 | INFO     | [Worker-3 / GPU-3] Epoch 18/20 | Train Acc: 0.9867, Train Loss: 0.0484 | Test Loss: 1.0144, Test Acc: 0.7458
2025-10-08 15:26:04.798 | INFO     | [Worker-3 / GPU-3] Epoch 19/20 | Train Acc: 0.9891, Train Loss: 0.0403 | Test Loss: 1.0546, Test Acc: 0.7495
2025-10-08 15:26:04.799 | INFO     | [Worker-3 / GPU-3] Epoch 20/20 | Train Acc: 0.9909, Train Loss: 0.0348 | Test Loss: 1.0273, Test Acc: 0.7533
2025-10-08 15:26:04.799 | INFO     | [Worker-3 / GPU-3] Individual 18 -> Accuracy: 0.7533, Loss: 1.0273 | Duration: 184.07s
2025-10-08 15:26:04.799 | INFO     | [Worker-3 / GPU-3] GPU memory used: 0.09 GB
2025-10-08 15:26:13.591 | INFO     | [Worker-1 / GPU-1] Evaluating Individual 19/48 (20 epochs)
2025-10-08 15:26:13.591 | INFO     | [Worker-1 / GPU-1] Hyperparameters: {'width_scale': 1.9656236303212111, 'fc1_units': 768, 'dropout_rate': 0.011797122398465375, 'optimizer_schedule': 'SGD_ONECYCLE', 'base_lr': 0.0074986849841949125, 'aug_intensity': 'MEDIUM', 'weight_decay': 4.687872643828394e-05, 'batch_size': 128}
2025-10-08 15:26:13.592 | INFO     | [Worker-1 / GPU-1] Using base_lr 0.007499 for batch_size 128
2025-10-08 15:26:13.592 | INFO     | [Worker-1 / GPU-1] Epoch 1/20 | Train Acc: 0.1949, Train Loss: 14.2108 | Test Loss: 9.4573, Test Acc: 0.2552
2025-10-08 15:26:13.592 | INFO     | [Worker-1 / GPU-1] Epoch 2/20 | Train Acc: 0.2873, Train Loss: 8.7458 | Test Loss: 7.8632, Test Acc: 0.3036
2025-10-08 15:26:13.592 | INFO     | [Worker-1 / GPU-1] Epoch 3/20 | Train Acc: 0.3311, Train Loss: 7.4175 | Test Loss: 7.0937, Test Acc: 0.3372
2025-10-08 15:26:13.592 | INFO     | [Worker-1 / GPU-1] Epoch 4/20 | Train Acc: 0.3596, Train Loss: 6.6029 | Test Loss: 6.3948, Test Acc: 0.3559
2025-10-08 15:26:13.592 | INFO     | [Worker-1 / GPU-1] Epoch 5/20 | Train Acc: 0.3830, Train Loss: 5.9594 | Test Loss: 6.0465, Test Acc: 0.3772
2025-10-08 15:26:13.593 | INFO     | [Worker-1 / GPU-1] Epoch 6/20 | Train Acc: 0.4049, Train Loss: 5.4725 | Test Loss: 5.6663, Test Acc: 0.3887
2025-10-08 15:26:13.593 | INFO     | [Worker-1 / GPU-1] Epoch 7/20 | Train Acc: 0.4231, Train Loss: 5.0459 | Test Loss: 5.3562, Test Acc: 0.3982
2025-10-08 15:26:13.593 | INFO     | [Worker-1 / GPU-1] Epoch 8/20 | Train Acc: 0.4373, Train Loss: 4.6915 | Test Loss: 5.1441, Test Acc: 0.4076
2025-10-08 15:26:13.593 | INFO     | [Worker-1 / GPU-1] Epoch 9/20 | Train Acc: 0.4518, Train Loss: 4.4018 | Test Loss: 4.9733, Test Acc: 0.4188
2025-10-08 15:26:13.593 | INFO     | [Worker-1 / GPU-1] Epoch 10/20 | Train Acc: 0.4655, Train Loss: 4.1222 | Test Loss: 4.7890, Test Acc: 0.4271
2025-10-08 15:26:13.594 | INFO     | [Worker-1 / GPU-1] Epoch 11/20 | Train Acc: 0.4731, Train Loss: 3.9064 | Test Loss: 4.5410, Test Acc: 0.4321
2025-10-08 15:26:13.594 | INFO     | [Worker-1 / GPU-1] Epoch 12/20 | Train Acc: 0.4925, Train Loss: 3.6898 | Test Loss: 4.4600, Test Acc: 0.4367
2025-10-08 15:26:13.594 | INFO     | [Worker-1 / GPU-1] Epoch 13/20 | Train Acc: 0.4974, Train Loss: 3.5141 | Test Loss: 4.3896, Test Acc: 0.4453
2025-10-08 15:26:13.594 | INFO     | [Worker-1 / GPU-1] Epoch 14/20 | Train Acc: 0.5107, Train Loss: 3.3141 | Test Loss: 4.2209, Test Acc: 0.4492
2025-10-08 15:26:13.594 | INFO     | [Worker-1 / GPU-1] Epoch 15/20 | Train Acc: 0.5192, Train Loss: 3.1725 | Test Loss: 4.1349, Test Acc: 0.4564
2025-10-08 15:26:13.594 | INFO     | [Worker-1 / GPU-1] Epoch 16/20 | Train Acc: 0.5276, Train Loss: 3.0359 | Test Loss: 4.0223, Test Acc: 0.4607
2025-10-08 15:26:13.595 | INFO     | [Worker-1 / GPU-1] Epoch 17/20 | Train Acc: 0.5347, Train Loss: 2.9029 | Test Loss: 3.9742, Test Acc: 0.4667
2025-10-08 15:26:13.595 | INFO     | [Worker-1 / GPU-1] Epoch 18/20 | Train Acc: 0.5466, Train Loss: 2.7550 | Test Loss: 3.8769, Test Acc: 0.4730
2025-10-08 15:26:13.595 | INFO     | [Worker-1 / GPU-1] Epoch 19/20 | Train Acc: 0.5573, Train Loss: 2.6462 | Test Loss: 3.8258, Test Acc: 0.4728
2025-10-08 15:26:13.595 | INFO     | [Worker-1 / GPU-1] Epoch 20/20 | Train Acc: 0.5637, Train Loss: 2.5509 | Test Loss: 3.7226, Test Acc: 0.4784
2025-10-08 15:26:13.595 | INFO     | [Worker-1 / GPU-1] Individual 19 -> Accuracy: 0.4784, Loss: 3.7226 | Duration: 153.07s
2025-10-08 15:26:13.595 | INFO     | [Worker-1 / GPU-1] GPU memory used: 0.10 GB
