2025-10-15 10:15:01.570 | INFO     | Configuration:
{
    "project": {
        "name": "HPO Paper-Based Experiment",
        "seed": 1236
    },
    "environment": {
        "data_source": {
            "dataset": "CIFAR-10",
            "path": "./model_data"
        },
        "logging": {
            "log_file": "logs/experiment.log",
            "error_log_file": "logs/error.log",
            "report_directory": "reports"
        }
    },
    "checkpoint_config": {
        "interval_per_gen": 1
    },
    "parallel_config": {
        "execution": {
            "evaluation_mode": "GPU",
            "enable_parallel": true,
            "gpu_workers": 4,
            "cpu_workers": 0,
            "gpu_cpu_performance_ratio": 16,
            "dataloader_workers": {
                "per_gpu": 8,
                "per_cpu": 1
            }
        }
    },
    "neural_network_config": {
        "input_shape": [
            3,
            32,
            32
        ],
        "output_classes": 10,
        "conv_blocks": 4,
        "fixed_parameters": {
            "activation_function": "relu",
            "base_filters": 64
        },
        "hyperparameter_space": {
            "width_scale": {
                "type": "float",
                "range": [
                    1.0,
                    2.0
                ],
                "description": "Scales the number of filters in convolutional layers"
            },
            "fc1_units": {
                "type": "enum",
                "values": [
                    256,
                    512
                ],
                "description": "Number of neurons in the first fully connected layer"
            },
            "dropout_rate": {
                "type": "float",
                "range": [
                    0.2,
                    0.45
                ],
                "description": "Dropout intensity in the first fully connected layer"
            },
            "optimizer_schedule": {
                "type": "enum",
                "values": [
                    "ADAMW_COSINE",
                    "ADAMW_ONECYCLE",
                    "ADAMW_EXPONENTIAL"
                ],
                "description": "Optimizer type + Learning rate scheduler"
            },
            "base_lr": {
                "type": "float",
                "range": [
                    0.0001,
                    0.005
                ],
                "scale": "log",
                "description": "Base learning rate value, log scale"
            },
            "aug_intensity": {
                "type": "enum",
                "values": [
                    "MEDIUM",
                    "STRONG"
                ],
                "description": "Level of data augmentation"
            },
            "weight_decay": {
                "type": "float",
                "range": [
                    0.0001,
                    0.01
                ],
                "scale": "log",
                "description": "L2 regularization coefficient, log scale"
            },
            "batch_size": {
                "type": "enum",
                "values": [
                    128,
                    256
                ],
                "description": "Training batch size"
            }
        }
    },
    "nested_validation_config": {
        "enabled": true,
        "outer_k_folds": 2
    },
    "genetic_algorithm_config": {
        "genetic_operators": {
            "active": [
                "selection",
                "crossover",
                "mutation",
                "elitism"
            ],
            "selection": {
                "type": "tournament",
                "tournament_size": 4
            },
            "crossover": {
                "type": "uniform",
                "crossover_prob": 0.8
            },
            "mutation": {
                "mutation_prob_discrete": 0.15,
                "mutation_prob_categorical": 0.15,
                "mutation_sigma_continuous": 0.1,
                "mutation_prob_continuous": 0.15
            },
            "elitism_percent": 0.1
        },
        "calibration": {
            "enabled": false,
            "population_size": 48,
            "generations": 10,
            "training_epochs": 20,
            "data_subset_percentage": 1.0,
            "mutation_decay_rate": 0.98,
            "stratification_bins": 9,
            "stop_conditions": {
                "max_generations": 10,
                "early_stop_generations": 999,
                "early_stop_epochs": 6,
                "fitness_goal": 0.99,
                "time_limit_minutes": 1440
            }
        },
        "main_algorithm": {
            "population_size": 24,
            "generations": 2,
            "training_epochs": 150,
            "mutation_decay_rate": 0.98,
            "stratification_bins": 3,
            "stop_conditions": {
                "max_generations": 70,
                "early_stop_generations": 8,
                "early_stop_epochs": 20,
                "fitness_goal": 0.99,
                "time_limit_minutes": 0
            }
        }
    }
}
2025-10-15 10:15:01.571 | INFO     | Logger initialized. Log file at logs/log_2025-10-15_08-15-01.log
2025-10-15 10:15:01.571 | INFO     | --- Starting Nested Resampling With 2 Folds ---
2025-10-15 10:15:02.429 | INFO     | --- Running Fold 1/2 ---
2025-10-15 10:15:02.430 | INFO     | Initializing worker pool...
2025-10-15 10:15:02.430 | INFO     | Using GPU-Only scheduling strategy.
2025-10-15 10:15:02.433 | INFO     | Worker pool initialized with 4 workers.
2025-10-15 10:15:03.629 | INFO     | Calibration disabled. Starting main algorithm with random population.
2025-10-15 10:15:03.631 | INFO     | --- Starting MAIN_ALGORITHM Phase ---
2025-10-15 10:15:03.631 | INFO     | Generations: 2, Population: 24
2025-10-15 10:15:03.631 | INFO     | --- MAIN_ALGORITHM - Generation 1/2 ---
2025-10-15 10:17:26.321 | INFO     | [Worker-2 / GPU-2] Evaluating Individual 2/24 (150 epochs)
2025-10-15 10:17:26.321 | INFO     | [Worker-2 / GPU-2] Hyperparameters: {'width_scale': 1.5778114078778924, 'fc1_units': 512, 'dropout_rate': 0.22074702490878145, 'optimizer_schedule': 'ADAMW_ONECYCLE', 'base_lr': 0.0005672410660723288, 'aug_intensity': 'STRONG', 'weight_decay': 0.00016714529959984106, 'batch_size': 256}
2025-10-15 10:17:26.322 | INFO     | [Worker-2 / GPU-2] Scaled base_lr to 0.000802 for batch_size 256
2025-10-15 10:17:26.322 | INFO     | [Worker-2 / GPU-2] Epoch 1/150 | Train Acc: 0.2651, Train Loss: 5.2316 | Test Loss: 2.0762, Test Acc: 0.4766
2025-10-15 10:17:26.322 | INFO     | [Worker-2 / GPU-2] Epoch 2/150 | Train Acc: 0.3653, Train Loss: 3.2289 | Test Loss: 1.6728, Test Acc: 0.5082
2025-10-15 10:17:26.322 | INFO     | [Worker-2 / GPU-2] Epoch 3/150 | Train Acc: 0.4101, Train Loss: 2.3500 | Test Loss: 1.4479, Test Acc: 0.5309
2025-10-15 10:17:26.322 | INFO     | [Worker-2 / GPU-2] Epoch 4/150 | Train Acc: 0.4471, Train Loss: 1.7990 | Test Loss: 1.4780, Test Acc: 0.5352
2025-10-15 10:17:26.322 | INFO     | [Worker-2 / GPU-2] Epoch 5/150 | Train Acc: 0.4838, Train Loss: 1.6028 | Test Loss: 1.4448, Test Acc: 0.5474
2025-10-15 10:17:26.323 | INFO     | [Worker-2 / GPU-2] Epoch 6/150 | Train Acc: 0.5241, Train Loss: 1.4925 | Test Loss: 1.3578, Test Acc: 0.5863
2025-10-15 10:17:26.323 | INFO     | [Worker-2 / GPU-2] Epoch 7/150 | Train Acc: 0.5535, Train Loss: 1.4122 | Test Loss: 1.3018, Test Acc: 0.5993
2025-10-15 10:17:26.323 | INFO     | [Worker-2 / GPU-2] Epoch 8/150 | Train Acc: 0.5796, Train Loss: 1.3556 | Test Loss: 1.2848, Test Acc: 0.6093
2025-10-15 10:17:26.323 | INFO     | [Worker-2 / GPU-2] Epoch 9/150 | Train Acc: 0.5952, Train Loss: 1.3285 | Test Loss: 1.2602, Test Acc: 0.6143
2025-10-15 10:17:26.323 | INFO     | [Worker-2 / GPU-2] Epoch 10/150 | Train Acc: 0.6216, Train Loss: 1.2556 | Test Loss: 1.2644, Test Acc: 0.6153
2025-10-15 10:17:26.323 | INFO     | [Worker-2 / GPU-2] Epoch 11/150 | Train Acc: 0.6376, Train Loss: 1.2271 | Test Loss: 1.1561, Test Acc: 0.6604
2025-10-15 10:17:26.324 | INFO     | [Worker-2 / GPU-2] Epoch 12/150 | Train Acc: 0.6597, Train Loss: 1.1716 | Test Loss: 1.2773, Test Acc: 0.6099
2025-10-15 10:17:26.324 | INFO     | [Worker-2 / GPU-2] Epoch 13/150 | Train Acc: 0.6789, Train Loss: 1.1253 | Test Loss: 1.1784, Test Acc: 0.6478
2025-10-15 10:17:26.324 | INFO     | [Worker-2 / GPU-2] Epoch 14/150 | Train Acc: 0.6847, Train Loss: 1.1332 | Test Loss: 1.2391, Test Acc: 0.6303
2025-10-15 10:17:26.324 | INFO     | [Worker-2 / GPU-2] Epoch 15/150 | Train Acc: 0.6945, Train Loss: 1.1148 | Test Loss: 1.2233, Test Acc: 0.6382
2025-10-15 10:17:26.324 | INFO     | [Worker-2 / GPU-2] Epoch 16/150 | Train Acc: 0.7050, Train Loss: 1.0944 | Test Loss: 1.4556, Test Acc: 0.5904
2025-10-15 10:17:26.325 | INFO     | [Worker-2 / GPU-2] Epoch 17/150 | Train Acc: 0.7230, Train Loss: 1.0491 | Test Loss: 1.2023, Test Acc: 0.6513
2025-10-15 10:17:26.325 | INFO     | [Worker-2 / GPU-2] Epoch 18/150 | Train Acc: 0.7337, Train Loss: 1.0403 | Test Loss: 1.1415, Test Acc: 0.6676
2025-10-15 10:17:26.325 | INFO     | [Worker-2 / GPU-2] Epoch 19/150 | Train Acc: 0.7670, Train Loss: 0.9508 | Test Loss: 1.1416, Test Acc: 0.6756
2025-10-15 10:17:26.325 | INFO     | [Worker-2 / GPU-2] Epoch 20/150 | Train Acc: 0.7559, Train Loss: 0.9779 | Test Loss: 1.1678, Test Acc: 0.6521
2025-10-15 10:17:26.325 | INFO     | [Worker-2 / GPU-2] Epoch 21/150 | Train Acc: 0.7886, Train Loss: 0.8982 | Test Loss: 1.4842, Test Acc: 0.5868
2025-10-15 10:17:26.326 | INFO     | [Worker-2 / GPU-2] Epoch 22/150 | Train Acc: 0.7987, Train Loss: 0.8845 | Test Loss: 2.4167, Test Acc: 0.4518
2025-10-15 10:17:26.326 | INFO     | [Worker-2 / GPU-2] Epoch 23/150 | Train Acc: 0.7997, Train Loss: 0.8848 | Test Loss: 1.5446, Test Acc: 0.5634
2025-10-15 10:17:26.326 | INFO     | [Worker-2 / GPU-2] Epoch 24/150 | Train Acc: 0.8001, Train Loss: 0.8999 | Test Loss: 1.3835, Test Acc: 0.6453
2025-10-15 10:17:26.326 | INFO     | [Worker-2 / GPU-2] Epoch 25/150 | Train Acc: 0.8111, Train Loss: 0.8730 | Test Loss: 1.4865, Test Acc: 0.5652
2025-10-15 10:17:26.326 | INFO     | [Worker-2 / GPU-2] Epoch 26/150 | Train Acc: 0.8248, Train Loss: 0.8408 | Test Loss: 2.4879, Test Acc: 0.4217
2025-10-15 10:17:26.326 | INFO     | [Worker-2 / GPU-2] Epoch 27/150 | Train Acc: 0.8185, Train Loss: 0.8639 | Test Loss: 1.6540, Test Acc: 0.5235
2025-10-15 10:17:26.327 | INFO     | [Worker-2 / GPU-2] Epoch 28/150 | Train Acc: 0.8411, Train Loss: 0.8101 | Test Loss: 1.5086, Test Acc: 0.6011
2025-10-15 10:17:26.327 | INFO     | [Worker-2 / GPU-2] Epoch 29/150 | Train Acc: 0.8399, Train Loss: 0.8166 | Test Loss: 1.5719, Test Acc: 0.5787
2025-10-15 10:17:26.327 | INFO     | [Worker-2 / GPU-2] Epoch 30/150 | Train Acc: 0.8600, Train Loss: 0.7686 | Test Loss: 3.0392, Test Acc: 0.3377
2025-10-15 10:17:26.327 | INFO     | [Worker-2 / GPU-2] Epoch 31/150 | Train Acc: 0.8759, Train Loss: 0.7276 | Test Loss: 2.4556, Test Acc: 0.4734
2025-10-15 10:17:26.327 | INFO     | [Worker-2 / GPU-2] Epoch 32/150 | Train Acc: 0.8805, Train Loss: 0.7134 | Test Loss: 1.5314, Test Acc: 0.5701
2025-10-15 10:17:26.327 | INFO     | [Worker-2 / GPU-2] Epoch 33/150 | Train Acc: 0.8985, Train Loss: 0.6804 | Test Loss: 2.3921, Test Acc: 0.4436
2025-10-15 10:17:26.328 | INFO     | [Worker-2 / GPU-2] Epoch 34/150 | Train Acc: 0.8808, Train Loss: 0.7323 | Test Loss: 1.9263, Test Acc: 0.5280
2025-10-15 10:17:26.328 | INFO     | [Worker-2 / GPU-2] Epoch 35/150 | Train Acc: 0.8965, Train Loss: 0.6890 | Test Loss: 1.7556, Test Acc: 0.5210
2025-10-15 10:17:26.328 | INFO     | [Worker-2 / GPU-2] Epoch 36/150 | Train Acc: 0.9090, Train Loss: 0.6518 | Test Loss: 1.3839, Test Acc: 0.6080
2025-10-15 10:17:26.328 | INFO     | [Worker-2 / GPU-2] Epoch 37/150 | Train Acc: 0.9170, Train Loss: 0.6283 | Test Loss: 1.4580, Test Acc: 0.6487
2025-10-15 10:17:26.328 | INFO     | [Worker-2 / GPU-2] Epoch 38/150 | Train Acc: 0.9105, Train Loss: 0.6470 | Test Loss: 2.0156, Test Acc: 0.4700
2025-10-15 10:17:26.328 | INFO     | [Worker-2 / GPU-2] Epoch 39/150 | Train Acc: 0.9292, Train Loss: 0.6135 | Test Loss: 2.7387, Test Acc: 0.4436
2025-10-15 10:17:26.329 | INFO     | [Worker-2 / GPU-2] Epoch 39/150 | Train Acc: 0.9292, Train Loss: 0.6135 | Test Loss: 2.7387, Test Acc: 0.4436 / Early stopping triggered
2025-10-15 10:17:26.329 | INFO     | [Worker-2 / GPU-2] Individual 2 -> Accuracy: 0.4436, Loss: 2.7387 | Duration: 139.38s
2025-10-15 10:17:26.329 | INFO     | [Worker-2 / GPU-2] GPU memory used: 0.39 GB
2025-10-15 10:18:07.000 | INFO     | [Worker-3 / GPU-3] Evaluating Individual 3/24 (150 epochs)
2025-10-15 10:18:07.001 | INFO     | [Worker-3 / GPU-3] Hyperparameters: {'width_scale': 1.2837496476451862, 'fc1_units': 512, 'dropout_rate': 0.3357983552226048, 'optimizer_schedule': 'ADAMW_ONECYCLE', 'base_lr': 0.00013286027537414864, 'aug_intensity': 'MEDIUM', 'weight_decay': 0.0008038035317878333, 'batch_size': 256}
2025-10-15 10:18:07.001 | INFO     | [Worker-3 / GPU-3] Scaled base_lr to 0.000188 for batch_size 256
2025-10-15 10:18:07.001 | INFO     | [Worker-3 / GPU-3] Epoch 1/150 | Train Acc: 0.1615, Train Loss: 8.3256 | Test Loss: 2.9049, Test Acc: 0.3249
2025-10-15 10:18:07.002 | INFO     | [Worker-3 / GPU-3] Epoch 2/150 | Train Acc: 0.2242, Train Loss: 6.3603 | Test Loss: 2.3571, Test Acc: 0.4020
2025-10-15 10:18:07.002 | INFO     | [Worker-3 / GPU-3] Epoch 3/150 | Train Acc: 0.2464, Train Loss: 5.6512 | Test Loss: 2.2115, Test Acc: 0.4360
2025-10-15 10:18:07.002 | INFO     | [Worker-3 / GPU-3] Epoch 4/150 | Train Acc: 0.2746, Train Loss: 4.9863 | Test Loss: 2.0163, Test Acc: 0.4598
2025-10-15 10:18:07.002 | INFO     | [Worker-3 / GPU-3] Epoch 5/150 | Train Acc: 0.2888, Train Loss: 4.4653 | Test Loss: 1.8731, Test Acc: 0.4782
2025-10-15 10:18:07.002 | INFO     | [Worker-3 / GPU-3] Epoch 6/150 | Train Acc: 0.3128, Train Loss: 3.8887 | Test Loss: 1.6950, Test Acc: 0.4949
2025-10-15 10:18:07.003 | INFO     | [Worker-3 / GPU-3] Epoch 7/150 | Train Acc: 0.3314, Train Loss: 3.3470 | Test Loss: 1.5714, Test Acc: 0.5033
2025-10-15 10:18:07.003 | INFO     | [Worker-3 / GPU-3] Epoch 8/150 | Train Acc: 0.3475, Train Loss: 2.8565 | Test Loss: 1.5072, Test Acc: 0.4994
2025-10-15 10:18:07.003 | INFO     | [Worker-3 / GPU-3] Epoch 9/150 | Train Acc: 0.3517, Train Loss: 2.4728 | Test Loss: 1.6007, Test Acc: 0.4632
2025-10-15 10:18:07.003 | INFO     | [Worker-3 / GPU-3] Epoch 10/150 | Train Acc: 0.3649, Train Loss: 2.1363 | Test Loss: 1.7177, Test Acc: 0.4652
2025-10-15 10:18:07.003 | INFO     | [Worker-3 / GPU-3] Epoch 11/150 | Train Acc: 0.3885, Train Loss: 1.9055 | Test Loss: 1.7330, Test Acc: 0.4822
2025-10-15 10:18:07.003 | INFO     | [Worker-3 / GPU-3] Epoch 12/150 | Train Acc: 0.4046, Train Loss: 1.8086 | Test Loss: 1.6748, Test Acc: 0.4828
2025-10-15 10:18:07.004 | INFO     | [Worker-3 / GPU-3] Epoch 13/150 | Train Acc: 0.4178, Train Loss: 1.7497 | Test Loss: 1.6485, Test Acc: 0.5118
2025-10-15 10:18:07.004 | INFO     | [Worker-3 / GPU-3] Epoch 14/150 | Train Acc: 0.4424, Train Loss: 1.6712 | Test Loss: 1.5792, Test Acc: 0.5250
2025-10-15 10:18:07.004 | INFO     | [Worker-3 / GPU-3] Epoch 15/150 | Train Acc: 0.4645, Train Loss: 1.6333 | Test Loss: 1.5190, Test Acc: 0.5449
2025-10-15 10:18:07.004 | INFO     | [Worker-3 / GPU-3] Epoch 16/150 | Train Acc: 0.4804, Train Loss: 1.5848 | Test Loss: 1.4745, Test Acc: 0.5627
2025-10-15 10:18:07.004 | INFO     | [Worker-3 / GPU-3] Epoch 17/150 | Train Acc: 0.4939, Train Loss: 1.5604 | Test Loss: 1.4744, Test Acc: 0.5606
2025-10-15 10:18:07.004 | INFO     | [Worker-3 / GPU-3] Epoch 18/150 | Train Acc: 0.5111, Train Loss: 1.5101 | Test Loss: 1.4252, Test Acc: 0.5825
2025-10-15 10:18:07.005 | INFO     | [Worker-3 / GPU-3] Epoch 19/150 | Train Acc: 0.5306, Train Loss: 1.4724 | Test Loss: 1.3846, Test Acc: 0.6016
2025-10-15 10:18:07.005 | INFO     | [Worker-3 / GPU-3] Epoch 20/150 | Train Acc: 0.5353, Train Loss: 1.4691 | Test Loss: 1.4102, Test Acc: 0.6031
2025-10-15 10:18:07.005 | INFO     | [Worker-3 / GPU-3] Epoch 21/150 | Train Acc: 0.5408, Train Loss: 1.4618 | Test Loss: 1.3423, Test Acc: 0.6056
2025-10-15 10:18:07.005 | INFO     | [Worker-3 / GPU-3] Epoch 22/150 | Train Acc: 0.5743, Train Loss: 1.3839 | Test Loss: 1.2828, Test Acc: 0.6195
2025-10-15 10:18:07.005 | INFO     | [Worker-3 / GPU-3] Epoch 23/150 | Train Acc: 0.5711, Train Loss: 1.4016 | Test Loss: 1.2975, Test Acc: 0.6213
2025-10-15 10:18:07.006 | INFO     | [Worker-3 / GPU-3] Epoch 24/150 | Train Acc: 0.5913, Train Loss: 1.3535 | Test Loss: 1.3421, Test Acc: 0.5974
2025-10-15 10:18:07.006 | INFO     | [Worker-3 / GPU-3] Epoch 25/150 | Train Acc: 0.6057, Train Loss: 1.3170 | Test Loss: 1.2591, Test Acc: 0.6251
2025-10-15 10:18:07.006 | INFO     | [Worker-3 / GPU-3] Epoch 26/150 | Train Acc: 0.6147, Train Loss: 1.2996 | Test Loss: 1.2308, Test Acc: 0.6352
2025-10-15 10:18:07.006 | INFO     | [Worker-3 / GPU-3] Epoch 27/150 | Train Acc: 0.6075, Train Loss: 1.3525 | Test Loss: 1.2867, Test Acc: 0.6094
2025-10-15 10:18:07.006 | INFO     | [Worker-3 / GPU-3] Epoch 28/150 | Train Acc: 0.6238, Train Loss: 1.2827 | Test Loss: 1.1906, Test Acc: 0.6530
2025-10-15 10:18:07.007 | INFO     | [Worker-3 / GPU-3] Epoch 29/150 | Train Acc: 0.6422, Train Loss: 1.2432 | Test Loss: 1.2295, Test Acc: 0.6397
2025-10-15 10:18:07.007 | INFO     | [Worker-3 / GPU-3] Epoch 30/150 | Train Acc: 0.6465, Train Loss: 1.2321 | Test Loss: 1.1924, Test Acc: 0.6544
2025-10-15 10:18:07.007 | INFO     | [Worker-3 / GPU-3] Epoch 31/150 | Train Acc: 0.6419, Train Loss: 1.2756 | Test Loss: 1.2155, Test Acc: 0.6530
2025-10-15 10:18:07.007 | INFO     | [Worker-3 / GPU-3] Epoch 32/150 | Train Acc: 0.6527, Train Loss: 1.2413 | Test Loss: 1.1475, Test Acc: 0.6901
2025-10-15 10:18:07.007 | INFO     | [Worker-3 / GPU-3] Epoch 33/150 | Train Acc: 0.6901, Train Loss: 1.1317 | Test Loss: 1.1799, Test Acc: 0.6574
2025-10-15 10:18:07.007 | INFO     | [Worker-3 / GPU-3] Epoch 34/150 | Train Acc: 0.6830, Train Loss: 1.1584 | Test Loss: 1.2704, Test Acc: 0.6101
2025-10-15 10:18:07.008 | INFO     | [Worker-3 / GPU-3] Epoch 35/150 | Train Acc: 0.7025, Train Loss: 1.1012 | Test Loss: 1.2418, Test Acc: 0.6261
2025-10-15 10:18:07.008 | INFO     | [Worker-3 / GPU-3] Epoch 36/150 | Train Acc: 0.6943, Train Loss: 1.1438 | Test Loss: 1.1337, Test Acc: 0.6698
2025-10-15 10:18:07.008 | INFO     | [Worker-3 / GPU-3] Epoch 37/150 | Train Acc: 0.7144, Train Loss: 1.0997 | Test Loss: 1.3467, Test Acc: 0.5978
2025-10-15 10:18:07.008 | INFO     | [Worker-3 / GPU-3] Epoch 38/150 | Train Acc: 0.7158, Train Loss: 1.1072 | Test Loss: 1.3075, Test Acc: 0.6228
2025-10-15 10:18:07.008 | INFO     | [Worker-3 / GPU-3] Epoch 39/150 | Train Acc: 0.7425, Train Loss: 1.0264 | Test Loss: 1.1225, Test Acc: 0.6853
2025-10-15 10:18:07.009 | INFO     | [Worker-3 / GPU-3] Epoch 40/150 | Train Acc: 0.7562, Train Loss: 1.0053 | Test Loss: 1.1929, Test Acc: 0.6693
2025-10-15 10:18:07.009 | INFO     | [Worker-3 / GPU-3] Epoch 41/150 | Train Acc: 0.7440, Train Loss: 1.0551 | Test Loss: 1.2642, Test Acc: 0.6220
2025-10-15 10:18:07.009 | INFO     | [Worker-3 / GPU-3] Epoch 42/150 | Train Acc: 0.7455, Train Loss: 1.0521 | Test Loss: 1.2306, Test Acc: 0.6322
2025-10-15 10:18:07.009 | INFO     | [Worker-3 / GPU-3] Epoch 43/150 | Train Acc: 0.7522, Train Loss: 1.0367 | Test Loss: 1.2337, Test Acc: 0.6391
2025-10-15 10:18:07.009 | INFO     | [Worker-3 / GPU-3] Epoch 44/150 | Train Acc: 0.7706, Train Loss: 0.9965 | Test Loss: 1.1788, Test Acc: 0.6629
2025-10-15 10:18:07.009 | INFO     | [Worker-3 / GPU-3] Epoch 45/150 | Train Acc: 0.7901, Train Loss: 0.9372 | Test Loss: 1.2829, Test Acc: 0.6300
2025-10-15 10:18:07.010 | INFO     | [Worker-3 / GPU-3] Epoch 46/150 | Train Acc: 0.7632, Train Loss: 1.0337 | Test Loss: 1.2165, Test Acc: 0.6582
2025-10-15 10:18:07.010 | INFO     | [Worker-3 / GPU-3] Epoch 47/150 | Train Acc: 0.7928, Train Loss: 0.9533 | Test Loss: 1.4758, Test Acc: 0.5693
2025-10-15 10:18:07.010 | INFO     | [Worker-3 / GPU-3] Epoch 48/150 | Train Acc: 0.8111, Train Loss: 0.9134 | Test Loss: 1.4178, Test Acc: 0.5887
2025-10-15 10:18:07.010 | INFO     | [Worker-3 / GPU-3] Epoch 49/150 | Train Acc: 0.8019, Train Loss: 0.9554 | Test Loss: 1.3618, Test Acc: 0.5940
2025-10-15 10:18:07.010 | INFO     | [Worker-3 / GPU-3] Epoch 50/150 | Train Acc: 0.8281, Train Loss: 0.8762 | Test Loss: 1.9419, Test Acc: 0.5179
2025-10-15 10:18:07.010 | INFO     | [Worker-3 / GPU-3] Epoch 51/150 | Train Acc: 0.8222, Train Loss: 0.9033 | Test Loss: 1.2034, Test Acc: 0.6614
2025-10-15 10:18:07.011 | INFO     | [Worker-3 / GPU-3] Epoch 52/150 | Train Acc: 0.8175, Train Loss: 0.9301 | Test Loss: 1.5875, Test Acc: 0.5410
2025-10-15 10:18:07.011 | INFO     | [Worker-3 / GPU-3] Epoch 52/150 | Train Acc: 0.8175, Train Loss: 0.9301 | Test Loss: 1.5875, Test Acc: 0.5410 / Early stopping triggered
2025-10-15 10:18:07.011 | INFO     | [Worker-3 / GPU-3] Individual 3 -> Accuracy: 0.5410, Loss: 1.5875 | Duration: 177.80s
2025-10-15 10:18:07.011 | INFO     | [Worker-3 / GPU-3] GPU memory used: 0.32 GB
2025-10-15 10:20:20.316 | INFO     | [Worker-2 / GPU-2] Evaluating Individual 4/24 (150 epochs)
2025-10-15 10:20:20.317 | INFO     | [Worker-2 / GPU-2] Hyperparameters: {'width_scale': 1.7363868910810192, 'fc1_units': 256, 'dropout_rate': 0.2586413660084014, 'optimizer_schedule': 'ADAMW_ONECYCLE', 'base_lr': 0.00018786490089560415, 'aug_intensity': 'STRONG', 'weight_decay': 0.001025789149835205, 'batch_size': 128}
2025-10-15 10:20:20.317 | INFO     | [Worker-2 / GPU-2] Using base_lr 0.000188 for batch_size 128
2025-10-15 10:20:20.317 | INFO     | [Worker-2 / GPU-2] Epoch 1/150 | Train Acc: 0.2100, Train Loss: 7.0290 | Test Loss: 2.4538, Test Acc: 0.4164
2025-10-15 10:20:20.317 | INFO     | [Worker-2 / GPU-2] Epoch 2/150 | Train Acc: 0.2829, Train Loss: 5.0138 | Test Loss: 2.1139, Test Acc: 0.4783
2025-10-15 10:20:20.318 | INFO     | [Worker-2 / GPU-2] Epoch 3/150 | Train Acc: 0.3215, Train Loss: 4.1864 | Test Loss: 1.9051, Test Acc: 0.5058
2025-10-15 10:20:20.318 | INFO     | [Worker-2 / GPU-2] Epoch 4/150 | Train Acc: 0.3527, Train Loss: 3.5452 | Test Loss: 1.7835, Test Acc: 0.5077
2025-10-15 10:20:20.318 | INFO     | [Worker-2 / GPU-2] Epoch 5/150 | Train Acc: 0.3749, Train Loss: 2.9822 | Test Loss: 1.5211, Test Acc: 0.5396
2025-10-15 10:20:20.318 | INFO     | [Worker-2 / GPU-2] Epoch 6/150 | Train Acc: 0.3914, Train Loss: 2.4941 | Test Loss: 1.4406, Test Acc: 0.5308
2025-10-15 10:20:20.318 | INFO     | [Worker-2 / GPU-2] Epoch 7/150 | Train Acc: 0.4007, Train Loss: 2.1096 | Test Loss: 1.5098, Test Acc: 0.5304
2025-10-15 10:20:20.319 | INFO     | [Worker-2 / GPU-2] Epoch 8/150 | Train Acc: 0.4198, Train Loss: 1.8551 | Test Loss: 1.5562, Test Acc: 0.5253
2025-10-15 10:20:20.319 | INFO     | [Worker-2 / GPU-2] Epoch 9/150 | Train Acc: 0.4509, Train Loss: 1.7037 | Test Loss: 1.5328, Test Acc: 0.5426
2025-10-15 10:20:20.319 | INFO     | [Worker-2 / GPU-2] Epoch 10/150 | Train Acc: 0.4708, Train Loss: 1.6458 | Test Loss: 1.4787, Test Acc: 0.5499
2025-10-15 10:20:20.319 | INFO     | [Worker-2 / GPU-2] Epoch 11/150 | Train Acc: 0.4989, Train Loss: 1.5716 | Test Loss: 1.4192, Test Acc: 0.5750
2025-10-15 10:20:20.319 | INFO     | [Worker-2 / GPU-2] Epoch 12/150 | Train Acc: 0.5111, Train Loss: 1.5381 | Test Loss: 1.3664, Test Acc: 0.5933
2025-10-15 10:20:20.319 | INFO     | [Worker-2 / GPU-2] Epoch 13/150 | Train Acc: 0.5363, Train Loss: 1.4778 | Test Loss: 1.4121, Test Acc: 0.5649
2025-10-15 10:20:20.320 | INFO     | [Worker-2 / GPU-2] Epoch 14/150 | Train Acc: 0.5601, Train Loss: 1.4298 | Test Loss: 1.3242, Test Acc: 0.6048
2025-10-15 10:20:20.320 | INFO     | [Worker-2 / GPU-2] Epoch 15/150 | Train Acc: 0.5681, Train Loss: 1.4132 | Test Loss: 1.3455, Test Acc: 0.5926
2025-10-15 10:20:20.320 | INFO     | [Worker-2 / GPU-2] Epoch 16/150 | Train Acc: 0.5828, Train Loss: 1.3784 | Test Loss: 1.2638, Test Acc: 0.6184
2025-10-15 10:20:20.320 | INFO     | [Worker-2 / GPU-2] Epoch 17/150 | Train Acc: 0.6017, Train Loss: 1.3379 | Test Loss: 1.3073, Test Acc: 0.5970
2025-10-15 10:20:20.320 | INFO     | [Worker-2 / GPU-2] Epoch 18/150 | Train Acc: 0.6074, Train Loss: 1.3374 | Test Loss: 1.2310, Test Acc: 0.6382
2025-10-15 10:20:20.321 | INFO     | [Worker-2 / GPU-2] Epoch 19/150 | Train Acc: 0.6249, Train Loss: 1.2842 | Test Loss: 1.2395, Test Acc: 0.6301
2025-10-15 10:20:20.321 | INFO     | [Worker-2 / GPU-2] Epoch 20/150 | Train Acc: 0.6392, Train Loss: 1.2583 | Test Loss: 1.2782, Test Acc: 0.6202
2025-10-15 10:20:20.321 | INFO     | [Worker-2 / GPU-2] Epoch 21/150 | Train Acc: 0.6531, Train Loss: 1.2341 | Test Loss: 1.2307, Test Acc: 0.6438
2025-10-15 10:20:20.321 | INFO     | [Worker-2 / GPU-2] Epoch 22/150 | Train Acc: 0.6534, Train Loss: 1.2354 | Test Loss: 1.1902, Test Acc: 0.6500
2025-10-15 10:20:20.321 | INFO     | [Worker-2 / GPU-2] Epoch 23/150 | Train Acc: 0.6676, Train Loss: 1.2009 | Test Loss: 1.1766, Test Acc: 0.6483
2025-10-15 10:20:20.321 | INFO     | [Worker-2 / GPU-2] Epoch 24/150 | Train Acc: 0.6752, Train Loss: 1.1899 | Test Loss: 1.1943, Test Acc: 0.6499
2025-10-15 10:20:20.322 | INFO     | [Worker-2 / GPU-2] Epoch 25/150 | Train Acc: 0.6910, Train Loss: 1.1466 | Test Loss: 1.0846, Test Acc: 0.6973
2025-10-15 10:20:20.322 | INFO     | [Worker-2 / GPU-2] Epoch 26/150 | Train Acc: 0.7094, Train Loss: 1.1120 | Test Loss: 1.1386, Test Acc: 0.6666
2025-10-15 10:20:20.322 | INFO     | [Worker-2 / GPU-2] Epoch 27/150 | Train Acc: 0.7227, Train Loss: 1.0760 | Test Loss: 1.3825, Test Acc: 0.5963
2025-10-15 10:20:20.322 | INFO     | [Worker-2 / GPU-2] Epoch 28/150 | Train Acc: 0.7135, Train Loss: 1.1126 | Test Loss: 1.2142, Test Acc: 0.6388
2025-10-15 10:20:20.322 | INFO     | [Worker-2 / GPU-2] Epoch 29/150 | Train Acc: 0.7231, Train Loss: 1.0872 | Test Loss: 1.1448, Test Acc: 0.6776
2025-10-15 10:20:20.322 | INFO     | [Worker-2 / GPU-2] Epoch 30/150 | Train Acc: 0.7432, Train Loss: 1.0322 | Test Loss: 1.1861, Test Acc: 0.6640
2025-10-15 10:20:20.323 | INFO     | [Worker-2 / GPU-2] Epoch 31/150 | Train Acc: 0.7453, Train Loss: 1.0471 | Test Loss: 1.2918, Test Acc: 0.6221
2025-10-15 10:20:20.323 | INFO     | [Worker-2 / GPU-2] Epoch 32/150 | Train Acc: 0.7663, Train Loss: 0.9895 | Test Loss: 1.3311, Test Acc: 0.6306
2025-10-15 10:20:20.323 | INFO     | [Worker-2 / GPU-2] Epoch 33/150 | Train Acc: 0.7618, Train Loss: 1.0206 | Test Loss: 1.2267, Test Acc: 0.6612
2025-10-15 10:20:20.323 | INFO     | [Worker-2 / GPU-2] Epoch 34/150 | Train Acc: 0.7678, Train Loss: 1.0144 | Test Loss: 1.3494, Test Acc: 0.6087
2025-10-15 10:20:20.323 | INFO     | [Worker-2 / GPU-2] Epoch 35/150 | Train Acc: 0.7741, Train Loss: 0.9957 | Test Loss: 1.5993, Test Acc: 0.5466
2025-10-15 10:20:20.324 | INFO     | [Worker-2 / GPU-2] Epoch 36/150 | Train Acc: 0.8122, Train Loss: 0.8810 | Test Loss: 1.6589, Test Acc: 0.5612
2025-10-15 10:20:20.324 | INFO     | [Worker-2 / GPU-2] Epoch 37/150 | Train Acc: 0.8042, Train Loss: 0.9217 | Test Loss: 1.7598, Test Acc: 0.5715
2025-10-15 10:20:20.324 | INFO     | [Worker-2 / GPU-2] Epoch 38/150 | Train Acc: 0.8326, Train Loss: 0.8400 | Test Loss: 1.3533, Test Acc: 0.6392
2025-10-15 10:20:20.324 | INFO     | [Worker-2 / GPU-2] Epoch 39/150 | Train Acc: 0.8273, Train Loss: 0.8659 | Test Loss: 1.1931, Test Acc: 0.6772
2025-10-15 10:20:20.324 | INFO     | [Worker-2 / GPU-2] Epoch 40/150 | Train Acc: 0.8366, Train Loss: 0.8671 | Test Loss: 1.7750, Test Acc: 0.5129
2025-10-15 10:20:20.324 | INFO     | [Worker-2 / GPU-2] Epoch 41/150 | Train Acc: 0.8591, Train Loss: 0.7938 | Test Loss: 2.0728, Test Acc: 0.4750
2025-10-15 10:20:20.325 | INFO     | [Worker-2 / GPU-2] Epoch 42/150 | Train Acc: 0.8604, Train Loss: 0.8067 | Test Loss: 1.3069, Test Acc: 0.6394
2025-10-15 10:20:20.325 | INFO     | [Worker-2 / GPU-2] Epoch 43/150 | Train Acc: 0.8455, Train Loss: 0.8498 | Test Loss: 1.1469, Test Acc: 0.6796
2025-10-15 10:20:20.325 | INFO     | [Worker-2 / GPU-2] Epoch 44/150 | Train Acc: 0.8597, Train Loss: 0.8126 | Test Loss: 1.9306, Test Acc: 0.4850
2025-10-15 10:20:20.325 | INFO     | [Worker-2 / GPU-2] Epoch 45/150 | Train Acc: 0.8586, Train Loss: 0.8169 | Test Loss: 1.5551, Test Acc: 0.6041
2025-10-15 10:20:20.325 | INFO     | [Worker-2 / GPU-2] Epoch 45/150 | Train Acc: 0.8586, Train Loss: 0.8169 | Test Loss: 1.5551, Test Acc: 0.6041 / Early stopping triggered
2025-10-15 10:20:20.326 | INFO     | [Worker-2 / GPU-2] Individual 4 -> Accuracy: 0.6041, Loss: 1.5551 | Duration: 173.98s
2025-10-15 10:20:20.326 | INFO     | [Worker-2 / GPU-2] GPU memory used: 0.26 GB
2025-10-15 10:20:23.485 | INFO     | [Worker-1 / GPU-1] Evaluating Individual 0/24 (150 epochs)
2025-10-15 10:20:23.486 | INFO     | [Worker-1 / GPU-1] Hyperparameters: {'width_scale': 1.8996323206788368, 'fc1_units': 256, 'dropout_rate': 0.38207650489567874, 'optimizer_schedule': 'ADAMW_EXPONENTIAL', 'base_lr': 0.001863982744281407, 'aug_intensity': 'STRONG', 'weight_decay': 0.0018369688980641994, 'batch_size': 256}
2025-10-15 10:20:23.486 | INFO     | [Worker-1 / GPU-1] Scaled base_lr to 0.002636 for batch_size 256
2025-10-15 10:20:23.486 | INFO     | [Worker-1 / GPU-1] Epoch 1/150 | Train Acc: 0.2704, Train Loss: 4.5167 | Test Loss: 1.8002, Test Acc: 0.3861
2025-10-15 10:20:23.487 | INFO     | [Worker-1 / GPU-1] Epoch 2/150 | Train Acc: 0.3785, Train Loss: 1.8628 | Test Loss: 1.6957, Test Acc: 0.4304
2025-10-15 10:20:23.487 | INFO     | [Worker-1 / GPU-1] Epoch 3/150 | Train Acc: 0.4552, Train Loss: 1.6740 | Test Loss: 1.5075, Test Acc: 0.5068
2025-10-15 10:20:23.487 | INFO     | [Worker-1 / GPU-1] Epoch 4/150 | Train Acc: 0.5061, Train Loss: 1.5614 | Test Loss: 1.5098, Test Acc: 0.5428
2025-10-15 10:20:23.487 | INFO     | [Worker-1 / GPU-1] Epoch 5/150 | Train Acc: 0.5404, Train Loss: 1.4785 | Test Loss: 1.3821, Test Acc: 0.5750
2025-10-15 10:20:23.487 | INFO     | [Worker-1 / GPU-1] Epoch 6/150 | Train Acc: 0.5756, Train Loss: 1.4004 | Test Loss: 1.3048, Test Acc: 0.6058
2025-10-15 10:20:23.488 | INFO     | [Worker-1 / GPU-1] Epoch 7/150 | Train Acc: 0.6055, Train Loss: 1.3313 | Test Loss: 1.3006, Test Acc: 0.5995
2025-10-15 10:20:23.488 | INFO     | [Worker-1 / GPU-1] Epoch 8/150 | Train Acc: 0.6326, Train Loss: 1.2696 | Test Loss: 1.1318, Test Acc: 0.6882
2025-10-15 10:20:23.488 | INFO     | [Worker-1 / GPU-1] Epoch 9/150 | Train Acc: 0.6687, Train Loss: 1.1719 | Test Loss: 1.1194, Test Acc: 0.6773
2025-10-15 10:20:23.488 | INFO     | [Worker-1 / GPU-1] Epoch 10/150 | Train Acc: 0.7112, Train Loss: 1.0808 | Test Loss: 1.3174, Test Acc: 0.6060
2025-10-15 10:20:23.488 | INFO     | [Worker-1 / GPU-1] Epoch 11/150 | Train Acc: 0.7448, Train Loss: 0.9911 | Test Loss: 1.2666, Test Acc: 0.6238
2025-10-15 10:20:23.489 | INFO     | [Worker-1 / GPU-1] Epoch 12/150 | Train Acc: 0.7628, Train Loss: 0.9830 | Test Loss: 0.9834, Test Acc: 0.7287
2025-10-15 10:20:23.489 | INFO     | [Worker-1 / GPU-1] Epoch 13/150 | Train Acc: 0.7907, Train Loss: 0.9041 | Test Loss: 1.1209, Test Acc: 0.6940
2025-10-15 10:20:23.489 | INFO     | [Worker-1 / GPU-1] Epoch 14/150 | Train Acc: 0.8106, Train Loss: 0.8673 | Test Loss: 0.9721, Test Acc: 0.7387
2025-10-15 10:20:23.489 | INFO     | [Worker-1 / GPU-1] Epoch 15/150 | Train Acc: 0.8449, Train Loss: 0.7815 | Test Loss: 0.9076, Test Acc: 0.7684
2025-10-15 10:20:23.489 | INFO     | [Worker-1 / GPU-1] Epoch 16/150 | Train Acc: 0.8508, Train Loss: 0.7851 | Test Loss: 1.7957, Test Acc: 0.5316
2025-10-15 10:20:23.489 | INFO     | [Worker-1 / GPU-1] Epoch 17/150 | Train Acc: 0.8726, Train Loss: 0.7313 | Test Loss: 0.9898, Test Acc: 0.7445
2025-10-15 10:20:23.490 | INFO     | [Worker-1 / GPU-1] Epoch 18/150 | Train Acc: 0.8879, Train Loss: 0.7170 | Test Loss: 0.9041, Test Acc: 0.7779
2025-10-15 10:20:23.490 | INFO     | [Worker-1 / GPU-1] Epoch 19/150 | Train Acc: 0.8936, Train Loss: 0.7096 | Test Loss: 1.3063, Test Acc: 0.6651
2025-10-15 10:20:23.490 | INFO     | [Worker-1 / GPU-1] Epoch 20/150 | Train Acc: 0.9238, Train Loss: 0.6146 | Test Loss: 1.1396, Test Acc: 0.7074
2025-10-15 10:20:23.490 | INFO     | [Worker-1 / GPU-1] Epoch 21/150 | Train Acc: 0.9254, Train Loss: 0.6271 | Test Loss: 1.0482, Test Acc: 0.7340
2025-10-15 10:20:23.490 | INFO     | [Worker-1 / GPU-1] Epoch 22/150 | Train Acc: 0.9382, Train Loss: 0.5858 | Test Loss: 1.0308, Test Acc: 0.7481
2025-10-15 10:20:23.490 | INFO     | [Worker-1 / GPU-1] Epoch 23/150 | Train Acc: 0.9395, Train Loss: 0.5814 | Test Loss: 0.9110, Test Acc: 0.7784
2025-10-15 10:20:23.491 | INFO     | [Worker-1 / GPU-1] Epoch 24/150 | Train Acc: 0.9440, Train Loss: 0.5873 | Test Loss: 0.8854, Test Acc: 0.7901
2025-10-15 10:20:23.491 | INFO     | [Worker-1 / GPU-1] Epoch 25/150 | Train Acc: 0.9582, Train Loss: 0.5367 | Test Loss: 0.8954, Test Acc: 0.7868
2025-10-15 10:20:23.491 | INFO     | [Worker-1 / GPU-1] Epoch 26/150 | Train Acc: 0.9381, Train Loss: 0.5968 | Test Loss: 0.9085, Test Acc: 0.7780
2025-10-15 10:20:23.491 | INFO     | [Worker-1 / GPU-1] Epoch 27/150 | Train Acc: 0.9509, Train Loss: 0.5617 | Test Loss: 0.8898, Test Acc: 0.7883
2025-10-15 10:20:23.491 | INFO     | [Worker-1 / GPU-1] Epoch 28/150 | Train Acc: 0.9441, Train Loss: 0.5851 | Test Loss: 0.9184, Test Acc: 0.7787
2025-10-15 10:20:23.492 | INFO     | [Worker-1 / GPU-1] Epoch 29/150 | Train Acc: 0.9574, Train Loss: 0.5369 | Test Loss: 0.8512, Test Acc: 0.8041
2025-10-15 10:20:23.492 | INFO     | [Worker-1 / GPU-1] Epoch 30/150 | Train Acc: 0.9447, Train Loss: 0.5907 | Test Loss: 0.8702, Test Acc: 0.7993
2025-10-15 10:20:23.492 | INFO     | [Worker-1 / GPU-1] Epoch 31/150 | Train Acc: 0.9630, Train Loss: 0.5129 | Test Loss: 0.8157, Test Acc: 0.8110
2025-10-15 10:20:23.492 | INFO     | [Worker-1 / GPU-1] Epoch 32/150 | Train Acc: 0.9692, Train Loss: 0.5015 | Test Loss: 0.8224, Test Acc: 0.8112
2025-10-15 10:20:23.492 | INFO     | [Worker-1 / GPU-1] Epoch 33/150 | Train Acc: 0.9501, Train Loss: 0.5696 | Test Loss: 0.7922, Test Acc: 0.8238
2025-10-15 10:20:23.492 | INFO     | [Worker-1 / GPU-1] Epoch 34/150 | Train Acc: 0.9401, Train Loss: 0.6063 | Test Loss: 0.8062, Test Acc: 0.8182
2025-10-15 10:20:23.493 | INFO     | [Worker-1 / GPU-1] Epoch 35/150 | Train Acc: 0.9623, Train Loss: 0.5247 | Test Loss: 0.7898, Test Acc: 0.8230
2025-10-15 10:20:23.493 | INFO     | [Worker-1 / GPU-1] Epoch 36/150 | Train Acc: 0.9652, Train Loss: 0.5173 | Test Loss: 0.8089, Test Acc: 0.8132
2025-10-15 10:20:23.493 | INFO     | [Worker-1 / GPU-1] Epoch 37/150 | Train Acc: 0.9582, Train Loss: 0.5340 | Test Loss: 0.8258, Test Acc: 0.8137
2025-10-15 10:20:23.493 | INFO     | [Worker-1 / GPU-1] Epoch 38/150 | Train Acc: 0.9526, Train Loss: 0.5514 | Test Loss: 0.8002, Test Acc: 0.8162
2025-10-15 10:20:23.493 | INFO     | [Worker-1 / GPU-1] Epoch 39/150 | Train Acc: 0.9417, Train Loss: 0.5991 | Test Loss: 0.8247, Test Acc: 0.8098
2025-10-15 10:20:23.493 | INFO     | [Worker-1 / GPU-1] Epoch 40/150 | Train Acc: 0.9485, Train Loss: 0.5592 | Test Loss: 0.7854, Test Acc: 0.8242
2025-10-15 10:20:23.494 | INFO     | [Worker-1 / GPU-1] Epoch 41/150 | Train Acc: 0.9430, Train Loss: 0.5757 | Test Loss: 0.8124, Test Acc: 0.8120
2025-10-15 10:20:23.494 | INFO     | [Worker-1 / GPU-1] Epoch 42/150 | Train Acc: 0.9410, Train Loss: 0.6000 | Test Loss: 0.8548, Test Acc: 0.7981
2025-10-15 10:20:23.494 | INFO     | [Worker-1 / GPU-1] Epoch 43/150 | Train Acc: 0.9646, Train Loss: 0.5028 | Test Loss: 0.7847, Test Acc: 0.8235
2025-10-15 10:20:23.494 | INFO     | [Worker-1 / GPU-1] Epoch 44/150 | Train Acc: 0.9436, Train Loss: 0.5815 | Test Loss: 0.8024, Test Acc: 0.8205
2025-10-15 10:20:23.494 | INFO     | [Worker-1 / GPU-1] Epoch 45/150 | Train Acc: 0.9636, Train Loss: 0.5042 | Test Loss: 0.7840, Test Acc: 0.8226
2025-10-15 10:20:23.494 | INFO     | [Worker-1 / GPU-1] Epoch 46/150 | Train Acc: 0.9473, Train Loss: 0.5670 | Test Loss: 0.7979, Test Acc: 0.8233
2025-10-15 10:20:23.495 | INFO     | [Worker-1 / GPU-1] Epoch 47/150 | Train Acc: 0.9325, Train Loss: 0.6023 | Test Loss: 0.8379, Test Acc: 0.8073
2025-10-15 10:20:23.495 | INFO     | [Worker-1 / GPU-1] Epoch 48/150 | Train Acc: 0.9489, Train Loss: 0.5604 | Test Loss: 0.7729, Test Acc: 0.8276
2025-10-15 10:20:23.495 | INFO     | [Worker-1 / GPU-1] Epoch 49/150 | Train Acc: 0.9451, Train Loss: 0.5651 | Test Loss: 0.7801, Test Acc: 0.8267
2025-10-15 10:20:23.495 | INFO     | [Worker-1 / GPU-1] Epoch 50/150 | Train Acc: 0.9385, Train Loss: 0.5907 | Test Loss: 0.7981, Test Acc: 0.8192
2025-10-15 10:20:23.496 | INFO     | [Worker-1 / GPU-1] Epoch 51/150 | Train Acc: 0.9447, Train Loss: 0.5744 | Test Loss: 0.7886, Test Acc: 0.8256
2025-10-15 10:20:23.496 | INFO     | [Worker-1 / GPU-1] Epoch 52/150 | Train Acc: 0.9487, Train Loss: 0.5594 | Test Loss: 0.8055, Test Acc: 0.8257
2025-10-15 10:20:23.496 | INFO     | [Worker-1 / GPU-1] Epoch 53/150 | Train Acc: 0.9171, Train Loss: 0.6470 | Test Loss: 0.7840, Test Acc: 0.8274
2025-10-15 10:20:23.496 | INFO     | [Worker-1 / GPU-1] Epoch 54/150 | Train Acc: 0.9507, Train Loss: 0.5512 | Test Loss: 0.8002, Test Acc: 0.8263
2025-10-15 10:20:23.497 | INFO     | [Worker-1 / GPU-1] Epoch 55/150 | Train Acc: 0.9289, Train Loss: 0.6151 | Test Loss: 0.7735, Test Acc: 0.8288
2025-10-15 10:20:23.497 | INFO     | [Worker-1 / GPU-1] Epoch 56/150 | Train Acc: 0.9638, Train Loss: 0.5086 | Test Loss: 0.7696, Test Acc: 0.8278
2025-10-15 10:20:23.497 | INFO     | [Worker-1 / GPU-1] Epoch 57/150 | Train Acc: 0.9210, Train Loss: 0.6461 | Test Loss: 0.7996, Test Acc: 0.8252
2025-10-15 10:20:23.497 | INFO     | [Worker-1 / GPU-1] Epoch 58/150 | Train Acc: 0.9213, Train Loss: 0.6393 | Test Loss: 0.7894, Test Acc: 0.8294
2025-10-15 10:20:23.497 | INFO     | [Worker-1 / GPU-1] Epoch 59/150 | Train Acc: 0.9331, Train Loss: 0.6039 | Test Loss: 0.7820, Test Acc: 0.8267
2025-10-15 10:20:23.497 | INFO     | [Worker-1 / GPU-1] Epoch 60/150 | Train Acc: 0.9190, Train Loss: 0.6554 | Test Loss: 0.8282, Test Acc: 0.8244
2025-10-15 10:20:23.498 | INFO     | [Worker-1 / GPU-1] Epoch 61/150 | Train Acc: 0.9260, Train Loss: 0.6280 | Test Loss: 0.7605, Test Acc: 0.8319
2025-10-15 10:20:23.498 | INFO     | [Worker-1 / GPU-1] Epoch 62/150 | Train Acc: 0.9455, Train Loss: 0.5737 | Test Loss: 0.7960, Test Acc: 0.8302
2025-10-15 10:20:23.498 | INFO     | [Worker-1 / GPU-1] Epoch 63/150 | Train Acc: 0.9418, Train Loss: 0.5776 | Test Loss: 0.7768, Test Acc: 0.8304
2025-10-15 10:20:23.498 | INFO     | [Worker-1 / GPU-1] Epoch 64/150 | Train Acc: 0.9558, Train Loss: 0.5378 | Test Loss: 0.7716, Test Acc: 0.8286
2025-10-15 10:20:23.498 | INFO     | [Worker-1 / GPU-1] Epoch 65/150 | Train Acc: 0.9399, Train Loss: 0.5834 | Test Loss: 0.7663, Test Acc: 0.8300
2025-10-15 10:20:23.499 | INFO     | [Worker-1 / GPU-1] Epoch 66/150 | Train Acc: 0.9163, Train Loss: 0.6501 | Test Loss: 0.7773, Test Acc: 0.8318
2025-10-15 10:20:23.499 | INFO     | [Worker-1 / GPU-1] Epoch 67/150 | Train Acc: 0.9261, Train Loss: 0.6340 | Test Loss: 0.7736, Test Acc: 0.8320
2025-10-15 10:20:23.499 | INFO     | [Worker-1 / GPU-1] Epoch 68/150 | Train Acc: 0.9086, Train Loss: 0.6758 | Test Loss: 0.7926, Test Acc: 0.8294
2025-10-15 10:20:23.499 | INFO     | [Worker-1 / GPU-1] Epoch 69/150 | Train Acc: 0.9331, Train Loss: 0.6019 | Test Loss: 0.7740, Test Acc: 0.8312
2025-10-15 10:20:23.499 | INFO     | [Worker-1 / GPU-1] Epoch 70/150 | Train Acc: 0.9132, Train Loss: 0.6673 | Test Loss: 0.7696, Test Acc: 0.8330
2025-10-15 10:20:23.499 | INFO     | [Worker-1 / GPU-1] Epoch 71/150 | Train Acc: 0.8982, Train Loss: 0.7194 | Test Loss: 0.7966, Test Acc: 0.8316
2025-10-15 10:20:23.500 | INFO     | [Worker-1 / GPU-1] Epoch 72/150 | Train Acc: 0.9030, Train Loss: 0.6915 | Test Loss: 0.7727, Test Acc: 0.8327
2025-10-15 10:20:23.500 | INFO     | [Worker-1 / GPU-1] Epoch 73/150 | Train Acc: 0.9416, Train Loss: 0.5768 | Test Loss: 0.7711, Test Acc: 0.8316
2025-10-15 10:20:23.500 | INFO     | [Worker-1 / GPU-1] Epoch 74/150 | Train Acc: 0.9258, Train Loss: 0.6297 | Test Loss: 0.7843, Test Acc: 0.8320
2025-10-15 10:20:23.500 | INFO     | [Worker-1 / GPU-1] Epoch 75/150 | Train Acc: 0.9088, Train Loss: 0.6678 | Test Loss: 0.7625, Test Acc: 0.8326
2025-10-15 10:20:23.500 | INFO     | [Worker-1 / GPU-1] Epoch 76/150 | Train Acc: 0.9066, Train Loss: 0.6780 | Test Loss: 0.7881, Test Acc: 0.8298
2025-10-15 10:20:23.500 | INFO     | [Worker-1 / GPU-1] Epoch 77/150 | Train Acc: 0.9010, Train Loss: 0.6989 | Test Loss: 0.7817, Test Acc: 0.8318
2025-10-15 10:20:23.501 | INFO     | [Worker-1 / GPU-1] Epoch 78/150 | Train Acc: 0.9115, Train Loss: 0.6778 | Test Loss: 0.7855, Test Acc: 0.8324
2025-10-15 10:20:23.508 | INFO     | [Worker-1 / GPU-1] Epoch 79/150 | Train Acc: 0.9053, Train Loss: 0.6693 | Test Loss: 0.7676, Test Acc: 0.8328
2025-10-15 10:20:23.508 | INFO     | [Worker-1 / GPU-1] Epoch 80/150 | Train Acc: 0.9134, Train Loss: 0.6686 | Test Loss: 0.7739, Test Acc: 0.8330
2025-10-15 10:20:23.508 | INFO     | [Worker-1 / GPU-1] Epoch 81/150 | Train Acc: 0.8876, Train Loss: 0.7469 | Test Loss: 0.7821, Test Acc: 0.8322
2025-10-15 10:20:23.508 | INFO     | [Worker-1 / GPU-1] Epoch 82/150 | Train Acc: 0.9206, Train Loss: 0.6699 | Test Loss: 0.7772, Test Acc: 0.8332
2025-10-15 10:20:23.509 | INFO     | [Worker-1 / GPU-1] Epoch 83/150 | Train Acc: 0.9316, Train Loss: 0.6142 | Test Loss: 0.7684, Test Acc: 0.8323
2025-10-15 10:20:23.509 | INFO     | [Worker-1 / GPU-1] Epoch 84/150 | Train Acc: 0.9131, Train Loss: 0.6602 | Test Loss: 0.7842, Test Acc: 0.8311
2025-10-15 10:20:23.509 | INFO     | [Worker-1 / GPU-1] Epoch 85/150 | Train Acc: 0.9031, Train Loss: 0.6897 | Test Loss: 0.7724, Test Acc: 0.8324
2025-10-15 10:20:23.509 | INFO     | [Worker-1 / GPU-1] Epoch 86/150 | Train Acc: 0.9173, Train Loss: 0.6598 | Test Loss: 0.7789, Test Acc: 0.8324
2025-10-15 10:20:23.509 | INFO     | [Worker-1 / GPU-1] Epoch 87/150 | Train Acc: 0.8981, Train Loss: 0.6998 | Test Loss: 0.7796, Test Acc: 0.8330
2025-10-15 10:20:23.510 | INFO     | [Worker-1 / GPU-1] Epoch 88/150 | Train Acc: 0.9001, Train Loss: 0.6995 | Test Loss: 0.7746, Test Acc: 0.8328
2025-10-15 10:20:23.510 | INFO     | [Worker-1 / GPU-1] Epoch 89/150 | Train Acc: 0.9323, Train Loss: 0.6164 | Test Loss: 0.7781, Test Acc: 0.8327
2025-10-15 10:20:23.510 | INFO     | [Worker-1 / GPU-1] Epoch 90/150 | Train Acc: 0.9061, Train Loss: 0.6874 | Test Loss: 0.8018, Test Acc: 0.8305
2025-10-15 10:20:23.510 | INFO     | [Worker-1 / GPU-1] Epoch 91/150 | Train Acc: 0.9013, Train Loss: 0.7155 | Test Loss: 0.7829, Test Acc: 0.8331
2025-10-15 10:20:23.510 | INFO     | [Worker-1 / GPU-1] Epoch 92/150 | Train Acc: 0.9034, Train Loss: 0.6977 | Test Loss: 0.7763, Test Acc: 0.8323
2025-10-15 10:20:23.511 | INFO     | [Worker-1 / GPU-1] Epoch 93/150 | Train Acc: 0.9018, Train Loss: 0.7034 | Test Loss: 0.7737, Test Acc: 0.8334
2025-10-15 10:20:23.511 | INFO     | [Worker-1 / GPU-1] Epoch 94/150 | Train Acc: 0.9184, Train Loss: 0.6618 | Test Loss: 0.7811, Test Acc: 0.8338
2025-10-15 10:20:23.511 | INFO     | [Worker-1 / GPU-1] Epoch 95/150 | Train Acc: 0.8850, Train Loss: 0.7599 | Test Loss: 0.7866, Test Acc: 0.8333
2025-10-15 10:20:23.511 | INFO     | [Worker-1 / GPU-1] Epoch 96/150 | Train Acc: 0.8949, Train Loss: 0.7280 | Test Loss: 0.7802, Test Acc: 0.8338
2025-10-15 10:20:23.511 | INFO     | [Worker-1 / GPU-1] Epoch 97/150 | Train Acc: 0.9221, Train Loss: 0.6351 | Test Loss: 0.7714, Test Acc: 0.8333
2025-10-15 10:20:23.512 | INFO     | [Worker-1 / GPU-1] Epoch 98/150 | Train Acc: 0.9153, Train Loss: 0.6683 | Test Loss: 0.7753, Test Acc: 0.8343
2025-10-15 10:20:23.512 | INFO     | [Worker-1 / GPU-1] Epoch 99/150 | Train Acc: 0.9095, Train Loss: 0.6912 | Test Loss: 0.7912, Test Acc: 0.8329
2025-10-15 10:20:23.512 | INFO     | [Worker-1 / GPU-1] Epoch 100/150 | Train Acc: 0.8835, Train Loss: 0.7486 | Test Loss: 0.7876, Test Acc: 0.8329
2025-10-15 10:20:23.512 | INFO     | [Worker-1 / GPU-1] Epoch 101/150 | Train Acc: 0.9118, Train Loss: 0.6668 | Test Loss: 0.8015, Test Acc: 0.8315
2025-10-15 10:20:23.512 | INFO     | [Worker-1 / GPU-1] Epoch 102/150 | Train Acc: 0.9098, Train Loss: 0.6818 | Test Loss: 0.7841, Test Acc: 0.8334
2025-10-15 10:20:23.513 | INFO     | [Worker-1 / GPU-1] Epoch 103/150 | Train Acc: 0.8841, Train Loss: 0.7528 | Test Loss: 0.7890, Test Acc: 0.8334
2025-10-15 10:20:23.513 | INFO     | [Worker-1 / GPU-1] Epoch 104/150 | Train Acc: 0.8858, Train Loss: 0.7577 | Test Loss: 0.7820, Test Acc: 0.8345
2025-10-15 10:20:23.513 | INFO     | [Worker-1 / GPU-1] Epoch 105/150 | Train Acc: 0.9010, Train Loss: 0.7115 | Test Loss: 0.7849, Test Acc: 0.8336
2025-10-15 10:20:23.513 | INFO     | [Worker-1 / GPU-1] Epoch 106/150 | Train Acc: 0.8926, Train Loss: 0.7082 | Test Loss: 0.7696, Test Acc: 0.8341
2025-10-15 10:20:23.513 | INFO     | [Worker-1 / GPU-1] Epoch 107/150 | Train Acc: 0.8963, Train Loss: 0.7206 | Test Loss: 0.7798, Test Acc: 0.8332
2025-10-15 10:20:23.514 | INFO     | [Worker-1 / GPU-1] Epoch 108/150 | Train Acc: 0.8759, Train Loss: 0.7888 | Test Loss: 0.7904, Test Acc: 0.8327
2025-10-15 10:20:23.514 | INFO     | [Worker-1 / GPU-1] Epoch 109/150 | Train Acc: 0.9083, Train Loss: 0.6974 | Test Loss: 0.7917, Test Acc: 0.8324
2025-10-15 10:20:23.514 | INFO     | [Worker-1 / GPU-1] Epoch 110/150 | Train Acc: 0.9033, Train Loss: 0.7064 | Test Loss: 0.8043, Test Acc: 0.8305
2025-10-15 10:20:23.514 | INFO     | [Worker-1 / GPU-1] Epoch 111/150 | Train Acc: 0.8805, Train Loss: 0.7743 | Test Loss: 0.7860, Test Acc: 0.8329
2025-10-15 10:20:23.514 | INFO     | [Worker-1 / GPU-1] Epoch 112/150 | Train Acc: 0.8891, Train Loss: 0.7447 | Test Loss: 0.8052, Test Acc: 0.8317
2025-10-15 10:20:23.515 | INFO     | [Worker-1 / GPU-1] Epoch 113/150 | Train Acc: 0.8369, Train Loss: 0.8954 | Test Loss: 0.8027, Test Acc: 0.8318
2025-10-15 10:20:23.515 | INFO     | [Worker-1 / GPU-1] Epoch 114/150 | Train Acc: 0.8691, Train Loss: 0.8012 | Test Loss: 0.7952, Test Acc: 0.8328
2025-10-15 10:20:23.515 | INFO     | [Worker-1 / GPU-1] Epoch 115/150 | Train Acc: 0.8773, Train Loss: 0.7805 | Test Loss: 0.8082, Test Acc: 0.8316
2025-10-15 10:20:23.515 | INFO     | [Worker-1 / GPU-1] Epoch 116/150 | Train Acc: 0.8959, Train Loss: 0.7416 | Test Loss: 0.7859, Test Acc: 0.8335
2025-10-15 10:20:23.515 | INFO     | [Worker-1 / GPU-1] Epoch 117/150 | Train Acc: 0.8952, Train Loss: 0.7410 | Test Loss: 0.8033, Test Acc: 0.8317
2025-10-15 10:20:23.516 | INFO     | [Worker-1 / GPU-1] Epoch 118/150 | Train Acc: 0.8849, Train Loss: 0.7414 | Test Loss: 0.7828, Test Acc: 0.8328
2025-10-15 10:20:23.517 | INFO     | [Worker-1 / GPU-1] Epoch 119/150 | Train Acc: 0.8828, Train Loss: 0.7727 | Test Loss: 0.8090, Test Acc: 0.8310
2025-10-15 10:20:23.517 | INFO     | [Worker-1 / GPU-1] Epoch 120/150 | Train Acc: 0.8614, Train Loss: 0.8350 | Test Loss: 0.8008, Test Acc: 0.8333
2025-10-15 10:20:23.517 | INFO     | [Worker-1 / GPU-1] Epoch 121/150 | Train Acc: 0.8704, Train Loss: 0.8047 | Test Loss: 0.7855, Test Acc: 0.8338
2025-10-15 10:20:23.517 | INFO     | [Worker-1 / GPU-1] Epoch 122/150 | Train Acc: 0.8731, Train Loss: 0.7993 | Test Loss: 0.8051, Test Acc: 0.8318
2025-10-15 10:20:23.518 | INFO     | [Worker-1 / GPU-1] Epoch 123/150 | Train Acc: 0.8700, Train Loss: 0.8214 | Test Loss: 0.8138, Test Acc: 0.8309
2025-10-15 10:20:23.518 | INFO     | [Worker-1 / GPU-1] Epoch 124/150 | Train Acc: 0.9181, Train Loss: 0.6892 | Test Loss: 0.7836, Test Acc: 0.8339
2025-10-15 10:20:23.518 | INFO     | [Worker-1 / GPU-1] Epoch 124/150 | Train Acc: 0.9181, Train Loss: 0.6892 | Test Loss: 0.7836, Test Acc: 0.8339 / Early stopping triggered
2025-10-15 10:20:23.518 | INFO     | [Worker-1 / GPU-1] Individual 0 -> Accuracy: 0.8339, Loss: 0.7836 | Duration: 316.61s
2025-10-15 10:20:23.518 | INFO     | [Worker-1 / GPU-1] GPU memory used: 0.51 GB
2025-10-15 10:21:52.385 | INFO     | [Worker-0 / GPU-0] Evaluating Individual 1/24 (150 epochs)
2025-10-15 10:21:52.385 | INFO     | [Worker-0 / GPU-0] Hyperparameters: {'width_scale': 1.8553003452630081, 'fc1_units': 256, 'dropout_rate': 0.25962813484767067, 'optimizer_schedule': 'ADAMW_ONECYCLE', 'base_lr': 0.0010756790250724532, 'aug_intensity': 'STRONG', 'weight_decay': 0.00016789994888853909, 'batch_size': 128}
2025-10-15 10:21:52.385 | INFO     | [Worker-0 / GPU-0] Using base_lr 0.001076 for batch_size 128
2025-10-15 10:21:52.385 | INFO     | [Worker-0 / GPU-0] Epoch 1/150 | Train Acc: 0.2902, Train Loss: 4.8152 | Test Loss: 1.7585, Test Acc: 0.4639
2025-10-15 10:21:52.386 | INFO     | [Worker-0 / GPU-0] Epoch 2/150 | Train Acc: 0.3797, Train Loss: 2.2104 | Test Loss: 1.5915, Test Acc: 0.5010
2025-10-15 10:21:52.392 | INFO     | [Worker-0 / GPU-0] Epoch 3/150 | Train Acc: 0.4378, Train Loss: 1.7266 | Test Loss: 1.5284, Test Acc: 0.5143
2025-10-15 10:21:52.393 | INFO     | [Worker-0 / GPU-0] Epoch 4/150 | Train Acc: 0.4819, Train Loss: 1.5936 | Test Loss: 1.4358, Test Acc: 0.5602
2025-10-15 10:21:52.393 | INFO     | [Worker-0 / GPU-0] Epoch 5/150 | Train Acc: 0.5231, Train Loss: 1.5102 | Test Loss: 1.4124, Test Acc: 0.5542
2025-10-15 10:21:52.393 | INFO     | [Worker-0 / GPU-0] Epoch 6/150 | Train Acc: 0.5514, Train Loss: 1.4342 | Test Loss: 1.3231, Test Acc: 0.6180
2025-10-15 10:21:52.393 | INFO     | [Worker-0 / GPU-0] Epoch 7/150 | Train Acc: 0.5734, Train Loss: 1.3991 | Test Loss: 1.2960, Test Acc: 0.5987
2025-10-15 10:21:52.393 | INFO     | [Worker-0 / GPU-0] Epoch 8/150 | Train Acc: 0.5936, Train Loss: 1.3471 | Test Loss: 1.2676, Test Acc: 0.6274
2025-10-15 10:21:52.394 | INFO     | [Worker-0 / GPU-0] Epoch 9/150 | Train Acc: 0.6154, Train Loss: 1.3032 | Test Loss: 1.2533, Test Acc: 0.6290
2025-10-15 10:21:52.394 | INFO     | [Worker-0 / GPU-0] Epoch 10/150 | Train Acc: 0.6322, Train Loss: 1.2725 | Test Loss: 1.2334, Test Acc: 0.6353
2025-10-15 10:21:52.394 | INFO     | [Worker-0 / GPU-0] Epoch 11/150 | Train Acc: 0.6450, Train Loss: 1.2410 | Test Loss: 1.2248, Test Acc: 0.6446
2025-10-15 10:21:52.394 | INFO     | [Worker-0 / GPU-0] Epoch 12/150 | Train Acc: 0.6590, Train Loss: 1.2164 | Test Loss: 1.2822, Test Acc: 0.6326
2025-10-15 10:21:52.394 | INFO     | [Worker-0 / GPU-0] Epoch 13/150 | Train Acc: 0.6773, Train Loss: 1.1758 | Test Loss: 1.3383, Test Acc: 0.5860
2025-10-15 10:21:52.395 | INFO     | [Worker-0 / GPU-0] Epoch 14/150 | Train Acc: 0.6864, Train Loss: 1.1386 | Test Loss: 1.2963, Test Acc: 0.6332
2025-10-15 10:21:52.395 | INFO     | [Worker-0 / GPU-0] Epoch 15/150 | Train Acc: 0.7007, Train Loss: 1.1301 | Test Loss: 1.3823, Test Acc: 0.6058
2025-10-15 10:21:52.395 | INFO     | [Worker-0 / GPU-0] Epoch 16/150 | Train Acc: 0.7196, Train Loss: 1.0779 | Test Loss: 1.4053, Test Acc: 0.6174
2025-10-15 10:21:52.395 | INFO     | [Worker-0 / GPU-0] Epoch 17/150 | Train Acc: 0.7311, Train Loss: 1.0468 | Test Loss: 1.3270, Test Acc: 0.6428
2025-10-15 10:21:52.395 | INFO     | [Worker-0 / GPU-0] Epoch 18/150 | Train Acc: 0.7283, Train Loss: 1.0636 | Test Loss: 1.2154, Test Acc: 0.6510
2025-10-15 10:21:52.395 | INFO     | [Worker-0 / GPU-0] Epoch 19/150 | Train Acc: 0.7524, Train Loss: 1.0045 | Test Loss: 1.1419, Test Acc: 0.6700
2025-10-15 10:21:52.396 | INFO     | [Worker-0 / GPU-0] Epoch 20/150 | Train Acc: 0.7543, Train Loss: 1.0088 | Test Loss: 1.6847, Test Acc: 0.5620
2025-10-15 10:21:52.396 | INFO     | [Worker-0 / GPU-0] Epoch 21/150 | Train Acc: 0.7822, Train Loss: 0.9345 | Test Loss: 1.1827, Test Acc: 0.6644
2025-10-15 10:21:52.396 | INFO     | [Worker-0 / GPU-0] Epoch 22/150 | Train Acc: 0.7842, Train Loss: 0.9428 | Test Loss: 1.3227, Test Acc: 0.6424
2025-10-15 10:21:52.396 | INFO     | [Worker-0 / GPU-0] Epoch 23/150 | Train Acc: 0.8141, Train Loss: 0.8533 | Test Loss: 2.0206, Test Acc: 0.5074
2025-10-15 10:21:52.396 | INFO     | [Worker-0 / GPU-0] Epoch 24/150 | Train Acc: 0.8198, Train Loss: 0.8545 | Test Loss: 2.1593, Test Acc: 0.5069
2025-10-15 10:21:52.397 | INFO     | [Worker-0 / GPU-0] Epoch 25/150 | Train Acc: 0.8380, Train Loss: 0.8052 | Test Loss: 1.1719, Test Acc: 0.6704
2025-10-15 10:21:52.397 | INFO     | [Worker-0 / GPU-0] Epoch 26/150 | Train Acc: 0.8444, Train Loss: 0.7897 | Test Loss: 1.3347, Test Acc: 0.6266
2025-10-15 10:21:52.397 | INFO     | [Worker-0 / GPU-0] Epoch 27/150 | Train Acc: 0.8447, Train Loss: 0.8079 | Test Loss: 1.4556, Test Acc: 0.5932
2025-10-15 10:21:52.397 | INFO     | [Worker-0 / GPU-0] Epoch 28/150 | Train Acc: 0.8520, Train Loss: 0.7872 | Test Loss: 1.6426, Test Acc: 0.5691
2025-10-15 10:21:52.397 | INFO     | [Worker-0 / GPU-0] Epoch 29/150 | Train Acc: 0.8837, Train Loss: 0.6971 | Test Loss: 1.5370, Test Acc: 0.6223
2025-10-15 10:21:52.397 | INFO     | [Worker-0 / GPU-0] Epoch 30/150 | Train Acc: 0.8811, Train Loss: 0.7234 | Test Loss: 1.4790, Test Acc: 0.5829
2025-10-15 10:21:52.398 | INFO     | [Worker-0 / GPU-0] Epoch 31/150 | Train Acc: 0.8913, Train Loss: 0.6923 | Test Loss: 1.5023, Test Acc: 0.5810
2025-10-15 10:21:52.398 | INFO     | [Worker-0 / GPU-0] Epoch 32/150 | Train Acc: 0.8903, Train Loss: 0.6952 | Test Loss: 2.2570, Test Acc: 0.4763
2025-10-15 10:21:52.398 | INFO     | [Worker-0 / GPU-0] Epoch 33/150 | Train Acc: 0.8902, Train Loss: 0.7088 | Test Loss: 1.2934, Test Acc: 0.6456
2025-10-15 10:21:52.398 | INFO     | [Worker-0 / GPU-0] Epoch 34/150 | Train Acc: 0.9037, Train Loss: 0.6749 | Test Loss: 1.7904, Test Acc: 0.5652
2025-10-15 10:21:52.398 | INFO     | [Worker-0 / GPU-0] Epoch 35/150 | Train Acc: 0.9070, Train Loss: 0.6678 | Test Loss: 1.2553, Test Acc: 0.6468
2025-10-15 10:21:52.398 | INFO     | [Worker-0 / GPU-0] Epoch 36/150 | Train Acc: 0.9134, Train Loss: 0.6385 | Test Loss: 1.4346, Test Acc: 0.5957
2025-10-15 10:21:52.399 | INFO     | [Worker-0 / GPU-0] Epoch 37/150 | Train Acc: 0.9366, Train Loss: 0.5696 | Test Loss: 1.7819, Test Acc: 0.5832
2025-10-15 10:21:52.399 | INFO     | [Worker-0 / GPU-0] Epoch 38/150 | Train Acc: 0.9211, Train Loss: 0.6159 | Test Loss: 1.5035, Test Acc: 0.6175
2025-10-15 10:21:52.399 | INFO     | [Worker-0 / GPU-0] Epoch 39/150 | Train Acc: 0.9289, Train Loss: 0.6085 | Test Loss: 1.6135, Test Acc: 0.5519
2025-10-15 10:21:52.399 | INFO     | [Worker-0 / GPU-0] Epoch 40/150 | Train Acc: 0.9244, Train Loss: 0.6067 | Test Loss: 1.6404, Test Acc: 0.5824
2025-10-15 10:21:52.399 | INFO     | [Worker-0 / GPU-0] Epoch 41/150 | Train Acc: 0.9334, Train Loss: 0.6030 | Test Loss: 1.8205, Test Acc: 0.5460
2025-10-15 10:21:52.400 | INFO     | [Worker-0 / GPU-0] Epoch 42/150 | Train Acc: 0.9382, Train Loss: 0.5787 | Test Loss: 1.0660, Test Acc: 0.7141
2025-10-15 10:21:52.400 | INFO     | [Worker-0 / GPU-0] Epoch 43/150 | Train Acc: 0.9379, Train Loss: 0.5862 | Test Loss: 1.3452, Test Acc: 0.6195
2025-10-15 10:21:52.400 | INFO     | [Worker-0 / GPU-0] Epoch 44/150 | Train Acc: 0.9322, Train Loss: 0.5924 | Test Loss: 1.1885, Test Acc: 0.6698
2025-10-15 10:21:52.400 | INFO     | [Worker-0 / GPU-0] Epoch 45/150 | Train Acc: 0.9282, Train Loss: 0.6082 | Test Loss: 0.9890, Test Acc: 0.7473
2025-10-15 10:21:52.400 | INFO     | [Worker-0 / GPU-0] Epoch 46/150 | Train Acc: 0.9499, Train Loss: 0.5379 | Test Loss: 0.9487, Test Acc: 0.7595
2025-10-15 10:21:52.400 | INFO     | [Worker-0 / GPU-0] Epoch 47/150 | Train Acc: 0.9346, Train Loss: 0.5802 | Test Loss: 1.0697, Test Acc: 0.7217
2025-10-15 10:21:52.401 | INFO     | [Worker-0 / GPU-0] Epoch 48/150 | Train Acc: 0.9508, Train Loss: 0.5341 | Test Loss: 1.1626, Test Acc: 0.7095
2025-10-15 10:21:52.401 | INFO     | [Worker-0 / GPU-0] Epoch 49/150 | Train Acc: 0.9555, Train Loss: 0.5112 | Test Loss: 0.9309, Test Acc: 0.7678
2025-10-15 10:21:52.401 | INFO     | [Worker-0 / GPU-0] Epoch 50/150 | Train Acc: 0.9296, Train Loss: 0.6005 | Test Loss: 1.0129, Test Acc: 0.7436
2025-10-15 10:21:52.401 | INFO     | [Worker-0 / GPU-0] Epoch 51/150 | Train Acc: 0.9219, Train Loss: 0.6237 | Test Loss: 1.1304, Test Acc: 0.6979
2025-10-15 10:21:52.401 | INFO     | [Worker-0 / GPU-0] Epoch 52/150 | Train Acc: 0.9387, Train Loss: 0.5787 | Test Loss: 1.2085, Test Acc: 0.6638
2025-10-15 10:21:52.402 | INFO     | [Worker-0 / GPU-0] Epoch 53/150 | Train Acc: 0.9342, Train Loss: 0.5896 | Test Loss: 1.0686, Test Acc: 0.7158
2025-10-15 10:21:52.402 | INFO     | [Worker-0 / GPU-0] Epoch 54/150 | Train Acc: 0.9437, Train Loss: 0.5463 | Test Loss: 0.9103, Test Acc: 0.7756
2025-10-15 10:21:52.402 | INFO     | [Worker-0 / GPU-0] Epoch 55/150 | Train Acc: 0.9463, Train Loss: 0.5323 | Test Loss: 0.9678, Test Acc: 0.7464
2025-10-15 10:21:52.402 | INFO     | [Worker-0 / GPU-0] Epoch 56/150 | Train Acc: 0.9374, Train Loss: 0.5594 | Test Loss: 0.9905, Test Acc: 0.7419
2025-10-15 10:21:52.402 | INFO     | [Worker-0 / GPU-0] Epoch 57/150 | Train Acc: 0.9246, Train Loss: 0.6152 | Test Loss: 1.0241, Test Acc: 0.7323
2025-10-15 10:21:52.402 | INFO     | [Worker-0 / GPU-0] Epoch 58/150 | Train Acc: 0.9321, Train Loss: 0.5920 | Test Loss: 0.9305, Test Acc: 0.7620
2025-10-15 10:21:52.403 | INFO     | [Worker-0 / GPU-0] Epoch 59/150 | Train Acc: 0.9355, Train Loss: 0.5737 | Test Loss: 0.9404, Test Acc: 0.7707
2025-10-15 10:21:52.403 | INFO     | [Worker-0 / GPU-0] Epoch 60/150 | Train Acc: 0.9410, Train Loss: 0.5557 | Test Loss: 1.0731, Test Acc: 0.7172
2025-10-15 10:21:52.403 | INFO     | [Worker-0 / GPU-0] Epoch 61/150 | Train Acc: 0.9237, Train Loss: 0.6019 | Test Loss: 0.9176, Test Acc: 0.7657
2025-10-15 10:21:52.403 | INFO     | [Worker-0 / GPU-0] Epoch 62/150 | Train Acc: 0.9288, Train Loss: 0.5994 | Test Loss: 0.9981, Test Acc: 0.7370
2025-10-15 10:21:52.404 | INFO     | [Worker-0 / GPU-0] Epoch 63/150 | Train Acc: 0.9270, Train Loss: 0.6029 | Test Loss: 0.9354, Test Acc: 0.7644
2025-10-15 10:21:52.404 | INFO     | [Worker-0 / GPU-0] Epoch 64/150 | Train Acc: 0.9266, Train Loss: 0.5826 | Test Loss: 0.9670, Test Acc: 0.7513
2025-10-15 10:21:52.404 | INFO     | [Worker-0 / GPU-0] Epoch 65/150 | Train Acc: 0.9326, Train Loss: 0.5795 | Test Loss: 0.9711, Test Acc: 0.7541
2025-10-15 10:21:52.404 | INFO     | [Worker-0 / GPU-0] Epoch 66/150 | Train Acc: 0.9360, Train Loss: 0.5614 | Test Loss: 0.8897, Test Acc: 0.7799
2025-10-15 10:21:52.404 | INFO     | [Worker-0 / GPU-0] Epoch 67/150 | Train Acc: 0.9140, Train Loss: 0.6266 | Test Loss: 0.8920, Test Acc: 0.7795
2025-10-15 10:21:52.405 | INFO     | [Worker-0 / GPU-0] Epoch 68/150 | Train Acc: 0.9297, Train Loss: 0.5693 | Test Loss: 0.9652, Test Acc: 0.7586
2025-10-15 10:21:52.405 | INFO     | [Worker-0 / GPU-0] Epoch 69/150 | Train Acc: 0.9259, Train Loss: 0.6042 | Test Loss: 0.9113, Test Acc: 0.7742
2025-10-15 10:21:52.405 | INFO     | [Worker-0 / GPU-0] Epoch 70/150 | Train Acc: 0.9177, Train Loss: 0.6270 | Test Loss: 0.9271, Test Acc: 0.7656
2025-10-15 10:21:52.405 | INFO     | [Worker-0 / GPU-0] Epoch 71/150 | Train Acc: 0.9329, Train Loss: 0.5780 | Test Loss: 0.9782, Test Acc: 0.7677
2025-10-15 10:21:52.406 | INFO     | [Worker-0 / GPU-0] Epoch 72/150 | Train Acc: 0.9206, Train Loss: 0.6037 | Test Loss: 1.0117, Test Acc: 0.7392
2025-10-15 10:21:52.406 | INFO     | [Worker-0 / GPU-0] Epoch 73/150 | Train Acc: 0.9257, Train Loss: 0.5923 | Test Loss: 0.9330, Test Acc: 0.7800
2025-10-15 10:21:52.406 | INFO     | [Worker-0 / GPU-0] Epoch 74/150 | Train Acc: 0.9194, Train Loss: 0.6046 | Test Loss: 0.8093, Test Acc: 0.8030
2025-10-15 10:21:52.406 | INFO     | [Worker-0 / GPU-0] Epoch 75/150 | Train Acc: 0.9224, Train Loss: 0.6074 | Test Loss: 0.8662, Test Acc: 0.7902
2025-10-15 10:21:52.406 | INFO     | [Worker-0 / GPU-0] Epoch 76/150 | Train Acc: 0.9238, Train Loss: 0.5954 | Test Loss: 0.8753, Test Acc: 0.7842
2025-10-15 10:21:52.407 | INFO     | [Worker-0 / GPU-0] Epoch 77/150 | Train Acc: 0.9147, Train Loss: 0.6286 | Test Loss: 0.8520, Test Acc: 0.7917
2025-10-15 10:21:52.407 | INFO     | [Worker-0 / GPU-0] Epoch 78/150 | Train Acc: 0.9170, Train Loss: 0.6202 | Test Loss: 1.0317, Test Acc: 0.7402
2025-10-15 10:21:52.407 | INFO     | [Worker-0 / GPU-0] Epoch 79/150 | Train Acc: 0.9229, Train Loss: 0.6000 | Test Loss: 0.8429, Test Acc: 0.8004
2025-10-15 10:21:52.407 | INFO     | [Worker-0 / GPU-0] Epoch 80/150 | Train Acc: 0.9209, Train Loss: 0.5902 | Test Loss: 0.8598, Test Acc: 0.7936
2025-10-15 10:21:52.408 | INFO     | [Worker-0 / GPU-0] Epoch 81/150 | Train Acc: 0.9150, Train Loss: 0.6104 | Test Loss: 0.8939, Test Acc: 0.7782
2025-10-15 10:21:52.408 | INFO     | [Worker-0 / GPU-0] Epoch 82/150 | Train Acc: 0.8871, Train Loss: 0.7120 | Test Loss: 0.9439, Test Acc: 0.7729
2025-10-15 10:21:52.408 | INFO     | [Worker-0 / GPU-0] Epoch 83/150 | Train Acc: 0.9173, Train Loss: 0.6140 | Test Loss: 0.8848, Test Acc: 0.7812
2025-10-15 10:21:52.408 | INFO     | [Worker-0 / GPU-0] Epoch 84/150 | Train Acc: 0.9045, Train Loss: 0.6491 | Test Loss: 0.8833, Test Acc: 0.7847
2025-10-15 10:21:52.408 | INFO     | [Worker-0 / GPU-0] Epoch 85/150 | Train Acc: 0.9084, Train Loss: 0.6398 | Test Loss: 0.8370, Test Acc: 0.8036
2025-10-15 10:21:52.409 | INFO     | [Worker-0 / GPU-0] Epoch 86/150 | Train Acc: 0.9015, Train Loss: 0.6744 | Test Loss: 0.8819, Test Acc: 0.7904
2025-10-15 10:21:52.409 | INFO     | [Worker-0 / GPU-0] Epoch 87/150 | Train Acc: 0.9169, Train Loss: 0.6181 | Test Loss: 0.8222, Test Acc: 0.8113
2025-10-15 10:21:52.409 | INFO     | [Worker-0 / GPU-0] Epoch 88/150 | Train Acc: 0.9118, Train Loss: 0.6225 | Test Loss: 0.8073, Test Acc: 0.8043
2025-10-15 10:21:52.409 | INFO     | [Worker-0 / GPU-0] Epoch 89/150 | Train Acc: 0.9156, Train Loss: 0.6141 | Test Loss: 0.8184, Test Acc: 0.8028
2025-10-15 10:21:52.410 | INFO     | [Worker-0 / GPU-0] Epoch 90/150 | Train Acc: 0.9358, Train Loss: 0.5653 | Test Loss: 0.8910, Test Acc: 0.7807
2025-10-15 10:21:52.410 | INFO     | [Worker-0 / GPU-0] Epoch 91/150 | Train Acc: 0.9149, Train Loss: 0.6132 | Test Loss: 0.8454, Test Acc: 0.7991
2025-10-15 10:21:52.410 | INFO     | [Worker-0 / GPU-0] Epoch 92/150 | Train Acc: 0.8909, Train Loss: 0.6915 | Test Loss: 0.8363, Test Acc: 0.8063
2025-10-15 10:21:52.410 | INFO     | [Worker-0 / GPU-0] Epoch 93/150 | Train Acc: 0.8894, Train Loss: 0.6968 | Test Loss: 0.8734, Test Acc: 0.7966
2025-10-15 10:21:52.410 | INFO     | [Worker-0 / GPU-0] Epoch 94/150 | Train Acc: 0.9059, Train Loss: 0.6369 | Test Loss: 0.8361, Test Acc: 0.8047
2025-10-15 10:21:52.411 | INFO     | [Worker-0 / GPU-0] Epoch 95/150 | Train Acc: 0.9056, Train Loss: 0.6507 | Test Loss: 0.8092, Test Acc: 0.8109
2025-10-15 10:21:52.411 | INFO     | [Worker-0 / GPU-0] Epoch 96/150 | Train Acc: 0.9151, Train Loss: 0.6201 | Test Loss: 0.7988, Test Acc: 0.8098
2025-10-15 10:21:52.411 | INFO     | [Worker-0 / GPU-0] Epoch 97/150 | Train Acc: 0.9022, Train Loss: 0.6467 | Test Loss: 0.8604, Test Acc: 0.7997
2025-10-15 10:21:52.411 | INFO     | [Worker-0 / GPU-0] Epoch 98/150 | Train Acc: 0.9036, Train Loss: 0.6552 | Test Loss: 0.8528, Test Acc: 0.8028
2025-10-15 10:21:52.412 | INFO     | [Worker-0 / GPU-0] Epoch 99/150 | Train Acc: 0.8924, Train Loss: 0.6907 | Test Loss: 0.8382, Test Acc: 0.8078
2025-10-15 10:21:52.412 | INFO     | [Worker-0 / GPU-0] Epoch 100/150 | Train Acc: 0.9099, Train Loss: 0.6429 | Test Loss: 0.8413, Test Acc: 0.8067
2025-10-15 10:21:52.412 | INFO     | [Worker-0 / GPU-0] Epoch 101/150 | Train Acc: 0.8914, Train Loss: 0.6814 | Test Loss: 0.8858, Test Acc: 0.7884
2025-10-15 10:21:52.412 | INFO     | [Worker-0 / GPU-0] Epoch 102/150 | Train Acc: 0.8914, Train Loss: 0.6835 | Test Loss: 0.8154, Test Acc: 0.8094
2025-10-15 10:21:52.413 | INFO     | [Worker-0 / GPU-0] Epoch 103/150 | Train Acc: 0.9014, Train Loss: 0.6525 | Test Loss: 0.8155, Test Acc: 0.8114
2025-10-15 10:21:52.413 | INFO     | [Worker-0 / GPU-0] Epoch 104/150 | Train Acc: 0.9138, Train Loss: 0.6173 | Test Loss: 0.8154, Test Acc: 0.8121
2025-10-15 10:21:52.413 | INFO     | [Worker-0 / GPU-0] Epoch 105/150 | Train Acc: 0.8871, Train Loss: 0.6938 | Test Loss: 0.8067, Test Acc: 0.8149
2025-10-15 10:21:52.413 | INFO     | [Worker-0 / GPU-0] Epoch 106/150 | Train Acc: 0.8931, Train Loss: 0.6771 | Test Loss: 0.8415, Test Acc: 0.8116
2025-10-15 10:21:52.413 | INFO     | [Worker-0 / GPU-0] Epoch 107/150 | Train Acc: 0.9001, Train Loss: 0.6499 | Test Loss: 0.8316, Test Acc: 0.8112
2025-10-15 10:21:52.414 | INFO     | [Worker-0 / GPU-0] Epoch 108/150 | Train Acc: 0.8874, Train Loss: 0.6965 | Test Loss: 0.8110, Test Acc: 0.8128
2025-10-15 10:21:52.414 | INFO     | [Worker-0 / GPU-0] Epoch 109/150 | Train Acc: 0.8968, Train Loss: 0.6568 | Test Loss: 0.8037, Test Acc: 0.8128
2025-10-15 10:21:52.414 | INFO     | [Worker-0 / GPU-0] Epoch 110/150 | Train Acc: 0.9131, Train Loss: 0.6257 | Test Loss: 0.8368, Test Acc: 0.8116
2025-10-15 10:21:52.414 | INFO     | [Worker-0 / GPU-0] Epoch 111/150 | Train Acc: 0.9116, Train Loss: 0.6182 | Test Loss: 0.8351, Test Acc: 0.8094
2025-10-15 10:21:52.415 | INFO     | [Worker-0 / GPU-0] Epoch 112/150 | Train Acc: 0.8917, Train Loss: 0.6832 | Test Loss: 0.8379, Test Acc: 0.8118
2025-10-15 10:21:52.415 | INFO     | [Worker-0 / GPU-0] Epoch 113/150 | Train Acc: 0.8891, Train Loss: 0.6804 | Test Loss: 0.8119, Test Acc: 0.8114
2025-10-15 10:21:52.415 | INFO     | [Worker-0 / GPU-0] Epoch 114/150 | Train Acc: 0.8980, Train Loss: 0.6595 | Test Loss: 0.8433, Test Acc: 0.8132
2025-10-15 10:21:52.415 | INFO     | [Worker-0 / GPU-0] Epoch 115/150 | Train Acc: 0.8964, Train Loss: 0.6650 | Test Loss: 0.8308, Test Acc: 0.8149
2025-10-15 10:21:52.415 | INFO     | [Worker-0 / GPU-0] Epoch 116/150 | Train Acc: 0.8692, Train Loss: 0.7502 | Test Loss: 0.8304, Test Acc: 0.8138
2025-10-15 10:21:52.416 | INFO     | [Worker-0 / GPU-0] Epoch 117/150 | Train Acc: 0.8761, Train Loss: 0.7324 | Test Loss: 0.8483, Test Acc: 0.8124
2025-10-15 10:21:52.416 | INFO     | [Worker-0 / GPU-0] Epoch 118/150 | Train Acc: 0.8805, Train Loss: 0.7131 | Test Loss: 0.8101, Test Acc: 0.8163
2025-10-15 10:21:52.416 | INFO     | [Worker-0 / GPU-0] Epoch 119/150 | Train Acc: 0.8883, Train Loss: 0.6913 | Test Loss: 0.8196, Test Acc: 0.8160
2025-10-15 10:21:52.416 | INFO     | [Worker-0 / GPU-0] Epoch 120/150 | Train Acc: 0.8725, Train Loss: 0.7350 | Test Loss: 0.8189, Test Acc: 0.8120
2025-10-15 10:21:52.416 | INFO     | [Worker-0 / GPU-0] Epoch 121/150 | Train Acc: 0.8716, Train Loss: 0.7359 | Test Loss: 0.8186, Test Acc: 0.8144
2025-10-15 10:21:52.417 | INFO     | [Worker-0 / GPU-0] Epoch 122/150 | Train Acc: 0.8879, Train Loss: 0.6865 | Test Loss: 0.8157, Test Acc: 0.8165
2025-10-15 10:21:52.417 | INFO     | [Worker-0 / GPU-0] Epoch 123/150 | Train Acc: 0.9053, Train Loss: 0.6466 | Test Loss: 0.8008, Test Acc: 0.8191
2025-10-15 10:21:52.417 | INFO     | [Worker-0 / GPU-0] Epoch 124/150 | Train Acc: 0.8948, Train Loss: 0.6623 | Test Loss: 0.8160, Test Acc: 0.8176
2025-10-15 10:21:52.417 | INFO     | [Worker-0 / GPU-0] Epoch 125/150 | Train Acc: 0.8864, Train Loss: 0.7040 | Test Loss: 0.8124, Test Acc: 0.8189
2025-10-15 10:21:52.418 | INFO     | [Worker-0 / GPU-0] Epoch 126/150 | Train Acc: 0.8912, Train Loss: 0.6916 | Test Loss: 0.8276, Test Acc: 0.8170
2025-10-15 10:21:52.418 | INFO     | [Worker-0 / GPU-0] Epoch 127/150 | Train Acc: 0.8815, Train Loss: 0.7078 | Test Loss: 0.8109, Test Acc: 0.8203
2025-10-15 10:21:52.418 | INFO     | [Worker-0 / GPU-0] Epoch 128/150 | Train Acc: 0.8925, Train Loss: 0.6712 | Test Loss: 0.8142, Test Acc: 0.8187
2025-10-15 10:21:52.418 | INFO     | [Worker-0 / GPU-0] Epoch 129/150 | Train Acc: 0.9098, Train Loss: 0.6275 | Test Loss: 0.8038, Test Acc: 0.8194
2025-10-15 10:21:52.418 | INFO     | [Worker-0 / GPU-0] Epoch 130/150 | Train Acc: 0.8830, Train Loss: 0.7014 | Test Loss: 0.8002, Test Acc: 0.8191
2025-10-15 10:21:52.419 | INFO     | [Worker-0 / GPU-0] Epoch 131/150 | Train Acc: 0.8745, Train Loss: 0.7070 | Test Loss: 0.8021, Test Acc: 0.8188
2025-10-15 10:21:52.419 | INFO     | [Worker-0 / GPU-0] Epoch 132/150 | Train Acc: 0.8766, Train Loss: 0.7229 | Test Loss: 0.8290, Test Acc: 0.8176
2025-10-15 10:21:52.419 | INFO     | [Worker-0 / GPU-0] Epoch 133/150 | Train Acc: 0.8711, Train Loss: 0.7362 | Test Loss: 0.8147, Test Acc: 0.8191
2025-10-15 10:21:52.419 | INFO     | [Worker-0 / GPU-0] Epoch 134/150 | Train Acc: 0.8821, Train Loss: 0.7002 | Test Loss: 0.8119, Test Acc: 0.8211
2025-10-15 10:21:52.420 | INFO     | [Worker-0 / GPU-0] Epoch 135/150 | Train Acc: 0.8942, Train Loss: 0.6708 | Test Loss: 0.8092, Test Acc: 0.8192
2025-10-15 10:21:52.420 | INFO     | [Worker-0 / GPU-0] Epoch 136/150 | Train Acc: 0.8890, Train Loss: 0.6947 | Test Loss: 0.8374, Test Acc: 0.8174
2025-10-15 10:21:52.420 | INFO     | [Worker-0 / GPU-0] Epoch 137/150 | Train Acc: 0.8881, Train Loss: 0.6825 | Test Loss: 0.8395, Test Acc: 0.8194
2025-10-15 10:21:52.420 | INFO     | [Worker-0 / GPU-0] Epoch 138/150 | Train Acc: 0.8672, Train Loss: 0.7318 | Test Loss: 0.7948, Test Acc: 0.8200
2025-10-15 10:21:52.421 | INFO     | [Worker-0 / GPU-0] Epoch 139/150 | Train Acc: 0.8703, Train Loss: 0.7290 | Test Loss: 0.8254, Test Acc: 0.8199
2025-10-15 10:21:52.421 | INFO     | [Worker-0 / GPU-0] Epoch 140/150 | Train Acc: 0.8957, Train Loss: 0.6608 | Test Loss: 0.8120, Test Acc: 0.8197
2025-10-15 10:21:52.421 | INFO     | [Worker-0 / GPU-0] Epoch 141/150 | Train Acc: 0.8771, Train Loss: 0.7163 | Test Loss: 0.8149, Test Acc: 0.8201
2025-10-15 10:21:52.421 | INFO     | [Worker-0 / GPU-0] Epoch 142/150 | Train Acc: 0.8868, Train Loss: 0.6993 | Test Loss: 0.8198, Test Acc: 0.8188
2025-10-15 10:21:52.422 | INFO     | [Worker-0 / GPU-0] Epoch 143/150 | Train Acc: 0.8489, Train Loss: 0.7900 | Test Loss: 0.8231, Test Acc: 0.8190
2025-10-15 10:21:52.422 | INFO     | [Worker-0 / GPU-0] Epoch 144/150 | Train Acc: 0.8626, Train Loss: 0.7614 | Test Loss: 0.8227, Test Acc: 0.8192
2025-10-15 10:21:52.422 | INFO     | [Worker-0 / GPU-0] Epoch 145/150 | Train Acc: 0.8742, Train Loss: 0.7389 | Test Loss: 0.8283, Test Acc: 0.8188
2025-10-15 10:21:52.422 | INFO     | [Worker-0 / GPU-0] Epoch 146/150 | Train Acc: 0.8873, Train Loss: 0.7043 | Test Loss: 0.8402, Test Acc: 0.8178
2025-10-15 10:21:52.422 | INFO     | [Worker-0 / GPU-0] Epoch 147/150 | Train Acc: 0.8647, Train Loss: 0.7492 | Test Loss: 0.8301, Test Acc: 0.8187
2025-10-15 10:21:52.423 | INFO     | [Worker-0 / GPU-0] Epoch 148/150 | Train Acc: 0.8734, Train Loss: 0.7432 | Test Loss: 0.8177, Test Acc: 0.8195
2025-10-15 10:21:52.423 | INFO     | [Worker-0 / GPU-0] Epoch 149/150 | Train Acc: 0.8820, Train Loss: 0.7017 | Test Loss: 0.8334, Test Acc: 0.8183
2025-10-15 10:21:52.423 | INFO     | [Worker-0 / GPU-0] Epoch 150/150 | Train Acc: 0.8826, Train Loss: 0.7026 | Test Loss: 0.8322, Test Acc: 0.8190
2025-10-15 10:21:52.423 | INFO     | [Worker-0 / GPU-0] Individual 1 -> Accuracy: 0.8190, Loss: 0.8322 | Duration: 405.48s
2025-10-15 10:21:52.424 | INFO     | [Worker-0 / GPU-0] GPU memory used: 0.29 GB
2025-10-15 10:22:33.381 | INFO     | [Worker-3 / GPU-3] Evaluating Individual 5/24 (150 epochs)
2025-10-15 10:22:33.381 | INFO     | [Worker-3 / GPU-3] Hyperparameters: {'width_scale': 1.157783424356266, 'fc1_units': 512, 'dropout_rate': 0.21292576906519972, 'optimizer_schedule': 'ADAMW_EXPONENTIAL', 'base_lr': 0.0002523743290900559, 'aug_intensity': 'MEDIUM', 'weight_decay': 0.0001437617290650078, 'batch_size': 256}
2025-10-15 10:22:33.381 | INFO     | [Worker-3 / GPU-3] Scaled base_lr to 0.000357 for batch_size 256
2025-10-15 10:22:33.382 | INFO     | [Worker-3 / GPU-3] Epoch 1/150 | Train Acc: 0.2476, Train Loss: 4.9399 | Test Loss: 2.2626, Test Acc: 0.4125
2025-10-15 10:22:33.382 | INFO     | [Worker-3 / GPU-3] Epoch 2/150 | Train Acc: 0.3600, Train Loss: 2.6965 | Test Loss: 1.6647, Test Acc: 0.4726
2025-10-15 10:22:33.382 | INFO     | [Worker-3 / GPU-3] Epoch 3/150 | Train Acc: 0.4425, Train Loss: 1.7586 | Test Loss: 1.4700, Test Acc: 0.5484
2025-10-15 10:22:33.382 | INFO     | [Worker-3 / GPU-3] Epoch 4/150 | Train Acc: 0.5075, Train Loss: 1.5272 | Test Loss: 1.3990, Test Acc: 0.5535
2025-10-15 10:22:33.382 | INFO     | [Worker-3 / GPU-3] Epoch 5/150 | Train Acc: 0.5549, Train Loss: 1.4179 | Test Loss: 1.3534, Test Acc: 0.5684
2025-10-15 10:22:33.383 | INFO     | [Worker-3 / GPU-3] Epoch 6/150 | Train Acc: 0.5864, Train Loss: 1.3266 | Test Loss: 1.3007, Test Acc: 0.5948
2025-10-15 10:22:33.383 | INFO     | [Worker-3 / GPU-3] Epoch 7/150 | Train Acc: 0.6134, Train Loss: 1.2660 | Test Loss: 1.2822, Test Acc: 0.6047
2025-10-15 10:22:33.383 | INFO     | [Worker-3 / GPU-3] Epoch 8/150 | Train Acc: 0.6343, Train Loss: 1.2293 | Test Loss: 1.1789, Test Acc: 0.6468
2025-10-15 10:22:33.383 | INFO     | [Worker-3 / GPU-3] Epoch 9/150 | Train Acc: 0.6647, Train Loss: 1.1604 | Test Loss: 1.1740, Test Acc: 0.6509
2025-10-15 10:22:33.383 | INFO     | [Worker-3 / GPU-3] Epoch 10/150 | Train Acc: 0.6854, Train Loss: 1.1246 | Test Loss: 1.2483, Test Acc: 0.6342
2025-10-15 10:22:33.383 | INFO     | [Worker-3 / GPU-3] Epoch 11/150 | Train Acc: 0.7242, Train Loss: 1.0169 | Test Loss: 1.1713, Test Acc: 0.6618
2025-10-15 10:22:33.384 | INFO     | [Worker-3 / GPU-3] Epoch 12/150 | Train Acc: 0.7298, Train Loss: 1.0253 | Test Loss: 1.0686, Test Acc: 0.6968
2025-10-15 10:22:33.384 | INFO     | [Worker-3 / GPU-3] Epoch 13/150 | Train Acc: 0.7533, Train Loss: 0.9611 | Test Loss: 1.2825, Test Acc: 0.6138
2025-10-15 10:22:33.384 | INFO     | [Worker-3 / GPU-3] Epoch 14/150 | Train Acc: 0.7797, Train Loss: 0.9103 | Test Loss: 1.0880, Test Acc: 0.6932
2025-10-15 10:22:33.384 | INFO     | [Worker-3 / GPU-3] Epoch 15/150 | Train Acc: 0.7908, Train Loss: 0.8827 | Test Loss: 1.0573, Test Acc: 0.7086
2025-10-15 10:22:33.384 | INFO     | [Worker-3 / GPU-3] Epoch 16/150 | Train Acc: 0.8095, Train Loss: 0.8486 | Test Loss: 1.1253, Test Acc: 0.6800
2025-10-15 10:22:33.384 | INFO     | [Worker-3 / GPU-3] Epoch 17/150 | Train Acc: 0.8142, Train Loss: 0.8477 | Test Loss: 1.2478, Test Acc: 0.6416
2025-10-15 10:22:33.385 | INFO     | [Worker-3 / GPU-3] Epoch 18/150 | Train Acc: 0.8492, Train Loss: 0.7516 | Test Loss: 1.0838, Test Acc: 0.7026
2025-10-15 10:22:33.385 | INFO     | [Worker-3 / GPU-3] Epoch 19/150 | Train Acc: 0.8592, Train Loss: 0.7387 | Test Loss: 1.1067, Test Acc: 0.6961
2025-10-15 10:22:33.385 | INFO     | [Worker-3 / GPU-3] Epoch 20/150 | Train Acc: 0.8557, Train Loss: 0.7563 | Test Loss: 1.1918, Test Acc: 0.6684
2025-10-15 10:22:33.385 | INFO     | [Worker-3 / GPU-3] Epoch 21/150 | Train Acc: 0.8753, Train Loss: 0.7126 | Test Loss: 1.1627, Test Acc: 0.6927
2025-10-15 10:22:33.385 | INFO     | [Worker-3 / GPU-3] Epoch 22/150 | Train Acc: 0.8809, Train Loss: 0.7162 | Test Loss: 1.1067, Test Acc: 0.7002
2025-10-15 10:22:33.386 | INFO     | [Worker-3 / GPU-3] Epoch 23/150 | Train Acc: 0.8936, Train Loss: 0.6859 | Test Loss: 1.2197, Test Acc: 0.6672
2025-10-15 10:22:33.386 | INFO     | [Worker-3 / GPU-3] Epoch 24/150 | Train Acc: 0.8990, Train Loss: 0.6805 | Test Loss: 1.2650, Test Acc: 0.6662
2025-10-15 10:22:33.386 | INFO     | [Worker-3 / GPU-3] Epoch 25/150 | Train Acc: 0.9028, Train Loss: 0.6863 | Test Loss: 1.1977, Test Acc: 0.6821
2025-10-15 10:22:33.386 | INFO     | [Worker-3 / GPU-3] Epoch 26/150 | Train Acc: 0.8937, Train Loss: 0.7041 | Test Loss: 1.1095, Test Acc: 0.6976
2025-10-15 10:22:33.386 | INFO     | [Worker-3 / GPU-3] Epoch 27/150 | Train Acc: 0.9385, Train Loss: 0.5747 | Test Loss: 1.2885, Test Acc: 0.6579
2025-10-15 10:22:33.386 | INFO     | [Worker-3 / GPU-3] Epoch 28/150 | Train Acc: 0.9360, Train Loss: 0.5926 | Test Loss: 1.4994, Test Acc: 0.6054
2025-10-15 10:22:33.387 | INFO     | [Worker-3 / GPU-3] Epoch 29/150 | Train Acc: 0.9026, Train Loss: 0.7103 | Test Loss: 1.1003, Test Acc: 0.6990
2025-10-15 10:22:33.387 | INFO     | [Worker-3 / GPU-3] Epoch 30/150 | Train Acc: 0.9203, Train Loss: 0.6331 | Test Loss: 1.2303, Test Acc: 0.6662
2025-10-15 10:22:33.387 | INFO     | [Worker-3 / GPU-3] Epoch 31/150 | Train Acc: 0.9392, Train Loss: 0.5968 | Test Loss: 1.1049, Test Acc: 0.7058
2025-10-15 10:22:33.387 | INFO     | [Worker-3 / GPU-3] Epoch 32/150 | Train Acc: 0.9300, Train Loss: 0.6162 | Test Loss: 1.2491, Test Acc: 0.6694
2025-10-15 10:22:33.387 | INFO     | [Worker-3 / GPU-3] Epoch 33/150 | Train Acc: 0.9451, Train Loss: 0.5766 | Test Loss: 1.1267, Test Acc: 0.7132
2025-10-15 10:22:33.387 | INFO     | [Worker-3 / GPU-3] Epoch 34/150 | Train Acc: 0.9423, Train Loss: 0.5761 | Test Loss: 1.2846, Test Acc: 0.6675
2025-10-15 10:22:33.388 | INFO     | [Worker-3 / GPU-3] Epoch 35/150 | Train Acc: 0.9486, Train Loss: 0.5777 | Test Loss: 1.0450, Test Acc: 0.7299
2025-10-15 10:22:33.388 | INFO     | [Worker-3 / GPU-3] Epoch 36/150 | Train Acc: 0.9501, Train Loss: 0.5620 | Test Loss: 1.0257, Test Acc: 0.7348
2025-10-15 10:22:33.388 | INFO     | [Worker-3 / GPU-3] Epoch 37/150 | Train Acc: 0.9442, Train Loss: 0.5720 | Test Loss: 1.1848, Test Acc: 0.6890
2025-10-15 10:22:33.388 | INFO     | [Worker-3 / GPU-3] Epoch 38/150 | Train Acc: 0.9405, Train Loss: 0.5940 | Test Loss: 1.0924, Test Acc: 0.7195
2025-10-15 10:22:33.388 | INFO     | [Worker-3 / GPU-3] Epoch 39/150 | Train Acc: 0.9587, Train Loss: 0.5201 | Test Loss: 1.1567, Test Acc: 0.6952
2025-10-15 10:22:33.388 | INFO     | [Worker-3 / GPU-3] Epoch 40/150 | Train Acc: 0.9423, Train Loss: 0.5811 | Test Loss: 1.0522, Test Acc: 0.7250
2025-10-15 10:22:33.389 | INFO     | [Worker-3 / GPU-3] Epoch 41/150 | Train Acc: 0.9553, Train Loss: 0.5420 | Test Loss: 1.1017, Test Acc: 0.7096
2025-10-15 10:22:33.389 | INFO     | [Worker-3 / GPU-3] Epoch 42/150 | Train Acc: 0.9360, Train Loss: 0.6061 | Test Loss: 1.0263, Test Acc: 0.7342
2025-10-15 10:22:33.389 | INFO     | [Worker-3 / GPU-3] Epoch 43/150 | Train Acc: 0.9575, Train Loss: 0.5181 | Test Loss: 1.0148, Test Acc: 0.7374
2025-10-15 10:22:33.389 | INFO     | [Worker-3 / GPU-3] Epoch 44/150 | Train Acc: 0.9459, Train Loss: 0.5667 | Test Loss: 1.0674, Test Acc: 0.7234
2025-10-15 10:22:33.389 | INFO     | [Worker-3 / GPU-3] Epoch 45/150 | Train Acc: 0.9374, Train Loss: 0.6058 | Test Loss: 1.1438, Test Acc: 0.6920
2025-10-15 10:22:33.390 | INFO     | [Worker-3 / GPU-3] Epoch 46/150 | Train Acc: 0.9176, Train Loss: 0.6584 | Test Loss: 1.0740, Test Acc: 0.7163
2025-10-15 10:22:33.390 | INFO     | [Worker-3 / GPU-3] Epoch 47/150 | Train Acc: 0.9424, Train Loss: 0.5766 | Test Loss: 1.0281, Test Acc: 0.7365
2025-10-15 10:22:33.390 | INFO     | [Worker-3 / GPU-3] Epoch 48/150 | Train Acc: 0.9311, Train Loss: 0.5912 | Test Loss: 1.0195, Test Acc: 0.7404
2025-10-15 10:22:33.390 | INFO     | [Worker-3 / GPU-3] Epoch 49/150 | Train Acc: 0.9412, Train Loss: 0.5807 | Test Loss: 1.0665, Test Acc: 0.7213
2025-10-15 10:22:33.390 | INFO     | [Worker-3 / GPU-3] Epoch 50/150 | Train Acc: 0.9393, Train Loss: 0.5773 | Test Loss: 1.0426, Test Acc: 0.7338
2025-10-15 10:22:33.390 | INFO     | [Worker-3 / GPU-3] Epoch 51/150 | Train Acc: 0.9170, Train Loss: 0.6626 | Test Loss: 1.0840, Test Acc: 0.7163
2025-10-15 10:22:33.391 | INFO     | [Worker-3 / GPU-3] Epoch 52/150 | Train Acc: 0.9208, Train Loss: 0.6280 | Test Loss: 1.0378, Test Acc: 0.7328
2025-10-15 10:22:33.391 | INFO     | [Worker-3 / GPU-3] Epoch 53/150 | Train Acc: 0.9207, Train Loss: 0.6406 | Test Loss: 1.0107, Test Acc: 0.7446
2025-10-15 10:22:33.391 | INFO     | [Worker-3 / GPU-3] Epoch 54/150 | Train Acc: 0.9518, Train Loss: 0.5565 | Test Loss: 0.9907, Test Acc: 0.7500
2025-10-15 10:22:33.391 | INFO     | [Worker-3 / GPU-3] Epoch 55/150 | Train Acc: 0.9118, Train Loss: 0.6652 | Test Loss: 1.0310, Test Acc: 0.7366
2025-10-15 10:22:33.391 | INFO     | [Worker-3 / GPU-3] Epoch 56/150 | Train Acc: 0.9225, Train Loss: 0.6325 | Test Loss: 1.0286, Test Acc: 0.7394
2025-10-15 10:22:33.391 | INFO     | [Worker-3 / GPU-3] Epoch 57/150 | Train Acc: 0.9566, Train Loss: 0.5179 | Test Loss: 0.9934, Test Acc: 0.7493
2025-10-15 10:22:33.392 | INFO     | [Worker-3 / GPU-3] Epoch 58/150 | Train Acc: 0.9291, Train Loss: 0.6045 | Test Loss: 0.9891, Test Acc: 0.7553
2025-10-15 10:22:33.392 | INFO     | [Worker-3 / GPU-3] Epoch 59/150 | Train Acc: 0.9056, Train Loss: 0.6806 | Test Loss: 0.9854, Test Acc: 0.7510
2025-10-15 10:22:33.392 | INFO     | [Worker-3 / GPU-3] Epoch 60/150 | Train Acc: 0.9277, Train Loss: 0.6046 | Test Loss: 1.0055, Test Acc: 0.7444
2025-10-15 10:22:33.392 | INFO     | [Worker-3 / GPU-3] Epoch 61/150 | Train Acc: 0.8847, Train Loss: 0.7385 | Test Loss: 1.0040, Test Acc: 0.7507
2025-10-15 10:22:33.392 | INFO     | [Worker-3 / GPU-3] Epoch 62/150 | Train Acc: 0.9143, Train Loss: 0.6546 | Test Loss: 0.9981, Test Acc: 0.7526
2025-10-15 10:22:33.393 | INFO     | [Worker-3 / GPU-3] Epoch 63/150 | Train Acc: 0.9040, Train Loss: 0.6838 | Test Loss: 1.0187, Test Acc: 0.7498
2025-10-15 10:22:33.393 | INFO     | [Worker-3 / GPU-3] Epoch 64/150 | Train Acc: 0.9350, Train Loss: 0.5888 | Test Loss: 1.0071, Test Acc: 0.7459
2025-10-15 10:22:33.393 | INFO     | [Worker-3 / GPU-3] Epoch 65/150 | Train Acc: 0.8890, Train Loss: 0.7436 | Test Loss: 1.0299, Test Acc: 0.7474
2025-10-15 10:22:33.393 | INFO     | [Worker-3 / GPU-3] Epoch 66/150 | Train Acc: 0.9313, Train Loss: 0.5936 | Test Loss: 0.9965, Test Acc: 0.7514
2025-10-15 10:22:33.393 | INFO     | [Worker-3 / GPU-3] Epoch 67/150 | Train Acc: 0.9361, Train Loss: 0.5893 | Test Loss: 1.0148, Test Acc: 0.7452
2025-10-15 10:22:33.393 | INFO     | [Worker-3 / GPU-3] Epoch 68/150 | Train Acc: 0.9372, Train Loss: 0.5989 | Test Loss: 1.0136, Test Acc: 0.7460
2025-10-15 10:22:33.394 | INFO     | [Worker-3 / GPU-3] Epoch 69/150 | Train Acc: 0.9281, Train Loss: 0.6197 | Test Loss: 1.0165, Test Acc: 0.7486
2025-10-15 10:22:33.394 | INFO     | [Worker-3 / GPU-3] Epoch 70/150 | Train Acc: 0.8971, Train Loss: 0.6972 | Test Loss: 1.0120, Test Acc: 0.7494
2025-10-15 10:22:33.394 | INFO     | [Worker-3 / GPU-3] Epoch 71/150 | Train Acc: 0.9220, Train Loss: 0.6198 | Test Loss: 1.0027, Test Acc: 0.7509
2025-10-15 10:22:33.394 | INFO     | [Worker-3 / GPU-3] Epoch 72/150 | Train Acc: 0.9095, Train Loss: 0.6682 | Test Loss: 1.0106, Test Acc: 0.7514
2025-10-15 10:22:33.394 | INFO     | [Worker-3 / GPU-3] Epoch 73/150 | Train Acc: 0.8899, Train Loss: 0.7141 | Test Loss: 1.0059, Test Acc: 0.7499
2025-10-15 10:22:33.394 | INFO     | [Worker-3 / GPU-3] Epoch 74/150 | Train Acc: 0.9303, Train Loss: 0.6026 | Test Loss: 0.9999, Test Acc: 0.7492
2025-10-15 10:22:33.395 | INFO     | [Worker-3 / GPU-3] Epoch 75/150 | Train Acc: 0.9075, Train Loss: 0.6827 | Test Loss: 1.0150, Test Acc: 0.7495
2025-10-15 10:22:33.395 | INFO     | [Worker-3 / GPU-3] Epoch 76/150 | Train Acc: 0.9374, Train Loss: 0.5858 | Test Loss: 1.0084, Test Acc: 0.7481
2025-10-15 10:22:33.395 | INFO     | [Worker-3 / GPU-3] Epoch 77/150 | Train Acc: 0.9307, Train Loss: 0.5914 | Test Loss: 1.0105, Test Acc: 0.7502
2025-10-15 10:22:33.395 | INFO     | [Worker-3 / GPU-3] Epoch 78/150 | Train Acc: 0.9147, Train Loss: 0.6316 | Test Loss: 1.0044, Test Acc: 0.7479
2025-10-15 10:22:33.396 | INFO     | [Worker-3 / GPU-3] Epoch 78/150 | Train Acc: 0.9147, Train Loss: 0.6316 | Test Loss: 1.0044, Test Acc: 0.7479 / Early stopping triggered
2025-10-15 10:22:33.396 | INFO     | [Worker-3 / GPU-3] Individual 5 -> Accuracy: 0.7479, Loss: 1.0044 | Duration: 266.37s
2025-10-15 10:22:33.396 | INFO     | [Worker-3 / GPU-3] GPU memory used: 0.28 GB
