2025-10-03 14:03:39.715 | INFO     | Configuration:
{
    "project": {
        "name": "HPO Paper-Based Experiment",
        "seed": 6873
    },
    "environment": {
        "data_source": {
            "dataset": "CIFAR-10",
            "path": "./model_data"
        },
        "logging": {
            "log_file": "logs/experiment.log",
            "error_log_file": "logs/error.log",
            "report_directory": "reports"
        }
    },
    "checkpoint_config": {
        "interval_per_gen": 1
    },
    "parallel_config": {
        "execution": {
            "evaluation_mode": "GPU",
            "enable_parallel": true,
            "gpu_workers": 8,
            "cpu_workers": 0,
            "gpu_cpu_performance_ratio": 16,
            "dataloader_workers": {
                "per_gpu": 8,
                "per_cpu": 1
            }
        }
    },
    "neural_network_config": {
        "input_shape": [
            3,
            32,
            32
        ],
        "output_classes": 10,
        "conv_blocks": 3,
        "fixed_parameters": {
            "activation_function": "relu",
            "base_filters": 32
        },
        "hyperparameter_space": {
            "width_scale": {
                "type": "float",
                "range": [
                    0.75,
                    3.0
                ],
                "description": "Scales the number of filters in convolutional layers"
            },
            "fc1_units": {
                "type": "enum",
                "values": [
                    256,
                    512,
                    768,
                    1024
                ],
                "description": "Number of neurons in the first fully connected layer"
            },
            "dropout_rate": {
                "type": "float",
                "range": [
                    0.2,
                    0.5
                ],
                "description": "Dropout intensity in the first fully connected layer"
            },
            "optimizer_schedule": {
                "type": "enum",
                "values": [
                    "SGD_ONECYCLE",
                    "SGD_COSINE",
                    "ADAMW_COSINE",
                    "ADAMW_ONECYCLE"
                ],
                "description": "Optimizer type + Learning rate scheduler"
            },
            "base_lr": {
                "type": "float",
                "range": [
                    0.001,
                    0.1
                ],
                "scale": "log",
                "description": "Base learning rate value, log scale"
            },
            "aug_intensity": {
                "type": "enum",
                "values": [
                    "MEDIUM",
                    "STRONG"
                ],
                "description": "Level of data augmentation"
            },
            "weight_decay": {
                "type": "float",
                "range": [
                    1e-06,
                    0.01
                ],
                "scale": "log",
                "description": "L2 regularization coefficient, log scale"
            },
            "batch_size": {
                "type": "enum",
                "values": [
                    256,
                    512,
                    1024
                ],
                "description": "Training batch size"
            }
        }
    },
    "nested_validation_config": {
        "enabled": true,
        "outer_k_folds": 2
    },
    "genetic_algorithm_config": {
        "genetic_operators": {
            "active": [
                "selection",
                "crossover",
                "mutation",
                "elitism"
            ],
            "selection": {
                "type": "tournament",
                "tournament_size": 3
            },
            "crossover": {
                "type": "uniform",
                "crossover_prob": 0.8
            },
            "mutation": {
                "mutation_prob_discrete": 0.15,
                "mutation_prob_categorical": 0.15,
                "mutation_sigma_continuous": 0.1,
                "mutation_prob_continuous": 0.15
            },
            "elitism_percent": 0.1
        },
        "calibration": {
            "enabled": false,
            "population_size": 48,
            "generations": 10,
            "training_epochs": 20,
            "data_subset_percentage": 0.2,
            "mutation_decay_rate": 0.98,
            "stratification_bins": 9,
            "stop_conditions": {
                "max_generations": 10,
                "early_stop_generations": 999,
                "early_stop_epochs": 5,
                "fitness_goal": 0.81,
                "time_limit_minutes": 1440
            }
        },
        "main_algorithm": {
            "population_size": 24,
            "generations": 70,
            "training_epochs": 100,
            "mutation_decay_rate": 0.98,
            "stratification_bins": 3,
            "stop_conditions": {
                "max_generations": 70,
                "early_stop_generations": 10,
                "early_stop_epochs": 10,
                "fitness_goal": 0.99,
                "time_limit_minutes": 0
            }
        }
    }
}
2025-10-03 14:03:39.716 | INFO     | Logger initialized. Log file at logs/log_2025-10-03_12-03-39.log
2025-10-03 14:03:39.717 | INFO     | --- Starting Nested Resampling With 2 Folds ---
2025-10-03 14:03:40.580 | INFO     | --- Running Fold 1/2 ---
2025-10-03 14:03:40.581 | INFO     | Initializing worker pool...
2025-10-03 14:03:40.581 | INFO     | Using GPU-Only scheduling strategy.
2025-10-03 14:03:40.587 | INFO     | Worker pool initialized with 8 workers.
2025-10-03 14:03:41.514 | INFO     | Calibration disabled. Starting main algorithm with random population.
2025-10-03 14:03:41.515 | INFO     | --- Starting MAIN_ALGORITHM Phase ---
2025-10-03 14:03:41.515 | INFO     | Generations: 70, Population: 24
2025-10-03 14:03:41.515 | INFO     | --- MAIN_ALGORITHM - Generation 1/70 ---
2025-10-03 14:05:32.617 | INFO     | [Worker-3 / GPU-3] Evaluating Individual 3/24 (50 epochs)
2025-10-03 14:05:32.619 | INFO     | [Worker-3 / GPU-3] Hyperparameters: {'width_scale': 0.7525757181506039, 'fc1_units': 768, 'dropout_rate': 0.2161161286143052, 'optimizer_schedule': 'ADAMW_COSINE', 'base_lr': 0.046715984126040916, 'aug_intensity': 'STRONG', 'weight_decay': 8.045976941121087e-05, 'batch_size': 256}
2025-10-03 14:05:32.619 | INFO     | [Worker-3 / GPU-3] Epoch 1/50 | Train Acc: 0.1006, Train Loss: 12.3753 | Test Loss: 2.3049, Test Acc: 0.1000
2025-10-03 14:05:32.619 | INFO     | [Worker-3 / GPU-3] Epoch 2/50 | Train Acc: 0.0957, Train Loss: 2.3069 | Test Loss: 2.3066, Test Acc: 0.1000
2025-10-03 14:05:32.619 | INFO     | [Worker-3 / GPU-3] Epoch 3/50 | Train Acc: 0.0972, Train Loss: 2.3062 | Test Loss: 2.3042, Test Acc: 0.1000
2025-10-03 14:05:32.619 | INFO     | [Worker-3 / GPU-3] Epoch 4/50 | Train Acc: 0.0986, Train Loss: 2.3073 | Test Loss: 2.3103, Test Acc: 0.1001
2025-10-03 14:05:32.620 | INFO     | [Worker-3 / GPU-3] Epoch 5/50 | Train Acc: 0.0992, Train Loss: 2.3068 | Test Loss: 2.3046, Test Acc: 0.1000
2025-10-03 14:05:32.620 | INFO     | [Worker-3 / GPU-3] Epoch 6/50 | Train Acc: 0.0991, Train Loss: 2.3068 | Test Loss: 2.3089, Test Acc: 0.1000
2025-10-03 14:05:32.620 | INFO     | [Worker-3 / GPU-3] Epoch 7/50 | Train Acc: 0.0989, Train Loss: 2.3066 | Test Loss: 2.3093, Test Acc: 0.1000
2025-10-03 14:05:32.620 | INFO     | [Worker-3 / GPU-3] Epoch 8/50 | Train Acc: 0.1017, Train Loss: 2.3077 | Test Loss: 2.3054, Test Acc: 0.1000
2025-10-03 14:05:32.620 | INFO     | [Worker-3 / GPU-3] Epoch 9/50 | Train Acc: 0.0989, Train Loss: 2.3066 | Test Loss: 2.3054, Test Acc: 0.0999
2025-10-03 14:05:32.620 | INFO     | [Worker-3 / GPU-3] Epoch 9/50 | Train Acc: 0.0989, Train Loss: 2.3066 | Test Loss: 2.3054, Test Acc: 0.0999 / Early stopping triggered
2025-10-03 14:05:32.621 | INFO     | [Worker-3 / GPU-3] Individual 3 -> Accuracy: 0.0999, Loss: 2.3054 | Duration: 106.09s
2025-10-03 14:05:32.621 | INFO     | [Worker-3 / GPU-3] GPU memory used: 0.06 GB
2025-10-03 14:06:33.860 | INFO     | [Worker-2 / GPU-2] Evaluating Individual 0/24 (50 epochs)
2025-10-03 14:06:33.861 | INFO     | [Worker-2 / GPU-2] Hyperparameters: {'width_scale': 1.1477150219815835, 'fc1_units': 256, 'dropout_rate': 0.416267995660907, 'optimizer_schedule': 'ADAMW_ONECYCLE', 'base_lr': 0.024829103720093705, 'aug_intensity': 'MEDIUM', 'weight_decay': 1.721903510652565e-05, 'batch_size': 256}
2025-10-03 14:06:33.861 | INFO     | [Worker-2 / GPU-2] Epoch 1/50 | Train Acc: 0.3601, Train Loss: 1.7263 | Test Loss: 1.4502, Test Acc: 0.4804
2025-10-03 14:06:33.861 | INFO     | [Worker-2 / GPU-2] Epoch 2/50 | Train Acc: 0.4652, Train Loss: 1.4552 | Test Loss: 1.2780, Test Acc: 0.5295
2025-10-03 14:06:33.861 | INFO     | [Worker-2 / GPU-2] Epoch 3/50 | Train Acc: 0.5251, Train Loss: 1.3047 | Test Loss: 1.0736, Test Acc: 0.6074
2025-10-03 14:06:33.861 | INFO     | [Worker-2 / GPU-2] Epoch 4/50 | Train Acc: 0.5701, Train Loss: 1.1896 | Test Loss: 0.9873, Test Acc: 0.6388
2025-10-03 14:06:33.861 | INFO     | [Worker-2 / GPU-2] Epoch 5/50 | Train Acc: 0.5984, Train Loss: 1.1196 | Test Loss: 0.9062, Test Acc: 0.6785
2025-10-03 14:06:33.862 | INFO     | [Worker-2 / GPU-2] Epoch 6/50 | Train Acc: 0.6216, Train Loss: 1.0589 | Test Loss: 0.8779, Test Acc: 0.6821
2025-10-03 14:06:33.862 | INFO     | [Worker-2 / GPU-2] Epoch 7/50 | Train Acc: 0.6422, Train Loss: 1.0092 | Test Loss: 0.8731, Test Acc: 0.6947
2025-10-03 14:06:33.862 | INFO     | [Worker-2 / GPU-2] Epoch 8/50 | Train Acc: 0.6519, Train Loss: 0.9776 | Test Loss: 0.8126, Test Acc: 0.7141
2025-10-03 14:06:33.862 | INFO     | [Worker-2 / GPU-2] Epoch 9/50 | Train Acc: 0.6670, Train Loss: 0.9467 | Test Loss: 0.8119, Test Acc: 0.7138
2025-10-03 14:06:33.862 | INFO     | [Worker-2 / GPU-2] Epoch 10/50 | Train Acc: 0.6758, Train Loss: 0.9098 | Test Loss: 0.7661, Test Acc: 0.7244
2025-10-03 14:06:33.863 | INFO     | [Worker-2 / GPU-2] Epoch 11/50 | Train Acc: 0.6873, Train Loss: 0.8910 | Test Loss: 0.7901, Test Acc: 0.7201
2025-10-03 14:06:33.863 | INFO     | [Worker-2 / GPU-2] Epoch 12/50 | Train Acc: 0.6948, Train Loss: 0.8633 | Test Loss: 0.7783, Test Acc: 0.7285
2025-10-03 14:06:33.863 | INFO     | [Worker-2 / GPU-2] Epoch 13/50 | Train Acc: 0.7033, Train Loss: 0.8487 | Test Loss: 0.7433, Test Acc: 0.7360
2025-10-03 14:06:33.863 | INFO     | [Worker-2 / GPU-2] Epoch 14/50 | Train Acc: 0.7177, Train Loss: 0.8152 | Test Loss: 0.7695, Test Acc: 0.7318
2025-10-03 14:06:33.863 | INFO     | [Worker-2 / GPU-2] Epoch 15/50 | Train Acc: 0.7250, Train Loss: 0.7973 | Test Loss: 0.7062, Test Acc: 0.7510
2025-10-03 14:06:33.863 | INFO     | [Worker-2 / GPU-2] Epoch 16/50 | Train Acc: 0.7296, Train Loss: 0.7812 | Test Loss: 0.6972, Test Acc: 0.7567
2025-10-03 14:06:33.864 | INFO     | [Worker-2 / GPU-2] Epoch 17/50 | Train Acc: 0.7356, Train Loss: 0.7636 | Test Loss: 0.6669, Test Acc: 0.7680
2025-10-03 14:06:33.864 | INFO     | [Worker-2 / GPU-2] Epoch 18/50 | Train Acc: 0.7367, Train Loss: 0.7480 | Test Loss: 0.6781, Test Acc: 0.7600
2025-10-03 14:06:33.864 | INFO     | [Worker-2 / GPU-2] Epoch 19/50 | Train Acc: 0.7480, Train Loss: 0.7271 | Test Loss: 0.6762, Test Acc: 0.7679
2025-10-03 14:06:33.864 | INFO     | [Worker-2 / GPU-2] Epoch 20/50 | Train Acc: 0.7504, Train Loss: 0.7198 | Test Loss: 0.6311, Test Acc: 0.7815
2025-10-03 14:06:33.864 | INFO     | [Worker-2 / GPU-2] Epoch 21/50 | Train Acc: 0.7577, Train Loss: 0.7027 | Test Loss: 0.6216, Test Acc: 0.7850
2025-10-03 14:06:33.864 | INFO     | [Worker-2 / GPU-2] Epoch 22/50 | Train Acc: 0.7608, Train Loss: 0.6938 | Test Loss: 0.6387, Test Acc: 0.7772
2025-10-03 14:06:33.865 | INFO     | [Worker-2 / GPU-2] Epoch 23/50 | Train Acc: 0.7663, Train Loss: 0.6759 | Test Loss: 0.5919, Test Acc: 0.7939
2025-10-03 14:06:33.865 | INFO     | [Worker-2 / GPU-2] Epoch 24/50 | Train Acc: 0.7716, Train Loss: 0.6608 | Test Loss: 0.5967, Test Acc: 0.7952
2025-10-03 14:06:33.865 | INFO     | [Worker-2 / GPU-2] Epoch 25/50 | Train Acc: 0.7773, Train Loss: 0.6504 | Test Loss: 0.5842, Test Acc: 0.7994
2025-10-03 14:06:33.865 | INFO     | [Worker-2 / GPU-2] Epoch 26/50 | Train Acc: 0.7799, Train Loss: 0.6431 | Test Loss: 0.5743, Test Acc: 0.8011
2025-10-03 14:06:33.865 | INFO     | [Worker-2 / GPU-2] Epoch 27/50 | Train Acc: 0.7849, Train Loss: 0.6245 | Test Loss: 0.5820, Test Acc: 0.7972
2025-10-03 14:06:33.865 | INFO     | [Worker-2 / GPU-2] Epoch 28/50 | Train Acc: 0.7839, Train Loss: 0.6262 | Test Loss: 0.5923, Test Acc: 0.7987
2025-10-03 14:06:33.866 | INFO     | [Worker-2 / GPU-2] Epoch 29/50 | Train Acc: 0.7897, Train Loss: 0.6125 | Test Loss: 0.5936, Test Acc: 0.7953
2025-10-03 14:06:33.866 | INFO     | [Worker-2 / GPU-2] Epoch 30/50 | Train Acc: 0.7872, Train Loss: 0.6129 | Test Loss: 0.5709, Test Acc: 0.8053
2025-10-03 14:06:33.866 | INFO     | [Worker-2 / GPU-2] Epoch 31/50 | Train Acc: 0.7940, Train Loss: 0.5993 | Test Loss: 0.5621, Test Acc: 0.8098
2025-10-03 14:06:33.866 | INFO     | [Worker-2 / GPU-2] Epoch 32/50 | Train Acc: 0.7975, Train Loss: 0.5875 | Test Loss: 0.5716, Test Acc: 0.8083
2025-10-03 14:06:33.866 | INFO     | [Worker-2 / GPU-2] Epoch 33/50 | Train Acc: 0.7985, Train Loss: 0.5800 | Test Loss: 0.5758, Test Acc: 0.8048
2025-10-03 14:06:33.866 | INFO     | [Worker-2 / GPU-2] Epoch 34/50 | Train Acc: 0.8007, Train Loss: 0.5748 | Test Loss: 0.5761, Test Acc: 0.8056
2025-10-03 14:06:33.867 | INFO     | [Worker-2 / GPU-2] Epoch 35/50 | Train Acc: 0.8095, Train Loss: 0.5607 | Test Loss: 0.5527, Test Acc: 0.8130
2025-10-03 14:06:33.867 | INFO     | [Worker-2 / GPU-2] Epoch 36/50 | Train Acc: 0.8068, Train Loss: 0.5597 | Test Loss: 0.5410, Test Acc: 0.8182
2025-10-03 14:06:33.867 | INFO     | [Worker-2 / GPU-2] Epoch 37/50 | Train Acc: 0.8106, Train Loss: 0.5503 | Test Loss: 0.5710, Test Acc: 0.8090
2025-10-03 14:06:33.867 | INFO     | [Worker-2 / GPU-2] Epoch 38/50 | Train Acc: 0.8147, Train Loss: 0.5421 | Test Loss: 0.5882, Test Acc: 0.8063
2025-10-03 14:06:33.867 | INFO     | [Worker-2 / GPU-2] Epoch 39/50 | Train Acc: 0.8124, Train Loss: 0.5428 | Test Loss: 0.5319, Test Acc: 0.8219
2025-10-03 14:06:33.867 | INFO     | [Worker-2 / GPU-2] Epoch 40/50 | Train Acc: 0.8139, Train Loss: 0.5387 | Test Loss: 0.5429, Test Acc: 0.8155
2025-10-03 14:06:33.868 | INFO     | [Worker-2 / GPU-2] Epoch 41/50 | Train Acc: 0.8181, Train Loss: 0.5326 | Test Loss: 0.5476, Test Acc: 0.8160
2025-10-03 14:06:33.868 | INFO     | [Worker-2 / GPU-2] Epoch 42/50 | Train Acc: 0.8164, Train Loss: 0.5305 | Test Loss: 0.5487, Test Acc: 0.8150
2025-10-03 14:06:33.868 | INFO     | [Worker-2 / GPU-2] Epoch 43/50 | Train Acc: 0.8240, Train Loss: 0.5168 | Test Loss: 0.5389, Test Acc: 0.8198
2025-10-03 14:06:33.868 | INFO     | [Worker-2 / GPU-2] Epoch 44/50 | Train Acc: 0.8245, Train Loss: 0.5109 | Test Loss: 0.5550, Test Acc: 0.8162
2025-10-03 14:06:33.868 | INFO     | [Worker-2 / GPU-2] Epoch 44/50 | Train Acc: 0.8245, Train Loss: 0.5109 | Test Loss: 0.5550, Test Acc: 0.8162 / Early stopping triggered
2025-10-03 14:06:33.868 | INFO     | [Worker-2 / GPU-2] Individual 0 -> Accuracy: 0.8162, Loss: 0.5550 | Duration: 167.49s
2025-10-03 14:06:33.869 | INFO     | [Worker-2 / GPU-2] GPU memory used: 0.05 GB
2025-10-03 14:06:37.083 | INFO     | [Worker-1 / GPU-1] Evaluating Individual 2/24 (50 epochs)
2025-10-03 14:06:37.084 | INFO     | [Worker-1 / GPU-1] Hyperparameters: {'width_scale': 2.726062716215027, 'fc1_units': 768, 'dropout_rate': 0.20578132812428235, 'optimizer_schedule': 'SGD_ONECYCLE', 'base_lr': 0.007705387268130408, 'aug_intensity': 'STRONG', 'weight_decay': 0.0030289567424937524, 'batch_size': 512}
2025-10-03 14:06:37.084 | INFO     | [Worker-1 / GPU-1] Scaled base_lr to value 0.015410774536260816 for batch_size 512
2025-10-03 14:06:37.084 | INFO     | [Worker-1 / GPU-1] Epoch 1/50 | Train Acc: 0.3908, Train Loss: 1.6784 | Test Loss: 1.3458, Test Acc: 0.5184
2025-10-03 14:06:37.084 | INFO     | [Worker-1 / GPU-1] Epoch 2/50 | Train Acc: 0.5101, Train Loss: 1.3533 | Test Loss: 1.1044, Test Acc: 0.6046
2025-10-03 14:06:37.084 | INFO     | [Worker-1 / GPU-1] Epoch 3/50 | Train Acc: 0.5678, Train Loss: 1.2070 | Test Loss: 1.0371, Test Acc: 0.6303
2025-10-03 14:06:37.085 | INFO     | [Worker-1 / GPU-1] Epoch 4/50 | Train Acc: 0.6046, Train Loss: 1.1101 | Test Loss: 0.9641, Test Acc: 0.6563
2025-10-03 14:06:37.085 | INFO     | [Worker-1 / GPU-1] Epoch 5/50 | Train Acc: 0.6309, Train Loss: 1.0391 | Test Loss: 0.9246, Test Acc: 0.6721
2025-10-03 14:06:37.085 | INFO     | [Worker-1 / GPU-1] Epoch 6/50 | Train Acc: 0.6482, Train Loss: 0.9920 | Test Loss: 0.8843, Test Acc: 0.6917
2025-10-03 14:06:37.085 | INFO     | [Worker-1 / GPU-1] Epoch 7/50 | Train Acc: 0.6664, Train Loss: 0.9476 | Test Loss: 0.8494, Test Acc: 0.6984
2025-10-03 14:06:37.085 | INFO     | [Worker-1 / GPU-1] Epoch 8/50 | Train Acc: 0.6820, Train Loss: 0.9036 | Test Loss: 0.8084, Test Acc: 0.7193
2025-10-03 14:06:37.085 | INFO     | [Worker-1 / GPU-1] Epoch 9/50 | Train Acc: 0.6930, Train Loss: 0.8693 | Test Loss: 0.7769, Test Acc: 0.7284
2025-10-03 14:06:37.086 | INFO     | [Worker-1 / GPU-1] Epoch 10/50 | Train Acc: 0.7065, Train Loss: 0.8363 | Test Loss: 0.7798, Test Acc: 0.7209
2025-10-03 14:06:37.086 | INFO     | [Worker-1 / GPU-1] Epoch 11/50 | Train Acc: 0.7121, Train Loss: 0.8203 | Test Loss: 0.7039, Test Acc: 0.7540
2025-10-03 14:06:37.086 | INFO     | [Worker-1 / GPU-1] Epoch 12/50 | Train Acc: 0.7228, Train Loss: 0.7933 | Test Loss: 0.7336, Test Acc: 0.7403
2025-10-03 14:06:37.086 | INFO     | [Worker-1 / GPU-1] Epoch 13/50 | Train Acc: 0.7303, Train Loss: 0.7676 | Test Loss: 0.6594, Test Acc: 0.7682
2025-10-03 14:06:37.086 | INFO     | [Worker-1 / GPU-1] Epoch 14/50 | Train Acc: 0.7314, Train Loss: 0.7570 | Test Loss: 0.6877, Test Acc: 0.7597
2025-10-03 14:06:37.086 | INFO     | [Worker-1 / GPU-1] Epoch 15/50 | Train Acc: 0.7439, Train Loss: 0.7291 | Test Loss: 0.6711, Test Acc: 0.7660
2025-10-03 14:06:37.087 | INFO     | [Worker-1 / GPU-1] Epoch 16/50 | Train Acc: 0.7485, Train Loss: 0.7154 | Test Loss: 0.6628, Test Acc: 0.7672
2025-10-03 14:06:37.087 | INFO     | [Worker-1 / GPU-1] Epoch 17/50 | Train Acc: 0.7545, Train Loss: 0.7058 | Test Loss: 0.6484, Test Acc: 0.7746
2025-10-03 14:06:37.087 | INFO     | [Worker-1 / GPU-1] Epoch 18/50 | Train Acc: 0.7580, Train Loss: 0.6846 | Test Loss: 0.6481, Test Acc: 0.7760
2025-10-03 14:06:37.087 | INFO     | [Worker-1 / GPU-1] Epoch 19/50 | Train Acc: 0.7677, Train Loss: 0.6695 | Test Loss: 0.6551, Test Acc: 0.7686
2025-10-03 14:06:37.087 | INFO     | [Worker-1 / GPU-1] Epoch 20/50 | Train Acc: 0.7708, Train Loss: 0.6601 | Test Loss: 0.6122, Test Acc: 0.7861
2025-10-03 14:06:37.087 | INFO     | [Worker-1 / GPU-1] Epoch 21/50 | Train Acc: 0.7784, Train Loss: 0.6376 | Test Loss: 0.6024, Test Acc: 0.7877
2025-10-03 14:06:37.088 | INFO     | [Worker-1 / GPU-1] Epoch 22/50 | Train Acc: 0.7786, Train Loss: 0.6318 | Test Loss: 0.5772, Test Acc: 0.8011
2025-10-03 14:06:37.088 | INFO     | [Worker-1 / GPU-1] Epoch 23/50 | Train Acc: 0.7836, Train Loss: 0.6205 | Test Loss: 0.6004, Test Acc: 0.7910
2025-10-03 14:06:37.088 | INFO     | [Worker-1 / GPU-1] Epoch 24/50 | Train Acc: 0.7898, Train Loss: 0.6068 | Test Loss: 0.5939, Test Acc: 0.7923
2025-10-03 14:06:37.088 | INFO     | [Worker-1 / GPU-1] Epoch 25/50 | Train Acc: 0.7910, Train Loss: 0.6007 | Test Loss: 0.6013, Test Acc: 0.7919
2025-10-03 14:06:37.088 | INFO     | [Worker-1 / GPU-1] Epoch 26/50 | Train Acc: 0.7953, Train Loss: 0.5890 | Test Loss: 0.6262, Test Acc: 0.7842
2025-10-03 14:06:37.088 | INFO     | [Worker-1 / GPU-1] Epoch 27/50 | Train Acc: 0.7935, Train Loss: 0.5913 | Test Loss: 0.5626, Test Acc: 0.8058
2025-10-03 14:06:37.088 | INFO     | [Worker-1 / GPU-1] Epoch 28/50 | Train Acc: 0.7985, Train Loss: 0.5761 | Test Loss: 0.5597, Test Acc: 0.8061
2025-10-03 14:06:37.089 | INFO     | [Worker-1 / GPU-1] Epoch 29/50 | Train Acc: 0.8064, Train Loss: 0.5618 | Test Loss: 0.5589, Test Acc: 0.8023
2025-10-03 14:06:37.089 | INFO     | [Worker-1 / GPU-1] Epoch 30/50 | Train Acc: 0.8056, Train Loss: 0.5588 | Test Loss: 0.5711, Test Acc: 0.8024
2025-10-03 14:06:37.089 | INFO     | [Worker-1 / GPU-1] Epoch 31/50 | Train Acc: 0.8104, Train Loss: 0.5464 | Test Loss: 0.5545, Test Acc: 0.8082
2025-10-03 14:06:37.089 | INFO     | [Worker-1 / GPU-1] Epoch 32/50 | Train Acc: 0.8140, Train Loss: 0.5412 | Test Loss: 0.5515, Test Acc: 0.8105
2025-10-03 14:06:37.089 | INFO     | [Worker-1 / GPU-1] Epoch 33/50 | Train Acc: 0.8156, Train Loss: 0.5366 | Test Loss: 0.5333, Test Acc: 0.8152
2025-10-03 14:06:37.089 | INFO     | [Worker-1 / GPU-1] Epoch 34/50 | Train Acc: 0.8169, Train Loss: 0.5302 | Test Loss: 0.5427, Test Acc: 0.8125
2025-10-03 14:06:37.090 | INFO     | [Worker-1 / GPU-1] Epoch 35/50 | Train Acc: 0.8177, Train Loss: 0.5223 | Test Loss: 0.5711, Test Acc: 0.8001
2025-10-03 14:06:37.090 | INFO     | [Worker-1 / GPU-1] Epoch 36/50 | Train Acc: 0.8221, Train Loss: 0.5174 | Test Loss: 0.5406, Test Acc: 0.8126
2025-10-03 14:06:37.090 | INFO     | [Worker-1 / GPU-1] Epoch 37/50 | Train Acc: 0.8226, Train Loss: 0.5131 | Test Loss: 0.5170, Test Acc: 0.8184
2025-10-03 14:06:37.090 | INFO     | [Worker-1 / GPU-1] Epoch 38/50 | Train Acc: 0.8245, Train Loss: 0.5094 | Test Loss: 0.5103, Test Acc: 0.8262
2025-10-03 14:06:37.090 | INFO     | [Worker-1 / GPU-1] Epoch 39/50 | Train Acc: 0.8269, Train Loss: 0.5013 | Test Loss: 0.5437, Test Acc: 0.8082
2025-10-03 14:06:37.090 | INFO     | [Worker-1 / GPU-1] Epoch 40/50 | Train Acc: 0.8302, Train Loss: 0.4947 | Test Loss: 0.5453, Test Acc: 0.8113
2025-10-03 14:06:37.091 | INFO     | [Worker-1 / GPU-1] Epoch 41/50 | Train Acc: 0.8322, Train Loss: 0.4855 | Test Loss: 0.5149, Test Acc: 0.8218
2025-10-03 14:06:37.091 | INFO     | [Worker-1 / GPU-1] Epoch 42/50 | Train Acc: 0.8336, Train Loss: 0.4821 | Test Loss: 0.5095, Test Acc: 0.8241
2025-10-03 14:06:37.091 | INFO     | [Worker-1 / GPU-1] Epoch 43/50 | Train Acc: 0.8358, Train Loss: 0.4744 | Test Loss: 0.5039, Test Acc: 0.8259
2025-10-03 14:06:37.091 | INFO     | [Worker-1 / GPU-1] Epoch 43/50 | Train Acc: 0.8358, Train Loss: 0.4744 | Test Loss: 0.5039, Test Acc: 0.8259 / Early stopping triggered
2025-10-03 14:06:37.091 | INFO     | [Worker-1 / GPU-1] Individual 2 -> Accuracy: 0.8259, Loss: 0.5039 | Duration: 170.55s
2025-10-03 14:06:37.091 | INFO     | [Worker-1 / GPU-1] GPU memory used: 0.14 GB
2025-10-03 14:06:39.390 | INFO     | [Worker-0 / GPU-0] Evaluating Individual 1/24 (50 epochs)
2025-10-03 14:06:39.390 | INFO     | [Worker-0 / GPU-0] Hyperparameters: {'width_scale': 2.8163816157490142, 'fc1_units': 768, 'dropout_rate': 0.36323724227324916, 'optimizer_schedule': 'ADAMW_ONECYCLE', 'base_lr': 0.004213283602783518, 'aug_intensity': 'STRONG', 'weight_decay': 0.002807979519122296, 'batch_size': 512}
2025-10-03 14:06:39.390 | INFO     | [Worker-0 / GPU-0] Scaled base_lr to value 0.005958482813180628 for batch_size 512
2025-10-03 14:06:39.390 | INFO     | [Worker-0 / GPU-0] Epoch 1/50 | Train Acc: 0.3962, Train Loss: 1.6582 | Test Loss: 1.3503, Test Acc: 0.5089
2025-10-03 14:06:39.391 | INFO     | [Worker-0 / GPU-0] Epoch 2/50 | Train Acc: 0.5242, Train Loss: 1.3127 | Test Loss: 1.1278, Test Acc: 0.5866
2025-10-03 14:06:39.391 | INFO     | [Worker-0 / GPU-0] Epoch 3/50 | Train Acc: 0.5923, Train Loss: 1.1435 | Test Loss: 0.9722, Test Acc: 0.6535
2025-10-03 14:06:39.391 | INFO     | [Worker-0 / GPU-0] Epoch 4/50 | Train Acc: 0.6271, Train Loss: 1.0481 | Test Loss: 0.8824, Test Acc: 0.6905
2025-10-03 14:06:39.391 | INFO     | [Worker-0 / GPU-0] Epoch 5/50 | Train Acc: 0.6537, Train Loss: 0.9755 | Test Loss: 0.8443, Test Acc: 0.7043
2025-10-03 14:06:39.391 | INFO     | [Worker-0 / GPU-0] Epoch 6/50 | Train Acc: 0.6738, Train Loss: 0.9264 | Test Loss: 0.7979, Test Acc: 0.7205
2025-10-03 14:06:39.391 | INFO     | [Worker-0 / GPU-0] Epoch 7/50 | Train Acc: 0.6934, Train Loss: 0.8756 | Test Loss: 0.7243, Test Acc: 0.7473
2025-10-03 14:06:39.392 | INFO     | [Worker-0 / GPU-0] Epoch 8/50 | Train Acc: 0.7010, Train Loss: 0.8473 | Test Loss: 0.7054, Test Acc: 0.7470
2025-10-03 14:06:39.392 | INFO     | [Worker-0 / GPU-0] Epoch 9/50 | Train Acc: 0.7098, Train Loss: 0.8154 | Test Loss: 0.6592, Test Acc: 0.7657
2025-10-03 14:06:39.392 | INFO     | [Worker-0 / GPU-0] Epoch 10/50 | Train Acc: 0.7226, Train Loss: 0.7892 | Test Loss: 0.7018, Test Acc: 0.7552
2025-10-03 14:06:39.392 | INFO     | [Worker-0 / GPU-0] Epoch 11/50 | Train Acc: 0.7294, Train Loss: 0.7696 | Test Loss: 0.6562, Test Acc: 0.7691
2025-10-03 14:06:39.392 | INFO     | [Worker-0 / GPU-0] Epoch 12/50 | Train Acc: 0.7389, Train Loss: 0.7424 | Test Loss: 0.6555, Test Acc: 0.7699
2025-10-03 14:06:39.392 | INFO     | [Worker-0 / GPU-0] Epoch 13/50 | Train Acc: 0.7450, Train Loss: 0.7246 | Test Loss: 0.6369, Test Acc: 0.7734
2025-10-03 14:06:39.393 | INFO     | [Worker-0 / GPU-0] Epoch 14/50 | Train Acc: 0.7498, Train Loss: 0.7083 | Test Loss: 0.6444, Test Acc: 0.7778
2025-10-03 14:06:39.393 | INFO     | [Worker-0 / GPU-0] Epoch 15/50 | Train Acc: 0.7568, Train Loss: 0.6932 | Test Loss: 0.5950, Test Acc: 0.7907
2025-10-03 14:06:39.393 | INFO     | [Worker-0 / GPU-0] Epoch 16/50 | Train Acc: 0.7617, Train Loss: 0.6710 | Test Loss: 0.6304, Test Acc: 0.7778
2025-10-03 14:06:39.393 | INFO     | [Worker-0 / GPU-0] Epoch 17/50 | Train Acc: 0.7661, Train Loss: 0.6644 | Test Loss: 0.6425, Test Acc: 0.7710
2025-10-03 14:06:39.393 | INFO     | [Worker-0 / GPU-0] Epoch 18/50 | Train Acc: 0.7751, Train Loss: 0.6405 | Test Loss: 0.5747, Test Acc: 0.7988
2025-10-03 14:06:39.393 | INFO     | [Worker-0 / GPU-0] Epoch 19/50 | Train Acc: 0.7758, Train Loss: 0.6325 | Test Loss: 0.5758, Test Acc: 0.8029
2025-10-03 14:06:39.394 | INFO     | [Worker-0 / GPU-0] Epoch 20/50 | Train Acc: 0.7836, Train Loss: 0.6137 | Test Loss: 0.6031, Test Acc: 0.7915
2025-10-03 14:06:39.394 | INFO     | [Worker-0 / GPU-0] Epoch 21/50 | Train Acc: 0.7920, Train Loss: 0.6001 | Test Loss: 0.5378, Test Acc: 0.8102
2025-10-03 14:06:39.394 | INFO     | [Worker-0 / GPU-0] Epoch 22/50 | Train Acc: 0.7926, Train Loss: 0.5850 | Test Loss: 0.5306, Test Acc: 0.8148
2025-10-03 14:06:39.394 | INFO     | [Worker-0 / GPU-0] Epoch 23/50 | Train Acc: 0.7938, Train Loss: 0.5886 | Test Loss: 0.5309, Test Acc: 0.8178
2025-10-03 14:06:39.394 | INFO     | [Worker-0 / GPU-0] Epoch 24/50 | Train Acc: 0.7992, Train Loss: 0.5662 | Test Loss: 0.5169, Test Acc: 0.8195
2025-10-03 14:06:39.394 | INFO     | [Worker-0 / GPU-0] Epoch 25/50 | Train Acc: 0.8044, Train Loss: 0.5548 | Test Loss: 0.5399, Test Acc: 0.8136
2025-10-03 14:06:39.394 | INFO     | [Worker-0 / GPU-0] Epoch 26/50 | Train Acc: 0.8058, Train Loss: 0.5555 | Test Loss: 0.5372, Test Acc: 0.8146
2025-10-03 14:06:39.395 | INFO     | [Worker-0 / GPU-0] Epoch 27/50 | Train Acc: 0.8112, Train Loss: 0.5376 | Test Loss: 0.5284, Test Acc: 0.8178
2025-10-03 14:06:39.395 | INFO     | [Worker-0 / GPU-0] Epoch 28/50 | Train Acc: 0.8184, Train Loss: 0.5199 | Test Loss: 0.5153, Test Acc: 0.8244
2025-10-03 14:06:39.395 | INFO     | [Worker-0 / GPU-0] Epoch 29/50 | Train Acc: 0.8172, Train Loss: 0.5212 | Test Loss: 0.4968, Test Acc: 0.8289
2025-10-03 14:06:39.395 | INFO     | [Worker-0 / GPU-0] Epoch 30/50 | Train Acc: 0.8186, Train Loss: 0.5107 | Test Loss: 0.5370, Test Acc: 0.8156
2025-10-03 14:06:39.395 | INFO     | [Worker-0 / GPU-0] Epoch 31/50 | Train Acc: 0.8262, Train Loss: 0.4964 | Test Loss: 0.5152, Test Acc: 0.8272
2025-10-03 14:06:39.395 | INFO     | [Worker-0 / GPU-0] Epoch 32/50 | Train Acc: 0.8250, Train Loss: 0.5010 | Test Loss: 0.5073, Test Acc: 0.8249
2025-10-03 14:06:39.396 | INFO     | [Worker-0 / GPU-0] Epoch 33/50 | Train Acc: 0.8301, Train Loss: 0.4832 | Test Loss: 0.5231, Test Acc: 0.8234
2025-10-03 14:06:39.396 | INFO     | [Worker-0 / GPU-0] Epoch 34/50 | Train Acc: 0.8355, Train Loss: 0.4655 | Test Loss: 0.4823, Test Acc: 0.8330
2025-10-03 14:06:39.396 | INFO     | [Worker-0 / GPU-0] Epoch 35/50 | Train Acc: 0.8331, Train Loss: 0.4750 | Test Loss: 0.4859, Test Acc: 0.8303
2025-10-03 14:06:39.396 | INFO     | [Worker-0 / GPU-0] Epoch 36/50 | Train Acc: 0.8365, Train Loss: 0.4653 | Test Loss: 0.5272, Test Acc: 0.8217
2025-10-03 14:06:39.396 | INFO     | [Worker-0 / GPU-0] Epoch 37/50 | Train Acc: 0.8383, Train Loss: 0.4617 | Test Loss: 0.4876, Test Acc: 0.8311
2025-10-03 14:06:39.396 | INFO     | [Worker-0 / GPU-0] Epoch 38/50 | Train Acc: 0.8432, Train Loss: 0.4382 | Test Loss: 0.4892, Test Acc: 0.8335
2025-10-03 14:06:39.396 | INFO     | [Worker-0 / GPU-0] Epoch 39/50 | Train Acc: 0.8411, Train Loss: 0.4495 | Test Loss: 0.4687, Test Acc: 0.8412
2025-10-03 14:06:39.397 | INFO     | [Worker-0 / GPU-0] Epoch 40/50 | Train Acc: 0.8465, Train Loss: 0.4352 | Test Loss: 0.5118, Test Acc: 0.8261
2025-10-03 14:06:39.397 | INFO     | [Worker-0 / GPU-0] Epoch 41/50 | Train Acc: 0.8502, Train Loss: 0.4298 | Test Loss: 0.4922, Test Acc: 0.8339
2025-10-03 14:06:39.397 | INFO     | [Worker-0 / GPU-0] Epoch 42/50 | Train Acc: 0.8532, Train Loss: 0.4177 | Test Loss: 0.4947, Test Acc: 0.8354
2025-10-03 14:06:39.397 | INFO     | [Worker-0 / GPU-0] Epoch 43/50 | Train Acc: 0.8504, Train Loss: 0.4228 | Test Loss: 0.4820, Test Acc: 0.8360
2025-10-03 14:06:39.397 | INFO     | [Worker-0 / GPU-0] Epoch 44/50 | Train Acc: 0.8571, Train Loss: 0.4073 | Test Loss: 0.4812, Test Acc: 0.8381
2025-10-03 14:06:39.397 | INFO     | [Worker-0 / GPU-0] Epoch 44/50 | Train Acc: 0.8571, Train Loss: 0.4073 | Test Loss: 0.4812, Test Acc: 0.8381 / Early stopping triggered
2025-10-03 14:06:39.398 | INFO     | [Worker-0 / GPU-0] Individual 1 -> Accuracy: 0.8381, Loss: 0.4812 | Duration: 172.96s
2025-10-03 14:06:39.398 | INFO     | [Worker-0 / GPU-0] GPU memory used: 0.17 GB
