2025-10-03 14:43:31.764 | INFO     | Configuration:
{
    "project": {
        "name": "HPO Paper-Based Experiment",
        "seed": 6873
    },
    "environment": {
        "data_source": {
            "dataset": "CIFAR-10",
            "path": "./model_data"
        },
        "logging": {
            "log_file": "logs/experiment.log",
            "error_log_file": "logs/error.log",
            "report_directory": "reports"
        }
    },
    "checkpoint_config": {
        "interval_per_gen": 1
    },
    "parallel_config": {
        "execution": {
            "evaluation_mode": "GPU",
            "enable_parallel": true,
            "gpu_workers": 4,
            "cpu_workers": 0,
            "gpu_cpu_performance_ratio": 16,
            "dataloader_workers": {
                "per_gpu": 16,
                "per_cpu": 1
            }
        }
    },
    "neural_network_config": {
        "input_shape": [
            3,
            32,
            32
        ],
        "output_classes": 10,
        "conv_blocks": 3,
        "fixed_parameters": {
            "activation_function": "relu",
            "base_filters": 32
        },
        "hyperparameter_space": {
            "width_scale": {
                "type": "float",
                "range": [
                    0.75,
                    3.0
                ],
                "description": "Scales the number of filters in convolutional layers"
            },
            "fc1_units": {
                "type": "enum",
                "values": [
                    256,
                    512,
                    768,
                    1024
                ],
                "description": "Number of neurons in the first fully connected layer"
            },
            "dropout_rate": {
                "type": "float",
                "range": [
                    0.2,
                    0.5
                ],
                "description": "Dropout intensity in the first fully connected layer"
            },
            "optimizer_schedule": {
                "type": "enum",
                "values": [
                    "SGD_ONECYCLE",
                    "SGD_COSINE",
                    "ADAMW_COSINE",
                    "ADAMW_ONECYCLE"
                ],
                "description": "Optimizer type + Learning rate scheduler"
            },
            "base_lr": {
                "type": "float",
                "range": [
                    0.001,
                    0.1
                ],
                "scale": "log",
                "description": "Base learning rate value, log scale"
            },
            "aug_intensity": {
                "type": "enum",
                "values": [
                    "MEDIUM",
                    "STRONG"
                ],
                "description": "Level of data augmentation"
            },
            "weight_decay": {
                "type": "float",
                "range": [
                    1e-06,
                    0.01
                ],
                "scale": "log",
                "description": "L2 regularization coefficient, log scale"
            },
            "batch_size": {
                "type": "enum",
                "values": [
                    256,
                    512,
                    1024
                ],
                "description": "Training batch size"
            }
        }
    },
    "nested_validation_config": {
        "enabled": true,
        "outer_k_folds": 2
    },
    "genetic_algorithm_config": {
        "genetic_operators": {
            "active": [
                "selection",
                "crossover",
                "mutation",
                "elitism"
            ],
            "selection": {
                "type": "tournament",
                "tournament_size": 3
            },
            "crossover": {
                "type": "uniform",
                "crossover_prob": 0.8
            },
            "mutation": {
                "mutation_prob_discrete": 0.15,
                "mutation_prob_categorical": 0.15,
                "mutation_sigma_continuous": 0.1,
                "mutation_prob_continuous": 0.15
            },
            "elitism_percent": 0.1
        },
        "calibration": {
            "enabled": false,
            "population_size": 48,
            "generations": 10,
            "training_epochs": 20,
            "data_subset_percentage": 0.2,
            "mutation_decay_rate": 0.98,
            "stratification_bins": 9,
            "stop_conditions": {
                "max_generations": 10,
                "early_stop_generations": 999,
                "early_stop_epochs": 5,
                "fitness_goal": 0.81,
                "time_limit_minutes": 1440
            }
        },
        "main_algorithm": {
            "population_size": 24,
            "generations": 70,
            "training_epochs": 100,
            "mutation_decay_rate": 0.98,
            "stratification_bins": 3,
            "stop_conditions": {
                "max_generations": 70,
                "early_stop_generations": 10,
                "early_stop_epochs": 10,
                "fitness_goal": 0.99,
                "time_limit_minutes": 0
            }
        }
    }
}
2025-10-03 14:43:31.766 | INFO     | Logger initialized. Log file at logs/log_2025-10-03_12-43-30.log
2025-10-03 14:43:31.766 | INFO     | --- Starting Nested Resampling With 2 Folds ---
2025-10-03 14:43:32.628 | INFO     | --- Running Fold 1/2 ---
2025-10-03 14:43:32.629 | INFO     | Initializing worker pool...
2025-10-03 14:43:32.629 | INFO     | Using GPU-Only scheduling strategy.
2025-10-03 14:43:32.633 | INFO     | Worker pool initialized with 4 workers.
2025-10-03 14:43:33.127 | INFO     | Calibration disabled. Starting main algorithm with random population.
2025-10-03 14:43:33.128 | INFO     | --- Starting MAIN_ALGORITHM Phase ---
2025-10-03 14:43:33.128 | INFO     | Generations: 70, Population: 24
2025-10-03 14:43:33.128 | INFO     | --- MAIN_ALGORITHM - Generation 1/70 ---
2025-10-03 14:46:18.887 | INFO     | [Worker-0 / GPU-0] Evaluating Individual 1/24 (50 epochs)
2025-10-03 14:46:18.888 | INFO     | [Worker-0 / GPU-0] Hyperparameters: {'width_scale': 2.8163816157490142, 'fc1_units': 768, 'dropout_rate': 0.36323724227324916, 'optimizer_schedule': 'ADAMW_ONECYCLE', 'base_lr': 0.004213283602783518, 'aug_intensity': 'STRONG', 'weight_decay': 0.002807979519122296, 'batch_size': 512}
2025-10-03 14:46:18.888 | INFO     | [Worker-0 / GPU-0] Scaled base_lr to value 0.005958482813180628 for batch_size 512
2025-10-03 14:46:18.888 | INFO     | [Worker-0 / GPU-0] Epoch 1/50 | Train Acc: 0.3657, Train Loss: 1.7276 | Test Loss: 1.3323, Test Acc: 0.5178
2025-10-03 14:46:18.888 | INFO     | [Worker-0 / GPU-0] Epoch 2/50 | Train Acc: 0.5084, Train Loss: 1.3475 | Test Loss: 1.0860, Test Acc: 0.6074
2025-10-03 14:46:18.889 | INFO     | [Worker-0 / GPU-0] Epoch 3/50 | Train Acc: 0.5718, Train Loss: 1.1881 | Test Loss: 0.9650, Test Acc: 0.6614
2025-10-03 14:46:18.889 | INFO     | [Worker-0 / GPU-0] Epoch 4/50 | Train Acc: 0.6191, Train Loss: 1.0779 | Test Loss: 0.9314, Test Acc: 0.6754
2025-10-03 14:46:18.889 | INFO     | [Worker-0 / GPU-0] Epoch 5/50 | Train Acc: 0.6393, Train Loss: 1.0142 | Test Loss: 0.8858, Test Acc: 0.6785
2025-10-03 14:46:18.889 | INFO     | [Worker-0 / GPU-0] Unexpected error for individual 1: 'DataLoader' object has no attribute 'loaders'
2025-10-03 14:46:19.315 | INFO     | [Worker-2 / GPU-2] Evaluating Individual 3/24 (50 epochs)
2025-10-03 14:46:19.315 | INFO     | [Worker-2 / GPU-2] Hyperparameters: {'width_scale': 0.7525757181506039, 'fc1_units': 768, 'dropout_rate': 0.2161161286143052, 'optimizer_schedule': 'ADAMW_COSINE', 'base_lr': 0.046715984126040916, 'aug_intensity': 'STRONG', 'weight_decay': 8.045976941121087e-05, 'batch_size': 256}
2025-10-03 14:46:19.316 | INFO     | [Worker-2 / GPU-2] Epoch 1/50 | Train Acc: 0.1250, Train Loss: 11.3356 | Test Loss: 2.1143, Test Acc: 0.1830
2025-10-03 14:46:19.316 | INFO     | [Worker-2 / GPU-2] Epoch 2/50 | Train Acc: 0.1980, Train Loss: 2.0602 | Test Loss: 1.9258, Test Acc: 0.2288
2025-10-03 14:46:19.316 | INFO     | [Worker-2 / GPU-2] Epoch 3/50 | Train Acc: 0.2164, Train Loss: 1.9818 | Test Loss: 1.8512, Test Acc: 0.2912
2025-10-03 14:46:19.316 | INFO     | [Worker-2 / GPU-2] Epoch 4/50 | Train Acc: 0.2283, Train Loss: 1.9363 | Test Loss: 1.8126, Test Acc: 0.2619
2025-10-03 14:46:19.316 | INFO     | [Worker-2 / GPU-2] Epoch 5/50 | Train Acc: 0.2457, Train Loss: 1.9085 | Test Loss: 1.7635, Test Acc: 0.2967
2025-10-03 14:46:19.317 | INFO     | [Worker-2 / GPU-2] Unexpected error for individual 3: 'DataLoader' object has no attribute 'loaders'
2025-10-03 14:46:40.768 | INFO     | [Worker-1 / GPU-1] Evaluating Individual 2/24 (50 epochs)
2025-10-03 14:46:40.769 | INFO     | [Worker-1 / GPU-1] Hyperparameters: {'width_scale': 2.726062716215027, 'fc1_units': 768, 'dropout_rate': 0.20578132812428235, 'optimizer_schedule': 'SGD_ONECYCLE', 'base_lr': 0.007705387268130408, 'aug_intensity': 'STRONG', 'weight_decay': 0.0030289567424937524, 'batch_size': 512}
2025-10-03 14:46:40.769 | INFO     | [Worker-1 / GPU-1] Scaled base_lr to value 0.015410774536260816 for batch_size 512
2025-10-03 14:46:40.769 | INFO     | [Worker-1 / GPU-1] Epoch 1/50 | Train Acc: 0.3736, Train Loss: 1.7139 | Test Loss: 1.3016, Test Acc: 0.5356
2025-10-03 14:46:40.769 | INFO     | [Worker-1 / GPU-1] Epoch 2/50 | Train Acc: 0.5061, Train Loss: 1.3698 | Test Loss: 1.1294, Test Acc: 0.6004
2025-10-03 14:46:40.770 | INFO     | [Worker-1 / GPU-1] Epoch 3/50 | Train Acc: 0.5602, Train Loss: 1.2247 | Test Loss: 1.0307, Test Acc: 0.6387
2025-10-03 14:46:40.770 | INFO     | [Worker-1 / GPU-1] Epoch 4/50 | Train Acc: 0.5976, Train Loss: 1.1359 | Test Loss: 0.9489, Test Acc: 0.6677
2025-10-03 14:46:40.770 | INFO     | [Worker-1 / GPU-1] Epoch 5/50 | Train Acc: 0.6221, Train Loss: 1.0684 | Test Loss: 0.9201, Test Acc: 0.6812
2025-10-03 14:46:40.770 | INFO     | [Worker-1 / GPU-1] Unexpected error for individual 2: 'DataLoader' object has no attribute 'loaders'
2025-10-03 14:47:54.919 | INFO     | [Worker-3 / GPU-3] Evaluating Individual 0/24 (50 epochs)
2025-10-03 14:47:54.920 | INFO     | [Worker-3 / GPU-3] Hyperparameters: {'width_scale': 1.1477150219815835, 'fc1_units': 256, 'dropout_rate': 0.416267995660907, 'optimizer_schedule': 'ADAMW_ONECYCLE', 'base_lr': 0.024829103720093705, 'aug_intensity': 'MEDIUM', 'weight_decay': 1.721903510652565e-05, 'batch_size': 256}
2025-10-03 14:47:54.920 | INFO     | [Worker-3 / GPU-3] Epoch 1/50 | Train Acc: 0.3571, Train Loss: 1.7277 | Test Loss: 1.4968, Test Acc: 0.4548
2025-10-03 14:47:54.920 | INFO     | [Worker-3 / GPU-3] Epoch 2/50 | Train Acc: 0.4644, Train Loss: 1.4599 | Test Loss: 1.2192, Test Acc: 0.5618
2025-10-03 14:47:54.920 | INFO     | [Worker-3 / GPU-3] Epoch 3/50 | Train Acc: 0.5238, Train Loss: 1.3244 | Test Loss: 1.0947, Test Acc: 0.5987
2025-10-03 14:47:54.921 | INFO     | [Worker-3 / GPU-3] Epoch 4/50 | Train Acc: 0.5602, Train Loss: 1.2212 | Test Loss: 1.0817, Test Acc: 0.6049
2025-10-03 14:47:54.921 | INFO     | [Worker-3 / GPU-3] Epoch 5/50 | Train Acc: 0.5823, Train Loss: 1.1630 | Test Loss: 0.9422, Test Acc: 0.6644
2025-10-03 14:47:54.921 | INFO     | [Worker-3 / GPU-3] Epoch 6/50 | Train Acc: 0.6036, Train Loss: 1.1151 | Test Loss: 0.9091, Test Acc: 0.6762
2025-10-03 14:47:54.921 | INFO     | [Worker-3 / GPU-3] Epoch 7/50 | Train Acc: 0.6213, Train Loss: 1.0603 | Test Loss: 0.8610, Test Acc: 0.6922
2025-10-03 14:47:54.921 | INFO     | [Worker-3 / GPU-3] Epoch 8/50 | Train Acc: 0.6338, Train Loss: 1.0315 | Test Loss: 0.8800, Test Acc: 0.6841
2025-10-03 14:47:54.922 | INFO     | [Worker-3 / GPU-3] Epoch 9/50 | Train Acc: 0.6504, Train Loss: 0.9957 | Test Loss: 0.8085, Test Acc: 0.7066
2025-10-03 14:47:54.922 | INFO     | [Worker-3 / GPU-3] Epoch 10/50 | Train Acc: 0.6620, Train Loss: 0.9509 | Test Loss: 0.7648, Test Acc: 0.7284
2025-10-03 14:47:54.922 | INFO     | [Worker-3 / GPU-3] Epoch 11/50 | Train Acc: 0.6748, Train Loss: 0.9235 | Test Loss: 0.7732, Test Acc: 0.7314
2025-10-03 14:47:54.922 | INFO     | [Worker-3 / GPU-3] Epoch 12/50 | Train Acc: 0.6840, Train Loss: 0.9020 | Test Loss: 0.7725, Test Acc: 0.7292
2025-10-03 14:47:54.922 | INFO     | [Worker-3 / GPU-3] Epoch 13/50 | Train Acc: 0.6885, Train Loss: 0.8957 | Test Loss: 0.7154, Test Acc: 0.7503
2025-10-03 14:47:54.923 | INFO     | [Worker-3 / GPU-3] Epoch 14/50 | Train Acc: 0.6985, Train Loss: 0.8648 | Test Loss: 0.7027, Test Acc: 0.7530
2025-10-03 14:47:54.923 | INFO     | [Worker-3 / GPU-3] Epoch 15/50 | Train Acc: 0.7087, Train Loss: 0.8383 | Test Loss: 0.6975, Test Acc: 0.7549
2025-10-03 14:47:54.923 | INFO     | [Worker-3 / GPU-3] Epoch 16/50 | Train Acc: 0.7128, Train Loss: 0.8192 | Test Loss: 0.6672, Test Acc: 0.7655
2025-10-03 14:47:54.923 | INFO     | [Worker-3 / GPU-3] Epoch 17/50 | Train Acc: 0.7216, Train Loss: 0.7983 | Test Loss: 0.7403, Test Acc: 0.7381
2025-10-03 14:47:54.923 | INFO     | [Worker-3 / GPU-3] Epoch 18/50 | Train Acc: 0.7272, Train Loss: 0.7826 | Test Loss: 0.6856, Test Acc: 0.7591
2025-10-03 14:47:54.923 | INFO     | [Worker-3 / GPU-3] Epoch 19/50 | Train Acc: 0.7286, Train Loss: 0.7831 | Test Loss: 0.6660, Test Acc: 0.7696
2025-10-03 14:47:54.924 | INFO     | [Worker-3 / GPU-3] Epoch 20/50 | Train Acc: 0.7349, Train Loss: 0.7672 | Test Loss: 0.6847, Test Acc: 0.7601
2025-10-03 14:47:54.924 | INFO     | [Worker-3 / GPU-3] Epoch 21/50 | Train Acc: 0.7413, Train Loss: 0.7413 | Test Loss: 0.6613, Test Acc: 0.7701
2025-10-03 14:47:54.925 | INFO     | [Worker-3 / GPU-3] Epoch 22/50 | Train Acc: 0.7472, Train Loss: 0.7321 | Test Loss: 0.6364, Test Acc: 0.7797
2025-10-03 14:47:54.925 | INFO     | [Worker-3 / GPU-3] Epoch 23/50 | Train Acc: 0.7528, Train Loss: 0.7209 | Test Loss: 0.6341, Test Acc: 0.7816
2025-10-03 14:47:54.925 | INFO     | [Worker-3 / GPU-3] Epoch 24/50 | Train Acc: 0.7577, Train Loss: 0.7070 | Test Loss: 0.6037, Test Acc: 0.7905
2025-10-03 14:47:54.925 | INFO     | [Worker-3 / GPU-3] Epoch 25/50 | Train Acc: 0.7583, Train Loss: 0.6972 | Test Loss: 0.6160, Test Acc: 0.7877
2025-10-03 14:47:54.925 | INFO     | [Worker-3 / GPU-3] Epoch 26/50 | Train Acc: 0.7602, Train Loss: 0.6899 | Test Loss: 0.6217, Test Acc: 0.7856
2025-10-03 14:47:54.926 | INFO     | [Worker-3 / GPU-3] Epoch 27/50 | Train Acc: 0.7680, Train Loss: 0.6731 | Test Loss: 0.5916, Test Acc: 0.7971
2025-10-03 14:47:54.926 | INFO     | [Worker-3 / GPU-3] Epoch 28/50 | Train Acc: 0.7673, Train Loss: 0.6731 | Test Loss: 0.6261, Test Acc: 0.7840
2025-10-03 14:47:54.926 | INFO     | [Worker-3 / GPU-3] Epoch 29/50 | Train Acc: 0.7708, Train Loss: 0.6543 | Test Loss: 0.5905, Test Acc: 0.7977
2025-10-03 14:47:54.926 | INFO     | [Worker-3 / GPU-3] Epoch 30/50 | Train Acc: 0.7762, Train Loss: 0.6482 | Test Loss: 0.6009, Test Acc: 0.7909
2025-10-03 14:47:54.926 | INFO     | [Worker-3 / GPU-3] Epoch 31/50 | Train Acc: 0.7799, Train Loss: 0.6364 | Test Loss: 0.5792, Test Acc: 0.7964
2025-10-03 14:47:54.926 | INFO     | [Worker-3 / GPU-3] Epoch 32/50 | Train Acc: 0.7889, Train Loss: 0.6222 | Test Loss: 0.5984, Test Acc: 0.7963
2025-10-03 14:47:54.927 | INFO     | [Worker-3 / GPU-3] Epoch 33/50 | Train Acc: 0.7883, Train Loss: 0.6194 | Test Loss: 0.5890, Test Acc: 0.8015
2025-10-03 14:47:54.927 | INFO     | [Worker-3 / GPU-3] Epoch 34/50 | Train Acc: 0.7886, Train Loss: 0.6163 | Test Loss: 0.5814, Test Acc: 0.7997
2025-10-03 14:47:54.927 | INFO     | [Worker-3 / GPU-3] Epoch 35/50 | Train Acc: 0.7901, Train Loss: 0.6082 | Test Loss: 0.5716, Test Acc: 0.8025
2025-10-03 14:47:54.927 | INFO     | [Worker-3 / GPU-3] Epoch 36/50 | Train Acc: 0.7922, Train Loss: 0.5977 | Test Loss: 0.5590, Test Acc: 0.8090
2025-10-03 14:47:54.927 | INFO     | [Worker-3 / GPU-3] Epoch 37/50 | Train Acc: 0.7998, Train Loss: 0.5834 | Test Loss: 0.5780, Test Acc: 0.8039
2025-10-03 14:47:54.928 | INFO     | [Worker-3 / GPU-3] Epoch 38/50 | Train Acc: 0.8025, Train Loss: 0.5716 | Test Loss: 0.5653, Test Acc: 0.8071
2025-10-03 14:47:54.928 | INFO     | [Worker-3 / GPU-3] Epoch 39/50 | Train Acc: 0.8051, Train Loss: 0.5659 | Test Loss: 0.5449, Test Acc: 0.8133
2025-10-03 14:47:54.928 | INFO     | [Worker-3 / GPU-3] Epoch 40/50 | Train Acc: 0.8054, Train Loss: 0.5636 | Test Loss: 0.5449, Test Acc: 0.8160
2025-10-03 14:47:54.928 | INFO     | [Worker-3 / GPU-3] Epoch 41/50 | Train Acc: 0.8095, Train Loss: 0.5554 | Test Loss: 0.5531, Test Acc: 0.8139
2025-10-03 14:47:54.928 | INFO     | [Worker-3 / GPU-3] Epoch 42/50 | Train Acc: 0.8085, Train Loss: 0.5563 | Test Loss: 0.5538, Test Acc: 0.8176
2025-10-03 14:47:54.928 | INFO     | [Worker-3 / GPU-3] Epoch 43/50 | Train Acc: 0.8114, Train Loss: 0.5497 | Test Loss: 0.5604, Test Acc: 0.8102
2025-10-03 14:47:54.928 | INFO     | [Worker-3 / GPU-3] Epoch 44/50 | Train Acc: 0.8114, Train Loss: 0.5473 | Test Loss: 0.5739, Test Acc: 0.8086
2025-10-03 14:47:54.929 | INFO     | [Worker-3 / GPU-3] Epoch 45/50 | Train Acc: 0.8142, Train Loss: 0.5435 | Test Loss: 0.5663, Test Acc: 0.8111
2025-10-03 14:47:54.929 | INFO     | [Worker-3 / GPU-3] Epoch 46/50 | Train Acc: 0.8167, Train Loss: 0.5370 | Test Loss: 0.5410, Test Acc: 0.8184
2025-10-03 14:47:54.929 | INFO     | [Worker-3 / GPU-3] Epoch 47/50 | Train Acc: 0.8188, Train Loss: 0.5290 | Test Loss: 0.5757, Test Acc: 0.8112
2025-10-03 14:47:54.929 | INFO     | [Worker-3 / GPU-3] Epoch 48/50 | Train Acc: 0.8193, Train Loss: 0.5180 | Test Loss: 0.5613, Test Acc: 0.8173
2025-10-03 14:47:54.929 | INFO     | [Worker-3 / GPU-3] Epoch 49/50 | Train Acc: 0.8228, Train Loss: 0.5226 | Test Loss: 0.5540, Test Acc: 0.8153
2025-10-03 14:47:54.929 | INFO     | [Worker-3 / GPU-3] Epoch 50/50 | Train Acc: 0.8224, Train Loss: 0.5197 | Test Loss: 0.5427, Test Acc: 0.8231
2025-10-03 14:47:54.930 | INFO     | [Worker-3 / GPU-3] Individual 0 -> Accuracy: 0.8231, Loss: 0.5427 | Duration: 257.02s
2025-10-03 14:47:54.930 | INFO     | [Worker-3 / GPU-3] GPU memory used: 0.05 GB
2025-10-03 14:49:46.158 | INFO     | [Worker-1 / GPU-1] Evaluating Individual 6/24 (50 epochs)
2025-10-03 14:49:46.159 | INFO     | [Worker-1 / GPU-1] Hyperparameters: {'width_scale': 1.8602576170356475, 'fc1_units': 768, 'dropout_rate': 0.36889159475564487, 'optimizer_schedule': 'ADAMW_COSINE', 'base_lr': 0.030864255546050563, 'aug_intensity': 'STRONG', 'weight_decay': 2.1364518097083265e-05, 'batch_size': 256}
2025-10-03 14:49:46.159 | INFO     | [Worker-1 / GPU-1] Epoch 1/50 | Train Acc: 0.1763, Train Loss: 17.0106 | Test Loss: 2.0360, Test Acc: 0.2504
2025-10-03 14:49:46.159 | INFO     | [Worker-1 / GPU-1] Epoch 2/50 | Train Acc: 0.2156, Train Loss: 2.0876 | Test Loss: 1.9379, Test Acc: 0.2628
2025-10-03 14:49:46.159 | INFO     | [Worker-1 / GPU-1] Epoch 3/50 | Train Acc: 0.2319, Train Loss: 2.0126 | Test Loss: 1.9528, Test Acc: 0.2549
2025-10-03 14:49:46.159 | INFO     | [Worker-1 / GPU-1] Epoch 4/50 | Train Acc: 0.2540, Train Loss: 1.9689 | Test Loss: 1.8236, Test Acc: 0.3024
2025-10-03 14:49:46.160 | INFO     | [Worker-1 / GPU-1] Epoch 5/50 | Train Acc: 0.2726, Train Loss: 1.9219 | Test Loss: 1.7790, Test Acc: 0.3118
2025-10-03 14:49:46.160 | INFO     | [Worker-1 / GPU-1] Unexpected error for individual 6: 'DataLoader' object has no attribute 'loaders'
2025-10-03 14:50:09.664 | INFO     | [Worker-2 / GPU-2] Evaluating Individual 5/24 (50 epochs)
2025-10-03 14:50:09.664 | INFO     | [Worker-2 / GPU-2] Hyperparameters: {'width_scale': 1.24555923823901, 'fc1_units': 768, 'dropout_rate': 0.48861677340673937, 'optimizer_schedule': 'ADAMW_ONECYCLE', 'base_lr': 0.06632997307764647, 'aug_intensity': 'MEDIUM', 'weight_decay': 4.320158691256427e-05, 'batch_size': 512}
2025-10-03 14:50:09.664 | INFO     | [Worker-2 / GPU-2] Scaled base_lr to value 0.09380474751824991 for batch_size 512
2025-10-03 14:50:09.664 | INFO     | [Worker-2 / GPU-2] Epoch 1/50 | Train Acc: 0.2453, Train Loss: 2.2294 | Test Loss: 1.7400, Test Acc: 0.3180
2025-10-03 14:50:09.665 | INFO     | [Worker-2 / GPU-2] Epoch 2/50 | Train Acc: 0.3225, Train Loss: 1.7924 | Test Loss: 1.4612, Test Acc: 0.4558
2025-10-03 14:50:09.665 | INFO     | [Worker-2 / GPU-2] Epoch 3/50 | Train Acc: 0.3892, Train Loss: 1.6343 | Test Loss: 1.3249, Test Acc: 0.5136
2025-10-03 14:50:09.665 | INFO     | [Worker-2 / GPU-2] Epoch 4/50 | Train Acc: 0.4442, Train Loss: 1.5049 | Test Loss: 1.2377, Test Acc: 0.5440
2025-10-03 14:50:09.665 | INFO     | [Worker-2 / GPU-2] Epoch 5/50 | Train Acc: 0.4850, Train Loss: 1.4073 | Test Loss: 1.1366, Test Acc: 0.5972
2025-10-03 14:50:09.665 | INFO     | [Worker-2 / GPU-2] Epoch 6/50 | Train Acc: 0.5210, Train Loss: 1.3256 | Test Loss: 1.0328, Test Acc: 0.6310
2025-10-03 14:50:09.666 | INFO     | [Worker-2 / GPU-2] Epoch 7/50 | Train Acc: 0.5429, Train Loss: 1.2790 | Test Loss: 1.0186, Test Acc: 0.6208
2025-10-03 14:50:09.666 | INFO     | [Worker-2 / GPU-2] Epoch 8/50 | Train Acc: 0.5699, Train Loss: 1.2073 | Test Loss: 0.9824, Test Acc: 0.6520
2025-10-03 14:50:09.666 | INFO     | [Worker-2 / GPU-2] Epoch 9/50 | Train Acc: 0.5904, Train Loss: 1.1647 | Test Loss: 0.9365, Test Acc: 0.6692
2025-10-03 14:50:09.666 | INFO     | [Worker-2 / GPU-2] Epoch 10/50 | Train Acc: 0.6073, Train Loss: 1.1244 | Test Loss: 0.8815, Test Acc: 0.6868
2025-10-03 14:50:09.666 | INFO     | [Worker-2 / GPU-2] Epoch 11/50 | Train Acc: 0.6229, Train Loss: 1.0700 | Test Loss: 0.8549, Test Acc: 0.6994
2025-10-03 14:50:09.667 | INFO     | [Worker-2 / GPU-2] Epoch 12/50 | Train Acc: 0.6354, Train Loss: 1.0404 | Test Loss: 0.8384, Test Acc: 0.7132
2025-10-03 14:50:09.667 | INFO     | [Worker-2 / GPU-2] Epoch 13/50 | Train Acc: 0.6565, Train Loss: 0.9932 | Test Loss: 0.7747, Test Acc: 0.7293
2025-10-03 14:50:09.667 | INFO     | [Worker-2 / GPU-2] Epoch 14/50 | Train Acc: 0.6665, Train Loss: 0.9662 | Test Loss: 0.7920, Test Acc: 0.7253
2025-10-03 14:50:09.667 | INFO     | [Worker-2 / GPU-2] Epoch 15/50 | Train Acc: 0.6790, Train Loss: 0.9357 | Test Loss: 0.7667, Test Acc: 0.7318
2025-10-03 14:50:09.667 | INFO     | [Worker-2 / GPU-2] Epoch 16/50 | Train Acc: 0.6905, Train Loss: 0.9061 | Test Loss: 0.7375, Test Acc: 0.7439
2025-10-03 14:50:09.667 | INFO     | [Worker-2 / GPU-2] Epoch 17/50 | Train Acc: 0.7016, Train Loss: 0.8816 | Test Loss: 0.7099, Test Acc: 0.7525
2025-10-03 14:50:09.668 | INFO     | [Worker-2 / GPU-2] Epoch 18/50 | Train Acc: 0.7048, Train Loss: 0.8599 | Test Loss: 0.7381, Test Acc: 0.7490
2025-10-03 14:50:09.668 | INFO     | [Worker-2 / GPU-2] Epoch 19/50 | Train Acc: 0.7158, Train Loss: 0.8391 | Test Loss: 0.7117, Test Acc: 0.7537
2025-10-03 14:50:09.668 | INFO     | [Worker-2 / GPU-2] Epoch 20/50 | Train Acc: 0.7242, Train Loss: 0.8223 | Test Loss: 0.6827, Test Acc: 0.7683
2025-10-03 14:50:09.668 | INFO     | [Worker-2 / GPU-2] Epoch 21/50 | Train Acc: 0.7296, Train Loss: 0.8020 | Test Loss: 0.6931, Test Acc: 0.7646
2025-10-03 14:50:09.668 | INFO     | [Worker-2 / GPU-2] Epoch 22/50 | Train Acc: 0.7360, Train Loss: 0.7774 | Test Loss: 0.6662, Test Acc: 0.7725
2025-10-03 14:50:09.669 | INFO     | [Worker-2 / GPU-2] Epoch 23/50 | Train Acc: 0.7386, Train Loss: 0.7657 | Test Loss: 0.6868, Test Acc: 0.7692
2025-10-03 14:50:09.669 | INFO     | [Worker-2 / GPU-2] Epoch 24/50 | Train Acc: 0.7484, Train Loss: 0.7505 | Test Loss: 0.6557, Test Acc: 0.7808
2025-10-03 14:50:09.669 | INFO     | [Worker-2 / GPU-2] Epoch 25/50 | Train Acc: 0.7526, Train Loss: 0.7262 | Test Loss: 0.6871, Test Acc: 0.7743
2025-10-03 14:50:09.669 | INFO     | [Worker-2 / GPU-2] Epoch 26/50 | Train Acc: 0.7583, Train Loss: 0.7195 | Test Loss: 0.7318, Test Acc: 0.7628
2025-10-03 14:50:09.669 | INFO     | [Worker-2 / GPU-2] Epoch 27/50 | Train Acc: 0.7550, Train Loss: 0.7287 | Test Loss: 0.6435, Test Acc: 0.7824
2025-10-03 14:50:09.669 | INFO     | [Worker-2 / GPU-2] Epoch 28/50 | Train Acc: 0.7606, Train Loss: 0.7079 | Test Loss: 0.6602, Test Acc: 0.7806
2025-10-03 14:50:09.670 | INFO     | [Worker-2 / GPU-2] Epoch 29/50 | Train Acc: 0.7678, Train Loss: 0.6914 | Test Loss: 0.6504, Test Acc: 0.7853
2025-10-03 14:50:09.670 | INFO     | [Worker-2 / GPU-2] Epoch 30/50 | Train Acc: 0.7652, Train Loss: 0.6952 | Test Loss: 0.6478, Test Acc: 0.7896
2025-10-03 14:50:09.670 | INFO     | [Worker-2 / GPU-2] Epoch 31/50 | Train Acc: 0.7696, Train Loss: 0.6804 | Test Loss: 0.6174, Test Acc: 0.7955
2025-10-03 14:50:09.670 | INFO     | [Worker-2 / GPU-2] Epoch 32/50 | Train Acc: 0.7777, Train Loss: 0.6634 | Test Loss: 0.7128, Test Acc: 0.7700
2025-10-03 14:50:09.670 | INFO     | [Worker-2 / GPU-2] Epoch 33/50 | Train Acc: 0.7808, Train Loss: 0.6569 | Test Loss: 0.6341, Test Acc: 0.7945
2025-10-03 14:50:09.670 | INFO     | [Worker-2 / GPU-2] Epoch 34/50 | Train Acc: 0.7812, Train Loss: 0.6486 | Test Loss: 0.6775, Test Acc: 0.7844
2025-10-03 14:50:09.671 | INFO     | [Worker-2 / GPU-2] Epoch 35/50 | Train Acc: 0.7858, Train Loss: 0.6356 | Test Loss: 0.6539, Test Acc: 0.7846
2025-10-03 14:50:09.671 | INFO     | [Worker-2 / GPU-2] Epoch 36/50 | Train Acc: 0.7854, Train Loss: 0.6362 | Test Loss: 0.6230, Test Acc: 0.7943
2025-10-03 14:50:09.671 | INFO     | [Worker-2 / GPU-2] Epoch 36/50 | Train Acc: 0.7854, Train Loss: 0.6362 | Test Loss: 0.6230, Test Acc: 0.7943 / Early stopping triggered
2025-10-03 14:50:09.671 | INFO     | [Worker-2 / GPU-2] Individual 5 -> Accuracy: 0.7943, Loss: 0.6230 | Duration: 230.34s
2025-10-03 14:50:09.671 | INFO     | [Worker-2 / GPU-2] GPU memory used: 0.08 GB
2025-10-03 14:50:23.246 | INFO     | [Worker-0 / GPU-0] Evaluating Individual 4/24 (50 epochs)
2025-10-03 14:50:23.247 | INFO     | [Worker-0 / GPU-0] Hyperparameters: {'width_scale': 1.6741329794978097, 'fc1_units': 256, 'dropout_rate': 0.47642076567221125, 'optimizer_schedule': 'SGD_ONECYCLE', 'base_lr': 0.030425411538223417, 'aug_intensity': 'MEDIUM', 'weight_decay': 0.0023064139531211022, 'batch_size': 512}
2025-10-03 14:50:23.247 | INFO     | [Worker-0 / GPU-0] Scaled base_lr to value 0.06085082307644683 for batch_size 512
2025-10-03 14:50:23.247 | INFO     | [Worker-0 / GPU-0] Epoch 1/50 | Train Acc: 0.3510, Train Loss: 1.7351 | Test Loss: 1.4169, Test Acc: 0.4694
2025-10-03 14:50:23.247 | INFO     | [Worker-0 / GPU-0] Epoch 2/50 | Train Acc: 0.4462, Train Loss: 1.4953 | Test Loss: 1.2463, Test Acc: 0.5438
2025-10-03 14:50:23.247 | INFO     | [Worker-0 / GPU-0] Epoch 3/50 | Train Acc: 0.5030, Train Loss: 1.3602 | Test Loss: 1.0837, Test Acc: 0.6123
2025-10-03 14:50:23.247 | INFO     | [Worker-0 / GPU-0] Epoch 4/50 | Train Acc: 0.5472, Train Loss: 1.2553 | Test Loss: 1.1300, Test Acc: 0.5908
2025-10-03 14:50:23.248 | INFO     | [Worker-0 / GPU-0] Epoch 5/50 | Train Acc: 0.5736, Train Loss: 1.1836 | Test Loss: 1.0870, Test Acc: 0.6149
2025-10-03 14:50:23.248 | INFO     | [Worker-0 / GPU-0] Epoch 6/50 | Train Acc: 0.5958, Train Loss: 1.1324 | Test Loss: 0.9434, Test Acc: 0.6640
2025-10-03 14:50:23.248 | INFO     | [Worker-0 / GPU-0] Epoch 7/50 | Train Acc: 0.6124, Train Loss: 1.0833 | Test Loss: 0.9182, Test Acc: 0.6762
2025-10-03 14:50:23.248 | INFO     | [Worker-0 / GPU-0] Epoch 8/50 | Train Acc: 0.6314, Train Loss: 1.0418 | Test Loss: 0.8709, Test Acc: 0.6934
2025-10-03 14:50:23.248 | INFO     | [Worker-0 / GPU-0] Epoch 9/50 | Train Acc: 0.6448, Train Loss: 1.0010 | Test Loss: 0.8777, Test Acc: 0.6932
2025-10-03 14:50:23.249 | INFO     | [Worker-0 / GPU-0] Epoch 10/50 | Train Acc: 0.6587, Train Loss: 0.9694 | Test Loss: 0.8768, Test Acc: 0.6939
2025-10-03 14:50:23.249 | INFO     | [Worker-0 / GPU-0] Epoch 11/50 | Train Acc: 0.6686, Train Loss: 0.9407 | Test Loss: 0.7947, Test Acc: 0.7178
2025-10-03 14:50:23.249 | INFO     | [Worker-0 / GPU-0] Epoch 12/50 | Train Acc: 0.6774, Train Loss: 0.9216 | Test Loss: 0.7728, Test Acc: 0.7288
2025-10-03 14:50:23.249 | INFO     | [Worker-0 / GPU-0] Epoch 13/50 | Train Acc: 0.6837, Train Loss: 0.8923 | Test Loss: 0.7190, Test Acc: 0.7448
2025-10-03 14:50:23.249 | INFO     | [Worker-0 / GPU-0] Epoch 14/50 | Train Acc: 0.6990, Train Loss: 0.8654 | Test Loss: 0.7232, Test Acc: 0.7484
2025-10-03 14:50:23.250 | INFO     | [Worker-0 / GPU-0] Epoch 15/50 | Train Acc: 0.7028, Train Loss: 0.8480 | Test Loss: 0.7083, Test Acc: 0.7508
2025-10-03 14:50:23.250 | INFO     | [Worker-0 / GPU-0] Epoch 16/50 | Train Acc: 0.7119, Train Loss: 0.8305 | Test Loss: 0.7349, Test Acc: 0.7424
2025-10-03 14:50:23.250 | INFO     | [Worker-0 / GPU-0] Epoch 17/50 | Train Acc: 0.7184, Train Loss: 0.8129 | Test Loss: 0.7207, Test Acc: 0.7463
2025-10-03 14:50:23.250 | INFO     | [Worker-0 / GPU-0] Epoch 18/50 | Train Acc: 0.7289, Train Loss: 0.7808 | Test Loss: 0.7266, Test Acc: 0.7444
2025-10-03 14:50:23.250 | INFO     | [Worker-0 / GPU-0] Epoch 19/50 | Train Acc: 0.7320, Train Loss: 0.7740 | Test Loss: 0.6879, Test Acc: 0.7582
2025-10-03 14:50:23.250 | INFO     | [Worker-0 / GPU-0] Epoch 20/50 | Train Acc: 0.7400, Train Loss: 0.7496 | Test Loss: 0.6229, Test Acc: 0.7827
2025-10-03 14:50:23.251 | INFO     | [Worker-0 / GPU-0] Epoch 21/50 | Train Acc: 0.7452, Train Loss: 0.7442 | Test Loss: 0.6935, Test Acc: 0.7568
2025-10-03 14:50:23.251 | INFO     | [Worker-0 / GPU-0] Epoch 22/50 | Train Acc: 0.7468, Train Loss: 0.7294 | Test Loss: 0.7217, Test Acc: 0.7504
2025-10-03 14:50:23.251 | INFO     | [Worker-0 / GPU-0] Epoch 23/50 | Train Acc: 0.7483, Train Loss: 0.7271 | Test Loss: 0.6651, Test Acc: 0.7706
2025-10-03 14:50:23.251 | INFO     | [Worker-0 / GPU-0] Epoch 24/50 | Train Acc: 0.7610, Train Loss: 0.7031 | Test Loss: 0.6611, Test Acc: 0.7652
2025-10-03 14:50:23.251 | INFO     | [Worker-0 / GPU-0] Epoch 25/50 | Train Acc: 0.7636, Train Loss: 0.6885 | Test Loss: 0.6089, Test Acc: 0.7862
2025-10-03 14:50:23.252 | INFO     | [Worker-0 / GPU-0] Epoch 26/50 | Train Acc: 0.7667, Train Loss: 0.6784 | Test Loss: 0.6386, Test Acc: 0.7772
2025-10-03 14:50:23.252 | INFO     | [Worker-0 / GPU-0] Epoch 27/50 | Train Acc: 0.7690, Train Loss: 0.6760 | Test Loss: 0.6422, Test Acc: 0.7794
2025-10-03 14:50:23.252 | INFO     | [Worker-0 / GPU-0] Epoch 28/50 | Train Acc: 0.7712, Train Loss: 0.6648 | Test Loss: 0.6397, Test Acc: 0.7754
2025-10-03 14:50:23.252 | INFO     | [Worker-0 / GPU-0] Epoch 29/50 | Train Acc: 0.7823, Train Loss: 0.6445 | Test Loss: 0.6640, Test Acc: 0.7671
2025-10-03 14:50:23.252 | INFO     | [Worker-0 / GPU-0] Epoch 30/50 | Train Acc: 0.7837, Train Loss: 0.6382 | Test Loss: 0.5776, Test Acc: 0.8003
2025-10-03 14:50:23.252 | INFO     | [Worker-0 / GPU-0] Epoch 31/50 | Train Acc: 0.7814, Train Loss: 0.6388 | Test Loss: 0.6295, Test Acc: 0.7830
2025-10-03 14:50:23.253 | INFO     | [Worker-0 / GPU-0] Epoch 32/50 | Train Acc: 0.7838, Train Loss: 0.6337 | Test Loss: 0.5560, Test Acc: 0.8078
2025-10-03 14:50:23.253 | INFO     | [Worker-0 / GPU-0] Epoch 33/50 | Train Acc: 0.7863, Train Loss: 0.6270 | Test Loss: 0.5689, Test Acc: 0.8016
2025-10-03 14:50:23.253 | INFO     | [Worker-0 / GPU-0] Epoch 34/50 | Train Acc: 0.7884, Train Loss: 0.6188 | Test Loss: 0.6325, Test Acc: 0.7786
2025-10-03 14:50:23.253 | INFO     | [Worker-0 / GPU-0] Epoch 35/50 | Train Acc: 0.7888, Train Loss: 0.6187 | Test Loss: 0.6349, Test Acc: 0.7752
2025-10-03 14:50:23.253 | INFO     | [Worker-0 / GPU-0] Epoch 36/50 | Train Acc: 0.7941, Train Loss: 0.6026 | Test Loss: 0.5474, Test Acc: 0.8088
2025-10-03 14:50:23.253 | INFO     | [Worker-0 / GPU-0] Epoch 37/50 | Train Acc: 0.7966, Train Loss: 0.5925 | Test Loss: 0.5617, Test Acc: 0.8070
2025-10-03 14:50:23.254 | INFO     | [Worker-0 / GPU-0] Epoch 38/50 | Train Acc: 0.7988, Train Loss: 0.5943 | Test Loss: 0.5710, Test Acc: 0.8050
2025-10-03 14:50:23.254 | INFO     | [Worker-0 / GPU-0] Epoch 39/50 | Train Acc: 0.8009, Train Loss: 0.5885 | Test Loss: 0.5806, Test Acc: 0.7996
2025-10-03 14:50:23.254 | INFO     | [Worker-0 / GPU-0] Epoch 40/50 | Train Acc: 0.8009, Train Loss: 0.5853 | Test Loss: 0.6130, Test Acc: 0.7846
2025-10-03 14:50:23.254 | INFO     | [Worker-0 / GPU-0] Epoch 41/50 | Train Acc: 0.8020, Train Loss: 0.5829 | Test Loss: 0.6341, Test Acc: 0.7872
2025-10-03 14:50:23.254 | INFO     | [Worker-0 / GPU-0] Epoch 41/50 | Train Acc: 0.8020, Train Loss: 0.5829 | Test Loss: 0.6341, Test Acc: 0.7872 / Early stopping triggered
2025-10-03 14:50:23.255 | INFO     | [Worker-0 / GPU-0] Individual 4 -> Accuracy: 0.7872, Loss: 0.6341 | Duration: 244.35s
2025-10-03 14:50:23.255 | INFO     | [Worker-0 / GPU-0] GPU memory used: 0.17 GB
2025-10-03 14:52:21.307 | INFO     | [Worker-3 / GPU-3] Evaluating Individual 7/24 (50 epochs)
2025-10-03 14:52:21.308 | INFO     | [Worker-3 / GPU-3] Hyperparameters: {'width_scale': 2.6332475245772455, 'fc1_units': 256, 'dropout_rate': 0.298595310300229, 'optimizer_schedule': 'ADAMW_ONECYCLE', 'base_lr': 0.001719773436468296, 'aug_intensity': 'MEDIUM', 'weight_decay': 0.0006128197187777895, 'batch_size': 1024}
2025-10-03 14:52:21.308 | INFO     | [Worker-3 / GPU-3] Scaled base_lr to value 0.003439546872936592 for batch_size 1024
2025-10-03 14:52:21.308 | INFO     | [Worker-3 / GPU-3] Epoch 1/50 | Train Acc: 0.3897, Train Loss: 1.6463 | Test Loss: 1.2956, Test Acc: 0.5403
2025-10-03 14:52:21.309 | INFO     | [Worker-3 / GPU-3] Epoch 2/50 | Train Acc: 0.5255, Train Loss: 1.3187 | Test Loss: 1.1168, Test Acc: 0.5972
2025-10-03 14:52:21.309 | INFO     | [Worker-3 / GPU-3] Epoch 3/50 | Train Acc: 0.5837, Train Loss: 1.1681 | Test Loss: 0.9674, Test Acc: 0.6567
2025-10-03 14:52:21.309 | INFO     | [Worker-3 / GPU-3] Epoch 4/50 | Train Acc: 0.6216, Train Loss: 1.0675 | Test Loss: 0.9308, Test Acc: 0.6730
2025-10-03 14:52:21.309 | INFO     | [Worker-3 / GPU-3] Epoch 5/50 | Train Acc: 0.6474, Train Loss: 0.9954 | Test Loss: 0.8453, Test Acc: 0.7056
2025-10-03 14:52:21.309 | INFO     | [Worker-3 / GPU-3] Epoch 6/50 | Train Acc: 0.6617, Train Loss: 0.9534 | Test Loss: 0.8003, Test Acc: 0.7163
2025-10-03 14:52:21.310 | INFO     | [Worker-3 / GPU-3] Epoch 7/50 | Train Acc: 0.6793, Train Loss: 0.9091 | Test Loss: 0.8066, Test Acc: 0.7123
2025-10-03 14:52:21.310 | INFO     | [Worker-3 / GPU-3] Epoch 8/50 | Train Acc: 0.6914, Train Loss: 0.8718 | Test Loss: 0.7576, Test Acc: 0.7371
2025-10-03 14:52:21.310 | INFO     | [Worker-3 / GPU-3] Epoch 9/50 | Train Acc: 0.7076, Train Loss: 0.8339 | Test Loss: 0.7308, Test Acc: 0.7399
2025-10-03 14:52:21.310 | INFO     | [Worker-3 / GPU-3] Epoch 10/50 | Train Acc: 0.7138, Train Loss: 0.8103 | Test Loss: 0.7252, Test Acc: 0.7468
2025-10-03 14:52:21.310 | INFO     | [Worker-3 / GPU-3] Epoch 11/50 | Train Acc: 0.7262, Train Loss: 0.7868 | Test Loss: 0.7144, Test Acc: 0.7438
2025-10-03 14:52:21.311 | INFO     | [Worker-3 / GPU-3] Epoch 12/50 | Train Acc: 0.7323, Train Loss: 0.7664 | Test Loss: 0.6963, Test Acc: 0.7608
2025-10-03 14:52:21.311 | INFO     | [Worker-3 / GPU-3] Epoch 13/50 | Train Acc: 0.7379, Train Loss: 0.7472 | Test Loss: 0.6439, Test Acc: 0.7720
2025-10-03 14:52:21.311 | INFO     | [Worker-3 / GPU-3] Epoch 14/50 | Train Acc: 0.7446, Train Loss: 0.7261 | Test Loss: 0.6352, Test Acc: 0.7810
2025-10-03 14:52:21.311 | INFO     | [Worker-3 / GPU-3] Epoch 15/50 | Train Acc: 0.7551, Train Loss: 0.7028 | Test Loss: 0.6686, Test Acc: 0.7670
2025-10-03 14:52:21.311 | INFO     | [Worker-3 / GPU-3] Epoch 16/50 | Train Acc: 0.7564, Train Loss: 0.6926 | Test Loss: 0.6372, Test Acc: 0.7718
2025-10-03 14:52:21.312 | INFO     | [Worker-3 / GPU-3] Epoch 17/50 | Train Acc: 0.7610, Train Loss: 0.6785 | Test Loss: 0.6241, Test Acc: 0.7829
2025-10-03 14:52:21.312 | INFO     | [Worker-3 / GPU-3] Epoch 18/50 | Train Acc: 0.7666, Train Loss: 0.6689 | Test Loss: 0.6060, Test Acc: 0.7861
2025-10-03 14:52:21.312 | INFO     | [Worker-3 / GPU-3] Epoch 19/50 | Train Acc: 0.7755, Train Loss: 0.6407 | Test Loss: 0.6207, Test Acc: 0.7828
2025-10-03 14:52:21.312 | INFO     | [Worker-3 / GPU-3] Epoch 20/50 | Train Acc: 0.7785, Train Loss: 0.6400 | Test Loss: 0.5887, Test Acc: 0.7925
2025-10-03 14:52:21.312 | INFO     | [Worker-3 / GPU-3] Epoch 21/50 | Train Acc: 0.7784, Train Loss: 0.6283 | Test Loss: 0.6047, Test Acc: 0.7888
2025-10-03 14:52:21.312 | INFO     | [Worker-3 / GPU-3] Epoch 22/50 | Train Acc: 0.7882, Train Loss: 0.6091 | Test Loss: 0.5728, Test Acc: 0.8000
2025-10-03 14:52:21.313 | INFO     | [Worker-3 / GPU-3] Epoch 23/50 | Train Acc: 0.7844, Train Loss: 0.6046 | Test Loss: 0.5922, Test Acc: 0.7930
2025-10-03 14:52:21.313 | INFO     | [Worker-3 / GPU-3] Epoch 24/50 | Train Acc: 0.7982, Train Loss: 0.5822 | Test Loss: 0.5502, Test Acc: 0.8062
2025-10-03 14:52:21.313 | INFO     | [Worker-3 / GPU-3] Epoch 25/50 | Train Acc: 0.7985, Train Loss: 0.5798 | Test Loss: 0.5591, Test Acc: 0.8050
2025-10-03 14:52:21.313 | INFO     | [Worker-3 / GPU-3] Epoch 26/50 | Train Acc: 0.8003, Train Loss: 0.5705 | Test Loss: 0.5479, Test Acc: 0.8080
2025-10-03 14:52:21.313 | INFO     | [Worker-3 / GPU-3] Epoch 27/50 | Train Acc: 0.8018, Train Loss: 0.5619 | Test Loss: 0.5831, Test Acc: 0.7973
2025-10-03 14:52:21.313 | INFO     | [Worker-3 / GPU-3] Epoch 28/50 | Train Acc: 0.8057, Train Loss: 0.5513 | Test Loss: 0.5595, Test Acc: 0.8057
2025-10-03 14:52:21.314 | INFO     | [Worker-3 / GPU-3] Epoch 29/50 | Train Acc: 0.8098, Train Loss: 0.5371 | Test Loss: 0.5579, Test Acc: 0.8074
2025-10-03 14:52:21.314 | INFO     | [Worker-3 / GPU-3] Epoch 30/50 | Train Acc: 0.8126, Train Loss: 0.5349 | Test Loss: 0.5435, Test Acc: 0.8106
2025-10-03 14:52:21.314 | INFO     | [Worker-3 / GPU-3] Epoch 31/50 | Train Acc: 0.8166, Train Loss: 0.5242 | Test Loss: 0.5837, Test Acc: 0.7984
2025-10-03 14:52:21.314 | INFO     | [Worker-3 / GPU-3] Epoch 32/50 | Train Acc: 0.8173, Train Loss: 0.5182 | Test Loss: 0.5231, Test Acc: 0.8191
2025-10-03 14:52:21.314 | INFO     | [Worker-3 / GPU-3] Epoch 33/50 | Train Acc: 0.8230, Train Loss: 0.5057 | Test Loss: 0.5236, Test Acc: 0.8145
2025-10-03 14:52:21.315 | INFO     | [Worker-3 / GPU-3] Epoch 34/50 | Train Acc: 0.8255, Train Loss: 0.5013 | Test Loss: 0.5299, Test Acc: 0.8183
2025-10-03 14:52:21.315 | INFO     | [Worker-3 / GPU-3] Epoch 35/50 | Train Acc: 0.8284, Train Loss: 0.4969 | Test Loss: 0.5331, Test Acc: 0.8164
2025-10-03 14:52:21.315 | INFO     | [Worker-3 / GPU-3] Epoch 36/50 | Train Acc: 0.8294, Train Loss: 0.4847 | Test Loss: 0.5177, Test Acc: 0.8259
2025-10-03 14:52:21.315 | INFO     | [Worker-3 / GPU-3] Epoch 37/50 | Train Acc: 0.8315, Train Loss: 0.4812 | Test Loss: 0.5192, Test Acc: 0.8236
2025-10-03 14:52:21.315 | INFO     | [Worker-3 / GPU-3] Epoch 38/50 | Train Acc: 0.8388, Train Loss: 0.4653 | Test Loss: 0.5363, Test Acc: 0.8150
2025-10-03 14:52:21.315 | INFO     | [Worker-3 / GPU-3] Epoch 39/50 | Train Acc: 0.8388, Train Loss: 0.4626 | Test Loss: 0.4992, Test Acc: 0.8280
2025-10-03 14:52:21.316 | INFO     | [Worker-3 / GPU-3] Epoch 40/50 | Train Acc: 0.8403, Train Loss: 0.4567 | Test Loss: 0.5200, Test Acc: 0.8196
2025-10-03 14:52:21.316 | INFO     | [Worker-3 / GPU-3] Epoch 41/50 | Train Acc: 0.8417, Train Loss: 0.4470 | Test Loss: 0.5642, Test Acc: 0.8109
2025-10-03 14:52:21.316 | INFO     | [Worker-3 / GPU-3] Epoch 42/50 | Train Acc: 0.8424, Train Loss: 0.4428 | Test Loss: 0.5035, Test Acc: 0.8262
2025-10-03 14:52:21.316 | INFO     | [Worker-3 / GPU-3] Epoch 43/50 | Train Acc: 0.8469, Train Loss: 0.4371 | Test Loss: 0.4952, Test Acc: 0.8326
2025-10-03 14:52:21.316 | INFO     | [Worker-3 / GPU-3] Epoch 44/50 | Train Acc: 0.8467, Train Loss: 0.4346 | Test Loss: 0.5262, Test Acc: 0.8204
2025-10-03 14:52:21.317 | INFO     | [Worker-3 / GPU-3] Epoch 45/50 | Train Acc: 0.8516, Train Loss: 0.4233 | Test Loss: 0.5262, Test Acc: 0.8186
2025-10-03 14:52:21.317 | INFO     | [Worker-3 / GPU-3] Epoch 46/50 | Train Acc: 0.8518, Train Loss: 0.4199 | Test Loss: 0.4873, Test Acc: 0.8342
2025-10-03 14:52:21.317 | INFO     | [Worker-3 / GPU-3] Epoch 47/50 | Train Acc: 0.8543, Train Loss: 0.4135 | Test Loss: 0.5239, Test Acc: 0.8200
2025-10-03 14:52:21.317 | INFO     | [Worker-3 / GPU-3] Epoch 48/50 | Train Acc: 0.8569, Train Loss: 0.4088 | Test Loss: 0.4973, Test Acc: 0.8341
2025-10-03 14:52:21.317 | INFO     | [Worker-3 / GPU-3] Epoch 49/50 | Train Acc: 0.8582, Train Loss: 0.4045 | Test Loss: 0.5048, Test Acc: 0.8312
2025-10-03 14:52:21.317 | INFO     | [Worker-3 / GPU-3] Epoch 50/50 | Train Acc: 0.8598, Train Loss: 0.3974 | Test Loss: 0.4949, Test Acc: 0.8314
2025-10-03 14:52:21.318 | INFO     | [Worker-3 / GPU-3] Individual 7 -> Accuracy: 0.8314, Loss: 0.4949 | Duration: 266.37s
2025-10-03 14:52:21.318 | INFO     | [Worker-3 / GPU-3] GPU memory used: 0.11 GB
2025-10-03 14:52:41.757 | INFO     | [Worker-1 / GPU-1] Evaluating Individual 8/24 (50 epochs)
2025-10-03 14:52:41.757 | INFO     | [Worker-1 / GPU-1] Hyperparameters: {'width_scale': 1.007338792426867, 'fc1_units': 256, 'dropout_rate': 0.4800055735905156, 'optimizer_schedule': 'SGD_ONECYCLE', 'base_lr': 0.055276840127642585, 'aug_intensity': 'STRONG', 'weight_decay': 1.96670429331476e-06, 'batch_size': 1024}
2025-10-03 14:52:41.757 | INFO     | [Worker-1 / GPU-1] Scaled base_lr to value 0.22110736051057034 for batch_size 1024
2025-10-03 14:52:41.758 | INFO     | [Worker-1 / GPU-1] Epoch 1/50 | Train Acc: 0.2852, Train Loss: 1.9073 | Test Loss: 1.6694, Test Acc: 0.3516
2025-10-03 14:52:41.758 | INFO     | [Worker-1 / GPU-1] Epoch 2/50 | Train Acc: 0.3199, Train Loss: 1.8103 | Test Loss: 1.6287, Test Acc: 0.3876
2025-10-03 14:52:41.758 | INFO     | [Worker-1 / GPU-1] Epoch 3/50 | Train Acc: 0.3699, Train Loss: 1.6907 | Test Loss: 1.3393, Test Acc: 0.4955
2025-10-03 14:52:41.758 | INFO     | [Worker-1 / GPU-1] Epoch 4/50 | Train Acc: 0.4202, Train Loss: 1.5668 | Test Loss: 1.2528, Test Acc: 0.5563
2025-10-03 14:52:41.758 | INFO     | [Worker-1 / GPU-1] Epoch 5/50 | Train Acc: 0.4650, Train Loss: 1.4629 | Test Loss: 1.1928, Test Acc: 0.5628
2025-10-03 14:52:41.759 | INFO     | [Worker-1 / GPU-1] Unexpected error for individual 8: 'DataLoader' object has no attribute 'loaders'
2025-10-03 14:52:52.542 | INFO     | [Worker-2 / GPU-2] Evaluating Individual 9/24 (50 epochs)
2025-10-03 14:52:52.543 | INFO     | [Worker-2 / GPU-2] Hyperparameters: {'width_scale': 2.3832007937937703, 'fc1_units': 512, 'dropout_rate': 0.425472626066424, 'optimizer_schedule': 'ADAMW_ONECYCLE', 'base_lr': 0.087092316598878, 'aug_intensity': 'STRONG', 'weight_decay': 2.102815339497402e-05, 'batch_size': 1024}
2025-10-03 14:52:52.543 | INFO     | [Worker-2 / GPU-2] Scaled base_lr to value 0.174184633197756 for batch_size 1024
2025-10-03 14:52:52.543 | INFO     | [Worker-2 / GPU-2] Epoch 1/50 | Train Acc: 0.1305, Train Loss: 3.2059 | Test Loss: 2.1675, Test Acc: 0.1801
2025-10-03 14:52:52.543 | INFO     | [Worker-2 / GPU-2] Epoch 2/50 | Train Acc: 0.1421, Train Loss: 2.2056 | Test Loss: 2.1603, Test Acc: 0.1579
2025-10-03 14:52:52.544 | INFO     | [Worker-2 / GPU-2] Epoch 3/50 | Train Acc: 0.1445, Train Loss: 2.1809 | Test Loss: 2.1424, Test Acc: 0.1547
2025-10-03 14:52:52.544 | INFO     | [Worker-2 / GPU-2] Epoch 4/50 | Train Acc: 0.1681, Train Loss: 2.1228 | Test Loss: 1.9852, Test Acc: 0.2238
2025-10-03 14:52:52.544 | INFO     | [Worker-2 / GPU-2] Epoch 5/50 | Train Acc: 0.1773, Train Loss: 2.0820 | Test Loss: 1.9028, Test Acc: 0.2169
2025-10-03 14:52:52.544 | INFO     | [Worker-2 / GPU-2] Unexpected error for individual 9: 'DataLoader' object has no attribute 'loaders'
2025-10-03 14:53:04.361 | INFO     | [Worker-0 / GPU-0] Evaluating Individual 10/24 (50 epochs)
2025-10-03 14:53:04.361 | INFO     | [Worker-0 / GPU-0] Hyperparameters: {'width_scale': 2.257439419442504, 'fc1_units': 768, 'dropout_rate': 0.43111961117668746, 'optimizer_schedule': 'ADAMW_ONECYCLE', 'base_lr': 0.0016296772180301258, 'aug_intensity': 'STRONG', 'weight_decay': 0.00045361471520561855, 'batch_size': 512}
2025-10-03 14:53:04.361 | INFO     | [Worker-0 / GPU-0] Scaled base_lr to value 0.0023047116240286596 for batch_size 512
2025-10-03 14:53:04.362 | INFO     | [Worker-0 / GPU-0] Epoch 1/50 | Train Acc: 0.3786, Train Loss: 1.6992 | Test Loss: 1.3071, Test Acc: 0.5241
2025-10-03 14:53:04.362 | INFO     | [Worker-0 / GPU-0] Epoch 2/50 | Train Acc: 0.4998, Train Loss: 1.3776 | Test Loss: 1.1173, Test Acc: 0.5965
2025-10-03 14:53:04.362 | INFO     | [Worker-0 / GPU-0] Epoch 3/50 | Train Acc: 0.5593, Train Loss: 1.2313 | Test Loss: 1.0471, Test Acc: 0.6199
2025-10-03 14:53:04.362 | INFO     | [Worker-0 / GPU-0] Epoch 4/50 | Train Acc: 0.5896, Train Loss: 1.1461 | Test Loss: 0.9279, Test Acc: 0.6706
2025-10-03 14:53:04.362 | INFO     | [Worker-0 / GPU-0] Epoch 5/50 | Train Acc: 0.6134, Train Loss: 1.0896 | Test Loss: 0.9236, Test Acc: 0.6693
2025-10-03 14:53:04.363 | INFO     | [Worker-0 / GPU-0] Unexpected error for individual 10: 'DataLoader' object has no attribute 'loaders'
2025-10-03 14:55:39.673 | INFO     | [Worker-1 / GPU-1] Evaluating Individual 12/24 (50 epochs)
2025-10-03 14:55:39.673 | INFO     | [Worker-1 / GPU-1] Hyperparameters: {'width_scale': 2.8183139218987274, 'fc1_units': 768, 'dropout_rate': 0.36259534013605865, 'optimizer_schedule': 'SGD_ONECYCLE', 'base_lr': 0.048264695386422356, 'aug_intensity': 'STRONG', 'weight_decay': 5.83627745683697e-05, 'batch_size': 256}
2025-10-03 14:55:39.673 | INFO     | [Worker-1 / GPU-1] Epoch 1/50 | Train Acc: 0.3791, Train Loss: 1.6888 | Test Loss: 1.2995, Test Acc: 0.5228
2025-10-03 14:55:39.674 | INFO     | [Worker-1 / GPU-1] Epoch 2/50 | Train Acc: 0.5009, Train Loss: 1.3733 | Test Loss: 1.0981, Test Acc: 0.6101
2025-10-03 14:55:39.674 | INFO     | [Worker-1 / GPU-1] Epoch 3/50 | Train Acc: 0.5591, Train Loss: 1.2293 | Test Loss: 0.9965, Test Acc: 0.6426
2025-10-03 14:55:39.674 | INFO     | [Worker-1 / GPU-1] Epoch 4/50 | Train Acc: 0.5905, Train Loss: 1.1475 | Test Loss: 0.9802, Test Acc: 0.6477
2025-10-03 14:55:39.674 | INFO     | [Worker-1 / GPU-1] Epoch 5/50 | Train Acc: 0.6156, Train Loss: 1.0779 | Test Loss: 0.8854, Test Acc: 0.6908
2025-10-03 14:55:39.674 | INFO     | [Worker-1 / GPU-1] Unexpected error for individual 12: 'DataLoader' object has no attribute 'loaders'
2025-10-03 14:55:45.893 | INFO     | [Worker-0 / GPU-0] Evaluating Individual 14/24 (50 epochs)
2025-10-03 14:55:45.894 | INFO     | [Worker-0 / GPU-0] Hyperparameters: {'width_scale': 2.687215421100941, 'fc1_units': 512, 'dropout_rate': 0.3139922548353337, 'optimizer_schedule': 'SGD_COSINE', 'base_lr': 0.0013043414843433656, 'aug_intensity': 'STRONG', 'weight_decay': 0.008786400688889168, 'batch_size': 1024}
2025-10-03 14:55:45.894 | INFO     | [Worker-0 / GPU-0] Scaled base_lr to value 0.0052173659373734626 for batch_size 1024
2025-10-03 14:55:45.894 | INFO     | [Worker-0 / GPU-0] Epoch 1/50 | Train Acc: 0.3855, Train Loss: 1.6660 | Test Loss: 1.3756, Test Acc: 0.4984
2025-10-03 14:55:45.894 | INFO     | [Worker-0 / GPU-0] Epoch 2/50 | Train Acc: 0.5058, Train Loss: 1.3547 | Test Loss: 1.0993, Test Acc: 0.6050
2025-10-03 14:55:45.895 | INFO     | [Worker-0 / GPU-0] Epoch 3/50 | Train Acc: 0.5631, Train Loss: 1.2121 | Test Loss: 1.0560, Test Acc: 0.6281
2025-10-03 14:55:45.895 | INFO     | [Worker-0 / GPU-0] Epoch 4/50 | Train Acc: 0.5985, Train Loss: 1.1233 | Test Loss: 0.9174, Test Acc: 0.6750
2025-10-03 14:55:45.895 | INFO     | [Worker-0 / GPU-0] Epoch 5/50 | Train Acc: 0.6271, Train Loss: 1.0560 | Test Loss: 0.9900, Test Acc: 0.6487
2025-10-03 14:55:45.895 | INFO     | [Worker-0 / GPU-0] Unexpected error for individual 14: 'DataLoader' object has no attribute 'loaders'
2025-10-03 14:56:40.327 | INFO     | [Worker-2 / GPU-2] Evaluating Individual 13/24 (50 epochs)
2025-10-03 14:56:40.327 | INFO     | [Worker-2 / GPU-2] Hyperparameters: {'width_scale': 2.4116862394302307, 'fc1_units': 768, 'dropout_rate': 0.29903089686478274, 'optimizer_schedule': 'ADAMW_ONECYCLE', 'base_lr': 0.003065577842814906, 'aug_intensity': 'MEDIUM', 'weight_decay': 0.0023733133847858028, 'batch_size': 1024}
2025-10-03 14:56:40.327 | INFO     | [Worker-2 / GPU-2] Scaled base_lr to value 0.006131155685629812 for batch_size 1024
2025-10-03 14:56:40.328 | INFO     | [Worker-2 / GPU-2] Epoch 1/50 | Train Acc: 0.4094, Train Loss: 1.6117 | Test Loss: 1.2941, Test Acc: 0.5214
2025-10-03 14:56:40.328 | INFO     | [Worker-2 / GPU-2] Epoch 2/50 | Train Acc: 0.5428, Train Loss: 1.2551 | Test Loss: 1.0597, Test Acc: 0.6205
2025-10-03 14:56:40.328 | INFO     | [Worker-2 / GPU-2] Epoch 3/50 | Train Acc: 0.6078, Train Loss: 1.0916 | Test Loss: 0.9035, Test Acc: 0.6772
2025-10-03 14:56:40.328 | INFO     | [Worker-2 / GPU-2] Epoch 4/50 | Train Acc: 0.6468, Train Loss: 0.9874 | Test Loss: 0.8529, Test Acc: 0.7004
2025-10-03 14:56:40.329 | INFO     | [Worker-2 / GPU-2] Epoch 5/50 | Train Acc: 0.6717, Train Loss: 0.9294 | Test Loss: 0.8815, Test Acc: 0.6895
2025-10-03 14:56:40.329 | INFO     | [Worker-2 / GPU-2] Epoch 6/50 | Train Acc: 0.6893, Train Loss: 0.8746 | Test Loss: 0.7393, Test Acc: 0.7415
2025-10-03 14:56:40.329 | INFO     | [Worker-2 / GPU-2] Epoch 7/50 | Train Acc: 0.7040, Train Loss: 0.8341 | Test Loss: 0.7674, Test Acc: 0.7283
2025-10-03 14:56:40.329 | INFO     | [Worker-2 / GPU-2] Epoch 8/50 | Train Acc: 0.7149, Train Loss: 0.7982 | Test Loss: 0.7523, Test Acc: 0.7383
2025-10-03 14:56:40.329 | INFO     | [Worker-2 / GPU-2] Epoch 9/50 | Train Acc: 0.7244, Train Loss: 0.7751 | Test Loss: 0.6787, Test Acc: 0.7610
2025-10-03 14:56:40.329 | INFO     | [Worker-2 / GPU-2] Epoch 10/50 | Train Acc: 0.7390, Train Loss: 0.7396 | Test Loss: 0.6654, Test Acc: 0.7639
2025-10-03 14:56:40.330 | INFO     | [Worker-2 / GPU-2] Epoch 11/50 | Train Acc: 0.7447, Train Loss: 0.7202 | Test Loss: 0.6766, Test Acc: 0.7649
2025-10-03 14:56:40.330 | INFO     | [Worker-2 / GPU-2] Epoch 12/50 | Train Acc: 0.7592, Train Loss: 0.6924 | Test Loss: 0.6146, Test Acc: 0.7830
2025-10-03 14:56:40.330 | INFO     | [Worker-2 / GPU-2] Epoch 13/50 | Train Acc: 0.7604, Train Loss: 0.6742 | Test Loss: 0.6057, Test Acc: 0.7876
2025-10-03 14:56:40.330 | INFO     | [Worker-2 / GPU-2] Epoch 14/50 | Train Acc: 0.7712, Train Loss: 0.6483 | Test Loss: 0.5990, Test Acc: 0.7913
2025-10-03 14:56:40.330 | INFO     | [Worker-2 / GPU-2] Epoch 15/50 | Train Acc: 0.7742, Train Loss: 0.6480 | Test Loss: 0.6015, Test Acc: 0.7919
2025-10-03 14:56:40.331 | INFO     | [Worker-2 / GPU-2] Epoch 16/50 | Train Acc: 0.7763, Train Loss: 0.6341 | Test Loss: 0.5958, Test Acc: 0.7936
2025-10-03 14:56:40.331 | INFO     | [Worker-2 / GPU-2] Epoch 17/50 | Train Acc: 0.7847, Train Loss: 0.6107 | Test Loss: 0.6356, Test Acc: 0.7791
2025-10-03 14:56:40.331 | INFO     | [Worker-2 / GPU-2] Epoch 18/50 | Train Acc: 0.7885, Train Loss: 0.6021 | Test Loss: 0.6511, Test Acc: 0.7761
2025-10-03 14:56:40.331 | INFO     | [Worker-2 / GPU-2] Epoch 19/50 | Train Acc: 0.7969, Train Loss: 0.5830 | Test Loss: 0.6087, Test Acc: 0.7922
2025-10-03 14:56:40.331 | INFO     | [Worker-2 / GPU-2] Epoch 20/50 | Train Acc: 0.8034, Train Loss: 0.5621 | Test Loss: 0.5688, Test Acc: 0.8024
2025-10-03 14:56:40.332 | INFO     | [Worker-2 / GPU-2] Epoch 21/50 | Train Acc: 0.8029, Train Loss: 0.5582 | Test Loss: 0.5654, Test Acc: 0.8075
2025-10-03 14:56:40.332 | INFO     | [Worker-2 / GPU-2] Epoch 22/50 | Train Acc: 0.8062, Train Loss: 0.5437 | Test Loss: 0.5538, Test Acc: 0.8108
2025-10-03 14:56:40.332 | INFO     | [Worker-2 / GPU-2] Epoch 23/50 | Train Acc: 0.8141, Train Loss: 0.5278 | Test Loss: 0.5796, Test Acc: 0.8044
2025-10-03 14:56:40.332 | INFO     | [Worker-2 / GPU-2] Epoch 24/50 | Train Acc: 0.8174, Train Loss: 0.5226 | Test Loss: 0.5383, Test Acc: 0.8158
2025-10-03 14:56:40.332 | INFO     | [Worker-2 / GPU-2] Epoch 25/50 | Train Acc: 0.8164, Train Loss: 0.5155 | Test Loss: 0.5582, Test Acc: 0.8099
2025-10-03 14:56:40.333 | INFO     | [Worker-2 / GPU-2] Epoch 26/50 | Train Acc: 0.8238, Train Loss: 0.5015 | Test Loss: 0.5499, Test Acc: 0.8150
2025-10-03 14:56:40.333 | INFO     | [Worker-2 / GPU-2] Epoch 27/50 | Train Acc: 0.8218, Train Loss: 0.5032 | Test Loss: 0.5413, Test Acc: 0.8149
2025-10-03 14:56:40.333 | INFO     | [Worker-2 / GPU-2] Epoch 28/50 | Train Acc: 0.8276, Train Loss: 0.4830 | Test Loss: 0.5048, Test Acc: 0.8294
2025-10-03 14:56:40.333 | INFO     | [Worker-2 / GPU-2] Epoch 29/50 | Train Acc: 0.8326, Train Loss: 0.4785 | Test Loss: 0.5138, Test Acc: 0.8234
2025-10-03 14:56:40.333 | INFO     | [Worker-2 / GPU-2] Epoch 30/50 | Train Acc: 0.8354, Train Loss: 0.4671 | Test Loss: 0.5888, Test Acc: 0.8023
2025-10-03 14:56:40.334 | INFO     | [Worker-2 / GPU-2] Epoch 31/50 | Train Acc: 0.8384, Train Loss: 0.4536 | Test Loss: 0.5312, Test Acc: 0.8195
2025-10-03 14:56:40.334 | INFO     | [Worker-2 / GPU-2] Epoch 32/50 | Train Acc: 0.8425, Train Loss: 0.4462 | Test Loss: 0.5376, Test Acc: 0.8198
2025-10-03 14:56:40.334 | INFO     | [Worker-2 / GPU-2] Epoch 33/50 | Train Acc: 0.8413, Train Loss: 0.4419 | Test Loss: 0.5122, Test Acc: 0.8261
2025-10-03 14:56:40.334 | INFO     | [Worker-2 / GPU-2] Epoch 33/50 | Train Acc: 0.8413, Train Loss: 0.4419 | Test Loss: 0.5122, Test Acc: 0.8261 / Early stopping triggered
2025-10-03 14:56:40.334 | INFO     | [Worker-2 / GPU-2] Individual 13 -> Accuracy: 0.8261, Loss: 0.5122 | Duration: 227.78s
2025-10-03 14:56:40.334 | INFO     | [Worker-2 / GPU-2] GPU memory used: 0.15 GB
2025-10-03 14:56:50.284 | INFO     | [Worker-3 / GPU-3] Evaluating Individual 11/24 (50 epochs)
2025-10-03 14:56:50.285 | INFO     | [Worker-3 / GPU-3] Hyperparameters: {'width_scale': 2.2497766661851655, 'fc1_units': 512, 'dropout_rate': 0.4336185076007708, 'optimizer_schedule': 'SGD_COSINE', 'base_lr': 0.003600793565369829, 'aug_intensity': 'MEDIUM', 'weight_decay': 0.006726422194266006, 'batch_size': 512}
2025-10-03 14:56:50.285 | INFO     | [Worker-3 / GPU-3] Scaled base_lr to value 0.007201587130739658 for batch_size 512
2025-10-03 14:56:50.285 | INFO     | [Worker-3 / GPU-3] Epoch 1/50 | Train Acc: 0.3701, Train Loss: 1.7062 | Test Loss: 1.3971, Test Acc: 0.4796
2025-10-03 14:56:50.285 | INFO     | [Worker-3 / GPU-3] Epoch 2/50 | Train Acc: 0.4806, Train Loss: 1.4287 | Test Loss: 1.2719, Test Acc: 0.5426
2025-10-03 14:56:50.285 | INFO     | [Worker-3 / GPU-3] Epoch 3/50 | Train Acc: 0.5378, Train Loss: 1.2760 | Test Loss: 1.0810, Test Acc: 0.6180
2025-10-03 14:56:50.286 | INFO     | [Worker-3 / GPU-3] Epoch 4/50 | Train Acc: 0.5797, Train Loss: 1.1710 | Test Loss: 1.0944, Test Acc: 0.6081
2025-10-03 14:56:50.286 | INFO     | [Worker-3 / GPU-3] Epoch 5/50 | Train Acc: 0.6071, Train Loss: 1.0998 | Test Loss: 1.0809, Test Acc: 0.6129
2025-10-03 14:56:50.286 | INFO     | [Worker-3 / GPU-3] Epoch 6/50 | Train Acc: 0.6319, Train Loss: 1.0431 | Test Loss: 0.9237, Test Acc: 0.6765
2025-10-03 14:56:50.286 | INFO     | [Worker-3 / GPU-3] Epoch 7/50 | Train Acc: 0.6452, Train Loss: 1.0057 | Test Loss: 1.0212, Test Acc: 0.6321
2025-10-03 14:56:50.286 | INFO     | [Worker-3 / GPU-3] Epoch 8/50 | Train Acc: 0.6626, Train Loss: 0.9674 | Test Loss: 0.8918, Test Acc: 0.6881
2025-10-03 14:56:50.287 | INFO     | [Worker-3 / GPU-3] Epoch 9/50 | Train Acc: 0.6759, Train Loss: 0.9389 | Test Loss: 0.8891, Test Acc: 0.6877
2025-10-03 14:56:50.287 | INFO     | [Worker-3 / GPU-3] Epoch 10/50 | Train Acc: 0.6804, Train Loss: 0.9132 | Test Loss: 0.8213, Test Acc: 0.7135
2025-10-03 14:56:50.287 | INFO     | [Worker-3 / GPU-3] Epoch 11/50 | Train Acc: 0.6868, Train Loss: 0.9007 | Test Loss: 0.8442, Test Acc: 0.7048
2025-10-03 14:56:50.287 | INFO     | [Worker-3 / GPU-3] Epoch 12/50 | Train Acc: 0.6970, Train Loss: 0.8699 | Test Loss: 0.8724, Test Acc: 0.6956
2025-10-03 14:56:50.287 | INFO     | [Worker-3 / GPU-3] Epoch 13/50 | Train Acc: 0.6996, Train Loss: 0.8625 | Test Loss: 0.8636, Test Acc: 0.6883
2025-10-03 14:56:50.287 | INFO     | [Worker-3 / GPU-3] Epoch 14/50 | Train Acc: 0.7112, Train Loss: 0.8424 | Test Loss: 0.7677, Test Acc: 0.7316
2025-10-03 14:56:50.288 | INFO     | [Worker-3 / GPU-3] Epoch 15/50 | Train Acc: 0.7141, Train Loss: 0.8241 | Test Loss: 0.8562, Test Acc: 0.7027
2025-10-03 14:56:50.288 | INFO     | [Worker-3 / GPU-3] Epoch 16/50 | Train Acc: 0.7202, Train Loss: 0.8144 | Test Loss: 0.7313, Test Acc: 0.7452
2025-10-03 14:56:50.288 | INFO     | [Worker-3 / GPU-3] Epoch 17/50 | Train Acc: 0.7307, Train Loss: 0.7855 | Test Loss: 0.7305, Test Acc: 0.7506
2025-10-03 14:56:50.288 | INFO     | [Worker-3 / GPU-3] Epoch 18/50 | Train Acc: 0.7292, Train Loss: 0.7848 | Test Loss: 0.7826, Test Acc: 0.7275
2025-10-03 14:56:50.288 | INFO     | [Worker-3 / GPU-3] Epoch 19/50 | Train Acc: 0.7365, Train Loss: 0.7724 | Test Loss: 0.7367, Test Acc: 0.7446
2025-10-03 14:56:50.289 | INFO     | [Worker-3 / GPU-3] Epoch 20/50 | Train Acc: 0.7412, Train Loss: 0.7512 | Test Loss: 0.7150, Test Acc: 0.7528
2025-10-03 14:56:50.289 | INFO     | [Worker-3 / GPU-3] Epoch 21/50 | Train Acc: 0.7453, Train Loss: 0.7442 | Test Loss: 0.6907, Test Acc: 0.7538
2025-10-03 14:56:50.289 | INFO     | [Worker-3 / GPU-3] Epoch 22/50 | Train Acc: 0.7535, Train Loss: 0.7318 | Test Loss: 0.7603, Test Acc: 0.7326
2025-10-03 14:56:50.289 | INFO     | [Worker-3 / GPU-3] Epoch 23/50 | Train Acc: 0.7549, Train Loss: 0.7133 | Test Loss: 0.7655, Test Acc: 0.7260
2025-10-03 14:56:50.289 | INFO     | [Worker-3 / GPU-3] Epoch 24/50 | Train Acc: 0.7603, Train Loss: 0.7054 | Test Loss: 0.7759, Test Acc: 0.7284
2025-10-03 14:56:50.289 | INFO     | [Worker-3 / GPU-3] Epoch 25/50 | Train Acc: 0.7682, Train Loss: 0.6781 | Test Loss: 0.6106, Test Acc: 0.7883
2025-10-03 14:56:50.290 | INFO     | [Worker-3 / GPU-3] Epoch 26/50 | Train Acc: 0.7693, Train Loss: 0.6745 | Test Loss: 0.6885, Test Acc: 0.7576
2025-10-03 14:56:50.290 | INFO     | [Worker-3 / GPU-3] Epoch 27/50 | Train Acc: 0.7795, Train Loss: 0.6447 | Test Loss: 0.6573, Test Acc: 0.7746
2025-10-03 14:56:50.290 | INFO     | [Worker-3 / GPU-3] Epoch 28/50 | Train Acc: 0.7847, Train Loss: 0.6392 | Test Loss: 0.6314, Test Acc: 0.7816
2025-10-03 14:56:50.290 | INFO     | [Worker-3 / GPU-3] Epoch 29/50 | Train Acc: 0.7912, Train Loss: 0.6203 | Test Loss: 0.6537, Test Acc: 0.7801
2025-10-03 14:56:50.290 | INFO     | [Worker-3 / GPU-3] Epoch 30/50 | Train Acc: 0.7958, Train Loss: 0.6059 | Test Loss: 0.5637, Test Acc: 0.8031
2025-10-03 14:56:50.290 | INFO     | [Worker-3 / GPU-3] Epoch 31/50 | Train Acc: 0.7984, Train Loss: 0.5956 | Test Loss: 0.5690, Test Acc: 0.8036
2025-10-03 14:56:50.291 | INFO     | [Worker-3 / GPU-3] Epoch 32/50 | Train Acc: 0.8063, Train Loss: 0.5755 | Test Loss: 0.5545, Test Acc: 0.8071
2025-10-03 14:56:50.291 | INFO     | [Worker-3 / GPU-3] Epoch 33/50 | Train Acc: 0.8116, Train Loss: 0.5630 | Test Loss: 0.5618, Test Acc: 0.8096
2025-10-03 14:56:50.291 | INFO     | [Worker-3 / GPU-3] Epoch 34/50 | Train Acc: 0.8205, Train Loss: 0.5421 | Test Loss: 0.5489, Test Acc: 0.8100
2025-10-03 14:56:50.291 | INFO     | [Worker-3 / GPU-3] Epoch 35/50 | Train Acc: 0.8226, Train Loss: 0.5307 | Test Loss: 0.5983, Test Acc: 0.7927
2025-10-03 14:56:50.291 | INFO     | [Worker-3 / GPU-3] Epoch 36/50 | Train Acc: 0.8290, Train Loss: 0.5115 | Test Loss: 0.5325, Test Acc: 0.8187
2025-10-03 14:56:50.291 | INFO     | [Worker-3 / GPU-3] Epoch 37/50 | Train Acc: 0.8383, Train Loss: 0.4892 | Test Loss: 0.5267, Test Acc: 0.8172
2025-10-03 14:56:50.292 | INFO     | [Worker-3 / GPU-3] Epoch 38/50 | Train Acc: 0.8455, Train Loss: 0.4746 | Test Loss: 0.5241, Test Acc: 0.8206
2025-10-03 14:56:50.292 | INFO     | [Worker-3 / GPU-3] Epoch 39/50 | Train Acc: 0.8488, Train Loss: 0.4589 | Test Loss: 0.4534, Test Acc: 0.8448
2025-10-03 14:56:50.292 | INFO     | [Worker-3 / GPU-3] Epoch 40/50 | Train Acc: 0.8523, Train Loss: 0.4459 | Test Loss: 0.4568, Test Acc: 0.8439
2025-10-03 14:56:50.292 | INFO     | [Worker-3 / GPU-3] Epoch 41/50 | Train Acc: 0.8596, Train Loss: 0.4337 | Test Loss: 0.4388, Test Acc: 0.8510
2025-10-03 14:56:50.292 | INFO     | [Worker-3 / GPU-3] Epoch 42/50 | Train Acc: 0.8608, Train Loss: 0.4211 | Test Loss: 0.4314, Test Acc: 0.8532
2025-10-03 14:56:50.293 | INFO     | [Worker-3 / GPU-3] Epoch 43/50 | Train Acc: 0.8694, Train Loss: 0.4093 | Test Loss: 0.4248, Test Acc: 0.8542
2025-10-03 14:56:50.293 | INFO     | [Worker-3 / GPU-3] Epoch 44/50 | Train Acc: 0.8689, Train Loss: 0.4003 | Test Loss: 0.4153, Test Acc: 0.8575
2025-10-03 14:56:50.293 | INFO     | [Worker-3 / GPU-3] Epoch 45/50 | Train Acc: 0.8742, Train Loss: 0.3893 | Test Loss: 0.4118, Test Acc: 0.8585
2025-10-03 14:56:50.293 | INFO     | [Worker-3 / GPU-3] Epoch 46/50 | Train Acc: 0.8765, Train Loss: 0.3844 | Test Loss: 0.4108, Test Acc: 0.8595
2025-10-03 14:56:50.293 | INFO     | [Worker-3 / GPU-3] Epoch 47/50 | Train Acc: 0.8794, Train Loss: 0.3813 | Test Loss: 0.4088, Test Acc: 0.8606
2025-10-03 14:56:50.293 | INFO     | [Worker-3 / GPU-3] Epoch 48/50 | Train Acc: 0.8785, Train Loss: 0.3792 | Test Loss: 0.4090, Test Acc: 0.8603
2025-10-03 14:56:50.294 | INFO     | [Worker-3 / GPU-3] Epoch 49/50 | Train Acc: 0.8773, Train Loss: 0.3855 | Test Loss: 0.4074, Test Acc: 0.8612
2025-10-03 14:56:50.294 | INFO     | [Worker-3 / GPU-3] Epoch 50/50 | Train Acc: 0.8776, Train Loss: 0.3828 | Test Loss: 0.4085, Test Acc: 0.8606
2025-10-03 14:56:50.294 | INFO     | [Worker-3 / GPU-3] Individual 11 -> Accuracy: 0.8606, Loss: 0.4085 | Duration: 268.96s
2025-10-03 14:56:50.294 | INFO     | [Worker-3 / GPU-3] GPU memory used: 0.10 GB
2025-10-03 14:58:27.864 | INFO     | [Worker-0 / GPU-0] Evaluating Individual 16/24 (50 epochs)
2025-10-03 14:58:27.865 | INFO     | [Worker-0 / GPU-0] Hyperparameters: {'width_scale': 1.2872384212540267, 'fc1_units': 512, 'dropout_rate': 0.26690845614130426, 'optimizer_schedule': 'SGD_ONECYCLE', 'base_lr': 0.016024516139955917, 'aug_intensity': 'STRONG', 'weight_decay': 1.7812288759733946e-06, 'batch_size': 512}
2025-10-03 14:58:27.865 | INFO     | [Worker-0 / GPU-0] Scaled base_lr to value 0.032049032279911835 for batch_size 512
2025-10-03 14:58:27.865 | INFO     | [Worker-0 / GPU-0] Epoch 1/50 | Train Acc: 0.3725, Train Loss: 1.7136 | Test Loss: 1.3860, Test Acc: 0.4897
2025-10-03 14:58:27.865 | INFO     | [Worker-0 / GPU-0] Epoch 2/50 | Train Acc: 0.4991, Train Loss: 1.3854 | Test Loss: 1.1512, Test Acc: 0.5816
2025-10-03 14:58:27.865 | INFO     | [Worker-0 / GPU-0] Epoch 3/50 | Train Acc: 0.5522, Train Loss: 1.2379 | Test Loss: 1.0463, Test Acc: 0.6253
2025-10-03 14:58:27.866 | INFO     | [Worker-0 / GPU-0] Epoch 4/50 | Train Acc: 0.5954, Train Loss: 1.1332 | Test Loss: 0.9135, Test Acc: 0.6785
2025-10-03 14:58:27.866 | INFO     | [Worker-0 / GPU-0] Epoch 5/50 | Train Acc: 0.6178, Train Loss: 1.0681 | Test Loss: 0.9064, Test Acc: 0.6818
2025-10-03 14:58:27.866 | INFO     | [Worker-0 / GPU-0] Unexpected error for individual 16: 'DataLoader' object has no attribute 'loaders'
2025-10-03 14:59:18.211 | INFO     | [Worker-1 / GPU-1] Evaluating Individual 15/24 (50 epochs)
2025-10-03 14:59:18.212 | INFO     | [Worker-1 / GPU-1] Hyperparameters: {'width_scale': 2.6622363482743827, 'fc1_units': 512, 'dropout_rate': 0.23473619317871172, 'optimizer_schedule': 'SGD_COSINE', 'base_lr': 0.004030677713321316, 'aug_intensity': 'MEDIUM', 'weight_decay': 0.004291215504588542, 'batch_size': 1024}
2025-10-03 14:59:18.212 | INFO     | [Worker-1 / GPU-1] Scaled base_lr to value 0.016122710853285264 for batch_size 1024
2025-10-03 14:59:18.212 | INFO     | [Worker-1 / GPU-1] Epoch 1/50 | Train Acc: 0.3531, Train Loss: 1.7628 | Test Loss: 1.4587, Test Acc: 0.4660
2025-10-03 14:59:18.212 | INFO     | [Worker-1 / GPU-1] Epoch 2/50 | Train Acc: 0.4544, Train Loss: 1.4965 | Test Loss: 1.3540, Test Acc: 0.5170
2025-10-03 14:59:18.212 | INFO     | [Worker-1 / GPU-1] Epoch 3/50 | Train Acc: 0.5166, Train Loss: 1.3336 | Test Loss: 1.1042, Test Acc: 0.6072
2025-10-03 14:59:18.213 | INFO     | [Worker-1 / GPU-1] Epoch 4/50 | Train Acc: 0.5687, Train Loss: 1.2047 | Test Loss: 1.0080, Test Acc: 0.6387
2025-10-03 14:59:18.213 | INFO     | [Worker-1 / GPU-1] Epoch 5/50 | Train Acc: 0.5985, Train Loss: 1.1266 | Test Loss: 1.0925, Test Acc: 0.6186
2025-10-03 14:59:18.213 | INFO     | [Worker-1 / GPU-1] Epoch 6/50 | Train Acc: 0.6190, Train Loss: 1.0672 | Test Loss: 1.1459, Test Acc: 0.6082
2025-10-03 14:59:18.213 | INFO     | [Worker-1 / GPU-1] Epoch 7/50 | Train Acc: 0.6386, Train Loss: 1.0289 | Test Loss: 0.8526, Test Acc: 0.6986
2025-10-03 14:59:18.214 | INFO     | [Worker-1 / GPU-1] Epoch 8/50 | Train Acc: 0.6519, Train Loss: 0.9976 | Test Loss: 1.0216, Test Acc: 0.6544
2025-10-03 14:59:18.214 | INFO     | [Worker-1 / GPU-1] Epoch 9/50 | Train Acc: 0.6585, Train Loss: 0.9798 | Test Loss: 0.9920, Test Acc: 0.6537
2025-10-03 14:59:18.214 | INFO     | [Worker-1 / GPU-1] Epoch 10/50 | Train Acc: 0.6676, Train Loss: 0.9520 | Test Loss: 0.9258, Test Acc: 0.6814
2025-10-03 14:59:18.214 | INFO     | [Worker-1 / GPU-1] Epoch 11/50 | Train Acc: 0.6772, Train Loss: 0.9274 | Test Loss: 1.0708, Test Acc: 0.6366
2025-10-03 14:59:18.214 | INFO     | [Worker-1 / GPU-1] Epoch 12/50 | Train Acc: 0.6870, Train Loss: 0.9068 | Test Loss: 0.7835, Test Acc: 0.7312
2025-10-03 14:59:18.215 | INFO     | [Worker-1 / GPU-1] Epoch 13/50 | Train Acc: 0.6913, Train Loss: 0.8869 | Test Loss: 0.9171, Test Acc: 0.6849
2025-10-03 14:59:18.215 | INFO     | [Worker-1 / GPU-1] Epoch 14/50 | Train Acc: 0.6995, Train Loss: 0.8686 | Test Loss: 0.9195, Test Acc: 0.6778
2025-10-03 14:59:18.215 | INFO     | [Worker-1 / GPU-1] Epoch 15/50 | Train Acc: 0.7067, Train Loss: 0.8547 | Test Loss: 0.9227, Test Acc: 0.6840
2025-10-03 14:59:18.215 | INFO     | [Worker-1 / GPU-1] Epoch 16/50 | Train Acc: 0.7114, Train Loss: 0.8377 | Test Loss: 0.9353, Test Acc: 0.6740
2025-10-03 14:59:18.215 | INFO     | [Worker-1 / GPU-1] Epoch 17/50 | Train Acc: 0.7228, Train Loss: 0.8141 | Test Loss: 0.8578, Test Acc: 0.7022
2025-10-03 14:59:18.215 | INFO     | [Worker-1 / GPU-1] Epoch 17/50 | Train Acc: 0.7228, Train Loss: 0.8141 | Test Loss: 0.8578, Test Acc: 0.7022 / Early stopping triggered
2025-10-03 14:59:18.216 | INFO     | [Worker-1 / GPU-1] Individual 15 -> Accuracy: 0.7022, Loss: 0.8578 | Duration: 218.53s
2025-10-03 14:59:18.216 | INFO     | [Worker-1 / GPU-1] GPU memory used: 0.15 GB
2025-10-03 14:59:22.691 | INFO     | [Worker-2 / GPU-2] Evaluating Individual 17/24 (50 epochs)
2025-10-03 14:59:22.692 | INFO     | [Worker-2 / GPU-2] Hyperparameters: {'width_scale': 1.3024760830262052, 'fc1_units': 768, 'dropout_rate': 0.3989131573542448, 'optimizer_schedule': 'SGD_COSINE', 'base_lr': 0.0067734144488512185, 'aug_intensity': 'STRONG', 'weight_decay': 0.0024156805840072266, 'batch_size': 256}
2025-10-03 14:59:22.692 | INFO     | [Worker-2 / GPU-2] Epoch 1/50 | Train Acc: 0.3719, Train Loss: 1.7022 | Test Loss: 1.4493, Test Acc: 0.4610
2025-10-03 14:59:22.692 | INFO     | [Worker-2 / GPU-2] Epoch 2/50 | Train Acc: 0.4842, Train Loss: 1.4178 | Test Loss: 1.1392, Test Acc: 0.5902
2025-10-03 14:59:22.692 | INFO     | [Worker-2 / GPU-2] Epoch 3/50 | Train Acc: 0.5448, Train Loss: 1.2668 | Test Loss: 1.0916, Test Acc: 0.5972
2025-10-03 14:59:22.693 | INFO     | [Worker-2 / GPU-2] Epoch 4/50 | Train Acc: 0.5821, Train Loss: 1.1693 | Test Loss: 1.0390, Test Acc: 0.6230
2025-10-03 14:59:22.912 | INFO     | [Worker-2 / GPU-2] Epoch 5/50 | Train Acc: 0.6101, Train Loss: 1.0897 | Test Loss: 0.9051, Test Acc: 0.6774
2025-10-03 14:59:22.912 | INFO     | [Worker-2 / GPU-2] Unexpected error for individual 17: 'DataLoader' object has no attribute 'loaders'
2025-10-03 15:00:33.060 | INFO     | [Worker-3 / GPU-3] Evaluating Individual 18/24 (50 epochs)
2025-10-03 15:00:33.060 | INFO     | [Worker-3 / GPU-3] Hyperparameters: {'width_scale': 2.75588661097814, 'fc1_units': 512, 'dropout_rate': 0.35678277951819826, 'optimizer_schedule': 'ADAMW_ONECYCLE', 'base_lr': 0.01841838227907119, 'aug_intensity': 'MEDIUM', 'weight_decay': 5.654515753393568e-06, 'batch_size': 512}
2025-10-03 15:00:33.060 | INFO     | [Worker-3 / GPU-3] Scaled base_lr to value 0.026047526016034755 for batch_size 512
2025-10-03 15:00:33.061 | INFO     | [Worker-3 / GPU-3] Epoch 1/50 | Train Acc: 0.3384, Train Loss: 1.8670 | Test Loss: 1.4758, Test Acc: 0.4568
2025-10-03 15:00:33.061 | INFO     | [Worker-3 / GPU-3] Epoch 2/50 | Train Acc: 0.4527, Train Loss: 1.4966 | Test Loss: 1.2475, Test Acc: 0.5384
2025-10-03 15:00:33.061 | INFO     | [Worker-3 / GPU-3] Epoch 3/50 | Train Acc: 0.5126, Train Loss: 1.3459 | Test Loss: 1.1241, Test Acc: 0.5944
2025-10-03 15:00:33.062 | INFO     | [Worker-3 / GPU-3] Epoch 4/50 | Train Acc: 0.5530, Train Loss: 1.2316 | Test Loss: 0.9905, Test Acc: 0.6413
2025-10-03 15:00:33.063 | INFO     | [Worker-3 / GPU-3] Epoch 5/50 | Train Acc: 0.5974, Train Loss: 1.1273 | Test Loss: 0.9718, Test Acc: 0.6578
2025-10-03 15:00:33.063 | INFO     | [Worker-3 / GPU-3] Epoch 6/50 | Train Acc: 0.6251, Train Loss: 1.0481 | Test Loss: 0.9016, Test Acc: 0.6811
2025-10-03 15:00:33.063 | INFO     | [Worker-3 / GPU-3] Epoch 7/50 | Train Acc: 0.6439, Train Loss: 1.0000 | Test Loss: 0.8382, Test Acc: 0.7028
2025-10-03 15:00:33.063 | INFO     | [Worker-3 / GPU-3] Epoch 8/50 | Train Acc: 0.6627, Train Loss: 0.9554 | Test Loss: 0.7938, Test Acc: 0.7199
2025-10-03 15:00:33.063 | INFO     | [Worker-3 / GPU-3] Epoch 9/50 | Train Acc: 0.6803, Train Loss: 0.9136 | Test Loss: 0.7728, Test Acc: 0.7268
2025-10-03 15:00:33.063 | INFO     | [Worker-3 / GPU-3] Epoch 10/50 | Train Acc: 0.6954, Train Loss: 0.8676 | Test Loss: 0.7307, Test Acc: 0.7441
2025-10-03 15:00:33.064 | INFO     | [Worker-3 / GPU-3] Epoch 11/50 | Train Acc: 0.7079, Train Loss: 0.8394 | Test Loss: 0.6871, Test Acc: 0.7615
2025-10-03 15:00:33.064 | INFO     | [Worker-3 / GPU-3] Epoch 12/50 | Train Acc: 0.7254, Train Loss: 0.7944 | Test Loss: 0.6555, Test Acc: 0.7686
2025-10-03 15:00:33.064 | INFO     | [Worker-3 / GPU-3] Epoch 13/50 | Train Acc: 0.7282, Train Loss: 0.7809 | Test Loss: 0.6751, Test Acc: 0.7673
2025-10-03 15:00:33.064 | INFO     | [Worker-3 / GPU-3] Epoch 14/50 | Train Acc: 0.7395, Train Loss: 0.7513 | Test Loss: 0.6962, Test Acc: 0.7600
2025-10-03 15:00:33.064 | INFO     | [Worker-3 / GPU-3] Epoch 15/50 | Train Acc: 0.7506, Train Loss: 0.7223 | Test Loss: 0.6761, Test Acc: 0.7621
2025-10-03 15:00:33.064 | INFO     | [Worker-3 / GPU-3] Epoch 16/50 | Train Acc: 0.7564, Train Loss: 0.7025 | Test Loss: 0.6074, Test Acc: 0.7872
2025-10-03 15:00:33.065 | INFO     | [Worker-3 / GPU-3] Epoch 17/50 | Train Acc: 0.7652, Train Loss: 0.6771 | Test Loss: 0.6040, Test Acc: 0.7883
2025-10-03 15:00:33.065 | INFO     | [Worker-3 / GPU-3] Epoch 18/50 | Train Acc: 0.7706, Train Loss: 0.6633 | Test Loss: 0.6180, Test Acc: 0.7879
2025-10-03 15:00:33.065 | INFO     | [Worker-3 / GPU-3] Epoch 19/50 | Train Acc: 0.7835, Train Loss: 0.6293 | Test Loss: 0.6064, Test Acc: 0.7956
2025-10-03 15:00:33.065 | INFO     | [Worker-3 / GPU-3] Epoch 20/50 | Train Acc: 0.7912, Train Loss: 0.6173 | Test Loss: 0.5752, Test Acc: 0.8044
2025-10-03 15:00:33.065 | INFO     | [Worker-3 / GPU-3] Epoch 21/50 | Train Acc: 0.7936, Train Loss: 0.5975 | Test Loss: 0.5884, Test Acc: 0.8015
2025-10-03 15:00:33.066 | INFO     | [Worker-3 / GPU-3] Epoch 22/50 | Train Acc: 0.8014, Train Loss: 0.5783 | Test Loss: 0.5637, Test Acc: 0.8135
2025-10-03 15:00:33.066 | INFO     | [Worker-3 / GPU-3] Epoch 23/50 | Train Acc: 0.8079, Train Loss: 0.5554 | Test Loss: 0.6138, Test Acc: 0.7943
2025-10-03 15:00:33.066 | INFO     | [Worker-3 / GPU-3] Epoch 24/50 | Train Acc: 0.8134, Train Loss: 0.5448 | Test Loss: 0.5537, Test Acc: 0.8095
2025-10-03 15:00:33.066 | INFO     | [Worker-3 / GPU-3] Epoch 25/50 | Train Acc: 0.8176, Train Loss: 0.5269 | Test Loss: 0.5127, Test Acc: 0.8274
2025-10-03 15:00:33.066 | INFO     | [Worker-3 / GPU-3] Epoch 26/50 | Train Acc: 0.8261, Train Loss: 0.5070 | Test Loss: 0.5266, Test Acc: 0.8236
2025-10-03 15:00:33.067 | INFO     | [Worker-3 / GPU-3] Epoch 27/50 | Train Acc: 0.8310, Train Loss: 0.4926 | Test Loss: 0.6290, Test Acc: 0.7947
2025-10-03 15:00:33.067 | INFO     | [Worker-3 / GPU-3] Epoch 28/50 | Train Acc: 0.8359, Train Loss: 0.4826 | Test Loss: 0.5500, Test Acc: 0.8175
2025-10-03 15:00:33.067 | INFO     | [Worker-3 / GPU-3] Epoch 29/50 | Train Acc: 0.8411, Train Loss: 0.4680 | Test Loss: 0.5297, Test Acc: 0.8232
2025-10-03 15:00:33.067 | INFO     | [Worker-3 / GPU-3] Epoch 30/50 | Train Acc: 0.8451, Train Loss: 0.4515 | Test Loss: 0.5382, Test Acc: 0.8254
2025-10-03 15:00:33.067 | INFO     | [Worker-3 / GPU-3] Epoch 30/50 | Train Acc: 0.8451, Train Loss: 0.4515 | Test Loss: 0.5382, Test Acc: 0.8254 / Early stopping triggered
2025-10-03 15:00:33.068 | INFO     | [Worker-3 / GPU-3] Individual 18 -> Accuracy: 0.8254, Loss: 0.5382 | Duration: 222.76s
2025-10-03 15:00:33.068 | INFO     | [Worker-3 / GPU-3] GPU memory used: 0.14 GB
2025-10-03 15:01:08.907 | INFO     | [Worker-0 / GPU-0] Evaluating Individual 19/24 (50 epochs)
2025-10-03 15:01:08.907 | INFO     | [Worker-0 / GPU-0] Hyperparameters: {'width_scale': 1.6133698684028497, 'fc1_units': 768, 'dropout_rate': 0.48695058647820644, 'optimizer_schedule': 'SGD_ONECYCLE', 'base_lr': 0.07502629132642956, 'aug_intensity': 'STRONG', 'weight_decay': 1.929511881476576e-06, 'batch_size': 512}
2025-10-03 15:01:08.908 | INFO     | [Worker-0 / GPU-0] Scaled base_lr to value 0.15005258265285912 for batch_size 512
2025-10-03 15:01:08.908 | INFO     | [Worker-0 / GPU-0] Epoch 1/50 | Train Acc: 0.3272, Train Loss: 1.8152 | Test Loss: 1.5461, Test Acc: 0.4223
2025-10-03 15:01:08.908 | INFO     | [Worker-0 / GPU-0] Epoch 2/50 | Train Acc: 0.3984, Train Loss: 1.6457 | Test Loss: 1.3820, Test Acc: 0.4967
2025-10-03 15:01:08.908 | INFO     | [Worker-0 / GPU-0] Epoch 3/50 | Train Acc: 0.4416, Train Loss: 1.5309 | Test Loss: 1.2289, Test Acc: 0.5473
2025-10-03 15:01:08.908 | INFO     | [Worker-0 / GPU-0] Epoch 4/50 | Train Acc: 0.4825, Train Loss: 1.4433 | Test Loss: 1.1586, Test Acc: 0.5824
2025-10-03 15:01:08.908 | INFO     | [Worker-0 / GPU-0] Epoch 5/50 | Train Acc: 0.5037, Train Loss: 1.3820 | Test Loss: 1.0493, Test Acc: 0.6260
2025-10-03 15:01:08.909 | INFO     | [Worker-0 / GPU-0] Unexpected error for individual 19: 'DataLoader' object has no attribute 'loaders'
2025-10-03 15:01:59.327 | INFO     | [Worker-1 / GPU-1] Evaluating Individual 20/24 (50 epochs)
2025-10-03 15:01:59.328 | INFO     | [Worker-1 / GPU-1] Hyperparameters: {'width_scale': 2.250192670084189, 'fc1_units': 1024, 'dropout_rate': 0.3705788237288485, 'optimizer_schedule': 'ADAMW_ONECYCLE', 'base_lr': 0.05103989783747333, 'aug_intensity': 'STRONG', 'weight_decay': 7.257039882163567e-05, 'batch_size': 1024}
2025-10-03 15:01:59.328 | INFO     | [Worker-1 / GPU-1] Scaled base_lr to value 0.10207979567494666 for batch_size 1024
2025-10-03 15:01:59.329 | INFO     | [Worker-1 / GPU-1] Epoch 1/50 | Train Acc: 0.2149, Train Loss: 2.9613 | Test Loss: 1.7695, Test Acc: 0.3436
2025-10-03 15:01:59.329 | INFO     | [Worker-1 / GPU-1] Epoch 2/50 | Train Acc: 0.2970, Train Loss: 1.8501 | Test Loss: 1.5904, Test Acc: 0.3991
2025-10-03 15:01:59.329 | INFO     | [Worker-1 / GPU-1] Epoch 3/50 | Train Acc: 0.3381, Train Loss: 1.7465 | Test Loss: 1.5133, Test Acc: 0.4477
2025-10-03 15:01:59.329 | INFO     | [Worker-1 / GPU-1] Epoch 4/50 | Train Acc: 0.3841, Train Loss: 1.6412 | Test Loss: 1.3436, Test Acc: 0.4964
2025-10-03 15:01:59.329 | INFO     | [Worker-1 / GPU-1] Epoch 5/50 | Train Acc: 0.4447, Train Loss: 1.5165 | Test Loss: 1.2154, Test Acc: 0.5554
2025-10-03 15:01:59.330 | INFO     | [Worker-1 / GPU-1] Unexpected error for individual 20: 'DataLoader' object has no attribute 'loaders'
2025-10-03 15:02:03.429 | INFO     | [Worker-2 / GPU-2] Evaluating Individual 21/24 (50 epochs)
2025-10-03 15:02:03.430 | INFO     | [Worker-2 / GPU-2] Hyperparameters: {'width_scale': 1.6647543499622448, 'fc1_units': 1024, 'dropout_rate': 0.4259577531514629, 'optimizer_schedule': 'ADAMW_ONECYCLE', 'base_lr': 0.009835875721528275, 'aug_intensity': 'STRONG', 'weight_decay': 0.00045826700504821716, 'batch_size': 256}
2025-10-03 15:02:03.430 | INFO     | [Worker-2 / GPU-2] Epoch 1/50 | Train Acc: 0.3828, Train Loss: 1.6876 | Test Loss: 1.3209, Test Acc: 0.5217
2025-10-03 15:02:03.430 | INFO     | [Worker-2 / GPU-2] Epoch 2/50 | Train Acc: 0.5134, Train Loss: 1.3442 | Test Loss: 1.0749, Test Acc: 0.6141
2025-10-03 15:02:03.430 | INFO     | [Worker-2 / GPU-2] Epoch 3/50 | Train Acc: 0.5705, Train Loss: 1.1932 | Test Loss: 0.9661, Test Acc: 0.6516
2025-10-03 15:02:03.431 | INFO     | [Worker-2 / GPU-2] Epoch 4/50 | Train Acc: 0.6092, Train Loss: 1.0973 | Test Loss: 0.9163, Test Acc: 0.6727
2025-10-03 15:02:03.431 | INFO     | [Worker-2 / GPU-2] Epoch 5/50 | Train Acc: 0.6308, Train Loss: 1.0386 | Test Loss: 1.0025, Test Acc: 0.6417
2025-10-03 15:02:03.431 | INFO     | [Worker-2 / GPU-2] Unexpected error for individual 21: 'DataLoader' object has no attribute 'loaders'
