2025-10-15 09:46:28.458 | INFO     | Configuration:
{
    "project": {
        "name": "HPO Paper-Based Experiment",
        "seed": 1236
    },
    "environment": {
        "data_source": {
            "dataset": "CIFAR-10",
            "path": "./model_data"
        },
        "logging": {
            "log_file": "logs/experiment.log",
            "error_log_file": "logs/error.log",
            "report_directory": "reports"
        }
    },
    "checkpoint_config": {
        "interval_per_gen": 1
    },
    "parallel_config": {
        "execution": {
            "evaluation_mode": "GPU",
            "enable_parallel": true,
            "gpu_workers": 4,
            "cpu_workers": 0,
            "gpu_cpu_performance_ratio": 16,
            "dataloader_workers": {
                "per_gpu": 8,
                "per_cpu": 1
            }
        }
    },
    "neural_network_config": {
        "input_shape": [
            3,
            32,
            32
        ],
        "output_classes": 10,
        "conv_blocks": 4,
        "fixed_parameters": {
            "activation_function": "relu",
            "base_filters": 32
        },
        "hyperparameter_space": {
            "width_scale": {
                "type": "float",
                "range": [
                    0.75,
                    2.0
                ],
                "description": "Scales the number of filters in convolutional layers"
            },
            "fc1_units": {
                "type": "enum",
                "values": [
                    256,
                    512,
                    1024
                ],
                "description": "Number of neurons in the first fully connected layer"
            },
            "dropout_rate": {
                "type": "float",
                "range": [
                    0.2,
                    0.5
                ],
                "description": "Dropout intensity in the first fully connected layer"
            },
            "optimizer_schedule": {
                "type": "enum",
                "values": [
                    "SGD_COSINE",
                    "SGD_ONECYCLE",
                    "SGD_EXPONENTIAL"
                ],
                "description": "Optimizer type + Learning rate scheduler"
            },
            "base_lr": {
                "type": "float",
                "range": [
                    0.01,
                    0.1
                ],
                "scale": "log",
                "description": "Base learning rate value, log scale"
            },
            "aug_intensity": {
                "type": "enum",
                "values": [
                    "MEDIUM",
                    "STRONG"
                ],
                "description": "Level of data augmentation"
            },
            "weight_decay": {
                "type": "float",
                "range": [
                    0.0001,
                    0.001
                ],
                "scale": "log",
                "description": "L2 regularization coefficient, log scale"
            },
            "batch_size": {
                "type": "enum",
                "values": [
                    512
                ],
                "description": "Training batch size"
            }
        }
    },
    "nested_validation_config": {
        "enabled": true,
        "outer_k_folds": 3
    },
    "genetic_algorithm_config": {
        "genetic_operators": {
            "active": [
                "selection",
                "crossover",
                "mutation",
                "elitism"
            ],
            "selection": {
                "type": "tournament",
                "tournament_size": 4
            },
            "crossover": {
                "type": "uniform",
                "crossover_prob": 0.8
            },
            "mutation": {
                "mutation_prob_discrete": 0.15,
                "mutation_prob_categorical": 0.15,
                "mutation_sigma_continuous": 0.1,
                "mutation_prob_continuous": 0.15
            },
            "elitism_percent": 0.1
        },
        "calibration": {
            "enabled": false,
            "population_size": 48,
            "generations": 10,
            "training_epochs": 20,
            "data_subset_percentage": 1.0,
            "mutation_decay_rate": 0.98,
            "stratification_bins": 9,
            "stop_conditions": {
                "max_generations": 10,
                "early_stop_generations": 999,
                "early_stop_epochs": 6,
                "fitness_goal": 0.99,
                "time_limit_minutes": 1440
            }
        },
        "main_algorithm": {
            "population_size": 24,
            "generations": 5,
            "training_epochs": 100,
            "mutation_decay_rate": 0.98,
            "stratification_bins": 3,
            "stop_conditions": {
                "max_generations": 70,
                "early_stop_generations": 8,
                "early_stop_epochs": 15,
                "fitness_goal": 0.99,
                "time_limit_minutes": 0
            }
        }
    }
}
2025-10-15 09:46:28.459 | INFO     | Logger initialized. Log file at logs/log_2025-10-15_07-46-28.log
2025-10-15 09:46:28.459 | INFO     | --- Starting Nested Resampling With 3 Folds ---
2025-10-15 09:46:29.321 | INFO     | --- Running Fold 1/3 ---
2025-10-15 09:46:29.322 | INFO     | Initializing worker pool...
2025-10-15 09:46:29.322 | INFO     | Using GPU-Only scheduling strategy.
2025-10-15 09:46:29.325 | INFO     | Worker pool initialized with 4 workers.
2025-10-15 09:46:30.554 | INFO     | Calibration disabled. Starting main algorithm with random population.
2025-10-15 09:46:30.555 | INFO     | --- Starting MAIN_ALGORITHM Phase ---
2025-10-15 09:46:30.556 | INFO     | Generations: 5, Population: 24
2025-10-15 09:46:30.556 | INFO     | --- MAIN_ALGORITHM - Generation 1/5 ---
2025-10-15 09:48:46.691 | INFO     | [Worker-0 / GPU-0] Evaluating Individual 1/24 (100 epochs)
2025-10-15 09:48:46.692 | INFO     | [Worker-0 / GPU-0] Hyperparameters: {'width_scale': 0.878805857719918, 'fc1_units': 256, 'dropout_rate': 0.294164475374954, 'optimizer_schedule': 'SGD_COSINE', 'base_lr': 0.027865885127132624, 'aug_intensity': 'STRONG', 'weight_decay': 0.0008977059626572552, 'batch_size': 512}
2025-10-15 09:48:46.692 | INFO     | [Worker-0 / GPU-0] Scaled base_lr to 0.111464 for batch_size 512
2025-10-15 09:48:46.693 | INFO     | [Worker-0 / GPU-0] Epoch 1/100 | Train Acc: 0.1986, Train Loss: 4.1662 | Test Loss: 1.7528, Test Acc: 0.3944
2025-10-15 09:48:46.693 | INFO     | [Worker-0 / GPU-0] Epoch 2/100 | Train Acc: 0.3281, Train Loss: 2.0387 | Test Loss: 1.6898, Test Acc: 0.4423
2025-10-15 09:48:46.693 | INFO     | [Worker-0 / GPU-0] Epoch 3/100 | Train Acc: 0.4238, Train Loss: 1.6891 | Test Loss: 1.5054, Test Acc: 0.5219
2025-10-15 09:48:46.693 | INFO     | [Worker-0 / GPU-0] Epoch 4/100 | Train Acc: 0.4838, Train Loss: 1.5458 | Test Loss: 1.4098, Test Acc: 0.5589
2025-10-15 09:48:46.693 | INFO     | [Worker-0 / GPU-0] Epoch 5/100 | Train Acc: 0.5286, Train Loss: 1.4581 | Test Loss: 1.3906, Test Acc: 0.5446
2025-10-15 09:48:46.693 | INFO     | [Worker-0 / GPU-0] Epoch 6/100 | Train Acc: 0.5568, Train Loss: 1.3966 | Test Loss: 1.3416, Test Acc: 0.5690
2025-10-15 09:48:46.694 | INFO     | [Worker-0 / GPU-0] Epoch 7/100 | Train Acc: 0.5988, Train Loss: 1.3075 | Test Loss: 1.2713, Test Acc: 0.5928
2025-10-15 09:48:46.694 | INFO     | [Worker-0 / GPU-0] Epoch 8/100 | Train Acc: 0.6304, Train Loss: 1.2454 | Test Loss: 1.1529, Test Acc: 0.6511
2025-10-15 09:48:46.694 | INFO     | [Worker-0 / GPU-0] Epoch 9/100 | Train Acc: 0.6488, Train Loss: 1.2020 | Test Loss: 1.1416, Test Acc: 0.6498
2025-10-15 09:48:46.694 | INFO     | [Worker-0 / GPU-0] Epoch 10/100 | Train Acc: 0.6739, Train Loss: 1.1396 | Test Loss: 1.1876, Test Acc: 0.6354
2025-10-15 09:48:46.694 | INFO     | [Worker-0 / GPU-0] Epoch 11/100 | Train Acc: 0.6972, Train Loss: 1.0887 | Test Loss: 1.2848, Test Acc: 0.6101
2025-10-15 09:48:46.695 | INFO     | [Worker-0 / GPU-0] Epoch 12/100 | Train Acc: 0.7185, Train Loss: 1.0401 | Test Loss: 1.0908, Test Acc: 0.6761
2025-10-15 09:48:46.695 | INFO     | [Worker-0 / GPU-0] Epoch 13/100 | Train Acc: 0.7251, Train Loss: 1.0334 | Test Loss: 1.1435, Test Acc: 0.6544
2025-10-15 09:48:46.695 | INFO     | [Worker-0 / GPU-0] Epoch 14/100 | Train Acc: 0.7340, Train Loss: 1.0194 | Test Loss: 1.5140, Test Acc: 0.5329
2025-10-15 09:48:46.695 | INFO     | [Worker-0 / GPU-0] Epoch 15/100 | Train Acc: 0.7462, Train Loss: 1.0049 | Test Loss: 1.1517, Test Acc: 0.6569
2025-10-15 09:48:46.695 | INFO     | [Worker-0 / GPU-0] Epoch 16/100 | Train Acc: 0.7377, Train Loss: 1.0290 | Test Loss: 1.1501, Test Acc: 0.6573
2025-10-15 09:48:46.695 | INFO     | [Worker-0 / GPU-0] Epoch 17/100 | Train Acc: 0.7504, Train Loss: 1.0015 | Test Loss: 1.3439, Test Acc: 0.5948
2025-10-15 09:48:46.696 | INFO     | [Worker-0 / GPU-0] Epoch 18/100 | Train Acc: 0.7728, Train Loss: 0.9492 | Test Loss: 1.1816, Test Acc: 0.6579
2025-10-15 09:48:46.696 | INFO     | [Worker-0 / GPU-0] Epoch 19/100 | Train Acc: 0.7752, Train Loss: 0.9516 | Test Loss: 1.5572, Test Acc: 0.5405
2025-10-15 09:48:46.696 | INFO     | [Worker-0 / GPU-0] Epoch 20/100 | Train Acc: 0.7774, Train Loss: 0.9435 | Test Loss: 1.0941, Test Acc: 0.6739
2025-10-15 09:48:46.696 | INFO     | [Worker-0 / GPU-0] Epoch 21/100 | Train Acc: 0.7935, Train Loss: 0.9074 | Test Loss: 1.0561, Test Acc: 0.7001
2025-10-15 09:48:46.696 | INFO     | [Worker-0 / GPU-0] Epoch 22/100 | Train Acc: 0.7981, Train Loss: 0.8993 | Test Loss: 1.0340, Test Acc: 0.7047
2025-10-15 09:48:46.697 | INFO     | [Worker-0 / GPU-0] Epoch 23/100 | Train Acc: 0.7827, Train Loss: 0.9541 | Test Loss: 1.7156, Test Acc: 0.5115
2025-10-15 09:48:46.697 | INFO     | [Worker-0 / GPU-0] Epoch 24/100 | Train Acc: 0.8120, Train Loss: 0.8847 | Test Loss: 1.0715, Test Acc: 0.6930
2025-10-15 09:48:46.697 | INFO     | [Worker-0 / GPU-0] Epoch 25/100 | Train Acc: 0.8176, Train Loss: 0.8654 | Test Loss: 1.0946, Test Acc: 0.6983
2025-10-15 09:48:46.697 | INFO     | [Worker-0 / GPU-0] Epoch 26/100 | Train Acc: 0.7914, Train Loss: 0.9376 | Test Loss: 1.3249, Test Acc: 0.6021
2025-10-15 09:48:46.697 | INFO     | [Worker-0 / GPU-0] Epoch 27/100 | Train Acc: 0.8005, Train Loss: 0.9304 | Test Loss: 1.3131, Test Acc: 0.6161
2025-10-15 09:48:46.698 | INFO     | [Worker-0 / GPU-0] Epoch 28/100 | Train Acc: 0.8231, Train Loss: 0.8728 | Test Loss: 1.0933, Test Acc: 0.6888
2025-10-15 09:48:46.698 | INFO     | [Worker-0 / GPU-0] Epoch 29/100 | Train Acc: 0.8187, Train Loss: 0.8672 | Test Loss: 1.5255, Test Acc: 0.5491
2025-10-15 09:48:46.698 | INFO     | [Worker-0 / GPU-0] Epoch 30/100 | Train Acc: 0.8405, Train Loss: 0.8162 | Test Loss: 1.0317, Test Acc: 0.7073
2025-10-15 09:48:46.698 | INFO     | [Worker-0 / GPU-0] Epoch 31/100 | Train Acc: 0.8038, Train Loss: 0.9227 | Test Loss: 1.3180, Test Acc: 0.6223
2025-10-15 09:48:46.698 | INFO     | [Worker-0 / GPU-0] Epoch 32/100 | Train Acc: 0.8382, Train Loss: 0.8327 | Test Loss: 0.9611, Test Acc: 0.7385
2025-10-15 09:48:46.698 | INFO     | [Worker-0 / GPU-0] Epoch 33/100 | Train Acc: 0.8047, Train Loss: 0.9361 | Test Loss: 0.9943, Test Acc: 0.7227
2025-10-15 09:48:46.699 | INFO     | [Worker-0 / GPU-0] Epoch 34/100 | Train Acc: 0.8179, Train Loss: 0.8960 | Test Loss: 1.0323, Test Acc: 0.7158
2025-10-15 09:48:46.699 | INFO     | [Worker-0 / GPU-0] Epoch 35/100 | Train Acc: 0.8268, Train Loss: 0.8713 | Test Loss: 1.1588, Test Acc: 0.6596
2025-10-15 09:48:46.699 | INFO     | [Worker-0 / GPU-0] Epoch 36/100 | Train Acc: 0.8167, Train Loss: 0.9000 | Test Loss: 1.2750, Test Acc: 0.6216
2025-10-15 09:48:46.699 | INFO     | [Worker-0 / GPU-0] Epoch 37/100 | Train Acc: 0.8174, Train Loss: 0.9090 | Test Loss: 1.2422, Test Acc: 0.6391
2025-10-15 09:48:46.699 | INFO     | [Worker-0 / GPU-0] Epoch 38/100 | Train Acc: 0.8261, Train Loss: 0.8875 | Test Loss: 1.2594, Test Acc: 0.6232
2025-10-15 09:48:46.699 | INFO     | [Worker-0 / GPU-0] Epoch 39/100 | Train Acc: 0.8314, Train Loss: 0.8906 | Test Loss: 1.0209, Test Acc: 0.7218
2025-10-15 09:48:46.700 | INFO     | [Worker-0 / GPU-0] Epoch 40/100 | Train Acc: 0.8225, Train Loss: 0.9038 | Test Loss: 1.0784, Test Acc: 0.7034
2025-10-15 09:48:46.700 | INFO     | [Worker-0 / GPU-0] Epoch 41/100 | Train Acc: 0.8351, Train Loss: 0.8624 | Test Loss: 1.0153, Test Acc: 0.7185
2025-10-15 09:48:46.700 | INFO     | [Worker-0 / GPU-0] Epoch 42/100 | Train Acc: 0.8143, Train Loss: 0.9282 | Test Loss: 1.0677, Test Acc: 0.6972
2025-10-15 09:48:46.700 | INFO     | [Worker-0 / GPU-0] Epoch 43/100 | Train Acc: 0.8270, Train Loss: 0.8959 | Test Loss: 1.2210, Test Acc: 0.6409
2025-10-15 09:48:46.700 | INFO     | [Worker-0 / GPU-0] Epoch 44/100 | Train Acc: 0.8099, Train Loss: 0.9487 | Test Loss: 1.0330, Test Acc: 0.7193
2025-10-15 09:48:46.701 | INFO     | [Worker-0 / GPU-0] Epoch 45/100 | Train Acc: 0.8336, Train Loss: 0.8737 | Test Loss: 1.2288, Test Acc: 0.6366
2025-10-15 09:48:46.701 | INFO     | [Worker-0 / GPU-0] Epoch 46/100 | Train Acc: 0.7815, Train Loss: 1.0213 | Test Loss: 1.0780, Test Acc: 0.6923
2025-10-15 09:48:46.701 | INFO     | [Worker-0 / GPU-0] Epoch 47/100 | Train Acc: 0.8041, Train Loss: 0.9678 | Test Loss: 0.9991, Test Acc: 0.7303
2025-10-15 09:48:46.701 | INFO     | [Worker-0 / GPU-0] Epoch 48/100 | Train Acc: 0.8212, Train Loss: 0.9177 | Test Loss: 0.9859, Test Acc: 0.7343
2025-10-15 09:48:46.701 | INFO     | [Worker-0 / GPU-0] Epoch 49/100 | Train Acc: 0.8081, Train Loss: 0.9596 | Test Loss: 1.0693, Test Acc: 0.7043
2025-10-15 09:48:46.701 | INFO     | [Worker-0 / GPU-0] Epoch 50/100 | Train Acc: 0.8368, Train Loss: 0.8778 | Test Loss: 1.0157, Test Acc: 0.7179
2025-10-15 09:48:46.702 | INFO     | [Worker-0 / GPU-0] Epoch 51/100 | Train Acc: 0.8138, Train Loss: 0.9425 | Test Loss: 1.0091, Test Acc: 0.7287
2025-10-15 09:48:46.702 | INFO     | [Worker-0 / GPU-0] Epoch 52/100 | Train Acc: 0.8597, Train Loss: 0.8147 | Test Loss: 1.2112, Test Acc: 0.6525
2025-10-15 09:48:46.702 | INFO     | [Worker-0 / GPU-0] Epoch 52/100 | Train Acc: 0.8597, Train Loss: 0.8147 | Test Loss: 1.2112, Test Acc: 0.6525 / Early stopping triggered
2025-10-15 09:48:46.702 | INFO     | [Worker-0 / GPU-0] Individual 1 -> Accuracy: 0.6525, Loss: 1.2112 | Duration: 132.52s
2025-10-15 09:48:46.702 | INFO     | [Worker-0 / GPU-0] GPU memory used: 0.20 GB
2025-10-15 09:49:05.618 | INFO     | [Worker-1 / GPU-1] Evaluating Individual 0/24 (100 epochs)
2025-10-15 09:49:05.619 | INFO     | [Worker-1 / GPU-1] Hyperparameters: {'width_scale': 1.7757255812491453, 'fc1_units': 256, 'dropout_rate': 0.21599557753089504, 'optimizer_schedule': 'SGD_COSINE', 'base_lr': 0.013918368188211135, 'aug_intensity': 'STRONG', 'weight_decay': 0.00019219834675307027, 'batch_size': 512}
2025-10-15 09:49:05.619 | INFO     | [Worker-1 / GPU-1] Scaled base_lr to 0.055673 for batch_size 512
2025-10-15 09:49:05.619 | INFO     | [Worker-1 / GPU-1] Epoch 1/100 | Train Acc: 0.1919, Train Loss: 4.9749 | Test Loss: 1.9441, Test Acc: 0.3779
2025-10-15 09:49:05.619 | INFO     | [Worker-1 / GPU-1] Epoch 2/100 | Train Acc: 0.3097, Train Loss: 2.6770 | Test Loss: 1.5857, Test Acc: 0.4667
2025-10-15 09:49:05.619 | INFO     | [Worker-1 / GPU-1] Epoch 3/100 | Train Acc: 0.3894, Train Loss: 1.8363 | Test Loss: 1.5544, Test Acc: 0.4871
2025-10-15 09:49:05.620 | INFO     | [Worker-1 / GPU-1] Epoch 4/100 | Train Acc: 0.4598, Train Loss: 1.6309 | Test Loss: 1.5358, Test Acc: 0.4795
2025-10-15 09:49:05.620 | INFO     | [Worker-1 / GPU-1] Epoch 5/100 | Train Acc: 0.5144, Train Loss: 1.4945 | Test Loss: 1.4681, Test Acc: 0.5241
2025-10-15 09:49:05.620 | INFO     | [Worker-1 / GPU-1] Epoch 6/100 | Train Acc: 0.5485, Train Loss: 1.4217 | Test Loss: 1.3798, Test Acc: 0.5585
2025-10-15 09:49:05.620 | INFO     | [Worker-1 / GPU-1] Epoch 7/100 | Train Acc: 0.5735, Train Loss: 1.3924 | Test Loss: 1.3461, Test Acc: 0.5755
2025-10-15 09:49:05.620 | INFO     | [Worker-1 / GPU-1] Epoch 8/100 | Train Acc: 0.6105, Train Loss: 1.2904 | Test Loss: 1.2343, Test Acc: 0.6194
2025-10-15 09:49:05.620 | INFO     | [Worker-1 / GPU-1] Epoch 9/100 | Train Acc: 0.6303, Train Loss: 1.2428 | Test Loss: 1.2232, Test Acc: 0.6213
2025-10-15 09:49:05.621 | INFO     | [Worker-1 / GPU-1] Epoch 10/100 | Train Acc: 0.6555, Train Loss: 1.1854 | Test Loss: 1.1262, Test Acc: 0.6663
2025-10-15 09:49:05.621 | INFO     | [Worker-1 / GPU-1] Epoch 11/100 | Train Acc: 0.6807, Train Loss: 1.1305 | Test Loss: 1.1095, Test Acc: 0.6782
2025-10-15 09:49:05.621 | INFO     | [Worker-1 / GPU-1] Epoch 12/100 | Train Acc: 0.6862, Train Loss: 1.1311 | Test Loss: 1.2394, Test Acc: 0.6213
2025-10-15 09:49:05.621 | INFO     | [Worker-1 / GPU-1] Epoch 13/100 | Train Acc: 0.6797, Train Loss: 1.1621 | Test Loss: 1.0861, Test Acc: 0.6789
2025-10-15 09:49:05.621 | INFO     | [Worker-1 / GPU-1] Epoch 14/100 | Train Acc: 0.7035, Train Loss: 1.1059 | Test Loss: 1.1110, Test Acc: 0.6811
2025-10-15 09:49:05.622 | INFO     | [Worker-1 / GPU-1] Epoch 15/100 | Train Acc: 0.7093, Train Loss: 1.1044 | Test Loss: 1.1029, Test Acc: 0.6793
2025-10-15 09:49:05.622 | INFO     | [Worker-1 / GPU-1] Epoch 16/100 | Train Acc: 0.7442, Train Loss: 0.9942 | Test Loss: 1.0559, Test Acc: 0.7007
2025-10-15 09:49:05.622 | INFO     | [Worker-1 / GPU-1] Epoch 17/100 | Train Acc: 0.7235, Train Loss: 1.0725 | Test Loss: 1.0107, Test Acc: 0.7195
2025-10-15 09:49:05.622 | INFO     | [Worker-1 / GPU-1] Epoch 18/100 | Train Acc: 0.7249, Train Loss: 1.0953 | Test Loss: 1.0321, Test Acc: 0.7053
2025-10-15 09:49:05.622 | INFO     | [Worker-1 / GPU-1] Epoch 19/100 | Train Acc: 0.7525, Train Loss: 1.0120 | Test Loss: 0.9900, Test Acc: 0.7278
2025-10-15 09:49:05.622 | INFO     | [Worker-1 / GPU-1] Epoch 20/100 | Train Acc: 0.7538, Train Loss: 1.0276 | Test Loss: 1.0808, Test Acc: 0.6889
2025-10-15 09:49:05.623 | INFO     | [Worker-1 / GPU-1] Epoch 21/100 | Train Acc: 0.7881, Train Loss: 0.9128 | Test Loss: 1.1387, Test Acc: 0.6741
2025-10-15 09:49:05.623 | INFO     | [Worker-1 / GPU-1] Epoch 22/100 | Train Acc: 0.7605, Train Loss: 1.0195 | Test Loss: 1.0755, Test Acc: 0.6922
2025-10-15 09:49:05.623 | INFO     | [Worker-1 / GPU-1] Epoch 23/100 | Train Acc: 0.7678, Train Loss: 1.0067 | Test Loss: 1.0775, Test Acc: 0.6900
2025-10-15 09:49:05.623 | INFO     | [Worker-1 / GPU-1] Epoch 24/100 | Train Acc: 0.7894, Train Loss: 0.9378 | Test Loss: 1.0144, Test Acc: 0.7199
2025-10-15 09:49:05.623 | INFO     | [Worker-1 / GPU-1] Epoch 25/100 | Train Acc: 0.7949, Train Loss: 0.9295 | Test Loss: 1.1016, Test Acc: 0.6883
2025-10-15 09:49:05.624 | INFO     | [Worker-1 / GPU-1] Epoch 26/100 | Train Acc: 0.8071, Train Loss: 0.9014 | Test Loss: 1.3325, Test Acc: 0.6177
2025-10-15 09:49:05.624 | INFO     | [Worker-1 / GPU-1] Epoch 27/100 | Train Acc: 0.7971, Train Loss: 0.9405 | Test Loss: 1.0212, Test Acc: 0.7225
2025-10-15 09:49:05.624 | INFO     | [Worker-1 / GPU-1] Epoch 28/100 | Train Acc: 0.8277, Train Loss: 0.8703 | Test Loss: 0.9918, Test Acc: 0.7298
2025-10-15 09:49:05.624 | INFO     | [Worker-1 / GPU-1] Epoch 29/100 | Train Acc: 0.8104, Train Loss: 0.9183 | Test Loss: 1.0878, Test Acc: 0.6841
2025-10-15 09:49:05.624 | INFO     | [Worker-1 / GPU-1] Epoch 30/100 | Train Acc: 0.8183, Train Loss: 0.9073 | Test Loss: 1.0900, Test Acc: 0.7020
2025-10-15 09:49:05.624 | INFO     | [Worker-1 / GPU-1] Epoch 31/100 | Train Acc: 0.8439, Train Loss: 0.8326 | Test Loss: 1.1504, Test Acc: 0.6890
2025-10-15 09:49:05.625 | INFO     | [Worker-1 / GPU-1] Epoch 32/100 | Train Acc: 0.8263, Train Loss: 0.8739 | Test Loss: 0.9857, Test Acc: 0.7279
2025-10-15 09:49:05.625 | INFO     | [Worker-1 / GPU-1] Epoch 33/100 | Train Acc: 0.8344, Train Loss: 0.8622 | Test Loss: 1.0546, Test Acc: 0.7209
2025-10-15 09:49:05.625 | INFO     | [Worker-1 / GPU-1] Epoch 34/100 | Train Acc: 0.8205, Train Loss: 0.9057 | Test Loss: 1.1780, Test Acc: 0.6699
2025-10-15 09:49:05.625 | INFO     | [Worker-1 / GPU-1] Epoch 35/100 | Train Acc: 0.8600, Train Loss: 0.8000 | Test Loss: 1.0671, Test Acc: 0.7140
2025-10-15 09:49:05.625 | INFO     | [Worker-1 / GPU-1] Epoch 36/100 | Train Acc: 0.8705, Train Loss: 0.7844 | Test Loss: 1.1072, Test Acc: 0.6989
2025-10-15 09:49:05.625 | INFO     | [Worker-1 / GPU-1] Epoch 37/100 | Train Acc: 0.8472, Train Loss: 0.8386 | Test Loss: 1.3380, Test Acc: 0.6354
2025-10-15 09:49:05.626 | INFO     | [Worker-1 / GPU-1] Epoch 38/100 | Train Acc: 0.8536, Train Loss: 0.8432 | Test Loss: 1.0098, Test Acc: 0.7247
2025-10-15 09:49:05.626 | INFO     | [Worker-1 / GPU-1] Epoch 39/100 | Train Acc: 0.8479, Train Loss: 0.8622 | Test Loss: 1.0385, Test Acc: 0.7222
2025-10-15 09:49:05.626 | INFO     | [Worker-1 / GPU-1] Epoch 40/100 | Train Acc: 0.8678, Train Loss: 0.7902 | Test Loss: 0.9734, Test Acc: 0.7448
2025-10-15 09:49:05.626 | INFO     | [Worker-1 / GPU-1] Epoch 41/100 | Train Acc: 0.8088, Train Loss: 0.9486 | Test Loss: 0.9987, Test Acc: 0.7318
2025-10-15 09:49:05.626 | INFO     | [Worker-1 / GPU-1] Epoch 42/100 | Train Acc: 0.8672, Train Loss: 0.8019 | Test Loss: 1.1521, Test Acc: 0.6992
2025-10-15 09:49:05.627 | INFO     | [Worker-1 / GPU-1] Epoch 43/100 | Train Acc: 0.8398, Train Loss: 0.8885 | Test Loss: 1.0404, Test Acc: 0.7257
2025-10-15 09:49:05.627 | INFO     | [Worker-1 / GPU-1] Epoch 44/100 | Train Acc: 0.8501, Train Loss: 0.8707 | Test Loss: 1.0325, Test Acc: 0.7200
2025-10-15 09:49:05.627 | INFO     | [Worker-1 / GPU-1] Epoch 45/100 | Train Acc: 0.8675, Train Loss: 0.8289 | Test Loss: 0.9516, Test Acc: 0.7526
2025-10-15 09:49:05.627 | INFO     | [Worker-1 / GPU-1] Epoch 46/100 | Train Acc: 0.8476, Train Loss: 0.8737 | Test Loss: 1.0824, Test Acc: 0.7181
2025-10-15 09:49:05.627 | INFO     | [Worker-1 / GPU-1] Epoch 47/100 | Train Acc: 0.8538, Train Loss: 0.8412 | Test Loss: 1.0984, Test Acc: 0.7097
2025-10-15 09:49:05.627 | INFO     | [Worker-1 / GPU-1] Epoch 48/100 | Train Acc: 0.8272, Train Loss: 0.9294 | Test Loss: 1.0939, Test Acc: 0.6972
2025-10-15 09:49:05.628 | INFO     | [Worker-1 / GPU-1] Epoch 49/100 | Train Acc: 0.8462, Train Loss: 0.8685 | Test Loss: 0.9726, Test Acc: 0.7432
2025-10-15 09:49:05.628 | INFO     | [Worker-1 / GPU-1] Epoch 50/100 | Train Acc: 0.8362, Train Loss: 0.9025 | Test Loss: 1.0321, Test Acc: 0.7282
2025-10-15 09:49:05.628 | INFO     | [Worker-1 / GPU-1] Epoch 51/100 | Train Acc: 0.8341, Train Loss: 0.9104 | Test Loss: 1.1258, Test Acc: 0.6853
2025-10-15 09:49:05.628 | INFO     | [Worker-1 / GPU-1] Epoch 52/100 | Train Acc: 0.8531, Train Loss: 0.8489 | Test Loss: 0.9787, Test Acc: 0.7430
2025-10-15 09:49:05.628 | INFO     | [Worker-1 / GPU-1] Epoch 53/100 | Train Acc: 0.8196, Train Loss: 0.9571 | Test Loss: 1.1609, Test Acc: 0.6747
2025-10-15 09:49:05.628 | INFO     | [Worker-1 / GPU-1] Epoch 54/100 | Train Acc: 0.8433, Train Loss: 0.8849 | Test Loss: 1.0999, Test Acc: 0.7043
2025-10-15 09:49:05.629 | INFO     | [Worker-1 / GPU-1] Epoch 55/100 | Train Acc: 0.8488, Train Loss: 0.8754 | Test Loss: 1.1455, Test Acc: 0.6852
2025-10-15 09:49:05.629 | INFO     | [Worker-1 / GPU-1] Epoch 56/100 | Train Acc: 0.8645, Train Loss: 0.8322 | Test Loss: 1.1593, Test Acc: 0.6770
2025-10-15 09:49:05.629 | INFO     | [Worker-1 / GPU-1] Epoch 57/100 | Train Acc: 0.8613, Train Loss: 0.8509 | Test Loss: 1.0512, Test Acc: 0.7139
2025-10-15 09:49:05.629 | INFO     | [Worker-1 / GPU-1] Epoch 58/100 | Train Acc: 0.8506, Train Loss: 0.8548 | Test Loss: 1.0077, Test Acc: 0.7286
2025-10-15 09:49:05.629 | INFO     | [Worker-1 / GPU-1] Epoch 59/100 | Train Acc: 0.8182, Train Loss: 0.9354 | Test Loss: 1.0624, Test Acc: 0.7154
2025-10-15 09:49:05.629 | INFO     | [Worker-1 / GPU-1] Epoch 60/100 | Train Acc: 0.8152, Train Loss: 0.9605 | Test Loss: 1.0464, Test Acc: 0.7252
2025-10-15 09:49:05.630 | INFO     | [Worker-1 / GPU-1] Epoch 61/100 | Train Acc: 0.8330, Train Loss: 0.9088 | Test Loss: 1.0270, Test Acc: 0.7293
2025-10-15 09:49:05.630 | INFO     | [Worker-1 / GPU-1] Epoch 62/100 | Train Acc: 0.8305, Train Loss: 0.9190 | Test Loss: 0.9706, Test Acc: 0.7464
2025-10-15 09:49:05.630 | INFO     | [Worker-1 / GPU-1] Epoch 63/100 | Train Acc: 0.8409, Train Loss: 0.8839 | Test Loss: 0.9888, Test Acc: 0.7405
2025-10-15 09:49:05.630 | INFO     | [Worker-1 / GPU-1] Epoch 64/100 | Train Acc: 0.8508, Train Loss: 0.8653 | Test Loss: 1.0173, Test Acc: 0.7330
2025-10-15 09:49:05.630 | INFO     | [Worker-1 / GPU-1] Epoch 65/100 | Train Acc: 0.8177, Train Loss: 0.9234 | Test Loss: 1.0279, Test Acc: 0.7215
2025-10-15 09:49:05.630 | INFO     | [Worker-1 / GPU-1] Epoch 65/100 | Train Acc: 0.8177, Train Loss: 0.9234 | Test Loss: 1.0279, Test Acc: 0.7215 / Early stopping triggered
2025-10-15 09:49:05.631 | INFO     | [Worker-1 / GPU-1] Individual 0 -> Accuracy: 0.7215, Loss: 1.0279 | Duration: 151.45s
2025-10-15 09:49:05.631 | INFO     | [Worker-1 / GPU-1] GPU memory used: 0.38 GB
2025-10-15 09:49:41.831 | INFO     | [Worker-3 / GPU-3] Evaluating Individual 2/24 (100 epochs)
2025-10-15 09:49:41.833 | INFO     | [Worker-3 / GPU-3] Hyperparameters: {'width_scale': 1.829119464007049, 'fc1_units': 512, 'dropout_rate': 0.30654432033479273, 'optimizer_schedule': 'SGD_EXPONENTIAL', 'base_lr': 0.010215667122002062, 'aug_intensity': 'MEDIUM', 'weight_decay': 0.00012344859198400233, 'batch_size': 512}
2025-10-15 09:49:41.833 | INFO     | [Worker-3 / GPU-3] Scaled base_lr to 0.040863 for batch_size 512
2025-10-15 09:49:41.833 | INFO     | [Worker-3 / GPU-3] Epoch 1/100 | Train Acc: 0.1679, Train Loss: 6.2193 | Test Loss: 2.3088, Test Acc: 0.3466
2025-10-15 09:49:41.833 | INFO     | [Worker-3 / GPU-3] Epoch 2/100 | Train Acc: 0.2645, Train Loss: 3.8568 | Test Loss: 1.6864, Test Acc: 0.4451
2025-10-15 09:49:41.833 | INFO     | [Worker-3 / GPU-3] Epoch 3/100 | Train Acc: 0.3231, Train Loss: 2.4031 | Test Loss: 1.6711, Test Acc: 0.4670
2025-10-15 09:49:41.833 | INFO     | [Worker-3 / GPU-3] Epoch 4/100 | Train Acc: 0.3889, Train Loss: 1.8420 | Test Loss: 1.6233, Test Acc: 0.5018
2025-10-15 09:49:41.834 | INFO     | [Worker-3 / GPU-3] Epoch 5/100 | Train Acc: 0.4353, Train Loss: 1.6940 | Test Loss: 1.5580, Test Acc: 0.5141
2025-10-15 09:49:41.834 | INFO     | [Worker-3 / GPU-3] Epoch 6/100 | Train Acc: 0.4698, Train Loss: 1.6082 | Test Loss: 1.4578, Test Acc: 0.5596
2025-10-15 09:49:41.834 | INFO     | [Worker-3 / GPU-3] Epoch 7/100 | Train Acc: 0.5150, Train Loss: 1.4986 | Test Loss: 1.3851, Test Acc: 0.5790
2025-10-15 09:49:41.834 | INFO     | [Worker-3 / GPU-3] Epoch 8/100 | Train Acc: 0.5364, Train Loss: 1.4487 | Test Loss: 1.3409, Test Acc: 0.5889
2025-10-15 09:49:41.834 | INFO     | [Worker-3 / GPU-3] Epoch 9/100 | Train Acc: 0.5626, Train Loss: 1.3974 | Test Loss: 1.3404, Test Acc: 0.5734
2025-10-15 09:49:41.834 | INFO     | [Worker-3 / GPU-3] Epoch 10/100 | Train Acc: 0.5748, Train Loss: 1.3860 | Test Loss: 1.2500, Test Acc: 0.6225
2025-10-15 09:49:41.835 | INFO     | [Worker-3 / GPU-3] Epoch 11/100 | Train Acc: 0.5678, Train Loss: 1.4095 | Test Loss: 1.2875, Test Acc: 0.6121
2025-10-15 09:49:41.835 | INFO     | [Worker-3 / GPU-3] Epoch 12/100 | Train Acc: 0.5910, Train Loss: 1.3537 | Test Loss: 1.2441, Test Acc: 0.6220
2025-10-15 09:49:41.835 | INFO     | [Worker-3 / GPU-3] Epoch 13/100 | Train Acc: 0.6011, Train Loss: 1.3419 | Test Loss: 1.2246, Test Acc: 0.6233
2025-10-15 09:49:41.835 | INFO     | [Worker-3 / GPU-3] Epoch 14/100 | Train Acc: 0.6049, Train Loss: 1.3354 | Test Loss: 1.2001, Test Acc: 0.6490
2025-10-15 09:49:41.835 | INFO     | [Worker-3 / GPU-3] Epoch 15/100 | Train Acc: 0.6206, Train Loss: 1.3060 | Test Loss: 1.1881, Test Acc: 0.6549
2025-10-15 09:49:41.835 | INFO     | [Worker-3 / GPU-3] Epoch 16/100 | Train Acc: 0.6208, Train Loss: 1.3005 | Test Loss: 1.1836, Test Acc: 0.6551
2025-10-15 09:49:41.836 | INFO     | [Worker-3 / GPU-3] Epoch 17/100 | Train Acc: 0.6367, Train Loss: 1.2556 | Test Loss: 1.1025, Test Acc: 0.6894
2025-10-15 09:49:41.836 | INFO     | [Worker-3 / GPU-3] Epoch 18/100 | Train Acc: 0.6800, Train Loss: 1.1365 | Test Loss: 1.1488, Test Acc: 0.6583
2025-10-15 09:49:41.836 | INFO     | [Worker-3 / GPU-3] Epoch 19/100 | Train Acc: 0.6627, Train Loss: 1.2135 | Test Loss: 1.1089, Test Acc: 0.6786
2025-10-15 09:49:41.836 | INFO     | [Worker-3 / GPU-3] Epoch 20/100 | Train Acc: 0.6233, Train Loss: 1.3308 | Test Loss: 1.1358, Test Acc: 0.6905
2025-10-15 09:49:41.836 | INFO     | [Worker-3 / GPU-3] Epoch 21/100 | Train Acc: 0.6619, Train Loss: 1.2263 | Test Loss: 1.0551, Test Acc: 0.7068
2025-10-15 09:49:41.837 | INFO     | [Worker-3 / GPU-3] Epoch 22/100 | Train Acc: 0.6885, Train Loss: 1.1546 | Test Loss: 1.0811, Test Acc: 0.7004
2025-10-15 09:49:41.837 | INFO     | [Worker-3 / GPU-3] Epoch 23/100 | Train Acc: 0.6815, Train Loss: 1.1614 | Test Loss: 1.0531, Test Acc: 0.7070
2025-10-15 09:49:41.837 | INFO     | [Worker-3 / GPU-3] Epoch 24/100 | Train Acc: 0.6870, Train Loss: 1.1705 | Test Loss: 1.0669, Test Acc: 0.7069
2025-10-15 09:49:41.837 | INFO     | [Worker-3 / GPU-3] Epoch 25/100 | Train Acc: 0.6943, Train Loss: 1.1604 | Test Loss: 1.0485, Test Acc: 0.7116
2025-10-15 09:49:41.837 | INFO     | [Worker-3 / GPU-3] Epoch 26/100 | Train Acc: 0.6720, Train Loss: 1.2032 | Test Loss: 1.0095, Test Acc: 0.7277
2025-10-15 09:49:41.837 | INFO     | [Worker-3 / GPU-3] Epoch 27/100 | Train Acc: 0.6893, Train Loss: 1.1669 | Test Loss: 1.0160, Test Acc: 0.7203
2025-10-15 09:49:41.838 | INFO     | [Worker-3 / GPU-3] Epoch 28/100 | Train Acc: 0.6772, Train Loss: 1.1931 | Test Loss: 1.0082, Test Acc: 0.7236
2025-10-15 09:49:41.838 | INFO     | [Worker-3 / GPU-3] Epoch 29/100 | Train Acc: 0.6991, Train Loss: 1.1558 | Test Loss: 1.0064, Test Acc: 0.7284
2025-10-15 09:49:41.838 | INFO     | [Worker-3 / GPU-3] Epoch 30/100 | Train Acc: 0.6773, Train Loss: 1.1996 | Test Loss: 1.0078, Test Acc: 0.7287
2025-10-15 09:49:41.838 | INFO     | [Worker-3 / GPU-3] Epoch 31/100 | Train Acc: 0.7083, Train Loss: 1.1230 | Test Loss: 0.9941, Test Acc: 0.7332
2025-10-15 09:49:41.838 | INFO     | [Worker-3 / GPU-3] Epoch 32/100 | Train Acc: 0.6812, Train Loss: 1.2160 | Test Loss: 1.0261, Test Acc: 0.7299
2025-10-15 09:49:41.838 | INFO     | [Worker-3 / GPU-3] Epoch 33/100 | Train Acc: 0.6881, Train Loss: 1.1942 | Test Loss: 1.0029, Test Acc: 0.7290
2025-10-15 09:49:41.839 | INFO     | [Worker-3 / GPU-3] Epoch 34/100 | Train Acc: 0.7119, Train Loss: 1.1237 | Test Loss: 1.0080, Test Acc: 0.7310
2025-10-15 09:49:41.839 | INFO     | [Worker-3 / GPU-3] Epoch 35/100 | Train Acc: 0.6909, Train Loss: 1.1974 | Test Loss: 0.9828, Test Acc: 0.7411
2025-10-15 09:49:41.839 | INFO     | [Worker-3 / GPU-3] Epoch 36/100 | Train Acc: 0.6937, Train Loss: 1.1854 | Test Loss: 0.9886, Test Acc: 0.7379
2025-10-15 09:49:41.839 | INFO     | [Worker-3 / GPU-3] Epoch 37/100 | Train Acc: 0.7044, Train Loss: 1.1422 | Test Loss: 0.9937, Test Acc: 0.7301
2025-10-15 09:49:41.839 | INFO     | [Worker-3 / GPU-3] Epoch 38/100 | Train Acc: 0.7089, Train Loss: 1.1331 | Test Loss: 0.9731, Test Acc: 0.7386
2025-10-15 09:49:41.839 | INFO     | [Worker-3 / GPU-3] Epoch 39/100 | Train Acc: 0.6823, Train Loss: 1.2399 | Test Loss: 1.0451, Test Acc: 0.7187
2025-10-15 09:49:41.840 | INFO     | [Worker-3 / GPU-3] Epoch 40/100 | Train Acc: 0.6983, Train Loss: 1.1790 | Test Loss: 0.9806, Test Acc: 0.7385
2025-10-15 09:49:41.840 | INFO     | [Worker-3 / GPU-3] Epoch 41/100 | Train Acc: 0.6950, Train Loss: 1.1762 | Test Loss: 0.9847, Test Acc: 0.7356
2025-10-15 09:49:41.840 | INFO     | [Worker-3 / GPU-3] Epoch 42/100 | Train Acc: 0.7144, Train Loss: 1.1400 | Test Loss: 0.9812, Test Acc: 0.7468
2025-10-15 09:49:41.840 | INFO     | [Worker-3 / GPU-3] Epoch 43/100 | Train Acc: 0.6926, Train Loss: 1.2062 | Test Loss: 0.9871, Test Acc: 0.7447
2025-10-15 09:49:41.840 | INFO     | [Worker-3 / GPU-3] Epoch 44/100 | Train Acc: 0.6991, Train Loss: 1.1820 | Test Loss: 0.9968, Test Acc: 0.7374
2025-10-15 09:49:41.840 | INFO     | [Worker-3 / GPU-3] Epoch 45/100 | Train Acc: 0.7058, Train Loss: 1.1667 | Test Loss: 1.0038, Test Acc: 0.7324
2025-10-15 09:49:41.841 | INFO     | [Worker-3 / GPU-3] Epoch 46/100 | Train Acc: 0.6992, Train Loss: 1.1764 | Test Loss: 0.9936, Test Acc: 0.7450
2025-10-15 09:49:41.841 | INFO     | [Worker-3 / GPU-3] Epoch 47/100 | Train Acc: 0.6932, Train Loss: 1.1979 | Test Loss: 0.9817, Test Acc: 0.7451
2025-10-15 09:49:41.841 | INFO     | [Worker-3 / GPU-3] Epoch 48/100 | Train Acc: 0.6892, Train Loss: 1.2150 | Test Loss: 0.9914, Test Acc: 0.7463
2025-10-15 09:49:41.841 | INFO     | [Worker-3 / GPU-3] Epoch 49/100 | Train Acc: 0.7175, Train Loss: 1.1373 | Test Loss: 0.9823, Test Acc: 0.7489
2025-10-15 09:49:41.841 | INFO     | [Worker-3 / GPU-3] Epoch 50/100 | Train Acc: 0.6753, Train Loss: 1.2515 | Test Loss: 1.0147, Test Acc: 0.7396
2025-10-15 09:49:41.841 | INFO     | [Worker-3 / GPU-3] Epoch 51/100 | Train Acc: 0.6926, Train Loss: 1.2120 | Test Loss: 0.9809, Test Acc: 0.7436
2025-10-15 09:49:41.842 | INFO     | [Worker-3 / GPU-3] Epoch 52/100 | Train Acc: 0.6761, Train Loss: 1.2663 | Test Loss: 0.9926, Test Acc: 0.7422
2025-10-15 09:49:41.842 | INFO     | [Worker-3 / GPU-3] Epoch 53/100 | Train Acc: 0.6927, Train Loss: 1.2080 | Test Loss: 0.9924, Test Acc: 0.7436
2025-10-15 09:49:41.842 | INFO     | [Worker-3 / GPU-3] Epoch 54/100 | Train Acc: 0.6963, Train Loss: 1.1864 | Test Loss: 0.9818, Test Acc: 0.7440
2025-10-15 09:49:41.842 | INFO     | [Worker-3 / GPU-3] Epoch 55/100 | Train Acc: 0.6969, Train Loss: 1.2055 | Test Loss: 0.9929, Test Acc: 0.7449
2025-10-15 09:49:41.842 | INFO     | [Worker-3 / GPU-3] Epoch 56/100 | Train Acc: 0.6792, Train Loss: 1.2451 | Test Loss: 0.9770, Test Acc: 0.7556
2025-10-15 09:49:41.842 | INFO     | [Worker-3 / GPU-3] Epoch 57/100 | Train Acc: 0.7170, Train Loss: 1.1471 | Test Loss: 0.9674, Test Acc: 0.7534
2025-10-15 09:49:41.843 | INFO     | [Worker-3 / GPU-3] Epoch 58/100 | Train Acc: 0.6883, Train Loss: 1.2512 | Test Loss: 1.0148, Test Acc: 0.7431
2025-10-15 09:49:41.843 | INFO     | [Worker-3 / GPU-3] Epoch 59/100 | Train Acc: 0.6872, Train Loss: 1.2446 | Test Loss: 0.9994, Test Acc: 0.7508
2025-10-15 09:49:41.843 | INFO     | [Worker-3 / GPU-3] Epoch 60/100 | Train Acc: 0.6993, Train Loss: 1.2074 | Test Loss: 0.9992, Test Acc: 0.7466
2025-10-15 09:49:41.843 | INFO     | [Worker-3 / GPU-3] Epoch 61/100 | Train Acc: 0.6860, Train Loss: 1.2444 | Test Loss: 1.0005, Test Acc: 0.7507
2025-10-15 09:49:41.843 | INFO     | [Worker-3 / GPU-3] Epoch 62/100 | Train Acc: 0.6847, Train Loss: 1.2283 | Test Loss: 0.9967, Test Acc: 0.7455
2025-10-15 09:49:41.844 | INFO     | [Worker-3 / GPU-3] Epoch 63/100 | Train Acc: 0.6639, Train Loss: 1.2889 | Test Loss: 1.0128, Test Acc: 0.7464
2025-10-15 09:49:41.845 | INFO     | [Worker-3 / GPU-3] Epoch 64/100 | Train Acc: 0.6953, Train Loss: 1.2108 | Test Loss: 0.9912, Test Acc: 0.7494
2025-10-15 09:49:41.845 | INFO     | [Worker-3 / GPU-3] Epoch 65/100 | Train Acc: 0.6885, Train Loss: 1.2146 | Test Loss: 0.9930, Test Acc: 0.7416
2025-10-15 09:49:41.845 | INFO     | [Worker-3 / GPU-3] Epoch 66/100 | Train Acc: 0.6837, Train Loss: 1.2537 | Test Loss: 0.9854, Test Acc: 0.7515
2025-10-15 09:49:41.845 | INFO     | [Worker-3 / GPU-3] Epoch 67/100 | Train Acc: 0.6692, Train Loss: 1.2881 | Test Loss: 0.9919, Test Acc: 0.7532
2025-10-15 09:49:41.845 | INFO     | [Worker-3 / GPU-3] Epoch 68/100 | Train Acc: 0.6866, Train Loss: 1.2279 | Test Loss: 0.9941, Test Acc: 0.7445
2025-10-15 09:49:41.846 | INFO     | [Worker-3 / GPU-3] Epoch 69/100 | Train Acc: 0.6722, Train Loss: 1.2705 | Test Loss: 0.9881, Test Acc: 0.7496
2025-10-15 09:49:41.846 | INFO     | [Worker-3 / GPU-3] Epoch 70/100 | Train Acc: 0.6796, Train Loss: 1.2494 | Test Loss: 1.0000, Test Acc: 0.7437
2025-10-15 09:49:41.846 | INFO     | [Worker-3 / GPU-3] Epoch 71/100 | Train Acc: 0.6958, Train Loss: 1.2180 | Test Loss: 0.9773, Test Acc: 0.7538
2025-10-15 09:49:41.846 | INFO     | [Worker-3 / GPU-3] Epoch 72/100 | Train Acc: 0.7018, Train Loss: 1.1927 | Test Loss: 0.9753, Test Acc: 0.7553
2025-10-15 09:49:41.846 | INFO     | [Worker-3 / GPU-3] Epoch 73/100 | Train Acc: 0.6998, Train Loss: 1.2013 | Test Loss: 0.9734, Test Acc: 0.7548
2025-10-15 09:49:41.847 | INFO     | [Worker-3 / GPU-3] Epoch 74/100 | Train Acc: 0.6678, Train Loss: 1.2902 | Test Loss: 1.0011, Test Acc: 0.7479
2025-10-15 09:49:41.847 | INFO     | [Worker-3 / GPU-3] Epoch 75/100 | Train Acc: 0.7076, Train Loss: 1.1889 | Test Loss: 0.9838, Test Acc: 0.7534
2025-10-15 09:49:41.847 | INFO     | [Worker-3 / GPU-3] Epoch 76/100 | Train Acc: 0.6862, Train Loss: 1.2361 | Test Loss: 0.9753, Test Acc: 0.7587
2025-10-15 09:49:41.847 | INFO     | [Worker-3 / GPU-3] Epoch 77/100 | Train Acc: 0.6464, Train Loss: 1.3441 | Test Loss: 0.9984, Test Acc: 0.7529
2025-10-15 09:49:41.847 | INFO     | [Worker-3 / GPU-3] Epoch 78/100 | Train Acc: 0.6916, Train Loss: 1.2318 | Test Loss: 0.9866, Test Acc: 0.7509
2025-10-15 09:49:41.848 | INFO     | [Worker-3 / GPU-3] Epoch 79/100 | Train Acc: 0.6467, Train Loss: 1.3354 | Test Loss: 1.0008, Test Acc: 0.7536
2025-10-15 09:49:41.848 | INFO     | [Worker-3 / GPU-3] Epoch 80/100 | Train Acc: 0.6704, Train Loss: 1.2852 | Test Loss: 1.0065, Test Acc: 0.7476
2025-10-15 09:49:41.848 | INFO     | [Worker-3 / GPU-3] Epoch 81/100 | Train Acc: 0.6476, Train Loss: 1.3462 | Test Loss: 1.0159, Test Acc: 0.7485
2025-10-15 09:49:41.848 | INFO     | [Worker-3 / GPU-3] Epoch 82/100 | Train Acc: 0.6796, Train Loss: 1.2671 | Test Loss: 1.0009, Test Acc: 0.7539
2025-10-15 09:49:41.848 | INFO     | [Worker-3 / GPU-3] Epoch 83/100 | Train Acc: 0.6431, Train Loss: 1.3761 | Test Loss: 1.0314, Test Acc: 0.7419
2025-10-15 09:49:41.849 | INFO     | [Worker-3 / GPU-3] Epoch 84/100 | Train Acc: 0.6754, Train Loss: 1.2721 | Test Loss: 0.9959, Test Acc: 0.7523
2025-10-15 09:49:41.849 | INFO     | [Worker-3 / GPU-3] Epoch 85/100 | Train Acc: 0.6458, Train Loss: 1.3563 | Test Loss: 1.0076, Test Acc: 0.7511
2025-10-15 09:49:41.849 | INFO     | [Worker-3 / GPU-3] Epoch 86/100 | Train Acc: 0.6362, Train Loss: 1.3741 | Test Loss: 1.0219, Test Acc: 0.7484
2025-10-15 09:49:41.849 | INFO     | [Worker-3 / GPU-3] Epoch 87/100 | Train Acc: 0.7008, Train Loss: 1.2106 | Test Loss: 0.9934, Test Acc: 0.7539
2025-10-15 09:49:41.849 | INFO     | [Worker-3 / GPU-3] Epoch 88/100 | Train Acc: 0.6730, Train Loss: 1.2791 | Test Loss: 1.0049, Test Acc: 0.7494
2025-10-15 09:49:41.850 | INFO     | [Worker-3 / GPU-3] Epoch 89/100 | Train Acc: 0.6661, Train Loss: 1.2903 | Test Loss: 1.0063, Test Acc: 0.7474
2025-10-15 09:49:41.850 | INFO     | [Worker-3 / GPU-3] Epoch 90/100 | Train Acc: 0.6774, Train Loss: 1.2619 | Test Loss: 1.0018, Test Acc: 0.7511
2025-10-15 09:49:41.850 | INFO     | [Worker-3 / GPU-3] Epoch 91/100 | Train Acc: 0.6236, Train Loss: 1.4088 | Test Loss: 1.0154, Test Acc: 0.7499
2025-10-15 09:49:41.850 | INFO     | [Worker-3 / GPU-3] Epoch 92/100 | Train Acc: 0.6725, Train Loss: 1.2819 | Test Loss: 1.0054, Test Acc: 0.7531
2025-10-15 09:49:41.850 | INFO     | [Worker-3 / GPU-3] Epoch 93/100 | Train Acc: 0.6638, Train Loss: 1.2889 | Test Loss: 0.9924, Test Acc: 0.7572
2025-10-15 09:49:41.851 | INFO     | [Worker-3 / GPU-3] Epoch 94/100 | Train Acc: 0.6639, Train Loss: 1.2978 | Test Loss: 1.0006, Test Acc: 0.7517
2025-10-15 09:49:41.851 | INFO     | [Worker-3 / GPU-3] Epoch 95/100 | Train Acc: 0.6974, Train Loss: 1.2069 | Test Loss: 0.9851, Test Acc: 0.7568
2025-10-15 09:49:41.851 | INFO     | [Worker-3 / GPU-3] Epoch 96/100 | Train Acc: 0.6333, Train Loss: 1.3744 | Test Loss: 1.0163, Test Acc: 0.7488
2025-10-15 09:49:41.851 | INFO     | [Worker-3 / GPU-3] Epoch 96/100 | Train Acc: 0.6333, Train Loss: 1.3744 | Test Loss: 1.0163, Test Acc: 0.7488 / Early stopping triggered
2025-10-15 09:49:41.851 | INFO     | [Worker-3 / GPU-3] Individual 2 -> Accuracy: 0.7488, Loss: 1.0163 | Duration: 187.55s
2025-10-15 09:49:41.852 | INFO     | [Worker-3 / GPU-3] GPU memory used: 0.39 GB
2025-10-15 09:50:25.514 | INFO     | [Worker-2 / GPU-2] Evaluating Individual 3/24 (100 epochs)
2025-10-15 09:50:25.515 | INFO     | [Worker-2 / GPU-2] Hyperparameters: {'width_scale': 1.6774982531967852, 'fc1_units': 1024, 'dropout_rate': 0.4362884365474685, 'optimizer_schedule': 'SGD_ONECYCLE', 'base_lr': 0.012266166704653548, 'aug_intensity': 'MEDIUM', 'weight_decay': 0.00010286487628369931, 'batch_size': 512}
2025-10-15 09:50:25.515 | INFO     | [Worker-2 / GPU-2] Scaled base_lr to 0.049065 for batch_size 512
2025-10-15 09:50:25.515 | INFO     | [Worker-2 / GPU-2] Epoch 1/100 | Train Acc: 0.1451, Train Loss: 8.6139 | Test Loss: 3.3090, Test Acc: 0.2450
2025-10-15 09:50:25.515 | INFO     | [Worker-2 / GPU-2] Epoch 2/100 | Train Acc: 0.1984, Train Loss: 6.2750 | Test Loss: 2.3676, Test Acc: 0.3413
2025-10-15 09:50:25.515 | INFO     | [Worker-2 / GPU-2] Epoch 3/100 | Train Acc: 0.2301, Train Loss: 4.9453 | Test Loss: 2.0201, Test Acc: 0.3787
2025-10-15 09:50:25.516 | INFO     | [Worker-2 / GPU-2] Epoch 4/100 | Train Acc: 0.2511, Train Loss: 3.9546 | Test Loss: 1.7842, Test Acc: 0.3817
2025-10-15 09:50:25.516 | INFO     | [Worker-2 / GPU-2] Epoch 5/100 | Train Acc: 0.2635, Train Loss: 3.1002 | Test Loss: 1.7939, Test Acc: 0.3834
2025-10-15 09:50:25.516 | INFO     | [Worker-2 / GPU-2] Epoch 6/100 | Train Acc: 0.2773, Train Loss: 2.5146 | Test Loss: 1.9493, Test Acc: 0.3905
2025-10-15 09:50:25.516 | INFO     | [Worker-2 / GPU-2] Epoch 7/100 | Train Acc: 0.2968, Train Loss: 2.1669 | Test Loss: 1.9852, Test Acc: 0.3800
2025-10-15 09:50:25.516 | INFO     | [Worker-2 / GPU-2] Epoch 8/100 | Train Acc: 0.3259, Train Loss: 1.9876 | Test Loss: 1.9053, Test Acc: 0.4082
2025-10-15 09:50:25.517 | INFO     | [Worker-2 / GPU-2] Epoch 9/100 | Train Acc: 0.3505, Train Loss: 1.8858 | Test Loss: 1.8093, Test Acc: 0.4458
2025-10-15 09:50:25.517 | INFO     | [Worker-2 / GPU-2] Epoch 10/100 | Train Acc: 0.3818, Train Loss: 1.8041 | Test Loss: 1.7101, Test Acc: 0.4894
2025-10-15 09:50:25.517 | INFO     | [Worker-2 / GPU-2] Epoch 11/100 | Train Acc: 0.4131, Train Loss: 1.7271 | Test Loss: 1.6693, Test Acc: 0.5066
2025-10-15 09:50:25.517 | INFO     | [Worker-2 / GPU-2] Epoch 12/100 | Train Acc: 0.4326, Train Loss: 1.6897 | Test Loss: 1.6360, Test Acc: 0.5238
2025-10-15 09:50:25.517 | INFO     | [Worker-2 / GPU-2] Epoch 13/100 | Train Acc: 0.4632, Train Loss: 1.6196 | Test Loss: 1.5293, Test Acc: 0.5450
2025-10-15 09:50:25.517 | INFO     | [Worker-2 / GPU-2] Epoch 14/100 | Train Acc: 0.4704, Train Loss: 1.6230 | Test Loss: 1.4819, Test Acc: 0.5492
2025-10-15 09:50:25.518 | INFO     | [Worker-2 / GPU-2] Epoch 15/100 | Train Acc: 0.4831, Train Loss: 1.5829 | Test Loss: 1.4439, Test Acc: 0.5692
2025-10-15 09:50:25.518 | INFO     | [Worker-2 / GPU-2] Epoch 16/100 | Train Acc: 0.4938, Train Loss: 1.5733 | Test Loss: 1.4977, Test Acc: 0.5300
2025-10-15 09:50:25.518 | INFO     | [Worker-2 / GPU-2] Epoch 17/100 | Train Acc: 0.5195, Train Loss: 1.4968 | Test Loss: 1.4863, Test Acc: 0.5931
2025-10-15 09:50:25.518 | INFO     | [Worker-2 / GPU-2] Epoch 18/100 | Train Acc: 0.5270, Train Loss: 1.4959 | Test Loss: 1.3997, Test Acc: 0.5886
2025-10-15 09:50:25.518 | INFO     | [Worker-2 / GPU-2] Epoch 19/100 | Train Acc: 0.5230, Train Loss: 1.5242 | Test Loss: 1.3589, Test Acc: 0.6175
2025-10-15 09:50:25.518 | INFO     | [Worker-2 / GPU-2] Epoch 20/100 | Train Acc: 0.5477, Train Loss: 1.4552 | Test Loss: 1.3329, Test Acc: 0.5940
2025-10-15 09:50:25.519 | INFO     | [Worker-2 / GPU-2] Epoch 21/100 | Train Acc: 0.5442, Train Loss: 1.4745 | Test Loss: 1.3133, Test Acc: 0.6084
2025-10-15 09:50:25.519 | INFO     | [Worker-2 / GPU-2] Epoch 22/100 | Train Acc: 0.5384, Train Loss: 1.4964 | Test Loss: 1.3574, Test Acc: 0.6134
2025-10-15 09:50:25.519 | INFO     | [Worker-2 / GPU-2] Epoch 23/100 | Train Acc: 0.5663, Train Loss: 1.4308 | Test Loss: 1.4091, Test Acc: 0.5991
2025-10-15 09:50:25.519 | INFO     | [Worker-2 / GPU-2] Epoch 24/100 | Train Acc: 0.5777, Train Loss: 1.4083 | Test Loss: 1.2283, Test Acc: 0.6446
2025-10-15 09:50:25.519 | INFO     | [Worker-2 / GPU-2] Epoch 25/100 | Train Acc: 0.5592, Train Loss: 1.4649 | Test Loss: 1.3002, Test Acc: 0.6520
2025-10-15 09:50:25.519 | INFO     | [Worker-2 / GPU-2] Epoch 26/100 | Train Acc: 0.5942, Train Loss: 1.3756 | Test Loss: 1.1940, Test Acc: 0.6678
2025-10-15 09:50:25.520 | INFO     | [Worker-2 / GPU-2] Epoch 27/100 | Train Acc: 0.5985, Train Loss: 1.3546 | Test Loss: 1.1887, Test Acc: 0.6533
2025-10-15 09:50:25.520 | INFO     | [Worker-2 / GPU-2] Epoch 28/100 | Train Acc: 0.5840, Train Loss: 1.4169 | Test Loss: 1.2753, Test Acc: 0.6370
2025-10-15 09:50:25.520 | INFO     | [Worker-2 / GPU-2] Epoch 29/100 | Train Acc: 0.6075, Train Loss: 1.3555 | Test Loss: 1.2196, Test Acc: 0.6358
2025-10-15 09:50:25.520 | INFO     | [Worker-2 / GPU-2] Epoch 30/100 | Train Acc: 0.6095, Train Loss: 1.3503 | Test Loss: 1.2354, Test Acc: 0.6264
2025-10-15 09:50:25.520 | INFO     | [Worker-2 / GPU-2] Epoch 31/100 | Train Acc: 0.6082, Train Loss: 1.3529 | Test Loss: 1.1607, Test Acc: 0.6849
2025-10-15 09:50:25.520 | INFO     | [Worker-2 / GPU-2] Epoch 32/100 | Train Acc: 0.6234, Train Loss: 1.3299 | Test Loss: 1.1851, Test Acc: 0.6493
2025-10-15 09:50:25.521 | INFO     | [Worker-2 / GPU-2] Epoch 33/100 | Train Acc: 0.6275, Train Loss: 1.3195 | Test Loss: 1.1575, Test Acc: 0.6755
2025-10-15 09:50:25.521 | INFO     | [Worker-2 / GPU-2] Epoch 34/100 | Train Acc: 0.6141, Train Loss: 1.3577 | Test Loss: 1.1388, Test Acc: 0.6998
2025-10-15 09:50:25.521 | INFO     | [Worker-2 / GPU-2] Epoch 35/100 | Train Acc: 0.6080, Train Loss: 1.3815 | Test Loss: 1.0861, Test Acc: 0.7159
2025-10-15 09:50:25.521 | INFO     | [Worker-2 / GPU-2] Epoch 36/100 | Train Acc: 0.6402, Train Loss: 1.2925 | Test Loss: 1.1981, Test Acc: 0.6437
2025-10-15 09:50:25.521 | INFO     | [Worker-2 / GPU-2] Epoch 37/100 | Train Acc: 0.6394, Train Loss: 1.2964 | Test Loss: 1.2245, Test Acc: 0.6237
2025-10-15 09:50:25.522 | INFO     | [Worker-2 / GPU-2] Epoch 38/100 | Train Acc: 0.6629, Train Loss: 1.2374 | Test Loss: 1.1505, Test Acc: 0.6743
2025-10-15 09:50:25.522 | INFO     | [Worker-2 / GPU-2] Epoch 39/100 | Train Acc: 0.6539, Train Loss: 1.2741 | Test Loss: 1.0971, Test Acc: 0.6879
2025-10-15 09:50:25.522 | INFO     | [Worker-2 / GPU-2] Epoch 40/100 | Train Acc: 0.6402, Train Loss: 1.3177 | Test Loss: 1.1896, Test Acc: 0.6949
2025-10-15 09:50:25.522 | INFO     | [Worker-2 / GPU-2] Epoch 41/100 | Train Acc: 0.6565, Train Loss: 1.2755 | Test Loss: 1.1744, Test Acc: 0.6769
2025-10-15 09:50:25.522 | INFO     | [Worker-2 / GPU-2] Epoch 42/100 | Train Acc: 0.6510, Train Loss: 1.2933 | Test Loss: 1.1024, Test Acc: 0.7002
2025-10-15 09:50:25.522 | INFO     | [Worker-2 / GPU-2] Epoch 43/100 | Train Acc: 0.6644, Train Loss: 1.2570 | Test Loss: 1.1054, Test Acc: 0.6730
2025-10-15 09:50:25.523 | INFO     | [Worker-2 / GPU-2] Epoch 44/100 | Train Acc: 0.6805, Train Loss: 1.2099 | Test Loss: 1.1064, Test Acc: 0.6984
2025-10-15 09:50:25.523 | INFO     | [Worker-2 / GPU-2] Epoch 45/100 | Train Acc: 0.6698, Train Loss: 1.2523 | Test Loss: 1.0970, Test Acc: 0.6933
2025-10-15 09:50:25.523 | INFO     | [Worker-2 / GPU-2] Epoch 46/100 | Train Acc: 0.6828, Train Loss: 1.2155 | Test Loss: 1.0837, Test Acc: 0.7167
2025-10-15 09:50:25.523 | INFO     | [Worker-2 / GPU-2] Epoch 47/100 | Train Acc: 0.6945, Train Loss: 1.1898 | Test Loss: 1.0329, Test Acc: 0.7211
2025-10-15 09:50:25.523 | INFO     | [Worker-2 / GPU-2] Epoch 48/100 | Train Acc: 0.6592, Train Loss: 1.2995 | Test Loss: 1.0730, Test Acc: 0.7319
2025-10-15 09:50:25.523 | INFO     | [Worker-2 / GPU-2] Epoch 49/100 | Train Acc: 0.6588, Train Loss: 1.2912 | Test Loss: 1.0540, Test Acc: 0.7248
2025-10-15 09:50:25.524 | INFO     | [Worker-2 / GPU-2] Epoch 50/100 | Train Acc: 0.6639, Train Loss: 1.2824 | Test Loss: 1.0896, Test Acc: 0.7113
2025-10-15 09:50:25.524 | INFO     | [Worker-2 / GPU-2] Epoch 51/100 | Train Acc: 0.6833, Train Loss: 1.2287 | Test Loss: 0.9841, Test Acc: 0.7317
2025-10-15 09:50:25.524 | INFO     | [Worker-2 / GPU-2] Epoch 52/100 | Train Acc: 0.7080, Train Loss: 1.1737 | Test Loss: 1.0416, Test Acc: 0.7174
2025-10-15 09:50:25.524 | INFO     | [Worker-2 / GPU-2] Epoch 53/100 | Train Acc: 0.6695, Train Loss: 1.2756 | Test Loss: 1.0032, Test Acc: 0.7246
2025-10-15 09:50:25.524 | INFO     | [Worker-2 / GPU-2] Epoch 54/100 | Train Acc: 0.7170, Train Loss: 1.1371 | Test Loss: 1.0652, Test Acc: 0.7017
2025-10-15 09:50:25.524 | INFO     | [Worker-2 / GPU-2] Epoch 55/100 | Train Acc: 0.7101, Train Loss: 1.1778 | Test Loss: 1.0603, Test Acc: 0.6977
2025-10-15 09:50:25.525 | INFO     | [Worker-2 / GPU-2] Epoch 56/100 | Train Acc: 0.7211, Train Loss: 1.1546 | Test Loss: 1.0839, Test Acc: 0.6862
2025-10-15 09:50:25.525 | INFO     | [Worker-2 / GPU-2] Epoch 57/100 | Train Acc: 0.6804, Train Loss: 1.2527 | Test Loss: 1.0542, Test Acc: 0.7239
2025-10-15 09:50:25.525 | INFO     | [Worker-2 / GPU-2] Epoch 58/100 | Train Acc: 0.7048, Train Loss: 1.1972 | Test Loss: 0.9981, Test Acc: 0.7359
2025-10-15 09:50:25.525 | INFO     | [Worker-2 / GPU-2] Epoch 59/100 | Train Acc: 0.7197, Train Loss: 1.1562 | Test Loss: 1.0202, Test Acc: 0.7208
2025-10-15 09:50:25.525 | INFO     | [Worker-2 / GPU-2] Epoch 60/100 | Train Acc: 0.7242, Train Loss: 1.1379 | Test Loss: 0.9813, Test Acc: 0.7436
2025-10-15 09:50:25.525 | INFO     | [Worker-2 / GPU-2] Epoch 61/100 | Train Acc: 0.7209, Train Loss: 1.1453 | Test Loss: 1.0149, Test Acc: 0.7264
2025-10-15 09:50:25.526 | INFO     | [Worker-2 / GPU-2] Epoch 62/100 | Train Acc: 0.7454, Train Loss: 1.0979 | Test Loss: 0.9801, Test Acc: 0.7428
2025-10-15 09:50:25.534 | INFO     | [Worker-2 / GPU-2] Epoch 63/100 | Train Acc: 0.6839, Train Loss: 1.2708 | Test Loss: 1.0531, Test Acc: 0.7244
2025-10-15 09:50:25.534 | INFO     | [Worker-2 / GPU-2] Epoch 64/100 | Train Acc: 0.6995, Train Loss: 1.2187 | Test Loss: 1.0481, Test Acc: 0.7289
2025-10-15 09:50:25.534 | INFO     | [Worker-2 / GPU-2] Epoch 65/100 | Train Acc: 0.7218, Train Loss: 1.1553 | Test Loss: 0.9825, Test Acc: 0.7398
2025-10-15 09:50:25.534 | INFO     | [Worker-2 / GPU-2] Epoch 66/100 | Train Acc: 0.7370, Train Loss: 1.1258 | Test Loss: 1.1191, Test Acc: 0.6777
2025-10-15 09:50:25.534 | INFO     | [Worker-2 / GPU-2] Epoch 67/100 | Train Acc: 0.7719, Train Loss: 1.0380 | Test Loss: 1.0479, Test Acc: 0.7064
2025-10-15 09:50:25.535 | INFO     | [Worker-2 / GPU-2] Epoch 68/100 | Train Acc: 0.7479, Train Loss: 1.1124 | Test Loss: 0.9420, Test Acc: 0.7578
2025-10-15 09:50:25.535 | INFO     | [Worker-2 / GPU-2] Epoch 69/100 | Train Acc: 0.7343, Train Loss: 1.1560 | Test Loss: 1.0107, Test Acc: 0.7284
2025-10-15 09:50:25.535 | INFO     | [Worker-2 / GPU-2] Epoch 70/100 | Train Acc: 0.7885, Train Loss: 0.9817 | Test Loss: 0.9521, Test Acc: 0.7481
2025-10-15 09:50:25.535 | INFO     | [Worker-2 / GPU-2] Epoch 71/100 | Train Acc: 0.7379, Train Loss: 1.1411 | Test Loss: 1.0151, Test Acc: 0.7403
2025-10-15 09:50:25.535 | INFO     | [Worker-2 / GPU-2] Epoch 72/100 | Train Acc: 0.7337, Train Loss: 1.1488 | Test Loss: 0.9928, Test Acc: 0.7354
2025-10-15 09:50:25.536 | INFO     | [Worker-2 / GPU-2] Epoch 73/100 | Train Acc: 0.7362, Train Loss: 1.1467 | Test Loss: 1.0043, Test Acc: 0.7373
2025-10-15 09:50:25.536 | INFO     | [Worker-2 / GPU-2] Epoch 74/100 | Train Acc: 0.7728, Train Loss: 1.0373 | Test Loss: 0.9591, Test Acc: 0.7470
2025-10-15 09:50:25.536 | INFO     | [Worker-2 / GPU-2] Epoch 75/100 | Train Acc: 0.7011, Train Loss: 1.2426 | Test Loss: 1.0373, Test Acc: 0.7367
2025-10-15 09:50:25.536 | INFO     | [Worker-2 / GPU-2] Epoch 76/100 | Train Acc: 0.7463, Train Loss: 1.1342 | Test Loss: 1.0012, Test Acc: 0.7285
2025-10-15 09:50:25.536 | INFO     | [Worker-2 / GPU-2] Epoch 77/100 | Train Acc: 0.7345, Train Loss: 1.1496 | Test Loss: 0.9897, Test Acc: 0.7448
2025-10-15 09:50:25.537 | INFO     | [Worker-2 / GPU-2] Epoch 78/100 | Train Acc: 0.6986, Train Loss: 1.2478 | Test Loss: 1.0702, Test Acc: 0.7108
2025-10-15 09:50:25.537 | INFO     | [Worker-2 / GPU-2] Epoch 79/100 | Train Acc: 0.7224, Train Loss: 1.1945 | Test Loss: 0.9569, Test Acc: 0.7495
2025-10-15 09:50:25.537 | INFO     | [Worker-2 / GPU-2] Epoch 80/100 | Train Acc: 0.7666, Train Loss: 1.0799 | Test Loss: 0.9861, Test Acc: 0.7370
2025-10-15 09:50:25.537 | INFO     | [Worker-2 / GPU-2] Epoch 81/100 | Train Acc: 0.7288, Train Loss: 1.1788 | Test Loss: 0.9760, Test Acc: 0.7444
2025-10-15 09:50:25.538 | INFO     | [Worker-2 / GPU-2] Epoch 82/100 | Train Acc: 0.7347, Train Loss: 1.1479 | Test Loss: 0.9393, Test Acc: 0.7587
2025-10-15 09:50:25.538 | INFO     | [Worker-2 / GPU-2] Epoch 83/100 | Train Acc: 0.6997, Train Loss: 1.2557 | Test Loss: 0.9846, Test Acc: 0.7602
2025-10-15 09:50:25.538 | INFO     | [Worker-2 / GPU-2] Epoch 84/100 | Train Acc: 0.7283, Train Loss: 1.1871 | Test Loss: 0.9426, Test Acc: 0.7646
2025-10-15 09:50:25.538 | INFO     | [Worker-2 / GPU-2] Epoch 85/100 | Train Acc: 0.7470, Train Loss: 1.1310 | Test Loss: 0.9552, Test Acc: 0.7584
2025-10-15 09:50:25.539 | INFO     | [Worker-2 / GPU-2] Epoch 86/100 | Train Acc: 0.7456, Train Loss: 1.1122 | Test Loss: 0.9150, Test Acc: 0.7720
2025-10-15 09:50:25.539 | INFO     | [Worker-2 / GPU-2] Epoch 87/100 | Train Acc: 0.7288, Train Loss: 1.1773 | Test Loss: 0.9270, Test Acc: 0.7660
2025-10-15 09:50:25.539 | INFO     | [Worker-2 / GPU-2] Epoch 88/100 | Train Acc: 0.7104, Train Loss: 1.2445 | Test Loss: 0.9727, Test Acc: 0.7630
2025-10-15 09:50:25.540 | INFO     | [Worker-2 / GPU-2] Epoch 89/100 | Train Acc: 0.7651, Train Loss: 1.0970 | Test Loss: 0.9237, Test Acc: 0.7702
2025-10-15 09:50:25.540 | INFO     | [Worker-2 / GPU-2] Epoch 90/100 | Train Acc: 0.7623, Train Loss: 1.1137 | Test Loss: 0.9231, Test Acc: 0.7719
2025-10-15 09:50:25.540 | INFO     | [Worker-2 / GPU-2] Epoch 91/100 | Train Acc: 0.7459, Train Loss: 1.1446 | Test Loss: 0.9423, Test Acc: 0.7615
2025-10-15 09:50:25.540 | INFO     | [Worker-2 / GPU-2] Epoch 92/100 | Train Acc: 0.7191, Train Loss: 1.2142 | Test Loss: 0.9344, Test Acc: 0.7700
2025-10-15 09:50:25.541 | INFO     | [Worker-2 / GPU-2] Epoch 93/100 | Train Acc: 0.7339, Train Loss: 1.1671 | Test Loss: 0.9345, Test Acc: 0.7703
2025-10-15 09:50:25.541 | INFO     | [Worker-2 / GPU-2] Epoch 94/100 | Train Acc: 0.7501, Train Loss: 1.1354 | Test Loss: 0.9259, Test Acc: 0.7706
2025-10-15 09:50:25.541 | INFO     | [Worker-2 / GPU-2] Epoch 95/100 | Train Acc: 0.7469, Train Loss: 1.1378 | Test Loss: 0.9365, Test Acc: 0.7682
2025-10-15 09:50:25.542 | INFO     | [Worker-2 / GPU-2] Epoch 96/100 | Train Acc: 0.7777, Train Loss: 1.0598 | Test Loss: 0.9120, Test Acc: 0.7725
2025-10-15 09:50:25.542 | INFO     | [Worker-2 / GPU-2] Epoch 97/100 | Train Acc: 0.7220, Train Loss: 1.2221 | Test Loss: 0.9199, Test Acc: 0.7743
2025-10-15 09:50:25.542 | INFO     | [Worker-2 / GPU-2] Epoch 98/100 | Train Acc: 0.7274, Train Loss: 1.1906 | Test Loss: 0.9390, Test Acc: 0.7696
2025-10-15 09:50:25.542 | INFO     | [Worker-2 / GPU-2] Epoch 99/100 | Train Acc: 0.7219, Train Loss: 1.2093 | Test Loss: 0.9366, Test Acc: 0.7700
2025-10-15 09:50:25.543 | INFO     | [Worker-2 / GPU-2] Epoch 100/100 | Train Acc: 0.7419, Train Loss: 1.1496 | Test Loss: 0.9134, Test Acc: 0.7763
2025-10-15 09:50:25.543 | INFO     | [Worker-2 / GPU-2] Individual 3 -> Accuracy: 0.7763, Loss: 0.9134 | Duration: 231.23s
2025-10-15 09:50:25.543 | INFO     | [Worker-2 / GPU-2] GPU memory used: 0.37 GB
2025-10-15 09:50:55.725 | INFO     | [Worker-0 / GPU-0] Evaluating Individual 4/24 (100 epochs)
2025-10-15 09:50:55.726 | INFO     | [Worker-0 / GPU-0] Hyperparameters: {'width_scale': 1.5152049997455013, 'fc1_units': 1024, 'dropout_rate': 0.4023226780275052, 'optimizer_schedule': 'SGD_COSINE', 'base_lr': 0.05621121812750881, 'aug_intensity': 'STRONG', 'weight_decay': 0.0005366430390278605, 'batch_size': 512}
2025-10-15 09:50:55.726 | INFO     | [Worker-0 / GPU-0] Scaled base_lr to 0.224845 for batch_size 512
2025-10-15 09:50:55.726 | INFO     | [Worker-0 / GPU-0] Epoch 1/100 | Train Acc: 0.2183, Train Loss: 5.1142 | Test Loss: 1.7140, Test Acc: 0.4067
2025-10-15 09:50:55.727 | INFO     | [Worker-0 / GPU-0] Epoch 2/100 | Train Acc: 0.3220, Train Loss: 2.1112 | Test Loss: 1.7311, Test Acc: 0.4340
2025-10-15 09:50:55.727 | INFO     | [Worker-0 / GPU-0] Epoch 3/100 | Train Acc: 0.4403, Train Loss: 1.6518 | Test Loss: 1.4888, Test Acc: 0.5300
2025-10-15 09:50:55.727 | INFO     | [Worker-0 / GPU-0] Epoch 4/100 | Train Acc: 0.5003, Train Loss: 1.5422 | Test Loss: 1.3809, Test Acc: 0.5612
2025-10-15 09:50:55.727 | INFO     | [Worker-0 / GPU-0] Epoch 5/100 | Train Acc: 0.5655, Train Loss: 1.3715 | Test Loss: 1.3098, Test Acc: 0.5932
2025-10-15 09:50:55.727 | INFO     | [Worker-0 / GPU-0] Epoch 6/100 | Train Acc: 0.5998, Train Loss: 1.3043 | Test Loss: 1.6083, Test Acc: 0.4804
2025-10-15 09:50:55.728 | INFO     | [Worker-0 / GPU-0] Epoch 7/100 | Train Acc: 0.6514, Train Loss: 1.1835 | Test Loss: 1.2792, Test Acc: 0.5985
2025-10-15 09:50:55.728 | INFO     | [Worker-0 / GPU-0] Epoch 8/100 | Train Acc: 0.6778, Train Loss: 1.1280 | Test Loss: 1.1746, Test Acc: 0.6455
2025-10-15 09:50:55.728 | INFO     | [Worker-0 / GPU-0] Epoch 9/100 | Train Acc: 0.7000, Train Loss: 1.1001 | Test Loss: 1.3281, Test Acc: 0.6061
2025-10-15 09:50:55.728 | INFO     | [Worker-0 / GPU-0] Epoch 10/100 | Train Acc: 0.7364, Train Loss: 0.9922 | Test Loss: 1.2968, Test Acc: 0.5940
2025-10-15 09:50:55.728 | INFO     | [Worker-0 / GPU-0] Epoch 11/100 | Train Acc: 0.7291, Train Loss: 1.0609 | Test Loss: 1.0458, Test Acc: 0.7043
2025-10-15 09:50:55.728 | INFO     | [Worker-0 / GPU-0] Epoch 12/100 | Train Acc: 0.7781, Train Loss: 0.9153 | Test Loss: 1.1186, Test Acc: 0.6679
2025-10-15 09:50:55.729 | INFO     | [Worker-0 / GPU-0] Epoch 13/100 | Train Acc: 0.7979, Train Loss: 0.8647 | Test Loss: 1.2244, Test Acc: 0.6377
2025-10-15 09:50:55.729 | INFO     | [Worker-0 / GPU-0] Epoch 14/100 | Train Acc: 0.7909, Train Loss: 0.9114 | Test Loss: 1.1508, Test Acc: 0.6664
2025-10-15 09:50:55.729 | INFO     | [Worker-0 / GPU-0] Epoch 15/100 | Train Acc: 0.8337, Train Loss: 0.7868 | Test Loss: 1.3074, Test Acc: 0.6197
2025-10-15 09:50:55.729 | INFO     | [Worker-0 / GPU-0] Epoch 16/100 | Train Acc: 0.8436, Train Loss: 0.7718 | Test Loss: 1.3575, Test Acc: 0.6041
2025-10-15 09:50:55.729 | INFO     | [Worker-0 / GPU-0] Epoch 17/100 | Train Acc: 0.8424, Train Loss: 0.8037 | Test Loss: 1.1298, Test Acc: 0.6750
2025-10-15 09:50:55.730 | INFO     | [Worker-0 / GPU-0] Epoch 18/100 | Train Acc: 0.8405, Train Loss: 0.8090 | Test Loss: 0.9962, Test Acc: 0.7248
2025-10-15 09:50:55.730 | INFO     | [Worker-0 / GPU-0] Epoch 19/100 | Train Acc: 0.8636, Train Loss: 0.7471 | Test Loss: 1.2014, Test Acc: 0.6498
2025-10-15 09:50:55.730 | INFO     | [Worker-0 / GPU-0] Epoch 20/100 | Train Acc: 0.8598, Train Loss: 0.7640 | Test Loss: 1.4560, Test Acc: 0.5931
2025-10-15 09:50:55.730 | INFO     | [Worker-0 / GPU-0] Epoch 21/100 | Train Acc: 0.8511, Train Loss: 0.8029 | Test Loss: 1.3271, Test Acc: 0.6252
2025-10-15 09:50:55.730 | INFO     | [Worker-0 / GPU-0] Epoch 22/100 | Train Acc: 0.8720, Train Loss: 0.7371 | Test Loss: 1.1468, Test Acc: 0.6863
2025-10-15 09:50:55.730 | INFO     | [Worker-0 / GPU-0] Epoch 23/100 | Train Acc: 0.8665, Train Loss: 0.7614 | Test Loss: 1.2312, Test Acc: 0.6479
2025-10-15 09:50:55.731 | INFO     | [Worker-0 / GPU-0] Epoch 24/100 | Train Acc: 0.8517, Train Loss: 0.8024 | Test Loss: 1.0969, Test Acc: 0.7005
2025-10-15 09:50:55.731 | INFO     | [Worker-0 / GPU-0] Epoch 25/100 | Train Acc: 0.8721, Train Loss: 0.7401 | Test Loss: 1.2940, Test Acc: 0.6227
2025-10-15 09:50:55.731 | INFO     | [Worker-0 / GPU-0] Epoch 26/100 | Train Acc: 0.8429, Train Loss: 0.8413 | Test Loss: 1.3336, Test Acc: 0.6326
2025-10-15 09:50:55.731 | INFO     | [Worker-0 / GPU-0] Epoch 27/100 | Train Acc: 0.8422, Train Loss: 0.8544 | Test Loss: 1.0953, Test Acc: 0.6930
2025-10-15 09:50:55.731 | INFO     | [Worker-0 / GPU-0] Epoch 28/100 | Train Acc: 0.8740, Train Loss: 0.7532 | Test Loss: 0.9669, Test Acc: 0.7404
2025-10-15 09:50:55.731 | INFO     | [Worker-0 / GPU-0] Epoch 29/100 | Train Acc: 0.8856, Train Loss: 0.7118 | Test Loss: 1.3575, Test Acc: 0.6117
2025-10-15 09:50:55.732 | INFO     | [Worker-0 / GPU-0] Epoch 30/100 | Train Acc: 0.8940, Train Loss: 0.6941 | Test Loss: 1.0167, Test Acc: 0.7403
2025-10-15 09:50:55.732 | INFO     | [Worker-0 / GPU-0] Epoch 31/100 | Train Acc: 0.8826, Train Loss: 0.7408 | Test Loss: 1.0832, Test Acc: 0.7015
2025-10-15 09:50:55.732 | INFO     | [Worker-0 / GPU-0] Epoch 32/100 | Train Acc: 0.9090, Train Loss: 0.6620 | Test Loss: 1.0230, Test Acc: 0.7295
2025-10-15 09:50:55.732 | INFO     | [Worker-0 / GPU-0] Epoch 33/100 | Train Acc: 0.8840, Train Loss: 0.7283 | Test Loss: 1.1823, Test Acc: 0.6606
2025-10-15 09:50:55.732 | INFO     | [Worker-0 / GPU-0] Epoch 34/100 | Train Acc: 0.9057, Train Loss: 0.6704 | Test Loss: 1.1055, Test Acc: 0.6953
2025-10-15 09:50:55.732 | INFO     | [Worker-0 / GPU-0] Epoch 35/100 | Train Acc: 0.8800, Train Loss: 0.7470 | Test Loss: 1.2098, Test Acc: 0.6708
2025-10-15 09:50:55.733 | INFO     | [Worker-0 / GPU-0] Epoch 36/100 | Train Acc: 0.8630, Train Loss: 0.8090 | Test Loss: 1.0166, Test Acc: 0.7322
2025-10-15 09:50:55.733 | INFO     | [Worker-0 / GPU-0] Epoch 37/100 | Train Acc: 0.8669, Train Loss: 0.7826 | Test Loss: 1.0738, Test Acc: 0.7055
2025-10-15 09:50:55.733 | INFO     | [Worker-0 / GPU-0] Epoch 38/100 | Train Acc: 0.8788, Train Loss: 0.7510 | Test Loss: 1.1215, Test Acc: 0.6908
2025-10-15 09:50:55.733 | INFO     | [Worker-0 / GPU-0] Epoch 39/100 | Train Acc: 0.8695, Train Loss: 0.7674 | Test Loss: 0.9965, Test Acc: 0.7321
2025-10-15 09:50:55.733 | INFO     | [Worker-0 / GPU-0] Epoch 40/100 | Train Acc: 0.8697, Train Loss: 0.7780 | Test Loss: 1.1471, Test Acc: 0.6714
2025-10-15 09:50:55.733 | INFO     | [Worker-0 / GPU-0] Epoch 41/100 | Train Acc: 0.8844, Train Loss: 0.7198 | Test Loss: 1.0742, Test Acc: 0.7098
2025-10-15 09:50:55.734 | INFO     | [Worker-0 / GPU-0] Epoch 42/100 | Train Acc: 0.8475, Train Loss: 0.8475 | Test Loss: 0.9897, Test Acc: 0.7355
2025-10-15 09:50:55.734 | INFO     | [Worker-0 / GPU-0] Epoch 43/100 | Train Acc: 0.8973, Train Loss: 0.7056 | Test Loss: 1.0268, Test Acc: 0.7256
2025-10-15 09:50:55.734 | INFO     | [Worker-0 / GPU-0] Epoch 44/100 | Train Acc: 0.8509, Train Loss: 0.8393 | Test Loss: 1.1388, Test Acc: 0.6821
2025-10-15 09:50:55.734 | INFO     | [Worker-0 / GPU-0] Epoch 45/100 | Train Acc: 0.8547, Train Loss: 0.8264 | Test Loss: 1.0767, Test Acc: 0.7055
2025-10-15 09:50:55.734 | INFO     | [Worker-0 / GPU-0] Epoch 46/100 | Train Acc: 0.8403, Train Loss: 0.8582 | Test Loss: 1.1628, Test Acc: 0.6644
2025-10-15 09:50:55.734 | INFO     | [Worker-0 / GPU-0] Epoch 47/100 | Train Acc: 0.8864, Train Loss: 0.7170 | Test Loss: 1.4170, Test Acc: 0.5964
2025-10-15 09:50:55.735 | INFO     | [Worker-0 / GPU-0] Epoch 48/100 | Train Acc: 0.8716, Train Loss: 0.7725 | Test Loss: 1.0866, Test Acc: 0.6966
2025-10-15 09:50:55.735 | INFO     | [Worker-0 / GPU-0] Epoch 48/100 | Train Acc: 0.8716, Train Loss: 0.7725 | Test Loss: 1.0866, Test Acc: 0.6966 / Early stopping triggered
2025-10-15 09:50:55.735 | INFO     | [Worker-0 / GPU-0] Individual 4 -> Accuracy: 0.6966, Loss: 1.0866 | Duration: 129.02s
2025-10-15 09:50:55.735 | INFO     | [Worker-0 / GPU-0] GPU memory used: 0.33 GB
2025-10-15 09:51:20.705 | INFO     | [Worker-1 / GPU-1] Evaluating Individual 5/24 (100 epochs)
2025-10-15 09:51:20.706 | INFO     | [Worker-1 / GPU-1] Hyperparameters: {'width_scale': 1.1655218675367547, 'fc1_units': 256, 'dropout_rate': 0.45844884787193446, 'optimizer_schedule': 'SGD_COSINE', 'base_lr': 0.027268886894232396, 'aug_intensity': 'MEDIUM', 'weight_decay': 0.0005380164518997728, 'batch_size': 512}
2025-10-15 09:51:20.706 | INFO     | [Worker-1 / GPU-1] Scaled base_lr to 0.109076 for batch_size 512
2025-10-15 09:51:20.706 | INFO     | [Worker-1 / GPU-1] Epoch 1/100 | Train Acc: 0.1632, Train Loss: 6.5673 | Test Loss: 2.0468, Test Acc: 0.3420
2025-10-15 09:51:20.707 | INFO     | [Worker-1 / GPU-1] Epoch 2/100 | Train Acc: 0.2352, Train Loss: 2.8332 | Test Loss: 1.9805, Test Acc: 0.3274
2025-10-15 09:51:20.707 | INFO     | [Worker-1 / GPU-1] Epoch 3/100 | Train Acc: 0.3122, Train Loss: 1.9752 | Test Loss: 1.7601, Test Acc: 0.4397
2025-10-15 09:51:20.707 | INFO     | [Worker-1 / GPU-1] Epoch 4/100 | Train Acc: 0.3793, Train Loss: 1.8070 | Test Loss: 1.5849, Test Acc: 0.4766
2025-10-15 09:51:20.707 | INFO     | [Worker-1 / GPU-1] Epoch 5/100 | Train Acc: 0.4403, Train Loss: 1.6663 | Test Loss: 1.4881, Test Acc: 0.5227
2025-10-15 09:51:20.707 | INFO     | [Worker-1 / GPU-1] Epoch 6/100 | Train Acc: 0.4825, Train Loss: 1.5864 | Test Loss: 1.4434, Test Acc: 0.5417
2025-10-15 09:51:20.708 | INFO     | [Worker-1 / GPU-1] Epoch 7/100 | Train Acc: 0.5405, Train Loss: 1.4402 | Test Loss: 1.3321, Test Acc: 0.5737
2025-10-15 09:51:20.708 | INFO     | [Worker-1 / GPU-1] Epoch 8/100 | Train Acc: 0.5644, Train Loss: 1.4095 | Test Loss: 1.4408, Test Acc: 0.5364
2025-10-15 09:51:20.708 | INFO     | [Worker-1 / GPU-1] Epoch 9/100 | Train Acc: 0.5951, Train Loss: 1.3366 | Test Loss: 1.2687, Test Acc: 0.5997
2025-10-15 09:51:20.708 | INFO     | [Worker-1 / GPU-1] Epoch 10/100 | Train Acc: 0.6212, Train Loss: 1.2625 | Test Loss: 1.3332, Test Acc: 0.5628
2025-10-15 09:51:20.708 | INFO     | [Worker-1 / GPU-1] Epoch 11/100 | Train Acc: 0.6390, Train Loss: 1.2329 | Test Loss: 1.2453, Test Acc: 0.6232
2025-10-15 09:51:20.709 | INFO     | [Worker-1 / GPU-1] Epoch 12/100 | Train Acc: 0.6492, Train Loss: 1.2262 | Test Loss: 1.1084, Test Acc: 0.6638
2025-10-15 09:51:20.709 | INFO     | [Worker-1 / GPU-1] Epoch 13/100 | Train Acc: 0.6900, Train Loss: 1.1138 | Test Loss: 1.1490, Test Acc: 0.6591
2025-10-15 09:51:20.709 | INFO     | [Worker-1 / GPU-1] Epoch 14/100 | Train Acc: 0.6793, Train Loss: 1.1774 | Test Loss: 1.0826, Test Acc: 0.6836
2025-10-15 09:51:20.709 | INFO     | [Worker-1 / GPU-1] Epoch 15/100 | Train Acc: 0.7114, Train Loss: 1.1019 | Test Loss: 1.1440, Test Acc: 0.6497
2025-10-15 09:51:20.709 | INFO     | [Worker-1 / GPU-1] Epoch 16/100 | Train Acc: 0.7179, Train Loss: 1.0869 | Test Loss: 1.1229, Test Acc: 0.6662
2025-10-15 09:51:20.709 | INFO     | [Worker-1 / GPU-1] Epoch 17/100 | Train Acc: 0.7391, Train Loss: 1.0387 | Test Loss: 1.3587, Test Acc: 0.5952
2025-10-15 09:51:20.710 | INFO     | [Worker-1 / GPU-1] Epoch 18/100 | Train Acc: 0.7539, Train Loss: 0.9940 | Test Loss: 1.1156, Test Acc: 0.6727
2025-10-15 09:51:20.710 | INFO     | [Worker-1 / GPU-1] Epoch 19/100 | Train Acc: 0.7635, Train Loss: 0.9892 | Test Loss: 1.0514, Test Acc: 0.6959
2025-10-15 09:51:20.710 | INFO     | [Worker-1 / GPU-1] Epoch 20/100 | Train Acc: 0.7526, Train Loss: 1.0321 | Test Loss: 1.2478, Test Acc: 0.6348
2025-10-15 09:51:20.710 | INFO     | [Worker-1 / GPU-1] Epoch 21/100 | Train Acc: 0.7875, Train Loss: 0.9347 | Test Loss: 1.6471, Test Acc: 0.5246
2025-10-15 09:51:20.710 | INFO     | [Worker-1 / GPU-1] Epoch 22/100 | Train Acc: 0.7760, Train Loss: 0.9724 | Test Loss: 0.9710, Test Acc: 0.7335
2025-10-15 09:51:20.711 | INFO     | [Worker-1 / GPU-1] Epoch 23/100 | Train Acc: 0.7712, Train Loss: 1.0005 | Test Loss: 1.0858, Test Acc: 0.6906
2025-10-15 09:51:20.711 | INFO     | [Worker-1 / GPU-1] Epoch 24/100 | Train Acc: 0.8034, Train Loss: 0.9056 | Test Loss: 1.1433, Test Acc: 0.6693
2025-10-15 09:51:20.711 | INFO     | [Worker-1 / GPU-1] Epoch 25/100 | Train Acc: 0.8151, Train Loss: 0.8756 | Test Loss: 1.1149, Test Acc: 0.6741
2025-10-15 09:51:20.711 | INFO     | [Worker-1 / GPU-1] Epoch 26/100 | Train Acc: 0.8028, Train Loss: 0.9423 | Test Loss: 0.9766, Test Acc: 0.7299
2025-10-15 09:51:20.711 | INFO     | [Worker-1 / GPU-1] Epoch 27/100 | Train Acc: 0.7969, Train Loss: 0.9686 | Test Loss: 1.0221, Test Acc: 0.7169
2025-10-15 09:51:20.711 | INFO     | [Worker-1 / GPU-1] Epoch 28/100 | Train Acc: 0.8330, Train Loss: 0.8503 | Test Loss: 1.1247, Test Acc: 0.6819
2025-10-15 09:51:20.712 | INFO     | [Worker-1 / GPU-1] Epoch 29/100 | Train Acc: 0.8082, Train Loss: 0.9312 | Test Loss: 0.9352, Test Acc: 0.7494
2025-10-15 09:51:20.712 | INFO     | [Worker-1 / GPU-1] Epoch 30/100 | Train Acc: 0.8552, Train Loss: 0.8040 | Test Loss: 1.4319, Test Acc: 0.5789
2025-10-15 09:51:20.712 | INFO     | [Worker-1 / GPU-1] Epoch 31/100 | Train Acc: 0.8483, Train Loss: 0.8347 | Test Loss: 1.0573, Test Acc: 0.7080
2025-10-15 09:51:20.712 | INFO     | [Worker-1 / GPU-1] Epoch 32/100 | Train Acc: 0.8409, Train Loss: 0.8650 | Test Loss: 1.3193, Test Acc: 0.6560
2025-10-15 09:51:20.712 | INFO     | [Worker-1 / GPU-1] Epoch 33/100 | Train Acc: 0.8363, Train Loss: 0.8849 | Test Loss: 1.1417, Test Acc: 0.6752
2025-10-15 09:51:20.712 | INFO     | [Worker-1 / GPU-1] Epoch 34/100 | Train Acc: 0.8510, Train Loss: 0.8168 | Test Loss: 1.0340, Test Acc: 0.7139
2025-10-15 09:51:20.713 | INFO     | [Worker-1 / GPU-1] Epoch 35/100 | Train Acc: 0.8258, Train Loss: 0.9106 | Test Loss: 1.1165, Test Acc: 0.6881
2025-10-15 09:51:20.713 | INFO     | [Worker-1 / GPU-1] Epoch 36/100 | Train Acc: 0.8483, Train Loss: 0.8684 | Test Loss: 1.0844, Test Acc: 0.6957
2025-10-15 09:51:20.713 | INFO     | [Worker-1 / GPU-1] Epoch 37/100 | Train Acc: 0.8550, Train Loss: 0.8504 | Test Loss: 1.0680, Test Acc: 0.7031
2025-10-15 09:51:20.713 | INFO     | [Worker-1 / GPU-1] Epoch 38/100 | Train Acc: 0.8251, Train Loss: 0.9236 | Test Loss: 1.1341, Test Acc: 0.6766
2025-10-15 09:51:20.713 | INFO     | [Worker-1 / GPU-1] Epoch 39/100 | Train Acc: 0.8619, Train Loss: 0.8034 | Test Loss: 0.9748, Test Acc: 0.7405
2025-10-15 09:51:20.713 | INFO     | [Worker-1 / GPU-1] Epoch 40/100 | Train Acc: 0.8320, Train Loss: 0.9010 | Test Loss: 1.0782, Test Acc: 0.6946
2025-10-15 09:51:20.714 | INFO     | [Worker-1 / GPU-1] Epoch 41/100 | Train Acc: 0.8280, Train Loss: 0.9047 | Test Loss: 0.9526, Test Acc: 0.7469
2025-10-15 09:51:20.714 | INFO     | [Worker-1 / GPU-1] Epoch 42/100 | Train Acc: 0.8211, Train Loss: 0.9464 | Test Loss: 1.3650, Test Acc: 0.6075
2025-10-15 09:51:20.714 | INFO     | [Worker-1 / GPU-1] Epoch 43/100 | Train Acc: 0.8590, Train Loss: 0.8357 | Test Loss: 1.0165, Test Acc: 0.7260
2025-10-15 09:51:20.714 | INFO     | [Worker-1 / GPU-1] Epoch 44/100 | Train Acc: 0.8458, Train Loss: 0.8692 | Test Loss: 1.1933, Test Acc: 0.6635
2025-10-15 09:51:20.714 | INFO     | [Worker-1 / GPU-1] Epoch 45/100 | Train Acc: 0.8485, Train Loss: 0.8591 | Test Loss: 1.2469, Test Acc: 0.6297
2025-10-15 09:51:20.715 | INFO     | [Worker-1 / GPU-1] Epoch 46/100 | Train Acc: 0.8477, Train Loss: 0.8634 | Test Loss: 1.0564, Test Acc: 0.7107
2025-10-15 09:51:20.715 | INFO     | [Worker-1 / GPU-1] Epoch 47/100 | Train Acc: 0.8267, Train Loss: 0.9066 | Test Loss: 1.1218, Test Acc: 0.6890
2025-10-15 09:51:20.715 | INFO     | [Worker-1 / GPU-1] Epoch 48/100 | Train Acc: 0.8660, Train Loss: 0.8138 | Test Loss: 1.2306, Test Acc: 0.6628
2025-10-15 09:51:20.715 | INFO     | [Worker-1 / GPU-1] Epoch 49/100 | Train Acc: 0.8577, Train Loss: 0.8403 | Test Loss: 1.1972, Test Acc: 0.6605
2025-10-15 09:51:20.715 | INFO     | [Worker-1 / GPU-1] Epoch 49/100 | Train Acc: 0.8577, Train Loss: 0.8403 | Test Loss: 1.1972, Test Acc: 0.6605 / Early stopping triggered
2025-10-15 09:51:20.715 | INFO     | [Worker-1 / GPU-1] Individual 5 -> Accuracy: 0.6605, Loss: 1.1972 | Duration: 135.07s
2025-10-15 09:51:20.716 | INFO     | [Worker-1 / GPU-1] GPU memory used: 0.25 GB
