2025-10-03 14:10:40.559 | INFO     | Configuration:
{
    "project": {
        "name": "HPO Paper-Based Experiment",
        "seed": 6873
    },
    "environment": {
        "data_source": {
            "dataset": "CIFAR-10",
            "path": "./model_data"
        },
        "logging": {
            "log_file": "logs/experiment.log",
            "error_log_file": "logs/error.log",
            "report_directory": "reports"
        }
    },
    "checkpoint_config": {
        "interval_per_gen": 1
    },
    "parallel_config": {
        "execution": {
            "evaluation_mode": "GPU",
            "enable_parallel": true,
            "gpu_workers": 4,
            "cpu_workers": 0,
            "gpu_cpu_performance_ratio": 16,
            "dataloader_workers": {
                "per_gpu": 8,
                "per_cpu": 1
            }
        }
    },
    "neural_network_config": {
        "input_shape": [
            3,
            32,
            32
        ],
        "output_classes": 10,
        "conv_blocks": 3,
        "fixed_parameters": {
            "activation_function": "relu",
            "base_filters": 32
        },
        "hyperparameter_space": {
            "width_scale": {
                "type": "float",
                "range": [
                    0.75,
                    3.0
                ],
                "description": "Scales the number of filters in convolutional layers"
            },
            "fc1_units": {
                "type": "enum",
                "values": [
                    256,
                    512,
                    768,
                    1024
                ],
                "description": "Number of neurons in the first fully connected layer"
            },
            "dropout_rate": {
                "type": "float",
                "range": [
                    0.2,
                    0.5
                ],
                "description": "Dropout intensity in the first fully connected layer"
            },
            "optimizer_schedule": {
                "type": "enum",
                "values": [
                    "SGD_ONECYCLE",
                    "SGD_COSINE",
                    "ADAMW_COSINE",
                    "ADAMW_ONECYCLE"
                ],
                "description": "Optimizer type + Learning rate scheduler"
            },
            "base_lr": {
                "type": "float",
                "range": [
                    0.001,
                    0.1
                ],
                "scale": "log",
                "description": "Base learning rate value, log scale"
            },
            "aug_intensity": {
                "type": "enum",
                "values": [
                    "MEDIUM",
                    "STRONG"
                ],
                "description": "Level of data augmentation"
            },
            "weight_decay": {
                "type": "float",
                "range": [
                    1e-06,
                    0.01
                ],
                "scale": "log",
                "description": "L2 regularization coefficient, log scale"
            },
            "batch_size": {
                "type": "enum",
                "values": [
                    2048,
                    4096,
                    8192
                ],
                "description": "Training batch size"
            }
        }
    },
    "nested_validation_config": {
        "enabled": true,
        "outer_k_folds": 2
    },
    "genetic_algorithm_config": {
        "genetic_operators": {
            "active": [
                "selection",
                "crossover",
                "mutation",
                "elitism"
            ],
            "selection": {
                "type": "tournament",
                "tournament_size": 3
            },
            "crossover": {
                "type": "uniform",
                "crossover_prob": 0.8
            },
            "mutation": {
                "mutation_prob_discrete": 0.15,
                "mutation_prob_categorical": 0.15,
                "mutation_sigma_continuous": 0.1,
                "mutation_prob_continuous": 0.15
            },
            "elitism_percent": 0.1
        },
        "calibration": {
            "enabled": false,
            "population_size": 48,
            "generations": 10,
            "training_epochs": 20,
            "data_subset_percentage": 0.2,
            "mutation_decay_rate": 0.98,
            "stratification_bins": 9,
            "stop_conditions": {
                "max_generations": 10,
                "early_stop_generations": 999,
                "early_stop_epochs": 5,
                "fitness_goal": 0.81,
                "time_limit_minutes": 1440
            }
        },
        "main_algorithm": {
            "population_size": 24,
            "generations": 70,
            "training_epochs": 100,
            "mutation_decay_rate": 0.98,
            "stratification_bins": 3,
            "stop_conditions": {
                "max_generations": 70,
                "early_stop_generations": 10,
                "early_stop_epochs": 10,
                "fitness_goal": 0.99,
                "time_limit_minutes": 0
            }
        }
    }
}
2025-10-03 14:10:40.560 | INFO     | Logger initialized. Log file at logs/log_2025-10-03_12-10-40.log
2025-10-03 14:10:40.561 | INFO     | --- Starting Nested Resampling With 2 Folds ---
2025-10-03 14:10:41.418 | INFO     | --- Running Fold 1/2 ---
2025-10-03 14:10:41.423 | INFO     | Initializing worker pool...
2025-10-03 14:10:41.423 | INFO     | Using GPU-Only scheduling strategy.
2025-10-03 14:10:41.426 | INFO     | Worker pool initialized with 4 workers.
2025-10-03 14:10:42.461 | INFO     | Calibration disabled. Starting main algorithm with random population.
2025-10-03 14:10:42.462 | INFO     | --- Starting MAIN_ALGORITHM Phase ---
2025-10-03 14:10:42.462 | INFO     | Generations: 70, Population: 24
2025-10-03 14:10:42.462 | INFO     | --- MAIN_ALGORITHM - Generation 1/70 ---
2025-10-03 14:12:25.789 | INFO     | [Worker-0 / GPU-0] Evaluating Individual 3/24 (50 epochs)
2025-10-03 14:12:25.789 | INFO     | [Worker-0 / GPU-0] Hyperparameters: {'width_scale': 0.7525757181506039, 'fc1_units': 768, 'dropout_rate': 0.2161161286143052, 'optimizer_schedule': 'ADAMW_COSINE', 'base_lr': 0.046715984126040916, 'aug_intensity': 'STRONG', 'weight_decay': 8.045976941121087e-05, 'batch_size': 2048}
2025-10-03 14:12:25.789 | INFO     | [Worker-0 / GPU-0] Scaled base_lr to value 0.13213275666130658 for batch_size 2048
2025-10-03 14:12:25.790 | INFO     | [Worker-0 / GPU-0] Epoch 1/50 | Train Acc: 0.1000, Train Loss: 102.9579 | Test Loss: 2.3128, Test Acc: 0.1000
2025-10-03 14:12:25.790 | INFO     | [Worker-0 / GPU-0] Epoch 2/50 | Train Acc: 0.0995, Train Loss: 2.3130 | Test Loss: 2.3144, Test Acc: 0.1000
2025-10-03 14:12:25.790 | INFO     | [Worker-0 / GPU-0] Epoch 3/50 | Train Acc: 0.1029, Train Loss: 2.3137 | Test Loss: 2.3078, Test Acc: 0.1000
2025-10-03 14:12:25.790 | INFO     | [Worker-0 / GPU-0] Epoch 4/50 | Train Acc: 0.0992, Train Loss: 2.3142 | Test Loss: 2.3164, Test Acc: 0.1000
2025-10-03 14:12:25.790 | INFO     | [Worker-0 / GPU-0] Epoch 5/50 | Train Acc: 0.1010, Train Loss: 2.3139 | Test Loss: 2.3113, Test Acc: 0.1000
2025-10-03 14:12:25.791 | INFO     | [Worker-0 / GPU-0] Epoch 6/50 | Train Acc: 0.1025, Train Loss: 2.3126 | Test Loss: 2.3104, Test Acc: 0.1001
2025-10-03 14:12:25.791 | INFO     | [Worker-0 / GPU-0] Epoch 7/50 | Train Acc: 0.1011, Train Loss: 2.3154 | Test Loss: 2.3140, Test Acc: 0.1001
2025-10-03 14:12:25.791 | INFO     | [Worker-0 / GPU-0] Epoch 8/50 | Train Acc: 0.1035, Train Loss: 2.3129 | Test Loss: 2.3172, Test Acc: 0.1000
2025-10-03 14:12:25.791 | INFO     | [Worker-0 / GPU-0] Epoch 9/50 | Train Acc: 0.0989, Train Loss: 2.3146 | Test Loss: 2.3163, Test Acc: 0.1000
2025-10-03 14:12:25.791 | INFO     | [Worker-0 / GPU-0] Epoch 10/50 | Train Acc: 0.0964, Train Loss: 2.3152 | Test Loss: 2.3123, Test Acc: 0.1000
2025-10-03 14:12:25.791 | INFO     | [Worker-0 / GPU-0] Epoch 11/50 | Train Acc: 0.1024, Train Loss: 2.3132 | Test Loss: 2.3138, Test Acc: 0.1000
2025-10-03 14:12:25.792 | INFO     | [Worker-0 / GPU-0] Epoch 11/50 | Train Acc: 0.1024, Train Loss: 2.3132 | Test Loss: 2.3138, Test Acc: 0.1000 / Early stopping triggered
2025-10-03 14:12:25.792 | INFO     | [Worker-0 / GPU-0] Individual 3 -> Accuracy: 0.1000, Loss: 2.3138 | Duration: 99.48s
2025-10-03 14:12:25.792 | INFO     | [Worker-0 / GPU-0] GPU memory used: 0.06 GB
2025-10-03 14:13:19.114 | INFO     | [Worker-2 / GPU-2] Evaluating Individual 2/24 (50 epochs)
2025-10-03 14:13:19.114 | INFO     | [Worker-2 / GPU-2] Hyperparameters: {'width_scale': 2.726062716215027, 'fc1_units': 768, 'dropout_rate': 0.20578132812428235, 'optimizer_schedule': 'SGD_ONECYCLE', 'base_lr': 0.007705387268130408, 'aug_intensity': 'STRONG', 'weight_decay': 0.0030289567424937524, 'batch_size': 4096}
2025-10-03 14:13:19.114 | INFO     | [Worker-2 / GPU-2] Scaled base_lr to value 0.12328619629008652 for batch_size 4096
2025-10-03 14:13:19.115 | INFO     | [Worker-2 / GPU-2] Epoch 1/50 | Train Acc: 0.3714, Train Loss: 1.6914 | Test Loss: 1.3307, Test Acc: 0.5090
2025-10-03 14:13:19.115 | INFO     | [Worker-2 / GPU-2] Epoch 2/50 | Train Acc: 0.4874, Train Loss: 1.4111 | Test Loss: 1.1858, Test Acc: 0.5723
2025-10-03 14:13:19.115 | INFO     | [Worker-2 / GPU-2] Epoch 3/50 | Train Acc: 0.5500, Train Loss: 1.2540 | Test Loss: 1.1448, Test Acc: 0.5918
2025-10-03 14:13:19.115 | INFO     | [Worker-2 / GPU-2] Epoch 4/50 | Train Acc: 0.5836, Train Loss: 1.1618 | Test Loss: 1.0651, Test Acc: 0.6226
2025-10-03 14:13:19.115 | INFO     | [Worker-2 / GPU-2] Epoch 5/50 | Train Acc: 0.6158, Train Loss: 1.0859 | Test Loss: 0.9079, Test Acc: 0.6840
2025-10-03 14:13:19.116 | INFO     | [Worker-2 / GPU-2] Epoch 6/50 | Train Acc: 0.6400, Train Loss: 1.0201 | Test Loss: 0.8628, Test Acc: 0.6975
2025-10-03 14:13:19.116 | INFO     | [Worker-2 / GPU-2] Epoch 7/50 | Train Acc: 0.6614, Train Loss: 0.9635 | Test Loss: 0.8577, Test Acc: 0.6968
2025-10-03 14:13:19.121 | INFO     | [Worker-2 / GPU-2] Epoch 8/50 | Train Acc: 0.6746, Train Loss: 0.9233 | Test Loss: 0.8404, Test Acc: 0.7045
2025-10-03 14:13:19.121 | INFO     | [Worker-2 / GPU-2] Epoch 9/50 | Train Acc: 0.6906, Train Loss: 0.8834 | Test Loss: 0.8297, Test Acc: 0.7100
2025-10-03 14:13:19.122 | INFO     | [Worker-2 / GPU-2] Epoch 10/50 | Train Acc: 0.7065, Train Loss: 0.8371 | Test Loss: 0.7132, Test Acc: 0.7533
2025-10-03 14:13:19.122 | INFO     | [Worker-2 / GPU-2] Epoch 11/50 | Train Acc: 0.7135, Train Loss: 0.8264 | Test Loss: 0.7426, Test Acc: 0.7414
2025-10-03 14:13:19.122 | INFO     | [Worker-2 / GPU-2] Epoch 12/50 | Train Acc: 0.7190, Train Loss: 0.8005 | Test Loss: 0.7044, Test Acc: 0.7568
2025-10-03 14:13:19.122 | INFO     | [Worker-2 / GPU-2] Epoch 13/50 | Train Acc: 0.7282, Train Loss: 0.7827 | Test Loss: 0.6891, Test Acc: 0.7584
2025-10-03 14:13:19.122 | INFO     | [Worker-2 / GPU-2] Epoch 14/50 | Train Acc: 0.7302, Train Loss: 0.7654 | Test Loss: 0.6931, Test Acc: 0.7586
2025-10-03 14:13:19.122 | INFO     | [Worker-2 / GPU-2] Epoch 15/50 | Train Acc: 0.7400, Train Loss: 0.7483 | Test Loss: 0.6594, Test Acc: 0.7703
2025-10-03 14:13:19.123 | INFO     | [Worker-2 / GPU-2] Epoch 16/50 | Train Acc: 0.7479, Train Loss: 0.7330 | Test Loss: 0.6641, Test Acc: 0.7705
2025-10-03 14:13:19.123 | INFO     | [Worker-2 / GPU-2] Epoch 17/50 | Train Acc: 0.7480, Train Loss: 0.7252 | Test Loss: 0.6724, Test Acc: 0.7621
2025-10-03 14:13:19.123 | INFO     | [Worker-2 / GPU-2] Epoch 18/50 | Train Acc: 0.7555, Train Loss: 0.7125 | Test Loss: 0.7227, Test Acc: 0.7526
2025-10-03 14:13:19.123 | INFO     | [Worker-2 / GPU-2] Epoch 19/50 | Train Acc: 0.7617, Train Loss: 0.6912 | Test Loss: 0.6684, Test Acc: 0.7665
2025-10-03 14:13:19.123 | INFO     | [Worker-2 / GPU-2] Epoch 20/50 | Train Acc: 0.7640, Train Loss: 0.6855 | Test Loss: 0.7049, Test Acc: 0.7550
2025-10-03 14:13:19.123 | INFO     | [Worker-2 / GPU-2] Epoch 21/50 | Train Acc: 0.7618, Train Loss: 0.6862 | Test Loss: 0.7579, Test Acc: 0.7300
2025-10-03 14:13:19.124 | INFO     | [Worker-2 / GPU-2] Epoch 21/50 | Train Acc: 0.7618, Train Loss: 0.6862 | Test Loss: 0.7579, Test Acc: 0.7300 / Early stopping triggered
2025-10-03 14:13:19.124 | INFO     | [Worker-2 / GPU-2] Individual 2 -> Accuracy: 0.7300, Loss: 0.7579 | Duration: 152.84s
2025-10-03 14:13:19.124 | INFO     | [Worker-2 / GPU-2] GPU memory used: 0.14 GB
2025-10-03 14:13:24.606 | INFO     | [Worker-1 / GPU-1] Evaluating Individual 0/24 (50 epochs)
2025-10-03 14:13:24.607 | INFO     | [Worker-1 / GPU-1] Hyperparameters: {'width_scale': 1.1477150219815835, 'fc1_units': 256, 'dropout_rate': 0.416267995660907, 'optimizer_schedule': 'ADAMW_ONECYCLE', 'base_lr': 0.024829103720093705, 'aug_intensity': 'MEDIUM', 'weight_decay': 1.721903510652565e-05, 'batch_size': 2048}
2025-10-03 14:13:24.607 | INFO     | [Worker-1 / GPU-1] Scaled base_lr to value 0.07022731044504958 for batch_size 2048
2025-10-03 14:13:24.607 | INFO     | [Worker-1 / GPU-1] Epoch 1/50 | Train Acc: 0.2839, Train Loss: 1.9318 | Test Loss: 1.6912, Test Acc: 0.3446
2025-10-03 14:13:24.607 | INFO     | [Worker-1 / GPU-1] Epoch 2/50 | Train Acc: 0.3743, Train Loss: 1.6560 | Test Loss: 1.3435, Test Acc: 0.4987
2025-10-03 14:13:24.608 | INFO     | [Worker-1 / GPU-1] Epoch 3/50 | Train Acc: 0.4457, Train Loss: 1.5075 | Test Loss: 1.2062, Test Acc: 0.5649
2025-10-03 14:13:24.608 | INFO     | [Worker-1 / GPU-1] Epoch 4/50 | Train Acc: 0.4994, Train Loss: 1.3913 | Test Loss: 1.1293, Test Acc: 0.5898
2025-10-03 14:13:24.608 | INFO     | [Worker-1 / GPU-1] Epoch 5/50 | Train Acc: 0.5241, Train Loss: 1.3154 | Test Loss: 1.0233, Test Acc: 0.6259
2025-10-03 14:13:24.608 | INFO     | [Worker-1 / GPU-1] Epoch 6/50 | Train Acc: 0.5474, Train Loss: 1.2654 | Test Loss: 1.0015, Test Acc: 0.6380
2025-10-03 14:13:24.608 | INFO     | [Worker-1 / GPU-1] Epoch 7/50 | Train Acc: 0.5720, Train Loss: 1.1909 | Test Loss: 0.9375, Test Acc: 0.6610
2025-10-03 14:13:24.609 | INFO     | [Worker-1 / GPU-1] Epoch 8/50 | Train Acc: 0.5902, Train Loss: 1.1469 | Test Loss: 0.9041, Test Acc: 0.6757
2025-10-03 14:13:24.609 | INFO     | [Worker-1 / GPU-1] Epoch 9/50 | Train Acc: 0.6084, Train Loss: 1.1033 | Test Loss: 0.9210, Test Acc: 0.6738
2025-10-03 14:13:24.609 | INFO     | [Worker-1 / GPU-1] Epoch 10/50 | Train Acc: 0.6208, Train Loss: 1.0753 | Test Loss: 0.8378, Test Acc: 0.7006
2025-10-03 14:13:24.609 | INFO     | [Worker-1 / GPU-1] Epoch 11/50 | Train Acc: 0.6262, Train Loss: 1.0477 | Test Loss: 0.8001, Test Acc: 0.7202
2025-10-03 14:13:24.610 | INFO     | [Worker-1 / GPU-1] Epoch 12/50 | Train Acc: 0.6406, Train Loss: 1.0180 | Test Loss: 0.8423, Test Acc: 0.7050
2025-10-03 14:13:24.610 | INFO     | [Worker-1 / GPU-1] Epoch 13/50 | Train Acc: 0.6497, Train Loss: 0.9878 | Test Loss: 0.7627, Test Acc: 0.7334
2025-10-03 14:13:24.610 | INFO     | [Worker-1 / GPU-1] Epoch 14/50 | Train Acc: 0.6598, Train Loss: 0.9694 | Test Loss: 0.7616, Test Acc: 0.7347
2025-10-03 14:13:24.610 | INFO     | [Worker-1 / GPU-1] Epoch 15/50 | Train Acc: 0.6716, Train Loss: 0.9319 | Test Loss: 0.7929, Test Acc: 0.7240
2025-10-03 14:13:24.610 | INFO     | [Worker-1 / GPU-1] Epoch 16/50 | Train Acc: 0.6783, Train Loss: 0.9226 | Test Loss: 0.7251, Test Acc: 0.7505
2025-10-03 14:13:24.611 | INFO     | [Worker-1 / GPU-1] Epoch 17/50 | Train Acc: 0.6866, Train Loss: 0.8984 | Test Loss: 0.7851, Test Acc: 0.7276
2025-10-03 14:13:24.611 | INFO     | [Worker-1 / GPU-1] Epoch 18/50 | Train Acc: 0.6926, Train Loss: 0.8800 | Test Loss: 0.7070, Test Acc: 0.7574
2025-10-03 14:13:24.611 | INFO     | [Worker-1 / GPU-1] Epoch 19/50 | Train Acc: 0.6974, Train Loss: 0.8714 | Test Loss: 0.7009, Test Acc: 0.7620
2025-10-03 14:13:24.611 | INFO     | [Worker-1 / GPU-1] Epoch 20/50 | Train Acc: 0.7064, Train Loss: 0.8436 | Test Loss: 0.7087, Test Acc: 0.7580
2025-10-03 14:13:24.611 | INFO     | [Worker-1 / GPU-1] Epoch 21/50 | Train Acc: 0.7047, Train Loss: 0.8483 | Test Loss: 0.7554, Test Acc: 0.7429
2025-10-03 14:13:24.612 | INFO     | [Worker-1 / GPU-1] Epoch 22/50 | Train Acc: 0.7119, Train Loss: 0.8247 | Test Loss: 0.6910, Test Acc: 0.7658
2025-10-03 14:13:24.612 | INFO     | [Worker-1 / GPU-1] Epoch 23/50 | Train Acc: 0.7133, Train Loss: 0.8201 | Test Loss: 0.6781, Test Acc: 0.7687
2025-10-03 14:13:24.612 | INFO     | [Worker-1 / GPU-1] Epoch 24/50 | Train Acc: 0.7218, Train Loss: 0.8056 | Test Loss: 0.6738, Test Acc: 0.7730
2025-10-03 14:13:24.612 | INFO     | [Worker-1 / GPU-1] Epoch 25/50 | Train Acc: 0.7266, Train Loss: 0.7938 | Test Loss: 0.6968, Test Acc: 0.7691
2025-10-03 14:13:24.612 | INFO     | [Worker-1 / GPU-1] Epoch 26/50 | Train Acc: 0.7322, Train Loss: 0.7744 | Test Loss: 0.6660, Test Acc: 0.7809
2025-10-03 14:13:24.613 | INFO     | [Worker-1 / GPU-1] Epoch 27/50 | Train Acc: 0.7397, Train Loss: 0.7578 | Test Loss: 0.6515, Test Acc: 0.7830
2025-10-03 14:13:24.613 | INFO     | [Worker-1 / GPU-1] Epoch 28/50 | Train Acc: 0.7414, Train Loss: 0.7483 | Test Loss: 0.7066, Test Acc: 0.7658
2025-10-03 14:13:24.613 | INFO     | [Worker-1 / GPU-1] Epoch 29/50 | Train Acc: 0.7514, Train Loss: 0.7326 | Test Loss: 0.6357, Test Acc: 0.7836
2025-10-03 14:13:24.613 | INFO     | [Worker-1 / GPU-1] Epoch 30/50 | Train Acc: 0.7546, Train Loss: 0.7188 | Test Loss: 0.6600, Test Acc: 0.7801
2025-10-03 14:13:24.613 | INFO     | [Worker-1 / GPU-1] Epoch 31/50 | Train Acc: 0.7545, Train Loss: 0.7208 | Test Loss: 0.6374, Test Acc: 0.7894
2025-10-03 14:13:24.614 | INFO     | [Worker-1 / GPU-1] Epoch 32/50 | Train Acc: 0.7626, Train Loss: 0.6963 | Test Loss: 0.6230, Test Acc: 0.7923
2025-10-03 14:13:24.614 | INFO     | [Worker-1 / GPU-1] Epoch 33/50 | Train Acc: 0.7642, Train Loss: 0.7025 | Test Loss: 0.6473, Test Acc: 0.7827
2025-10-03 14:13:24.614 | INFO     | [Worker-1 / GPU-1] Epoch 34/50 | Train Acc: 0.7670, Train Loss: 0.6846 | Test Loss: 0.6230, Test Acc: 0.7894
2025-10-03 14:13:24.614 | INFO     | [Worker-1 / GPU-1] Epoch 35/50 | Train Acc: 0.7705, Train Loss: 0.6728 | Test Loss: 0.6202, Test Acc: 0.7954
2025-10-03 14:13:24.615 | INFO     | [Worker-1 / GPU-1] Epoch 36/50 | Train Acc: 0.7742, Train Loss: 0.6657 | Test Loss: 0.6490, Test Acc: 0.7916
2025-10-03 14:13:24.615 | INFO     | [Worker-1 / GPU-1] Epoch 37/50 | Train Acc: 0.7762, Train Loss: 0.6563 | Test Loss: 0.6063, Test Acc: 0.7989
2025-10-03 14:13:24.615 | INFO     | [Worker-1 / GPU-1] Epoch 38/50 | Train Acc: 0.7783, Train Loss: 0.6530 | Test Loss: 0.6072, Test Acc: 0.7957
2025-10-03 14:13:24.615 | INFO     | [Worker-1 / GPU-1] Epoch 39/50 | Train Acc: 0.7827, Train Loss: 0.6424 | Test Loss: 0.6167, Test Acc: 0.7976
2025-10-03 14:13:24.615 | INFO     | [Worker-1 / GPU-1] Epoch 40/50 | Train Acc: 0.7841, Train Loss: 0.6419 | Test Loss: 0.6190, Test Acc: 0.7962
2025-10-03 14:13:24.616 | INFO     | [Worker-1 / GPU-1] Epoch 41/50 | Train Acc: 0.7882, Train Loss: 0.6243 | Test Loss: 0.6091, Test Acc: 0.7988
2025-10-03 14:13:24.616 | INFO     | [Worker-1 / GPU-1] Epoch 42/50 | Train Acc: 0.7922, Train Loss: 0.6207 | Test Loss: 0.6177, Test Acc: 0.7986
2025-10-03 14:13:24.616 | INFO     | [Worker-1 / GPU-1] Epoch 42/50 | Train Acc: 0.7922, Train Loss: 0.6207 | Test Loss: 0.6177, Test Acc: 0.7986 / Early stopping triggered
2025-10-03 14:13:24.616 | INFO     | [Worker-1 / GPU-1] Individual 0 -> Accuracy: 0.7986, Loss: 0.6177 | Duration: 158.66s
2025-10-03 14:13:24.616 | INFO     | [Worker-1 / GPU-1] GPU memory used: 0.05 GB
2025-10-03 14:13:32.041 | INFO     | [Worker-3 / GPU-3] Evaluating Individual 1/24 (50 epochs)
2025-10-03 14:13:32.041 | INFO     | [Worker-3 / GPU-3] Hyperparameters: {'width_scale': 2.8163816157490142, 'fc1_units': 768, 'dropout_rate': 0.36323724227324916, 'optimizer_schedule': 'ADAMW_ONECYCLE', 'base_lr': 0.004213283602783518, 'aug_intensity': 'STRONG', 'weight_decay': 0.002807979519122296, 'batch_size': 4096}
2025-10-03 14:13:32.041 | INFO     | [Worker-3 / GPU-3] Scaled base_lr to value 0.016853134411134073 for batch_size 4096
2025-10-03 14:13:32.042 | INFO     | [Worker-3 / GPU-3] Epoch 1/50 | Train Acc: 0.3491, Train Loss: 1.8258 | Test Loss: 1.4235, Test Acc: 0.4755
2025-10-03 14:13:32.042 | INFO     | [Worker-3 / GPU-3] Epoch 2/50 | Train Acc: 0.4752, Train Loss: 1.4289 | Test Loss: 1.1342, Test Acc: 0.5885
2025-10-03 14:13:32.042 | INFO     | [Worker-3 / GPU-3] Epoch 3/50 | Train Acc: 0.5506, Train Loss: 1.2538 | Test Loss: 1.1220, Test Acc: 0.5969
2025-10-03 14:13:32.042 | INFO     | [Worker-3 / GPU-3] Epoch 4/50 | Train Acc: 0.5903, Train Loss: 1.1432 | Test Loss: 0.9576, Test Acc: 0.6556
2025-10-03 14:13:32.042 | INFO     | [Worker-3 / GPU-3] Epoch 5/50 | Train Acc: 0.6150, Train Loss: 1.0843 | Test Loss: 0.9241, Test Acc: 0.6696
2025-10-03 14:13:32.042 | INFO     | [Worker-3 / GPU-3] Epoch 6/50 | Train Acc: 0.6418, Train Loss: 1.0178 | Test Loss: 0.9531, Test Acc: 0.6761
2025-10-03 14:13:32.043 | INFO     | [Worker-3 / GPU-3] Epoch 7/50 | Train Acc: 0.6588, Train Loss: 0.9690 | Test Loss: 0.8458, Test Acc: 0.7017
2025-10-03 14:13:32.043 | INFO     | [Worker-3 / GPU-3] Epoch 8/50 | Train Acc: 0.6786, Train Loss: 0.9218 | Test Loss: 0.7894, Test Acc: 0.7229
2025-10-03 14:13:32.043 | INFO     | [Worker-3 / GPU-3] Epoch 9/50 | Train Acc: 0.6891, Train Loss: 0.8998 | Test Loss: 0.7156, Test Acc: 0.7479
2025-10-03 14:13:32.043 | INFO     | [Worker-3 / GPU-3] Epoch 10/50 | Train Acc: 0.6931, Train Loss: 0.8733 | Test Loss: 0.7256, Test Acc: 0.7428
2025-10-03 14:13:32.043 | INFO     | [Worker-3 / GPU-3] Epoch 11/50 | Train Acc: 0.7111, Train Loss: 0.8312 | Test Loss: 0.6996, Test Acc: 0.7563
2025-10-03 14:13:32.043 | INFO     | [Worker-3 / GPU-3] Epoch 12/50 | Train Acc: 0.7180, Train Loss: 0.8088 | Test Loss: 0.7966, Test Acc: 0.7306
2025-10-03 14:13:32.044 | INFO     | [Worker-3 / GPU-3] Epoch 13/50 | Train Acc: 0.7228, Train Loss: 0.7830 | Test Loss: 0.7837, Test Acc: 0.7320
2025-10-03 14:13:32.044 | INFO     | [Worker-3 / GPU-3] Epoch 14/50 | Train Acc: 0.7416, Train Loss: 0.7500 | Test Loss: 0.6605, Test Acc: 0.7706
2025-10-03 14:13:32.044 | INFO     | [Worker-3 / GPU-3] Epoch 15/50 | Train Acc: 0.7452, Train Loss: 0.7375 | Test Loss: 0.6588, Test Acc: 0.7701
2025-10-03 14:13:32.044 | INFO     | [Worker-3 / GPU-3] Epoch 16/50 | Train Acc: 0.7494, Train Loss: 0.7210 | Test Loss: 0.7080, Test Acc: 0.7568
2025-10-03 14:13:32.044 | INFO     | [Worker-3 / GPU-3] Epoch 17/50 | Train Acc: 0.7620, Train Loss: 0.6930 | Test Loss: 0.6271, Test Acc: 0.7821
2025-10-03 14:13:32.044 | INFO     | [Worker-3 / GPU-3] Epoch 18/50 | Train Acc: 0.7670, Train Loss: 0.6743 | Test Loss: 0.5702, Test Acc: 0.8008
2025-10-03 14:13:32.045 | INFO     | [Worker-3 / GPU-3] Epoch 19/50 | Train Acc: 0.7694, Train Loss: 0.6624 | Test Loss: 0.5864, Test Acc: 0.7923
2025-10-03 14:13:32.045 | INFO     | [Worker-3 / GPU-3] Epoch 20/50 | Train Acc: 0.7748, Train Loss: 0.6500 | Test Loss: 0.5683, Test Acc: 0.8018
2025-10-03 14:13:32.045 | INFO     | [Worker-3 / GPU-3] Epoch 21/50 | Train Acc: 0.7816, Train Loss: 0.6307 | Test Loss: 0.6084, Test Acc: 0.7932
2025-10-03 14:13:32.045 | INFO     | [Worker-3 / GPU-3] Epoch 22/50 | Train Acc: 0.7924, Train Loss: 0.6012 | Test Loss: 0.5588, Test Acc: 0.8094
2025-10-03 14:13:32.045 | INFO     | [Worker-3 / GPU-3] Epoch 23/50 | Train Acc: 0.7925, Train Loss: 0.5953 | Test Loss: 0.5241, Test Acc: 0.8194
2025-10-03 14:13:32.045 | INFO     | [Worker-3 / GPU-3] Epoch 24/50 | Train Acc: 0.8009, Train Loss: 0.5734 | Test Loss: 0.5421, Test Acc: 0.8122
2025-10-03 14:13:32.046 | INFO     | [Worker-3 / GPU-3] Epoch 25/50 | Train Acc: 0.8034, Train Loss: 0.5735 | Test Loss: 0.5444, Test Acc: 0.8136
2025-10-03 14:13:32.046 | INFO     | [Worker-3 / GPU-3] Epoch 26/50 | Train Acc: 0.8118, Train Loss: 0.5450 | Test Loss: 0.5371, Test Acc: 0.8176
2025-10-03 14:13:32.046 | INFO     | [Worker-3 / GPU-3] Epoch 27/50 | Train Acc: 0.8150, Train Loss: 0.5407 | Test Loss: 0.5232, Test Acc: 0.8210
2025-10-03 14:13:32.046 | INFO     | [Worker-3 / GPU-3] Epoch 28/50 | Train Acc: 0.8156, Train Loss: 0.5251 | Test Loss: 0.5603, Test Acc: 0.8152
2025-10-03 14:13:32.046 | INFO     | [Worker-3 / GPU-3] Epoch 29/50 | Train Acc: 0.8218, Train Loss: 0.5126 | Test Loss: 0.5067, Test Acc: 0.8290
2025-10-03 14:13:32.046 | INFO     | [Worker-3 / GPU-3] Epoch 30/50 | Train Acc: 0.8240, Train Loss: 0.5108 | Test Loss: 0.5689, Test Acc: 0.8117
2025-10-03 14:13:32.046 | INFO     | [Worker-3 / GPU-3] Epoch 31/50 | Train Acc: 0.8302, Train Loss: 0.4908 | Test Loss: 0.5064, Test Acc: 0.8286
2025-10-03 14:13:32.047 | INFO     | [Worker-3 / GPU-3] Epoch 32/50 | Train Acc: 0.8352, Train Loss: 0.4803 | Test Loss: 0.5317, Test Acc: 0.8199
2025-10-03 14:13:32.047 | INFO     | [Worker-3 / GPU-3] Epoch 33/50 | Train Acc: 0.8411, Train Loss: 0.4610 | Test Loss: 0.5092, Test Acc: 0.8317
2025-10-03 14:13:32.047 | INFO     | [Worker-3 / GPU-3] Epoch 34/50 | Train Acc: 0.8404, Train Loss: 0.4623 | Test Loss: 0.4855, Test Acc: 0.8370
2025-10-03 14:13:32.047 | INFO     | [Worker-3 / GPU-3] Epoch 35/50 | Train Acc: 0.8464, Train Loss: 0.4475 | Test Loss: 0.5128, Test Acc: 0.8262
2025-10-03 14:13:32.047 | INFO     | [Worker-3 / GPU-3] Epoch 36/50 | Train Acc: 0.8468, Train Loss: 0.4428 | Test Loss: 0.5034, Test Acc: 0.8294
2025-10-03 14:13:32.047 | INFO     | [Worker-3 / GPU-3] Epoch 37/50 | Train Acc: 0.8543, Train Loss: 0.4265 | Test Loss: 0.4898, Test Acc: 0.8400
2025-10-03 14:13:32.048 | INFO     | [Worker-3 / GPU-3] Epoch 38/50 | Train Acc: 0.8562, Train Loss: 0.4173 | Test Loss: 0.4612, Test Acc: 0.8432
2025-10-03 14:13:32.048 | INFO     | [Worker-3 / GPU-3] Epoch 39/50 | Train Acc: 0.8605, Train Loss: 0.4077 | Test Loss: 0.4919, Test Acc: 0.8382
2025-10-03 14:13:32.048 | INFO     | [Worker-3 / GPU-3] Epoch 40/50 | Train Acc: 0.8622, Train Loss: 0.3961 | Test Loss: 0.5104, Test Acc: 0.8362
2025-10-03 14:13:32.048 | INFO     | [Worker-3 / GPU-3] Epoch 41/50 | Train Acc: 0.8650, Train Loss: 0.3886 | Test Loss: 0.5568, Test Acc: 0.8206
2025-10-03 14:13:32.048 | INFO     | [Worker-3 / GPU-3] Epoch 42/50 | Train Acc: 0.8689, Train Loss: 0.3839 | Test Loss: 0.5311, Test Acc: 0.8267
2025-10-03 14:13:32.048 | INFO     | [Worker-3 / GPU-3] Epoch 43/50 | Train Acc: 0.8676, Train Loss: 0.3805 | Test Loss: 0.5090, Test Acc: 0.8381
2025-10-03 14:13:32.049 | INFO     | [Worker-3 / GPU-3] Epoch 43/50 | Train Acc: 0.8676, Train Loss: 0.3805 | Test Loss: 0.5090, Test Acc: 0.8381 / Early stopping triggered
2025-10-03 14:13:32.049 | INFO     | [Worker-3 / GPU-3] Individual 1 -> Accuracy: 0.8381, Loss: 0.5090 | Duration: 165.77s
2025-10-03 14:13:32.049 | INFO     | [Worker-3 / GPU-3] GPU memory used: 0.17 GB
2025-10-03 14:14:17.852 | INFO     | [Worker-0 / GPU-0] Evaluating Individual 4/24 (50 epochs)
2025-10-03 14:14:17.853 | INFO     | [Worker-0 / GPU-0] Hyperparameters: {'width_scale': 1.6741329794978097, 'fc1_units': 256, 'dropout_rate': 0.47642076567221125, 'optimizer_schedule': 'SGD_ONECYCLE', 'base_lr': 0.030425411538223417, 'aug_intensity': 'MEDIUM', 'weight_decay': 0.0023064139531211022, 'batch_size': 4096}
2025-10-03 14:14:17.853 | INFO     | [Worker-0 / GPU-0] Scaled base_lr to value 0.48680658461157467 for batch_size 4096
2025-10-03 14:14:17.853 | INFO     | [Worker-0 / GPU-0] Epoch 1/50 | Train Acc: 0.1890, Train Loss: 2.1448 | Test Loss: 1.9804, Test Acc: 0.2335
2025-10-03 14:14:17.853 | INFO     | [Worker-0 / GPU-0] Epoch 2/50 | Train Acc: 0.2368, Train Loss: 1.9766 | Test Loss: 1.7849, Test Acc: 0.2864
2025-10-03 14:14:17.854 | INFO     | [Worker-0 / GPU-0] Epoch 3/50 | Train Acc: 0.3150, Train Loss: 1.7790 | Test Loss: 1.6431, Test Acc: 0.3933
2025-10-03 14:14:17.854 | INFO     | [Worker-0 / GPU-0] Epoch 4/50 | Train Acc: 0.3964, Train Loss: 1.6223 | Test Loss: 1.3767, Test Acc: 0.4765
2025-10-03 14:14:17.854 | INFO     | [Worker-0 / GPU-0] Epoch 5/50 | Train Acc: 0.4428, Train Loss: 1.5114 | Test Loss: 1.2664, Test Acc: 0.5464
2025-10-03 14:14:17.854 | INFO     | [Worker-0 / GPU-0] Epoch 6/50 | Train Acc: 0.4749, Train Loss: 1.4559 | Test Loss: 1.2240, Test Acc: 0.5620
2025-10-03 14:14:17.854 | INFO     | [Worker-0 / GPU-0] Epoch 7/50 | Train Acc: 0.4895, Train Loss: 1.4198 | Test Loss: 1.4847, Test Acc: 0.5040
2025-10-03 14:14:17.854 | INFO     | [Worker-0 / GPU-0] Epoch 8/50 | Train Acc: 0.5100, Train Loss: 1.3687 | Test Loss: 1.1943, Test Acc: 0.5745
2025-10-03 14:14:17.855 | INFO     | [Worker-0 / GPU-0] Epoch 9/50 | Train Acc: 0.5098, Train Loss: 1.3538 | Test Loss: 1.2036, Test Acc: 0.5682
2025-10-03 14:14:17.855 | INFO     | [Worker-0 / GPU-0] Epoch 10/50 | Train Acc: 0.5302, Train Loss: 1.3186 | Test Loss: 1.2810, Test Acc: 0.5411
2025-10-03 14:14:17.855 | INFO     | [Worker-0 / GPU-0] Epoch 11/50 | Train Acc: 0.5306, Train Loss: 1.3162 | Test Loss: 1.0447, Test Acc: 0.6250
2025-10-03 14:14:17.855 | INFO     | [Worker-0 / GPU-0] Epoch 12/50 | Train Acc: 0.5452, Train Loss: 1.2828 | Test Loss: 1.0033, Test Acc: 0.6475
2025-10-03 14:14:17.855 | INFO     | [Worker-0 / GPU-0] Epoch 13/50 | Train Acc: 0.5480, Train Loss: 1.2777 | Test Loss: 1.1398, Test Acc: 0.6002
2025-10-03 14:14:17.855 | INFO     | [Worker-0 / GPU-0] Epoch 14/50 | Train Acc: 0.5483, Train Loss: 1.2846 | Test Loss: 1.1235, Test Acc: 0.5943
2025-10-03 14:14:17.856 | INFO     | [Worker-0 / GPU-0] Epoch 15/50 | Train Acc: 0.5599, Train Loss: 1.2471 | Test Loss: 1.0726, Test Acc: 0.6293
2025-10-03 14:14:17.856 | INFO     | [Worker-0 / GPU-0] Epoch 16/50 | Train Acc: 0.5627, Train Loss: 1.2449 | Test Loss: 1.0367, Test Acc: 0.6286
2025-10-03 14:14:17.856 | INFO     | [Worker-0 / GPU-0] Epoch 17/50 | Train Acc: 0.5644, Train Loss: 1.2432 | Test Loss: 1.1198, Test Acc: 0.5927
2025-10-03 14:14:17.856 | INFO     | [Worker-0 / GPU-0] Epoch 17/50 | Train Acc: 0.5644, Train Loss: 1.2432 | Test Loss: 1.1198, Test Acc: 0.5927 / Early stopping triggered
2025-10-03 14:14:17.856 | INFO     | [Worker-0 / GPU-0] Individual 4 -> Accuracy: 0.5927, Loss: 1.1198 | Duration: 112.06s
2025-10-03 14:14:17.856 | INFO     | [Worker-0 / GPU-0] GPU memory used: 0.07 GB
2025-10-03 14:14:52.543 | INFO     | [Worker-1 / GPU-1] Evaluating Individual 6/24 (50 epochs)
2025-10-03 14:14:52.543 | INFO     | [Worker-1 / GPU-1] Hyperparameters: {'width_scale': 1.8602576170356475, 'fc1_units': 768, 'dropout_rate': 0.36889159475564487, 'optimizer_schedule': 'ADAMW_COSINE', 'base_lr': 0.030864255546050563, 'aug_intensity': 'STRONG', 'weight_decay': 2.1364518097083265e-05, 'batch_size': 2048}
2025-10-03 14:14:52.544 | INFO     | [Worker-1 / GPU-1] Scaled base_lr to value 0.08729729757154744 for batch_size 2048
2025-10-03 14:14:52.544 | INFO     | [Worker-1 / GPU-1] Epoch 1/50 | Train Acc: 0.0998, Train Loss: 76.5240 | Test Loss: 2.3177, Test Acc: 0.1000
2025-10-03 14:14:52.544 | INFO     | [Worker-1 / GPU-1] Epoch 2/50 | Train Acc: 0.0992, Train Loss: 2.3091 | Test Loss: 2.3098, Test Acc: 0.1000
2025-10-03 14:14:52.544 | INFO     | [Worker-1 / GPU-1] Epoch 3/50 | Train Acc: 0.1006, Train Loss: 2.3099 | Test Loss: 2.3050, Test Acc: 0.1000
2025-10-03 14:14:52.545 | INFO     | [Worker-1 / GPU-1] Epoch 4/50 | Train Acc: 0.1026, Train Loss: 2.3124 | Test Loss: 2.3158, Test Acc: 0.1000
2025-10-03 14:14:52.545 | INFO     | [Worker-1 / GPU-1] Epoch 5/50 | Train Acc: 0.1007, Train Loss: 2.3116 | Test Loss: 2.3100, Test Acc: 0.1000
2025-10-03 14:14:52.545 | INFO     | [Worker-1 / GPU-1] Epoch 6/50 | Train Acc: 0.0968, Train Loss: 2.3112 | Test Loss: 2.3093, Test Acc: 0.1000
2025-10-03 14:14:52.545 | INFO     | [Worker-1 / GPU-1] Epoch 6/50 | Train Acc: 0.0968, Train Loss: 2.3112 | Test Loss: 2.3093, Test Acc: 0.1000 / Early stopping triggered
2025-10-03 14:14:52.545 | INFO     | [Worker-1 / GPU-1] Individual 6 -> Accuracy: 0.1000, Loss: 2.3093 | Duration: 87.92s
2025-10-03 14:14:52.545 | INFO     | [Worker-1 / GPU-1] GPU memory used: 0.11 GB
2025-10-03 14:15:43.941 | INFO     | [Worker-0 / GPU-0] Evaluating Individual 8/24 (50 epochs)
2025-10-03 14:15:43.942 | INFO     | [Worker-0 / GPU-0] Hyperparameters: {'width_scale': 1.007338792426867, 'fc1_units': 256, 'dropout_rate': 0.4800055735905156, 'optimizer_schedule': 'SGD_ONECYCLE', 'base_lr': 0.055276840127642585, 'aug_intensity': 'STRONG', 'weight_decay': 1.96670429331476e-06, 'batch_size': 8192}
2025-10-03 14:15:43.942 | INFO     | [Worker-0 / GPU-0] Scaled base_lr to value 1.7688588840845627 for batch_size 8192
2025-10-03 14:15:43.942 | INFO     | [Worker-0 / GPU-0] Epoch 1/50 | Train Acc: 0.1028, Train Loss: 2.3036 | Test Loss: 2.3079, Test Acc: 0.1000
2025-10-03 14:15:43.942 | INFO     | [Worker-0 / GPU-0] Epoch 2/50 | Train Acc: 0.1016, Train Loss: 2.3079 | Test Loss: 2.3067, Test Acc: 0.1000
2025-10-03 14:15:43.942 | INFO     | [Worker-0 / GPU-0] Epoch 3/50 | Train Acc: 0.1026, Train Loss: 2.3074 | Test Loss: 2.3111, Test Acc: 0.1000
2025-10-03 14:15:43.942 | INFO     | [Worker-0 / GPU-0] Epoch 4/50 | Train Acc: 0.0976, Train Loss: 2.3079 | Test Loss: 2.3060, Test Acc: 0.1000
2025-10-03 14:15:43.943 | INFO     | [Worker-0 / GPU-0] Epoch 5/50 | Train Acc: 0.0969, Train Loss: 2.3074 | Test Loss: 2.3062, Test Acc: 0.1000
2025-10-03 14:15:43.943 | INFO     | [Worker-0 / GPU-0] Epoch 6/50 | Train Acc: 0.0975, Train Loss: 2.3076 | Test Loss: 2.3070, Test Acc: 0.1000
2025-10-03 14:15:43.943 | INFO     | [Worker-0 / GPU-0] Epoch 6/50 | Train Acc: 0.0975, Train Loss: 2.3076 | Test Loss: 2.3070, Test Acc: 0.1000 / Early stopping triggered
2025-10-03 14:15:43.943 | INFO     | [Worker-0 / GPU-0] Individual 8 -> Accuracy: 0.1000, Loss: 2.3070 | Duration: 86.08s
2025-10-03 14:15:43.943 | INFO     | [Worker-0 / GPU-0] GPU memory used: 0.05 GB
2025-10-03 14:16:00.190 | INFO     | [Worker-2 / GPU-2] Evaluating Individual 5/24 (50 epochs)
2025-10-03 14:16:00.191 | INFO     | [Worker-2 / GPU-2] Hyperparameters: {'width_scale': 1.24555923823901, 'fc1_units': 768, 'dropout_rate': 0.48861677340673937, 'optimizer_schedule': 'ADAMW_ONECYCLE', 'base_lr': 0.06632997307764647, 'aug_intensity': 'MEDIUM', 'weight_decay': 4.320158691256427e-05, 'batch_size': 4096}
2025-10-03 14:16:00.191 | INFO     | [Worker-2 / GPU-2] Scaled base_lr to value 0.2653198923105859 for batch_size 4096
2025-10-03 14:16:00.191 | INFO     | [Worker-2 / GPU-2] Epoch 1/50 | Train Acc: 0.1709, Train Loss: 3.2023 | Test Loss: 2.0341, Test Acc: 0.2188
2025-10-03 14:16:00.191 | INFO     | [Worker-2 / GPU-2] Epoch 2/50 | Train Acc: 0.2380, Train Loss: 1.9876 | Test Loss: 1.7864, Test Acc: 0.3342
2025-10-03 14:16:00.192 | INFO     | [Worker-2 / GPU-2] Epoch 3/50 | Train Acc: 0.2843, Train Loss: 1.8676 | Test Loss: 1.6899, Test Acc: 0.3830
2025-10-03 14:16:00.192 | INFO     | [Worker-2 / GPU-2] Epoch 4/50 | Train Acc: 0.3459, Train Loss: 1.7421 | Test Loss: 1.5017, Test Acc: 0.4568
2025-10-03 14:16:00.192 | INFO     | [Worker-2 / GPU-2] Epoch 5/50 | Train Acc: 0.3937, Train Loss: 1.6270 | Test Loss: 1.3705, Test Acc: 0.4918
2025-10-03 14:16:00.192 | INFO     | [Worker-2 / GPU-2] Epoch 6/50 | Train Acc: 0.4387, Train Loss: 1.5375 | Test Loss: 1.3167, Test Acc: 0.5155
2025-10-03 14:16:00.192 | INFO     | [Worker-2 / GPU-2] Epoch 7/50 | Train Acc: 0.4696, Train Loss: 1.4672 | Test Loss: 1.2707, Test Acc: 0.5334
2025-10-03 14:16:00.192 | INFO     | [Worker-2 / GPU-2] Epoch 8/50 | Train Acc: 0.4840, Train Loss: 1.4161 | Test Loss: 1.1971, Test Acc: 0.5687
2025-10-03 14:16:00.193 | INFO     | [Worker-2 / GPU-2] Epoch 9/50 | Train Acc: 0.5099, Train Loss: 1.3488 | Test Loss: 1.2718, Test Acc: 0.5439
2025-10-03 14:16:00.193 | INFO     | [Worker-2 / GPU-2] Epoch 10/50 | Train Acc: 0.5202, Train Loss: 1.3337 | Test Loss: 1.0859, Test Acc: 0.6093
2025-10-03 14:16:00.193 | INFO     | [Worker-2 / GPU-2] Epoch 11/50 | Train Acc: 0.5328, Train Loss: 1.3063 | Test Loss: 1.1108, Test Acc: 0.5975
2025-10-03 14:16:00.193 | INFO     | [Worker-2 / GPU-2] Epoch 12/50 | Train Acc: 0.5459, Train Loss: 1.2686 | Test Loss: 1.0829, Test Acc: 0.6149
2025-10-03 14:16:00.193 | INFO     | [Worker-2 / GPU-2] Epoch 13/50 | Train Acc: 0.5663, Train Loss: 1.2269 | Test Loss: 1.1029, Test Acc: 0.6126
2025-10-03 14:16:00.194 | INFO     | [Worker-2 / GPU-2] Epoch 14/50 | Train Acc: 0.5669, Train Loss: 1.2255 | Test Loss: 1.0230, Test Acc: 0.6392
2025-10-03 14:16:00.194 | INFO     | [Worker-2 / GPU-2] Epoch 15/50 | Train Acc: 0.5693, Train Loss: 1.2026 | Test Loss: 1.0631, Test Acc: 0.6184
2025-10-03 14:16:00.194 | INFO     | [Worker-2 / GPU-2] Epoch 16/50 | Train Acc: 0.5774, Train Loss: 1.1807 | Test Loss: 1.0854, Test Acc: 0.6197
2025-10-03 14:16:00.194 | INFO     | [Worker-2 / GPU-2] Epoch 17/50 | Train Acc: 0.5883, Train Loss: 1.1609 | Test Loss: 0.9600, Test Acc: 0.6582
2025-10-03 14:16:00.194 | INFO     | [Worker-2 / GPU-2] Epoch 18/50 | Train Acc: 0.5906, Train Loss: 1.1498 | Test Loss: 1.0354, Test Acc: 0.6297
2025-10-03 14:16:00.195 | INFO     | [Worker-2 / GPU-2] Epoch 19/50 | Train Acc: 0.5925, Train Loss: 1.1497 | Test Loss: 1.0613, Test Acc: 0.6255
2025-10-03 14:16:00.195 | INFO     | [Worker-2 / GPU-2] Epoch 20/50 | Train Acc: 0.5972, Train Loss: 1.1368 | Test Loss: 0.9842, Test Acc: 0.6478
2025-10-03 14:16:00.195 | INFO     | [Worker-2 / GPU-2] Epoch 21/50 | Train Acc: 0.6130, Train Loss: 1.1009 | Test Loss: 0.9815, Test Acc: 0.6524
2025-10-03 14:16:00.195 | INFO     | [Worker-2 / GPU-2] Epoch 22/50 | Train Acc: 0.6101, Train Loss: 1.1166 | Test Loss: 0.9164, Test Acc: 0.6752
2025-10-03 14:16:00.195 | INFO     | [Worker-2 / GPU-2] Epoch 23/50 | Train Acc: 0.6161, Train Loss: 1.0925 | Test Loss: 0.8908, Test Acc: 0.6824
2025-10-03 14:16:00.195 | INFO     | [Worker-2 / GPU-2] Epoch 24/50 | Train Acc: 0.6243, Train Loss: 1.0789 | Test Loss: 0.9117, Test Acc: 0.6799
2025-10-03 14:16:00.195 | INFO     | [Worker-2 / GPU-2] Epoch 25/50 | Train Acc: 0.6218, Train Loss: 1.0679 | Test Loss: 0.9352, Test Acc: 0.6693
2025-10-03 14:16:00.196 | INFO     | [Worker-2 / GPU-2] Epoch 26/50 | Train Acc: 0.6296, Train Loss: 1.0611 | Test Loss: 0.9286, Test Acc: 0.6697
2025-10-03 14:16:00.196 | INFO     | [Worker-2 / GPU-2] Epoch 27/50 | Train Acc: 0.6368, Train Loss: 1.0423 | Test Loss: 0.9244, Test Acc: 0.6762
2025-10-03 14:16:00.196 | INFO     | [Worker-2 / GPU-2] Epoch 28/50 | Train Acc: 0.6366, Train Loss: 1.0403 | Test Loss: 0.9455, Test Acc: 0.6673
2025-10-03 14:16:00.196 | INFO     | [Worker-2 / GPU-2] Epoch 28/50 | Train Acc: 0.6366, Train Loss: 1.0403 | Test Loss: 0.9455, Test Acc: 0.6673 / Early stopping triggered
2025-10-03 14:16:00.196 | INFO     | [Worker-2 / GPU-2] Individual 5 -> Accuracy: 0.6673, Loss: 0.9455 | Duration: 161.06s
2025-10-03 14:16:00.196 | INFO     | [Worker-2 / GPU-2] GPU memory used: 0.08 GB
2025-10-03 14:16:00.732 | INFO     | [Worker-3 / GPU-3] Evaluating Individual 7/24 (50 epochs)
2025-10-03 14:16:00.732 | INFO     | [Worker-3 / GPU-3] Hyperparameters: {'width_scale': 2.6332475245772455, 'fc1_units': 256, 'dropout_rate': 0.298595310300229, 'optimizer_schedule': 'ADAMW_ONECYCLE', 'base_lr': 0.001719773436468296, 'aug_intensity': 'MEDIUM', 'weight_decay': 0.0006128197187777895, 'batch_size': 8192}
2025-10-03 14:16:00.733 | INFO     | [Worker-3 / GPU-3] Scaled base_lr to value 0.009728507672249795 for batch_size 8192
2025-10-03 14:16:00.733 | INFO     | [Worker-3 / GPU-3] Epoch 1/50 | Train Acc: 0.4005, Train Loss: 1.6362 | Test Loss: 1.3365, Test Acc: 0.5144
2025-10-03 14:16:00.733 | INFO     | [Worker-3 / GPU-3] Epoch 2/50 | Train Acc: 0.5417, Train Loss: 1.2666 | Test Loss: 1.0602, Test Acc: 0.6203
2025-10-03 14:16:00.733 | INFO     | [Worker-3 / GPU-3] Epoch 3/50 | Train Acc: 0.5957, Train Loss: 1.1333 | Test Loss: 0.9481, Test Acc: 0.6558
2025-10-03 14:16:00.733 | INFO     | [Worker-3 / GPU-3] Epoch 4/50 | Train Acc: 0.6258, Train Loss: 1.0532 | Test Loss: 0.9329, Test Acc: 0.6728
2025-10-03 14:16:00.734 | INFO     | [Worker-3 / GPU-3] Epoch 5/50 | Train Acc: 0.6474, Train Loss: 0.9920 | Test Loss: 0.8370, Test Acc: 0.7004
2025-10-03 14:16:00.734 | INFO     | [Worker-3 / GPU-3] Epoch 6/50 | Train Acc: 0.6672, Train Loss: 0.9368 | Test Loss: 0.8989, Test Acc: 0.6846
2025-10-03 14:16:00.734 | INFO     | [Worker-3 / GPU-3] Epoch 7/50 | Train Acc: 0.6784, Train Loss: 0.9071 | Test Loss: 0.7970, Test Acc: 0.7192
2025-10-03 14:16:00.734 | INFO     | [Worker-3 / GPU-3] Epoch 8/50 | Train Acc: 0.6954, Train Loss: 0.8627 | Test Loss: 0.7700, Test Acc: 0.7227
2025-10-03 14:16:00.734 | INFO     | [Worker-3 / GPU-3] Epoch 9/50 | Train Acc: 0.6989, Train Loss: 0.8474 | Test Loss: 0.7663, Test Acc: 0.7284
2025-10-03 14:16:00.734 | INFO     | [Worker-3 / GPU-3] Epoch 10/50 | Train Acc: 0.7158, Train Loss: 0.8069 | Test Loss: 0.7665, Test Acc: 0.7285
2025-10-03 14:16:00.735 | INFO     | [Worker-3 / GPU-3] Epoch 11/50 | Train Acc: 0.7212, Train Loss: 0.7946 | Test Loss: 0.7042, Test Acc: 0.7504
2025-10-03 14:16:00.735 | INFO     | [Worker-3 / GPU-3] Epoch 12/50 | Train Acc: 0.7325, Train Loss: 0.7630 | Test Loss: 0.6756, Test Acc: 0.7615
2025-10-03 14:16:00.735 | INFO     | [Worker-3 / GPU-3] Epoch 13/50 | Train Acc: 0.7365, Train Loss: 0.7468 | Test Loss: 0.6733, Test Acc: 0.7696
2025-10-03 14:16:00.735 | INFO     | [Worker-3 / GPU-3] Epoch 14/50 | Train Acc: 0.7473, Train Loss: 0.7262 | Test Loss: 0.6369, Test Acc: 0.7738
2025-10-03 14:16:00.735 | INFO     | [Worker-3 / GPU-3] Epoch 15/50 | Train Acc: 0.7515, Train Loss: 0.7051 | Test Loss: 0.6124, Test Acc: 0.7857
2025-10-03 14:16:00.735 | INFO     | [Worker-3 / GPU-3] Epoch 16/50 | Train Acc: 0.7574, Train Loss: 0.6916 | Test Loss: 0.6454, Test Acc: 0.7772
2025-10-03 14:16:00.736 | INFO     | [Worker-3 / GPU-3] Epoch 17/50 | Train Acc: 0.7582, Train Loss: 0.6857 | Test Loss: 0.6313, Test Acc: 0.7823
2025-10-03 14:16:00.736 | INFO     | [Worker-3 / GPU-3] Epoch 18/50 | Train Acc: 0.7696, Train Loss: 0.6598 | Test Loss: 0.6405, Test Acc: 0.7786
2025-10-03 14:16:00.736 | INFO     | [Worker-3 / GPU-3] Epoch 19/50 | Train Acc: 0.7720, Train Loss: 0.6477 | Test Loss: 0.6299, Test Acc: 0.7787
2025-10-03 14:16:00.736 | INFO     | [Worker-3 / GPU-3] Epoch 20/50 | Train Acc: 0.7766, Train Loss: 0.6338 | Test Loss: 0.5875, Test Acc: 0.7968
2025-10-03 14:16:00.736 | INFO     | [Worker-3 / GPU-3] Epoch 21/50 | Train Acc: 0.7853, Train Loss: 0.6111 | Test Loss: 0.5966, Test Acc: 0.7926
2025-10-03 14:16:00.736 | INFO     | [Worker-3 / GPU-3] Epoch 22/50 | Train Acc: 0.7869, Train Loss: 0.6012 | Test Loss: 0.5727, Test Acc: 0.8036
2025-10-03 14:16:00.737 | INFO     | [Worker-3 / GPU-3] Epoch 23/50 | Train Acc: 0.7948, Train Loss: 0.5878 | Test Loss: 0.5800, Test Acc: 0.8007
2025-10-03 14:16:00.737 | INFO     | [Worker-3 / GPU-3] Epoch 24/50 | Train Acc: 0.7989, Train Loss: 0.5716 | Test Loss: 0.5624, Test Acc: 0.8060
2025-10-03 14:16:00.737 | INFO     | [Worker-3 / GPU-3] Epoch 25/50 | Train Acc: 0.8015, Train Loss: 0.5702 | Test Loss: 0.5899, Test Acc: 0.7960
2025-10-03 14:16:00.737 | INFO     | [Worker-3 / GPU-3] Epoch 26/50 | Train Acc: 0.8054, Train Loss: 0.5538 | Test Loss: 0.5424, Test Acc: 0.8121
2025-10-03 14:16:00.737 | INFO     | [Worker-3 / GPU-3] Epoch 27/50 | Train Acc: 0.8065, Train Loss: 0.5491 | Test Loss: 0.5721, Test Acc: 0.8001
2025-10-03 14:16:00.737 | INFO     | [Worker-3 / GPU-3] Epoch 28/50 | Train Acc: 0.8118, Train Loss: 0.5390 | Test Loss: 0.5739, Test Acc: 0.8040
2025-10-03 14:16:00.738 | INFO     | [Worker-3 / GPU-3] Epoch 29/50 | Train Acc: 0.8119, Train Loss: 0.5305 | Test Loss: 0.5557, Test Acc: 0.8130
2025-10-03 14:16:00.738 | INFO     | [Worker-3 / GPU-3] Epoch 30/50 | Train Acc: 0.8165, Train Loss: 0.5208 | Test Loss: 0.5097, Test Acc: 0.8255
2025-10-03 14:16:00.738 | INFO     | [Worker-3 / GPU-3] Epoch 31/50 | Train Acc: 0.8250, Train Loss: 0.5050 | Test Loss: 0.5267, Test Acc: 0.8185
2025-10-03 14:16:00.738 | INFO     | [Worker-3 / GPU-3] Epoch 32/50 | Train Acc: 0.8281, Train Loss: 0.4903 | Test Loss: 0.5067, Test Acc: 0.8253
2025-10-03 14:16:00.738 | INFO     | [Worker-3 / GPU-3] Epoch 33/50 | Train Acc: 0.8306, Train Loss: 0.4836 | Test Loss: 0.5163, Test Acc: 0.8235
2025-10-03 14:16:00.738 | INFO     | [Worker-3 / GPU-3] Epoch 34/50 | Train Acc: 0.8333, Train Loss: 0.4813 | Test Loss: 0.5457, Test Acc: 0.8190
2025-10-03 14:16:00.739 | INFO     | [Worker-3 / GPU-3] Epoch 35/50 | Train Acc: 0.8358, Train Loss: 0.4642 | Test Loss: 0.5321, Test Acc: 0.8234
2025-10-03 14:16:00.739 | INFO     | [Worker-3 / GPU-3] Epoch 35/50 | Train Acc: 0.8358, Train Loss: 0.4642 | Test Loss: 0.5321, Test Acc: 0.8234 / Early stopping triggered
2025-10-03 14:16:00.739 | INFO     | [Worker-3 / GPU-3] Individual 7 -> Accuracy: 0.8234, Loss: 0.5321 | Duration: 148.68s
2025-10-03 14:16:00.739 | INFO     | [Worker-3 / GPU-3] GPU memory used: 0.11 GB
2025-10-03 14:17:26.301 | INFO     | [Worker-1 / GPU-1] Evaluating Individual 9/24 (50 epochs)
2025-10-03 14:17:26.302 | INFO     | [Worker-1 / GPU-1] Hyperparameters: {'width_scale': 2.3832007937937703, 'fc1_units': 512, 'dropout_rate': 0.425472626066424, 'optimizer_schedule': 'ADAMW_ONECYCLE', 'base_lr': 0.087092316598878, 'aug_intensity': 'STRONG', 'weight_decay': 2.102815339497402e-05, 'batch_size': 8192}
2025-10-03 14:17:26.302 | INFO     | [Worker-1 / GPU-1] Scaled base_lr to value 0.49266854125049886 for batch_size 8192
2025-10-03 14:17:26.302 | INFO     | [Worker-1 / GPU-1] Epoch 1/50 | Train Acc: 0.1256, Train Loss: 9.0274 | Test Loss: 2.1893, Test Acc: 0.1750
2025-10-03 14:17:26.302 | INFO     | [Worker-1 / GPU-1] Epoch 2/50 | Train Acc: 0.1769, Train Loss: 2.1571 | Test Loss: 2.0832, Test Acc: 0.2000
2025-10-03 14:17:26.303 | INFO     | [Worker-1 / GPU-1] Epoch 3/50 | Train Acc: 0.2116, Train Loss: 2.0644 | Test Loss: 1.9058, Test Acc: 0.2513
2025-10-03 14:17:26.303 | INFO     | [Worker-1 / GPU-1] Epoch 4/50 | Train Acc: 0.2350, Train Loss: 1.9943 | Test Loss: 1.8532, Test Acc: 0.2768
2025-10-03 14:17:26.303 | INFO     | [Worker-1 / GPU-1] Epoch 5/50 | Train Acc: 0.2588, Train Loss: 1.9418 | Test Loss: 1.7708, Test Acc: 0.3371
2025-10-03 14:17:26.303 | INFO     | [Worker-1 / GPU-1] Epoch 6/50 | Train Acc: 0.2948, Train Loss: 1.8652 | Test Loss: 1.6121, Test Acc: 0.4017
2025-10-03 14:17:26.303 | INFO     | [Worker-1 / GPU-1] Epoch 7/50 | Train Acc: 0.3325, Train Loss: 1.7794 | Test Loss: 1.5857, Test Acc: 0.4037
2025-10-03 14:17:26.304 | INFO     | [Worker-1 / GPU-1] Epoch 8/50 | Train Acc: 0.3418, Train Loss: 1.7362 | Test Loss: 1.5417, Test Acc: 0.3864
2025-10-03 14:17:26.304 | INFO     | [Worker-1 / GPU-1] Epoch 9/50 | Train Acc: 0.3634, Train Loss: 1.6820 | Test Loss: 1.5052, Test Acc: 0.4255
2025-10-03 14:17:26.304 | INFO     | [Worker-1 / GPU-1] Epoch 10/50 | Train Acc: 0.3748, Train Loss: 1.6553 | Test Loss: 1.4428, Test Acc: 0.4529
2025-10-03 14:17:26.304 | INFO     | [Worker-1 / GPU-1] Epoch 11/50 | Train Acc: 0.3862, Train Loss: 1.6349 | Test Loss: 1.4484, Test Acc: 0.4596
2025-10-03 14:17:26.304 | INFO     | [Worker-1 / GPU-1] Epoch 12/50 | Train Acc: 0.3972, Train Loss: 1.6106 | Test Loss: 1.3953, Test Acc: 0.4782
2025-10-03 14:17:26.305 | INFO     | [Worker-1 / GPU-1] Epoch 13/50 | Train Acc: 0.4064, Train Loss: 1.5899 | Test Loss: 1.4050, Test Acc: 0.4756
2025-10-03 14:17:26.305 | INFO     | [Worker-1 / GPU-1] Epoch 14/50 | Train Acc: 0.4160, Train Loss: 1.5759 | Test Loss: 1.4210, Test Acc: 0.4821
2025-10-03 14:17:26.305 | INFO     | [Worker-1 / GPU-1] Epoch 15/50 | Train Acc: 0.4224, Train Loss: 1.5677 | Test Loss: 1.3528, Test Acc: 0.4900
2025-10-03 14:17:26.305 | INFO     | [Worker-1 / GPU-1] Epoch 16/50 | Train Acc: 0.4298, Train Loss: 1.5456 | Test Loss: 1.2917, Test Acc: 0.5286
2025-10-03 14:17:26.305 | INFO     | [Worker-1 / GPU-1] Epoch 17/50 | Train Acc: 0.4406, Train Loss: 1.5110 | Test Loss: 1.3226, Test Acc: 0.5209
2025-10-03 14:17:26.305 | INFO     | [Worker-1 / GPU-1] Epoch 18/50 | Train Acc: 0.4413, Train Loss: 1.5040 | Test Loss: 1.2632, Test Acc: 0.5414
2025-10-03 14:17:26.306 | INFO     | [Worker-1 / GPU-1] Epoch 19/50 | Train Acc: 0.4426, Train Loss: 1.5029 | Test Loss: 1.3333, Test Acc: 0.5209
2025-10-03 14:17:26.306 | INFO     | [Worker-1 / GPU-1] Epoch 20/50 | Train Acc: 0.4434, Train Loss: 1.4909 | Test Loss: 1.2749, Test Acc: 0.5404
2025-10-03 14:17:26.306 | INFO     | [Worker-1 / GPU-1] Epoch 21/50 | Train Acc: 0.4515, Train Loss: 1.4830 | Test Loss: 1.2859, Test Acc: 0.5352
2025-10-03 14:17:26.306 | INFO     | [Worker-1 / GPU-1] Epoch 22/50 | Train Acc: 0.4590, Train Loss: 1.4623 | Test Loss: 1.2553, Test Acc: 0.5470
2025-10-03 14:17:26.306 | INFO     | [Worker-1 / GPU-1] Epoch 23/50 | Train Acc: 0.4664, Train Loss: 1.4471 | Test Loss: 1.2919, Test Acc: 0.5422
2025-10-03 14:17:26.306 | INFO     | [Worker-1 / GPU-1] Epoch 24/50 | Train Acc: 0.4698, Train Loss: 1.4440 | Test Loss: 1.2145, Test Acc: 0.5479
2025-10-03 14:17:26.307 | INFO     | [Worker-1 / GPU-1] Epoch 25/50 | Train Acc: 0.4634, Train Loss: 1.4474 | Test Loss: 1.1834, Test Acc: 0.5782
2025-10-03 14:17:26.307 | INFO     | [Worker-1 / GPU-1] Epoch 26/50 | Train Acc: 0.4727, Train Loss: 1.4315 | Test Loss: 1.2343, Test Acc: 0.5642
2025-10-03 14:17:26.307 | INFO     | [Worker-1 / GPU-1] Epoch 27/50 | Train Acc: 0.4796, Train Loss: 1.4086 | Test Loss: 1.2200, Test Acc: 0.5614
2025-10-03 14:17:26.307 | INFO     | [Worker-1 / GPU-1] Epoch 28/50 | Train Acc: 0.4894, Train Loss: 1.4011 | Test Loss: 1.1600, Test Acc: 0.5763
2025-10-03 14:17:26.307 | INFO     | [Worker-1 / GPU-1] Epoch 29/50 | Train Acc: 0.4832, Train Loss: 1.4071 | Test Loss: 1.1743, Test Acc: 0.5820
2025-10-03 14:17:26.307 | INFO     | [Worker-1 / GPU-1] Epoch 30/50 | Train Acc: 0.4875, Train Loss: 1.3971 | Test Loss: 1.3611, Test Acc: 0.5371
2025-10-03 14:17:26.308 | INFO     | [Worker-1 / GPU-1] Epoch 31/50 | Train Acc: 0.4887, Train Loss: 1.3940 | Test Loss: 1.1210, Test Acc: 0.5902
2025-10-03 14:17:26.308 | INFO     | [Worker-1 / GPU-1] Epoch 32/50 | Train Acc: 0.4939, Train Loss: 1.3769 | Test Loss: 1.2187, Test Acc: 0.5598
2025-10-03 14:17:26.308 | INFO     | [Worker-1 / GPU-1] Epoch 33/50 | Train Acc: 0.4952, Train Loss: 1.3646 | Test Loss: 1.2347, Test Acc: 0.5586
2025-10-03 14:17:26.308 | INFO     | [Worker-1 / GPU-1] Epoch 34/50 | Train Acc: 0.4977, Train Loss: 1.3667 | Test Loss: 1.1340, Test Acc: 0.5805
2025-10-03 14:17:26.308 | INFO     | [Worker-1 / GPU-1] Epoch 35/50 | Train Acc: 0.5009, Train Loss: 1.3533 | Test Loss: 1.1815, Test Acc: 0.5626
2025-10-03 14:17:26.308 | INFO     | [Worker-1 / GPU-1] Epoch 36/50 | Train Acc: 0.5003, Train Loss: 1.3630 | Test Loss: 1.1436, Test Acc: 0.5813
2025-10-03 14:17:26.309 | INFO     | [Worker-1 / GPU-1] Epoch 36/50 | Train Acc: 0.5003, Train Loss: 1.3630 | Test Loss: 1.1436, Test Acc: 0.5813 / Early stopping triggered
2025-10-03 14:17:26.309 | INFO     | [Worker-1 / GPU-1] Individual 9 -> Accuracy: 0.5813, Loss: 1.1436 | Duration: 153.75s
2025-10-03 14:17:26.309 | INFO     | [Worker-1 / GPU-1] GPU memory used: 0.12 GB
2025-10-03 14:18:25.082 | INFO     | [Worker-0 / GPU-0] Evaluating Individual 10/24 (50 epochs)
2025-10-03 14:18:25.083 | INFO     | [Worker-0 / GPU-0] Hyperparameters: {'width_scale': 2.257439419442504, 'fc1_units': 768, 'dropout_rate': 0.43111961117668746, 'optimizer_schedule': 'ADAMW_ONECYCLE', 'base_lr': 0.0016296772180301258, 'aug_intensity': 'STRONG', 'weight_decay': 0.00045361471520561855, 'batch_size': 4096}
2025-10-03 14:18:25.083 | INFO     | [Worker-0 / GPU-0] Scaled base_lr to value 0.006518708872120503 for batch_size 4096
2025-10-03 14:18:25.083 | INFO     | [Worker-0 / GPU-0] Epoch 1/50 | Train Acc: 0.4004, Train Loss: 1.6511 | Test Loss: 1.2531, Test Acc: 0.5380
2025-10-03 14:18:25.083 | INFO     | [Worker-0 / GPU-0] Epoch 2/50 | Train Acc: 0.5352, Train Loss: 1.2897 | Test Loss: 1.0383, Test Acc: 0.6263
2025-10-03 14:18:25.083 | INFO     | [Worker-0 / GPU-0] Epoch 3/50 | Train Acc: 0.5901, Train Loss: 1.1462 | Test Loss: 0.9860, Test Acc: 0.6494
2025-10-03 14:18:25.084 | INFO     | [Worker-0 / GPU-0] Epoch 4/50 | Train Acc: 0.6263, Train Loss: 1.0584 | Test Loss: 0.8569, Test Acc: 0.6954
2025-10-03 14:18:25.084 | INFO     | [Worker-0 / GPU-0] Epoch 5/50 | Train Acc: 0.6479, Train Loss: 0.9941 | Test Loss: 0.8553, Test Acc: 0.6987
2025-10-03 14:18:25.084 | INFO     | [Worker-0 / GPU-0] Epoch 6/50 | Train Acc: 0.6631, Train Loss: 0.9546 | Test Loss: 0.8188, Test Acc: 0.7080
2025-10-03 14:18:25.084 | INFO     | [Worker-0 / GPU-0] Epoch 7/50 | Train Acc: 0.6814, Train Loss: 0.9025 | Test Loss: 0.7797, Test Acc: 0.7216
2025-10-03 14:18:25.084 | INFO     | [Worker-0 / GPU-0] Epoch 8/50 | Train Acc: 0.6898, Train Loss: 0.8711 | Test Loss: 0.7509, Test Acc: 0.7341
2025-10-03 14:18:25.085 | INFO     | [Worker-0 / GPU-0] Epoch 9/50 | Train Acc: 0.7022, Train Loss: 0.8419 | Test Loss: 0.7015, Test Acc: 0.7494
2025-10-03 14:18:25.085 | INFO     | [Worker-0 / GPU-0] Epoch 10/50 | Train Acc: 0.7144, Train Loss: 0.8073 | Test Loss: 0.7008, Test Acc: 0.7524
2025-10-03 14:18:25.085 | INFO     | [Worker-0 / GPU-0] Epoch 11/50 | Train Acc: 0.7196, Train Loss: 0.8021 | Test Loss: 0.6829, Test Acc: 0.7609
2025-10-03 14:18:25.085 | INFO     | [Worker-0 / GPU-0] Epoch 12/50 | Train Acc: 0.7286, Train Loss: 0.7788 | Test Loss: 0.6655, Test Acc: 0.7650
2025-10-03 14:18:25.085 | INFO     | [Worker-0 / GPU-0] Epoch 13/50 | Train Acc: 0.7388, Train Loss: 0.7504 | Test Loss: 0.6385, Test Acc: 0.7779
2025-10-03 14:18:25.085 | INFO     | [Worker-0 / GPU-0] Epoch 14/50 | Train Acc: 0.7418, Train Loss: 0.7376 | Test Loss: 0.6550, Test Acc: 0.7687
2025-10-03 14:18:25.086 | INFO     | [Worker-0 / GPU-0] Epoch 15/50 | Train Acc: 0.7463, Train Loss: 0.7162 | Test Loss: 0.6762, Test Acc: 0.7666
2025-10-03 14:18:25.086 | INFO     | [Worker-0 / GPU-0] Epoch 16/50 | Train Acc: 0.7520, Train Loss: 0.7039 | Test Loss: 0.5988, Test Acc: 0.7910
2025-10-03 14:18:25.086 | INFO     | [Worker-0 / GPU-0] Epoch 17/50 | Train Acc: 0.7614, Train Loss: 0.6824 | Test Loss: 0.6259, Test Acc: 0.7815
2025-10-03 14:18:25.086 | INFO     | [Worker-0 / GPU-0] Epoch 18/50 | Train Acc: 0.7618, Train Loss: 0.6732 | Test Loss: 0.5773, Test Acc: 0.7990
2025-10-03 14:18:25.086 | INFO     | [Worker-0 / GPU-0] Epoch 19/50 | Train Acc: 0.7703, Train Loss: 0.6601 | Test Loss: 0.6047, Test Acc: 0.7861
2025-10-03 14:18:25.086 | INFO     | [Worker-0 / GPU-0] Epoch 20/50 | Train Acc: 0.7712, Train Loss: 0.6477 | Test Loss: 0.6219, Test Acc: 0.7807
2025-10-03 14:18:25.087 | INFO     | [Worker-0 / GPU-0] Epoch 21/50 | Train Acc: 0.7777, Train Loss: 0.6327 | Test Loss: 0.5663, Test Acc: 0.8030
2025-10-03 14:18:25.087 | INFO     | [Worker-0 / GPU-0] Epoch 22/50 | Train Acc: 0.7812, Train Loss: 0.6196 | Test Loss: 0.5745, Test Acc: 0.7993
2025-10-03 14:18:25.087 | INFO     | [Worker-0 / GPU-0] Epoch 23/50 | Train Acc: 0.7834, Train Loss: 0.6182 | Test Loss: 0.5685, Test Acc: 0.8014
2025-10-03 14:18:25.087 | INFO     | [Worker-0 / GPU-0] Epoch 24/50 | Train Acc: 0.7925, Train Loss: 0.6021 | Test Loss: 0.5893, Test Acc: 0.7988
2025-10-03 14:18:25.087 | INFO     | [Worker-0 / GPU-0] Epoch 25/50 | Train Acc: 0.7917, Train Loss: 0.5927 | Test Loss: 0.5576, Test Acc: 0.8056
2025-10-03 14:18:25.087 | INFO     | [Worker-0 / GPU-0] Epoch 26/50 | Train Acc: 0.7966, Train Loss: 0.5823 | Test Loss: 0.5515, Test Acc: 0.8067
2025-10-03 14:18:25.088 | INFO     | [Worker-0 / GPU-0] Epoch 27/50 | Train Acc: 0.8032, Train Loss: 0.5613 | Test Loss: 0.5332, Test Acc: 0.8124
2025-10-03 14:18:25.088 | INFO     | [Worker-0 / GPU-0] Epoch 28/50 | Train Acc: 0.8062, Train Loss: 0.5585 | Test Loss: 0.5402, Test Acc: 0.8149
2025-10-03 14:18:25.088 | INFO     | [Worker-0 / GPU-0] Epoch 29/50 | Train Acc: 0.8064, Train Loss: 0.5519 | Test Loss: 0.4984, Test Acc: 0.8247
2025-10-03 14:18:25.088 | INFO     | [Worker-0 / GPU-0] Epoch 30/50 | Train Acc: 0.8091, Train Loss: 0.5474 | Test Loss: 0.5177, Test Acc: 0.8161
2025-10-03 14:18:25.088 | INFO     | [Worker-0 / GPU-0] Epoch 31/50 | Train Acc: 0.8142, Train Loss: 0.5342 | Test Loss: 0.5142, Test Acc: 0.8219
2025-10-03 14:18:25.088 | INFO     | [Worker-0 / GPU-0] Epoch 32/50 | Train Acc: 0.8162, Train Loss: 0.5282 | Test Loss: 0.5121, Test Acc: 0.8214
2025-10-03 14:18:25.089 | INFO     | [Worker-0 / GPU-0] Epoch 33/50 | Train Acc: 0.8170, Train Loss: 0.5208 | Test Loss: 0.5013, Test Acc: 0.8281
2025-10-03 14:18:25.089 | INFO     | [Worker-0 / GPU-0] Epoch 34/50 | Train Acc: 0.8217, Train Loss: 0.5131 | Test Loss: 0.4915, Test Acc: 0.8321
2025-10-03 14:18:25.089 | INFO     | [Worker-0 / GPU-0] Epoch 35/50 | Train Acc: 0.8245, Train Loss: 0.5017 | Test Loss: 0.4958, Test Acc: 0.8275
2025-10-03 14:18:25.089 | INFO     | [Worker-0 / GPU-0] Epoch 36/50 | Train Acc: 0.8235, Train Loss: 0.5003 | Test Loss: 0.5032, Test Acc: 0.8265
2025-10-03 14:18:25.089 | INFO     | [Worker-0 / GPU-0] Epoch 37/50 | Train Acc: 0.8280, Train Loss: 0.4910 | Test Loss: 0.4980, Test Acc: 0.8266
2025-10-03 14:18:25.089 | INFO     | [Worker-0 / GPU-0] Epoch 38/50 | Train Acc: 0.8300, Train Loss: 0.4799 | Test Loss: 0.5103, Test Acc: 0.8286
2025-10-03 14:18:25.090 | INFO     | [Worker-0 / GPU-0] Epoch 39/50 | Train Acc: 0.8346, Train Loss: 0.4732 | Test Loss: 0.5227, Test Acc: 0.8274
2025-10-03 14:18:25.090 | INFO     | [Worker-0 / GPU-0] Epoch 39/50 | Train Acc: 0.8346, Train Loss: 0.4732 | Test Loss: 0.5227, Test Acc: 0.8274 / Early stopping triggered
2025-10-03 14:18:25.090 | INFO     | [Worker-0 / GPU-0] Individual 10 -> Accuracy: 0.8274, Loss: 0.5227 | Duration: 161.14s
2025-10-03 14:18:25.090 | INFO     | [Worker-0 / GPU-0] GPU memory used: 0.14 GB
2025-10-03 14:18:31.197 | INFO     | [Worker-3 / GPU-3] Evaluating Individual 12/24 (50 epochs)
2025-10-03 14:18:31.198 | INFO     | [Worker-3 / GPU-3] Hyperparameters: {'width_scale': 2.8183139218987274, 'fc1_units': 768, 'dropout_rate': 0.36259534013605865, 'optimizer_schedule': 'SGD_ONECYCLE', 'base_lr': 0.048264695386422356, 'aug_intensity': 'STRONG', 'weight_decay': 5.83627745683697e-05, 'batch_size': 2048}
2025-10-03 14:18:31.198 | INFO     | [Worker-3 / GPU-3] Scaled base_lr to value 0.38611756309137885 for batch_size 2048
2025-10-03 14:18:31.198 | INFO     | [Worker-3 / GPU-3] Epoch 1/50 | Train Acc: 0.2265, Train Loss: 2.0628 | Test Loss: 1.9195, Test Acc: 0.2997
2025-10-03 14:18:31.198 | INFO     | [Worker-3 / GPU-3] Epoch 2/50 | Train Acc: 0.2775, Train Loss: 1.9324 | Test Loss: 1.8654, Test Acc: 0.3004
2025-10-03 14:18:31.198 | INFO     | [Worker-3 / GPU-3] Epoch 3/50 | Train Acc: 0.3195, Train Loss: 1.8185 | Test Loss: 1.6024, Test Acc: 0.4188
2025-10-03 14:18:31.198 | INFO     | [Worker-3 / GPU-3] Epoch 4/50 | Train Acc: 0.3597, Train Loss: 1.7193 | Test Loss: 1.4953, Test Acc: 0.4364
2025-10-03 14:18:31.199 | INFO     | [Worker-3 / GPU-3] Epoch 5/50 | Train Acc: 0.4359, Train Loss: 1.5457 | Test Loss: 1.2216, Test Acc: 0.5539
2025-10-03 14:18:31.199 | INFO     | [Worker-3 / GPU-3] Epoch 6/50 | Train Acc: 0.5246, Train Loss: 1.3288 | Test Loss: 1.1054, Test Acc: 0.6043
2025-10-03 14:18:31.199 | INFO     | [Worker-3 / GPU-3] Epoch 7/50 | Train Acc: 0.5809, Train Loss: 1.1854 | Test Loss: 0.9602, Test Acc: 0.6614
2025-10-03 14:18:31.199 | INFO     | [Worker-3 / GPU-3] Epoch 8/50 | Train Acc: 0.6271, Train Loss: 1.0724 | Test Loss: 0.8628, Test Acc: 0.7035
2025-10-03 14:18:31.199 | INFO     | [Worker-3 / GPU-3] Epoch 9/50 | Train Acc: 0.6488, Train Loss: 1.0027 | Test Loss: 0.7955, Test Acc: 0.7201
2025-10-03 14:18:31.199 | INFO     | [Worker-3 / GPU-3] Epoch 10/50 | Train Acc: 0.6722, Train Loss: 0.9433 | Test Loss: 0.7955, Test Acc: 0.7210
2025-10-03 14:18:31.200 | INFO     | [Worker-3 / GPU-3] Epoch 11/50 | Train Acc: 0.6909, Train Loss: 0.8822 | Test Loss: 0.7145, Test Acc: 0.7499
2025-10-03 14:18:31.200 | INFO     | [Worker-3 / GPU-3] Epoch 12/50 | Train Acc: 0.7120, Train Loss: 0.8286 | Test Loss: 0.7281, Test Acc: 0.7459
2025-10-03 14:18:31.200 | INFO     | [Worker-3 / GPU-3] Epoch 13/50 | Train Acc: 0.7283, Train Loss: 0.7835 | Test Loss: 0.7413, Test Acc: 0.7472
2025-10-03 14:18:31.200 | INFO     | [Worker-3 / GPU-3] Epoch 14/50 | Train Acc: 0.7387, Train Loss: 0.7551 | Test Loss: 0.7039, Test Acc: 0.7566
2025-10-03 14:18:31.200 | INFO     | [Worker-3 / GPU-3] Epoch 15/50 | Train Acc: 0.7521, Train Loss: 0.7190 | Test Loss: 0.6494, Test Acc: 0.7780
2025-10-03 14:18:31.200 | INFO     | [Worker-3 / GPU-3] Epoch 16/50 | Train Acc: 0.7598, Train Loss: 0.6964 | Test Loss: 0.6547, Test Acc: 0.7776
2025-10-03 14:18:31.200 | INFO     | [Worker-3 / GPU-3] Epoch 17/50 | Train Acc: 0.7698, Train Loss: 0.6639 | Test Loss: 0.6552, Test Acc: 0.7780
2025-10-03 14:18:31.201 | INFO     | [Worker-3 / GPU-3] Epoch 18/50 | Train Acc: 0.7738, Train Loss: 0.6509 | Test Loss: 0.6008, Test Acc: 0.7924
2025-10-03 14:18:31.201 | INFO     | [Worker-3 / GPU-3] Epoch 19/50 | Train Acc: 0.7868, Train Loss: 0.6210 | Test Loss: 0.5942, Test Acc: 0.7960
2025-10-03 14:18:31.201 | INFO     | [Worker-3 / GPU-3] Epoch 20/50 | Train Acc: 0.7948, Train Loss: 0.5952 | Test Loss: 0.6027, Test Acc: 0.7977
2025-10-03 14:18:31.201 | INFO     | [Worker-3 / GPU-3] Epoch 21/50 | Train Acc: 0.8004, Train Loss: 0.5832 | Test Loss: 0.6091, Test Acc: 0.7943
2025-10-03 14:18:31.201 | INFO     | [Worker-3 / GPU-3] Epoch 22/50 | Train Acc: 0.8043, Train Loss: 0.5690 | Test Loss: 0.6346, Test Acc: 0.7870
2025-10-03 14:18:31.201 | INFO     | [Worker-3 / GPU-3] Epoch 23/50 | Train Acc: 0.8139, Train Loss: 0.5447 | Test Loss: 0.5529, Test Acc: 0.8094
2025-10-03 14:18:31.202 | INFO     | [Worker-3 / GPU-3] Epoch 24/50 | Train Acc: 0.8178, Train Loss: 0.5306 | Test Loss: 0.5780, Test Acc: 0.8070
2025-10-03 14:18:31.202 | INFO     | [Worker-3 / GPU-3] Epoch 25/50 | Train Acc: 0.8227, Train Loss: 0.5151 | Test Loss: 0.5820, Test Acc: 0.8058
2025-10-03 14:18:31.202 | INFO     | [Worker-3 / GPU-3] Epoch 26/50 | Train Acc: 0.8230, Train Loss: 0.5111 | Test Loss: 0.5162, Test Acc: 0.8260
2025-10-03 14:18:31.202 | INFO     | [Worker-3 / GPU-3] Epoch 27/50 | Train Acc: 0.8303, Train Loss: 0.4929 | Test Loss: 0.5694, Test Acc: 0.8176
2025-10-03 14:18:31.202 | INFO     | [Worker-3 / GPU-3] Epoch 28/50 | Train Acc: 0.8380, Train Loss: 0.4696 | Test Loss: 0.5743, Test Acc: 0.8136
2025-10-03 14:18:31.202 | INFO     | [Worker-3 / GPU-3] Epoch 29/50 | Train Acc: 0.8370, Train Loss: 0.4698 | Test Loss: 0.5011, Test Acc: 0.8315
2025-10-03 14:18:31.203 | INFO     | [Worker-3 / GPU-3] Epoch 30/50 | Train Acc: 0.8390, Train Loss: 0.4635 | Test Loss: 0.6111, Test Acc: 0.7978
2025-10-03 14:18:31.203 | INFO     | [Worker-3 / GPU-3] Epoch 31/50 | Train Acc: 0.8470, Train Loss: 0.4456 | Test Loss: 0.5408, Test Acc: 0.8259
2025-10-03 14:18:31.203 | INFO     | [Worker-3 / GPU-3] Epoch 32/50 | Train Acc: 0.8533, Train Loss: 0.4306 | Test Loss: 0.5603, Test Acc: 0.8177
2025-10-03 14:18:31.203 | INFO     | [Worker-3 / GPU-3] Epoch 33/50 | Train Acc: 0.8500, Train Loss: 0.4333 | Test Loss: 0.5444, Test Acc: 0.8194
2025-10-03 14:18:31.203 | INFO     | [Worker-3 / GPU-3] Epoch 34/50 | Train Acc: 0.8522, Train Loss: 0.4201 | Test Loss: 0.5395, Test Acc: 0.8293
2025-10-03 14:18:31.203 | INFO     | [Worker-3 / GPU-3] Epoch 34/50 | Train Acc: 0.8522, Train Loss: 0.4201 | Test Loss: 0.5395, Test Acc: 0.8293 / Early stopping triggered
2025-10-03 14:18:31.203 | INFO     | [Worker-3 / GPU-3] Individual 12 -> Accuracy: 0.8293, Loss: 0.5395 | Duration: 150.46s
2025-10-03 14:18:31.204 | INFO     | [Worker-3 / GPU-3] GPU memory used: 0.15 GB
2025-10-03 14:20:46.717 | INFO     | [Worker-2 / GPU-2] Evaluating Individual 11/24 (50 epochs)
2025-10-03 14:20:46.718 | INFO     | [Worker-2 / GPU-2] Hyperparameters: {'width_scale': 2.2497766661851655, 'fc1_units': 512, 'dropout_rate': 0.4336185076007708, 'optimizer_schedule': 'SGD_COSINE', 'base_lr': 0.003600793565369829, 'aug_intensity': 'MEDIUM', 'weight_decay': 0.006726422194266006, 'batch_size': 4096}
2025-10-03 14:20:46.718 | INFO     | [Worker-2 / GPU-2] Scaled base_lr to value 0.05761269704591727 for batch_size 4096
2025-10-03 14:20:46.718 | INFO     | [Worker-2 / GPU-2] Epoch 1/50 | Train Acc: 0.1470, Train Loss: 2.2180 | Test Loss: 2.0669, Test Acc: 0.1895
2025-10-03 14:20:46.718 | INFO     | [Worker-2 / GPU-2] Epoch 2/50 | Train Acc: 0.2406, Train Loss: 1.9442 | Test Loss: 1.7373, Test Acc: 0.3397
2025-10-03 14:20:46.718 | INFO     | [Worker-2 / GPU-2] Epoch 3/50 | Train Acc: 0.2781, Train Loss: 1.8665 | Test Loss: 1.9711, Test Acc: 0.2906
2025-10-03 14:20:46.718 | INFO     | [Worker-2 / GPU-2] Epoch 4/50 | Train Acc: 0.3082, Train Loss: 1.8045 | Test Loss: 1.6529, Test Acc: 0.3823
2025-10-03 14:20:46.719 | INFO     | [Worker-2 / GPU-2] Epoch 5/50 | Train Acc: 0.3272, Train Loss: 1.7640 | Test Loss: 2.0559, Test Acc: 0.2922
2025-10-03 14:20:46.719 | INFO     | [Worker-2 / GPU-2] Epoch 6/50 | Train Acc: 0.3516, Train Loss: 1.7253 | Test Loss: 1.7781, Test Acc: 0.3419
2025-10-03 14:20:46.719 | INFO     | [Worker-2 / GPU-2] Epoch 7/50 | Train Acc: 0.3717, Train Loss: 1.6841 | Test Loss: 1.7445, Test Acc: 0.3692
2025-10-03 14:20:46.719 | INFO     | [Worker-2 / GPU-2] Epoch 8/50 | Train Acc: 0.3911, Train Loss: 1.6512 | Test Loss: 1.6451, Test Acc: 0.3995
2025-10-03 14:20:46.720 | INFO     | [Worker-2 / GPU-2] Epoch 9/50 | Train Acc: 0.3952, Train Loss: 1.6293 | Test Loss: 1.3850, Test Acc: 0.5019
2025-10-03 14:20:46.720 | INFO     | [Worker-2 / GPU-2] Epoch 10/50 | Train Acc: 0.3998, Train Loss: 1.6154 | Test Loss: 1.9877, Test Acc: 0.3572
2025-10-03 14:20:46.720 | INFO     | [Worker-2 / GPU-2] Epoch 11/50 | Train Acc: 0.4225, Train Loss: 1.5822 | Test Loss: 1.4556, Test Acc: 0.4500
2025-10-03 14:20:46.720 | INFO     | [Worker-2 / GPU-2] Epoch 12/50 | Train Acc: 0.4266, Train Loss: 1.5714 | Test Loss: 1.7165, Test Acc: 0.3705
2025-10-03 14:20:46.720 | INFO     | [Worker-2 / GPU-2] Epoch 13/50 | Train Acc: 0.4343, Train Loss: 1.5546 | Test Loss: 1.4038, Test Acc: 0.4809
2025-10-03 14:20:46.720 | INFO     | [Worker-2 / GPU-2] Epoch 14/50 | Train Acc: 0.4393, Train Loss: 1.5469 | Test Loss: 1.4124, Test Acc: 0.5038
2025-10-03 14:20:46.721 | INFO     | [Worker-2 / GPU-2] Epoch 15/50 | Train Acc: 0.4431, Train Loss: 1.5355 | Test Loss: 1.7168, Test Acc: 0.3542
2025-10-03 14:20:46.721 | INFO     | [Worker-2 / GPU-2] Epoch 16/50 | Train Acc: 0.4414, Train Loss: 1.5331 | Test Loss: 1.4588, Test Acc: 0.4588
2025-10-03 14:20:46.721 | INFO     | [Worker-2 / GPU-2] Epoch 17/50 | Train Acc: 0.4477, Train Loss: 1.5184 | Test Loss: 1.3562, Test Acc: 0.5106
2025-10-03 14:20:46.721 | INFO     | [Worker-2 / GPU-2] Epoch 18/50 | Train Acc: 0.4604, Train Loss: 1.4847 | Test Loss: 1.8785, Test Acc: 0.3432
2025-10-03 14:20:46.721 | INFO     | [Worker-2 / GPU-2] Epoch 19/50 | Train Acc: 0.4653, Train Loss: 1.4795 | Test Loss: 1.4712, Test Acc: 0.4727
2025-10-03 14:20:46.722 | INFO     | [Worker-2 / GPU-2] Epoch 20/50 | Train Acc: 0.4658, Train Loss: 1.4674 | Test Loss: 1.3280, Test Acc: 0.5234
2025-10-03 14:20:46.722 | INFO     | [Worker-2 / GPU-2] Epoch 21/50 | Train Acc: 0.4764, Train Loss: 1.4472 | Test Loss: 1.3483, Test Acc: 0.5180
2025-10-03 14:20:46.722 | INFO     | [Worker-2 / GPU-2] Epoch 22/50 | Train Acc: 0.4782, Train Loss: 1.4418 | Test Loss: 1.2653, Test Acc: 0.5436
2025-10-03 14:20:46.722 | INFO     | [Worker-2 / GPU-2] Epoch 23/50 | Train Acc: 0.4895, Train Loss: 1.4152 | Test Loss: 1.3487, Test Acc: 0.4986
2025-10-03 14:20:46.722 | INFO     | [Worker-2 / GPU-2] Epoch 24/50 | Train Acc: 0.4950, Train Loss: 1.4051 | Test Loss: 1.4980, Test Acc: 0.4694
2025-10-03 14:20:46.723 | INFO     | [Worker-2 / GPU-2] Epoch 25/50 | Train Acc: 0.5024, Train Loss: 1.3896 | Test Loss: 1.1843, Test Acc: 0.5750
2025-10-03 14:20:46.723 | INFO     | [Worker-2 / GPU-2] Epoch 26/50 | Train Acc: 0.5085, Train Loss: 1.3739 | Test Loss: 1.1272, Test Acc: 0.5938
2025-10-03 14:20:46.723 | INFO     | [Worker-2 / GPU-2] Epoch 27/50 | Train Acc: 0.5182, Train Loss: 1.3507 | Test Loss: 1.3354, Test Acc: 0.5138
2025-10-03 14:20:46.723 | INFO     | [Worker-2 / GPU-2] Epoch 28/50 | Train Acc: 0.5202, Train Loss: 1.3372 | Test Loss: 1.3131, Test Acc: 0.5420
2025-10-03 14:20:46.724 | INFO     | [Worker-2 / GPU-2] Epoch 29/50 | Train Acc: 0.5303, Train Loss: 1.3112 | Test Loss: 1.1241, Test Acc: 0.5834
2025-10-03 14:20:46.724 | INFO     | [Worker-2 / GPU-2] Epoch 30/50 | Train Acc: 0.5342, Train Loss: 1.3097 | Test Loss: 1.1273, Test Acc: 0.5869
2025-10-03 14:20:46.724 | INFO     | [Worker-2 / GPU-2] Epoch 31/50 | Train Acc: 0.5498, Train Loss: 1.2650 | Test Loss: 1.1180, Test Acc: 0.5948
2025-10-03 14:20:46.724 | INFO     | [Worker-2 / GPU-2] Epoch 32/50 | Train Acc: 0.5526, Train Loss: 1.2610 | Test Loss: 1.2403, Test Acc: 0.5590
2025-10-03 14:20:46.724 | INFO     | [Worker-2 / GPU-2] Epoch 33/50 | Train Acc: 0.5645, Train Loss: 1.2339 | Test Loss: 1.2312, Test Acc: 0.5672
2025-10-03 14:20:46.725 | INFO     | [Worker-2 / GPU-2] Epoch 34/50 | Train Acc: 0.5764, Train Loss: 1.2068 | Test Loss: 1.1090, Test Acc: 0.6001
2025-10-03 14:20:46.725 | INFO     | [Worker-2 / GPU-2] Epoch 35/50 | Train Acc: 0.5820, Train Loss: 1.1869 | Test Loss: 1.1011, Test Acc: 0.6260
2025-10-03 14:20:46.725 | INFO     | [Worker-2 / GPU-2] Epoch 36/50 | Train Acc: 0.5920, Train Loss: 1.1556 | Test Loss: 1.2612, Test Acc: 0.5391
2025-10-03 14:20:46.725 | INFO     | [Worker-2 / GPU-2] Epoch 37/50 | Train Acc: 0.6058, Train Loss: 1.1327 | Test Loss: 1.0970, Test Acc: 0.5954
2025-10-03 14:20:46.725 | INFO     | [Worker-2 / GPU-2] Epoch 38/50 | Train Acc: 0.6108, Train Loss: 1.1060 | Test Loss: 0.8832, Test Acc: 0.6920
2025-10-03 14:20:46.725 | INFO     | [Worker-2 / GPU-2] Epoch 39/50 | Train Acc: 0.6217, Train Loss: 1.0771 | Test Loss: 0.9286, Test Acc: 0.6824
2025-10-03 14:20:46.725 | INFO     | [Worker-2 / GPU-2] Epoch 40/50 | Train Acc: 0.6367, Train Loss: 1.0467 | Test Loss: 0.8516, Test Acc: 0.7018
2025-10-03 14:20:46.726 | INFO     | [Worker-2 / GPU-2] Epoch 41/50 | Train Acc: 0.6468, Train Loss: 1.0145 | Test Loss: 0.8180, Test Acc: 0.7157
2025-10-03 14:20:46.726 | INFO     | [Worker-2 / GPU-2] Epoch 42/50 | Train Acc: 0.6597, Train Loss: 0.9779 | Test Loss: 0.8451, Test Acc: 0.7006
2025-10-03 14:20:46.726 | INFO     | [Worker-2 / GPU-2] Epoch 43/50 | Train Acc: 0.6664, Train Loss: 0.9588 | Test Loss: 0.7849, Test Acc: 0.7257
2025-10-03 14:20:46.726 | INFO     | [Worker-2 / GPU-2] Epoch 44/50 | Train Acc: 0.6751, Train Loss: 0.9375 | Test Loss: 0.7566, Test Acc: 0.7301
2025-10-03 14:20:46.726 | INFO     | [Worker-2 / GPU-2] Epoch 45/50 | Train Acc: 0.6844, Train Loss: 0.9147 | Test Loss: 0.7112, Test Acc: 0.7508
2025-10-03 14:20:46.726 | INFO     | [Worker-2 / GPU-2] Epoch 46/50 | Train Acc: 0.6943, Train Loss: 0.8891 | Test Loss: 0.7008, Test Acc: 0.7578
2025-10-03 14:20:46.727 | INFO     | [Worker-2 / GPU-2] Epoch 47/50 | Train Acc: 0.6952, Train Loss: 0.8778 | Test Loss: 0.6864, Test Acc: 0.7630
2025-10-03 14:20:46.727 | INFO     | [Worker-2 / GPU-2] Epoch 48/50 | Train Acc: 0.6964, Train Loss: 0.8801 | Test Loss: 0.6873, Test Acc: 0.7640
2025-10-03 14:20:46.727 | INFO     | [Worker-2 / GPU-2] Epoch 49/50 | Train Acc: 0.6953, Train Loss: 0.8815 | Test Loss: 0.6867, Test Acc: 0.7634
2025-10-03 14:20:46.727 | INFO     | [Worker-2 / GPU-2] Epoch 50/50 | Train Acc: 0.7026, Train Loss: 0.8710 | Test Loss: 0.6903, Test Acc: 0.7614
2025-10-03 14:20:46.727 | INFO     | [Worker-2 / GPU-2] Individual 11 -> Accuracy: 0.7614, Loss: 0.6903 | Duration: 286.52s
2025-10-03 14:20:46.728 | INFO     | [Worker-2 / GPU-2] GPU memory used: 0.10 GB
2025-10-03 14:23:27.929 | INFO     | [Worker-2 / GPU-2] Evaluating Individual 16/24 (50 epochs)
2025-10-03 14:23:27.930 | INFO     | [Worker-2 / GPU-2] Hyperparameters: {'width_scale': 1.2872384212540267, 'fc1_units': 512, 'dropout_rate': 0.26690845614130426, 'optimizer_schedule': 'SGD_ONECYCLE', 'base_lr': 0.016024516139955917, 'aug_intensity': 'STRONG', 'weight_decay': 1.7812288759733946e-06, 'batch_size': 4096}
2025-10-03 14:23:27.930 | INFO     | [Worker-2 / GPU-2] Scaled base_lr to value 0.2563922582392947 for batch_size 4096
2025-10-03 14:23:27.930 | INFO     | [Worker-2 / GPU-2] Epoch 1/50 | Train Acc: 0.3357, Train Loss: 1.7956 | Test Loss: 1.5466, Test Acc: 0.4040
2025-10-03 14:23:27.930 | INFO     | [Worker-2 / GPU-2] Epoch 2/50 | Train Acc: 0.4039, Train Loss: 1.6328 | Test Loss: 1.3380, Test Acc: 0.5127
2025-10-03 14:23:27.930 | INFO     | [Worker-2 / GPU-2] Epoch 3/50 | Train Acc: 0.4526, Train Loss: 1.4982 | Test Loss: 1.2997, Test Acc: 0.5272
2025-10-03 14:23:27.931 | INFO     | [Worker-2 / GPU-2] Epoch 4/50 | Train Acc: 0.5055, Train Loss: 1.3615 | Test Loss: 1.2097, Test Acc: 0.5804
2025-10-03 14:23:27.931 | INFO     | [Worker-2 / GPU-2] Epoch 5/50 | Train Acc: 0.5560, Train Loss: 1.2420 | Test Loss: 0.9926, Test Acc: 0.6470
2025-10-03 14:23:27.931 | INFO     | [Worker-2 / GPU-2] Epoch 6/50 | Train Acc: 0.5984, Train Loss: 1.1248 | Test Loss: 0.8912, Test Acc: 0.6867
2025-10-03 14:23:27.931 | INFO     | [Worker-2 / GPU-2] Epoch 7/50 | Train Acc: 0.6371, Train Loss: 1.0361 | Test Loss: 0.8791, Test Acc: 0.6831
2025-10-03 14:23:27.931 | INFO     | [Worker-2 / GPU-2] Epoch 8/50 | Train Acc: 0.6559, Train Loss: 0.9778 | Test Loss: 0.8123, Test Acc: 0.7163
2025-10-03 14:23:27.931 | INFO     | [Worker-2 / GPU-2] Epoch 9/50 | Train Acc: 0.6741, Train Loss: 0.9314 | Test Loss: 0.8001, Test Acc: 0.7169
2025-10-03 14:23:27.932 | INFO     | [Worker-2 / GPU-2] Epoch 10/50 | Train Acc: 0.6938, Train Loss: 0.8791 | Test Loss: 0.8138, Test Acc: 0.7180
2025-10-03 14:23:27.932 | INFO     | [Worker-2 / GPU-2] Epoch 11/50 | Train Acc: 0.7065, Train Loss: 0.8435 | Test Loss: 0.7778, Test Acc: 0.7302
2025-10-03 14:23:27.932 | INFO     | [Worker-2 / GPU-2] Epoch 12/50 | Train Acc: 0.7146, Train Loss: 0.8173 | Test Loss: 0.7266, Test Acc: 0.7461
2025-10-03 14:23:27.932 | INFO     | [Worker-2 / GPU-2] Epoch 13/50 | Train Acc: 0.7245, Train Loss: 0.7873 | Test Loss: 0.7702, Test Acc: 0.7381
2025-10-03 14:23:27.932 | INFO     | [Worker-2 / GPU-2] Epoch 14/50 | Train Acc: 0.7378, Train Loss: 0.7525 | Test Loss: 0.7194, Test Acc: 0.7495
2025-10-03 14:23:27.932 | INFO     | [Worker-2 / GPU-2] Epoch 15/50 | Train Acc: 0.7434, Train Loss: 0.7364 | Test Loss: 0.6675, Test Acc: 0.7685
2025-10-03 14:23:27.933 | INFO     | [Worker-2 / GPU-2] Epoch 16/50 | Train Acc: 0.7536, Train Loss: 0.7176 | Test Loss: 0.6684, Test Acc: 0.7735
2025-10-03 14:23:27.933 | INFO     | [Worker-2 / GPU-2] Epoch 17/50 | Train Acc: 0.7649, Train Loss: 0.6792 | Test Loss: 0.6652, Test Acc: 0.7702
2025-10-03 14:23:27.933 | INFO     | [Worker-2 / GPU-2] Epoch 18/50 | Train Acc: 0.7684, Train Loss: 0.6689 | Test Loss: 0.6847, Test Acc: 0.7673
2025-10-03 14:23:27.933 | INFO     | [Worker-2 / GPU-2] Epoch 19/50 | Train Acc: 0.7768, Train Loss: 0.6494 | Test Loss: 0.6193, Test Acc: 0.7874
2025-10-03 14:23:27.933 | INFO     | [Worker-2 / GPU-2] Epoch 20/50 | Train Acc: 0.7814, Train Loss: 0.6311 | Test Loss: 0.5906, Test Acc: 0.7968
2025-10-03 14:23:27.933 | INFO     | [Worker-2 / GPU-2] Epoch 21/50 | Train Acc: 0.7852, Train Loss: 0.6190 | Test Loss: 0.6281, Test Acc: 0.7863
2025-10-03 14:23:27.934 | INFO     | [Worker-2 / GPU-2] Epoch 22/50 | Train Acc: 0.7954, Train Loss: 0.5908 | Test Loss: 0.5873, Test Acc: 0.7991
2025-10-03 14:23:27.934 | INFO     | [Worker-2 / GPU-2] Epoch 23/50 | Train Acc: 0.7968, Train Loss: 0.5878 | Test Loss: 0.6127, Test Acc: 0.7959
2025-10-03 14:23:27.934 | INFO     | [Worker-2 / GPU-2] Epoch 24/50 | Train Acc: 0.7993, Train Loss: 0.5820 | Test Loss: 0.6089, Test Acc: 0.7981
2025-10-03 14:23:27.934 | INFO     | [Worker-2 / GPU-2] Epoch 25/50 | Train Acc: 0.8053, Train Loss: 0.5667 | Test Loss: 0.5987, Test Acc: 0.8011
2025-10-03 14:23:27.934 | INFO     | [Worker-2 / GPU-2] Epoch 26/50 | Train Acc: 0.8103, Train Loss: 0.5490 | Test Loss: 0.5823, Test Acc: 0.8053
2025-10-03 14:23:27.934 | INFO     | [Worker-2 / GPU-2] Epoch 27/50 | Train Acc: 0.8158, Train Loss: 0.5391 | Test Loss: 0.5574, Test Acc: 0.8118
2025-10-03 14:23:27.935 | INFO     | [Worker-2 / GPU-2] Epoch 28/50 | Train Acc: 0.8165, Train Loss: 0.5279 | Test Loss: 0.5486, Test Acc: 0.8139
2025-10-03 14:23:27.935 | INFO     | [Worker-2 / GPU-2] Epoch 29/50 | Train Acc: 0.8222, Train Loss: 0.5163 | Test Loss: 0.5828, Test Acc: 0.8061
2025-10-03 14:23:27.935 | INFO     | [Worker-2 / GPU-2] Epoch 30/50 | Train Acc: 0.8258, Train Loss: 0.5019 | Test Loss: 0.5606, Test Acc: 0.8123
2025-10-03 14:23:27.935 | INFO     | [Worker-2 / GPU-2] Epoch 31/50 | Train Acc: 0.8257, Train Loss: 0.4967 | Test Loss: 0.5538, Test Acc: 0.8128
2025-10-03 14:23:27.935 | INFO     | [Worker-2 / GPU-2] Epoch 32/50 | Train Acc: 0.8323, Train Loss: 0.4816 | Test Loss: 0.5526, Test Acc: 0.8184
2025-10-03 14:23:27.935 | INFO     | [Worker-2 / GPU-2] Epoch 33/50 | Train Acc: 0.8313, Train Loss: 0.4883 | Test Loss: 0.5562, Test Acc: 0.8129
2025-10-03 14:23:27.935 | INFO     | [Worker-2 / GPU-2] Epoch 34/50 | Train Acc: 0.8378, Train Loss: 0.4692 | Test Loss: 0.5321, Test Acc: 0.8227
2025-10-03 14:23:27.936 | INFO     | [Worker-2 / GPU-2] Epoch 35/50 | Train Acc: 0.8385, Train Loss: 0.4664 | Test Loss: 0.5550, Test Acc: 0.8187
2025-10-03 14:23:27.936 | INFO     | [Worker-2 / GPU-2] Epoch 36/50 | Train Acc: 0.8432, Train Loss: 0.4537 | Test Loss: 0.5580, Test Acc: 0.8203
2025-10-03 14:23:27.936 | INFO     | [Worker-2 / GPU-2] Epoch 37/50 | Train Acc: 0.8416, Train Loss: 0.4558 | Test Loss: 0.5287, Test Acc: 0.8203
2025-10-03 14:23:27.936 | INFO     | [Worker-2 / GPU-2] Epoch 38/50 | Train Acc: 0.8432, Train Loss: 0.4507 | Test Loss: 0.5711, Test Acc: 0.8151
2025-10-03 14:23:27.936 | INFO     | [Worker-2 / GPU-2] Epoch 39/50 | Train Acc: 0.8515, Train Loss: 0.4323 | Test Loss: 0.5747, Test Acc: 0.8222
2025-10-03 14:23:27.936 | INFO     | [Worker-2 / GPU-2] Epoch 39/50 | Train Acc: 0.8515, Train Loss: 0.4323 | Test Loss: 0.5747, Test Acc: 0.8222 / Early stopping triggered
2025-10-03 14:23:27.937 | INFO     | [Worker-2 / GPU-2] Individual 16 -> Accuracy: 0.8222, Loss: 0.5747 | Duration: 161.20s
2025-10-03 14:23:27.937 | INFO     | [Worker-2 / GPU-2] GPU memory used: 0.07 GB
2025-10-03 14:27:22.992 | INFO     | [Worker-2 / GPU-2] Evaluating Individual 17/24 (50 epochs)
2025-10-03 14:27:22.993 | INFO     | [Worker-2 / GPU-2] Hyperparameters: {'width_scale': 1.3024760830262052, 'fc1_units': 768, 'dropout_rate': 0.3989131573542448, 'optimizer_schedule': 'SGD_COSINE', 'base_lr': 0.0067734144488512185, 'aug_intensity': 'STRONG', 'weight_decay': 0.0024156805840072266, 'batch_size': 2048}
2025-10-03 14:27:22.993 | INFO     | [Worker-2 / GPU-2] Scaled base_lr to value 0.05418731559080975 for batch_size 2048
2025-10-03 14:27:22.994 | INFO     | [Worker-2 / GPU-2] Epoch 1/50 | Train Acc: 0.2220, Train Loss: 2.0485 | Test Loss: 1.7523, Test Acc: 0.3195
2025-10-03 14:27:22.994 | INFO     | [Worker-2 / GPU-2] Epoch 2/50 | Train Acc: 0.3566, Train Loss: 1.7191 | Test Loss: 1.5087, Test Acc: 0.4352
2025-10-03 14:27:22.994 | INFO     | [Worker-2 / GPU-2] Epoch 3/50 | Train Acc: 0.4573, Train Loss: 1.4865 | Test Loss: 1.3743, Test Acc: 0.4934
2025-10-03 14:27:22.994 | INFO     | [Worker-2 / GPU-2] Epoch 4/50 | Train Acc: 0.5096, Train Loss: 1.3634 | Test Loss: 1.3057, Test Acc: 0.5403
2025-10-03 14:27:22.994 | INFO     | [Worker-2 / GPU-2] Epoch 5/50 | Train Acc: 0.5490, Train Loss: 1.2764 | Test Loss: 1.1777, Test Acc: 0.5740
2025-10-03 14:27:22.994 | INFO     | [Worker-2 / GPU-2] Epoch 6/50 | Train Acc: 0.5572, Train Loss: 1.2445 | Test Loss: 1.0762, Test Acc: 0.6154
2025-10-03 14:27:22.995 | INFO     | [Worker-2 / GPU-2] Epoch 7/50 | Train Acc: 0.5746, Train Loss: 1.2071 | Test Loss: 1.1939, Test Acc: 0.5768
2025-10-03 14:27:22.995 | INFO     | [Worker-2 / GPU-2] Epoch 8/50 | Train Acc: 0.5807, Train Loss: 1.1861 | Test Loss: 1.1968, Test Acc: 0.5878
2025-10-03 14:27:22.995 | INFO     | [Worker-2 / GPU-2] Epoch 9/50 | Train Acc: 0.5892, Train Loss: 1.1618 | Test Loss: 1.1642, Test Acc: 0.5806
2025-10-03 14:27:22.995 | INFO     | [Worker-2 / GPU-2] Epoch 10/50 | Train Acc: 0.6018, Train Loss: 1.1411 | Test Loss: 1.0933, Test Acc: 0.6185
2025-10-03 14:27:22.995 | INFO     | [Worker-2 / GPU-2] Epoch 11/50 | Train Acc: 0.6080, Train Loss: 1.1205 | Test Loss: 1.0111, Test Acc: 0.6390
2025-10-03 14:27:22.995 | INFO     | [Worker-2 / GPU-2] Epoch 12/50 | Train Acc: 0.6152, Train Loss: 1.1035 | Test Loss: 1.0628, Test Acc: 0.6264
2025-10-03 14:27:22.996 | INFO     | [Worker-2 / GPU-2] Epoch 13/50 | Train Acc: 0.6219, Train Loss: 1.0830 | Test Loss: 0.9515, Test Acc: 0.6676
2025-10-03 14:27:22.996 | INFO     | [Worker-2 / GPU-2] Epoch 14/50 | Train Acc: 0.6250, Train Loss: 1.0762 | Test Loss: 0.9949, Test Acc: 0.6538
2025-10-03 14:27:22.996 | INFO     | [Worker-2 / GPU-2] Epoch 15/50 | Train Acc: 0.6360, Train Loss: 1.0550 | Test Loss: 1.2149, Test Acc: 0.5913
2025-10-03 14:27:22.996 | INFO     | [Worker-2 / GPU-2] Epoch 16/50 | Train Acc: 0.6404, Train Loss: 1.0326 | Test Loss: 0.9421, Test Acc: 0.6804
2025-10-03 14:27:22.996 | INFO     | [Worker-2 / GPU-2] Epoch 17/50 | Train Acc: 0.6441, Train Loss: 1.0271 | Test Loss: 0.9827, Test Acc: 0.6630
2025-10-03 14:27:22.996 | INFO     | [Worker-2 / GPU-2] Epoch 18/50 | Train Acc: 0.6489, Train Loss: 1.0048 | Test Loss: 1.0612, Test Acc: 0.6452
2025-10-03 14:27:22.997 | INFO     | [Worker-2 / GPU-2] Epoch 19/50 | Train Acc: 0.6567, Train Loss: 0.9939 | Test Loss: 0.8268, Test Acc: 0.7082
2025-10-03 14:27:22.997 | INFO     | [Worker-2 / GPU-2] Epoch 20/50 | Train Acc: 0.6670, Train Loss: 0.9721 | Test Loss: 1.1150, Test Acc: 0.6281
2025-10-03 14:27:22.997 | INFO     | [Worker-2 / GPU-2] Epoch 21/50 | Train Acc: 0.6684, Train Loss: 0.9538 | Test Loss: 0.8450, Test Acc: 0.7054
2025-10-03 14:27:22.997 | INFO     | [Worker-2 / GPU-2] Epoch 22/50 | Train Acc: 0.6755, Train Loss: 0.9440 | Test Loss: 0.9900, Test Acc: 0.6635
2025-10-03 14:27:22.997 | INFO     | [Worker-2 / GPU-2] Epoch 23/50 | Train Acc: 0.6802, Train Loss: 0.9182 | Test Loss: 0.9820, Test Acc: 0.6665
2025-10-03 14:27:22.997 | INFO     | [Worker-2 / GPU-2] Epoch 24/50 | Train Acc: 0.6914, Train Loss: 0.8898 | Test Loss: 0.8017, Test Acc: 0.7190
2025-10-03 14:27:22.998 | INFO     | [Worker-2 / GPU-2] Epoch 25/50 | Train Acc: 0.6941, Train Loss: 0.8836 | Test Loss: 0.9053, Test Acc: 0.6856
2025-10-03 14:27:22.998 | INFO     | [Worker-2 / GPU-2] Epoch 26/50 | Train Acc: 0.6978, Train Loss: 0.8777 | Test Loss: 0.9389, Test Acc: 0.6714
2025-10-03 14:27:22.998 | INFO     | [Worker-2 / GPU-2] Epoch 27/50 | Train Acc: 0.7050, Train Loss: 0.8530 | Test Loss: 0.8022, Test Acc: 0.7220
2025-10-03 14:27:22.998 | INFO     | [Worker-2 / GPU-2] Epoch 28/50 | Train Acc: 0.7140, Train Loss: 0.8266 | Test Loss: 0.7575, Test Acc: 0.7389
2025-10-03 14:27:22.998 | INFO     | [Worker-2 / GPU-2] Epoch 29/50 | Train Acc: 0.7231, Train Loss: 0.8088 | Test Loss: 0.7264, Test Acc: 0.7453
2025-10-03 14:27:22.998 | INFO     | [Worker-2 / GPU-2] Epoch 30/50 | Train Acc: 0.7255, Train Loss: 0.7989 | Test Loss: 0.7543, Test Acc: 0.7398
2025-10-03 14:27:22.999 | INFO     | [Worker-2 / GPU-2] Epoch 31/50 | Train Acc: 0.7387, Train Loss: 0.7670 | Test Loss: 0.7305, Test Acc: 0.7474
2025-10-03 14:27:22.999 | INFO     | [Worker-2 / GPU-2] Epoch 32/50 | Train Acc: 0.7456, Train Loss: 0.7429 | Test Loss: 0.7748, Test Acc: 0.7318
2025-10-03 14:27:22.999 | INFO     | [Worker-2 / GPU-2] Epoch 33/50 | Train Acc: 0.7494, Train Loss: 0.7313 | Test Loss: 0.6684, Test Acc: 0.7679
2025-10-03 14:27:22.999 | INFO     | [Worker-2 / GPU-2] Epoch 34/50 | Train Acc: 0.7587, Train Loss: 0.6991 | Test Loss: 0.7507, Test Acc: 0.7440
2025-10-03 14:27:22.999 | INFO     | [Worker-2 / GPU-2] Epoch 35/50 | Train Acc: 0.7707, Train Loss: 0.6731 | Test Loss: 0.7072, Test Acc: 0.7541
2025-10-03 14:27:22.999 | INFO     | [Worker-2 / GPU-2] Epoch 36/50 | Train Acc: 0.7745, Train Loss: 0.6530 | Test Loss: 0.6195, Test Acc: 0.7826
2025-10-03 14:27:23.000 | INFO     | [Worker-2 / GPU-2] Epoch 37/50 | Train Acc: 0.7796, Train Loss: 0.6380 | Test Loss: 0.6362, Test Acc: 0.7808
2025-10-03 14:27:23.000 | INFO     | [Worker-2 / GPU-2] Epoch 38/50 | Train Acc: 0.7927, Train Loss: 0.6076 | Test Loss: 0.6171, Test Acc: 0.7886
2025-10-03 14:27:23.000 | INFO     | [Worker-2 / GPU-2] Epoch 39/50 | Train Acc: 0.8034, Train Loss: 0.5828 | Test Loss: 0.5364, Test Acc: 0.8142
2025-10-03 14:27:23.000 | INFO     | [Worker-2 / GPU-2] Epoch 40/50 | Train Acc: 0.8106, Train Loss: 0.5527 | Test Loss: 0.5198, Test Acc: 0.8198
2025-10-03 14:27:23.000 | INFO     | [Worker-2 / GPU-2] Epoch 41/50 | Train Acc: 0.8156, Train Loss: 0.5334 | Test Loss: 0.5180, Test Acc: 0.8221
2025-10-03 14:27:23.000 | INFO     | [Worker-2 / GPU-2] Epoch 42/50 | Train Acc: 0.8266, Train Loss: 0.5134 | Test Loss: 0.5035, Test Acc: 0.8270
2025-10-03 14:27:23.001 | INFO     | [Worker-2 / GPU-2] Epoch 43/50 | Train Acc: 0.8322, Train Loss: 0.4930 | Test Loss: 0.4641, Test Acc: 0.8419
2025-10-03 14:27:23.001 | INFO     | [Worker-2 / GPU-2] Epoch 44/50 | Train Acc: 0.8427, Train Loss: 0.4693 | Test Loss: 0.4685, Test Acc: 0.8386
2025-10-03 14:27:23.001 | INFO     | [Worker-2 / GPU-2] Epoch 45/50 | Train Acc: 0.8452, Train Loss: 0.4529 | Test Loss: 0.4558, Test Acc: 0.8420
2025-10-03 14:27:23.001 | INFO     | [Worker-2 / GPU-2] Epoch 46/50 | Train Acc: 0.8485, Train Loss: 0.4522 | Test Loss: 0.4489, Test Acc: 0.8458
2025-10-03 14:27:23.001 | INFO     | [Worker-2 / GPU-2] Epoch 47/50 | Train Acc: 0.8528, Train Loss: 0.4430 | Test Loss: 0.4458, Test Acc: 0.8464
2025-10-03 14:27:23.001 | INFO     | [Worker-2 / GPU-2] Epoch 48/50 | Train Acc: 0.8546, Train Loss: 0.4372 | Test Loss: 0.4471, Test Acc: 0.8465
2025-10-03 14:27:23.002 | INFO     | [Worker-2 / GPU-2] Epoch 49/50 | Train Acc: 0.8511, Train Loss: 0.4413 | Test Loss: 0.4485, Test Acc: 0.8464
2025-10-03 14:27:23.002 | INFO     | [Worker-2 / GPU-2] Epoch 50/50 | Train Acc: 0.8512, Train Loss: 0.4433 | Test Loss: 0.4496, Test Acc: 0.8450
2025-10-03 14:27:23.002 | INFO     | [Worker-2 / GPU-2] Individual 17 -> Accuracy: 0.8450, Loss: 0.4496 | Duration: 235.05s
2025-10-03 14:27:23.002 | INFO     | [Worker-2 / GPU-2] GPU memory used: 0.07 GB
2025-10-03 14:29:58.680 | INFO     | [Worker-2 / GPU-2] Evaluating Individual 18/24 (50 epochs)
2025-10-03 14:29:58.681 | INFO     | [Worker-2 / GPU-2] Hyperparameters: {'width_scale': 2.75588661097814, 'fc1_units': 512, 'dropout_rate': 0.35678277951819826, 'optimizer_schedule': 'ADAMW_ONECYCLE', 'base_lr': 0.01841838227907119, 'aug_intensity': 'MEDIUM', 'weight_decay': 5.654515753393568e-06, 'batch_size': 4096}
2025-10-03 14:29:58.681 | INFO     | [Worker-2 / GPU-2] Scaled base_lr to value 0.07367352911628476 for batch_size 4096
2025-10-03 14:29:58.681 | INFO     | [Worker-2 / GPU-2] Epoch 1/50 | Train Acc: 0.2165, Train Loss: 2.3997 | Test Loss: 1.8000, Test Acc: 0.3262
2025-10-03 14:29:58.682 | INFO     | [Worker-2 / GPU-2] Epoch 2/50 | Train Acc: 0.2698, Train Loss: 1.8726 | Test Loss: 1.7513, Test Acc: 0.3305
2025-10-03 14:29:58.682 | INFO     | [Worker-2 / GPU-2] Epoch 3/50 | Train Acc: 0.3175, Train Loss: 1.7593 | Test Loss: 1.5189, Test Acc: 0.4253
2025-10-03 14:29:58.682 | INFO     | [Worker-2 / GPU-2] Epoch 4/50 | Train Acc: 0.3533, Train Loss: 1.6733 | Test Loss: 1.4013, Test Acc: 0.4838
2025-10-03 14:29:58.682 | INFO     | [Worker-2 / GPU-2] Epoch 5/50 | Train Acc: 0.3903, Train Loss: 1.5814 | Test Loss: 1.3244, Test Acc: 0.5130
2025-10-03 14:29:58.682 | INFO     | [Worker-2 / GPU-2] Epoch 6/50 | Train Acc: 0.4169, Train Loss: 1.5245 | Test Loss: 1.2815, Test Acc: 0.5164
2025-10-03 14:29:58.682 | INFO     | [Worker-2 / GPU-2] Epoch 7/50 | Train Acc: 0.4496, Train Loss: 1.4435 | Test Loss: 1.1237, Test Acc: 0.5917
2025-10-03 14:29:58.683 | INFO     | [Worker-2 / GPU-2] Epoch 8/50 | Train Acc: 0.4796, Train Loss: 1.3801 | Test Loss: 1.0810, Test Acc: 0.6110
2025-10-03 14:29:58.683 | INFO     | [Worker-2 / GPU-2] Epoch 9/50 | Train Acc: 0.4982, Train Loss: 1.3349 | Test Loss: 1.0189, Test Acc: 0.6432
2025-10-03 14:29:58.683 | INFO     | [Worker-2 / GPU-2] Epoch 10/50 | Train Acc: 0.5084, Train Loss: 1.2912 | Test Loss: 0.9813, Test Acc: 0.6484
2025-10-03 14:29:58.683 | INFO     | [Worker-2 / GPU-2] Epoch 11/50 | Train Acc: 0.5275, Train Loss: 1.2569 | Test Loss: 0.8966, Test Acc: 0.6826
2025-10-03 14:29:58.683 | INFO     | [Worker-2 / GPU-2] Epoch 12/50 | Train Acc: 0.5425, Train Loss: 1.2053 | Test Loss: 0.9428, Test Acc: 0.6689
2025-10-03 14:29:58.683 | INFO     | [Worker-2 / GPU-2] Epoch 13/50 | Train Acc: 0.5514, Train Loss: 1.1868 | Test Loss: 0.8508, Test Acc: 0.7136
2025-10-03 14:29:58.684 | INFO     | [Worker-2 / GPU-2] Epoch 14/50 | Train Acc: 0.5806, Train Loss: 1.1268 | Test Loss: 0.8330, Test Acc: 0.7154
2025-10-03 14:29:58.684 | INFO     | [Worker-2 / GPU-2] Epoch 15/50 | Train Acc: 0.6080, Train Loss: 1.0774 | Test Loss: 0.7856, Test Acc: 0.7334
2025-10-03 14:29:58.684 | INFO     | [Worker-2 / GPU-2] Epoch 16/50 | Train Acc: 0.6326, Train Loss: 1.0206 | Test Loss: 0.8347, Test Acc: 0.7070
2025-10-03 14:29:58.684 | INFO     | [Worker-2 / GPU-2] Epoch 17/50 | Train Acc: 0.6562, Train Loss: 0.9626 | Test Loss: 0.7276, Test Acc: 0.7530
2025-10-03 14:29:58.684 | INFO     | [Worker-2 / GPU-2] Epoch 18/50 | Train Acc: 0.6846, Train Loss: 0.9010 | Test Loss: 0.7172, Test Acc: 0.7552
2025-10-03 14:29:58.685 | INFO     | [Worker-2 / GPU-2] Epoch 19/50 | Train Acc: 0.6981, Train Loss: 0.8554 | Test Loss: 0.6949, Test Acc: 0.7624
2025-10-03 14:29:58.685 | INFO     | [Worker-2 / GPU-2] Epoch 20/50 | Train Acc: 0.7169, Train Loss: 0.8157 | Test Loss: 0.6876, Test Acc: 0.7686
2025-10-03 14:29:58.685 | INFO     | [Worker-2 / GPU-2] Epoch 21/50 | Train Acc: 0.7371, Train Loss: 0.7637 | Test Loss: 0.6509, Test Acc: 0.7778
2025-10-03 14:29:58.685 | INFO     | [Worker-2 / GPU-2] Epoch 22/50 | Train Acc: 0.7464, Train Loss: 0.7398 | Test Loss: 0.6557, Test Acc: 0.7800
2025-10-03 14:29:58.685 | INFO     | [Worker-2 / GPU-2] Epoch 23/50 | Train Acc: 0.7584, Train Loss: 0.6987 | Test Loss: 0.6465, Test Acc: 0.7912
2025-10-03 14:29:58.686 | INFO     | [Worker-2 / GPU-2] Epoch 24/50 | Train Acc: 0.7677, Train Loss: 0.6757 | Test Loss: 0.6620, Test Acc: 0.7876
2025-10-03 14:29:58.686 | INFO     | [Worker-2 / GPU-2] Epoch 25/50 | Train Acc: 0.7736, Train Loss: 0.6658 | Test Loss: 0.5832, Test Acc: 0.8034
2025-10-03 14:29:58.686 | INFO     | [Worker-2 / GPU-2] Epoch 26/50 | Train Acc: 0.7790, Train Loss: 0.6425 | Test Loss: 0.6523, Test Acc: 0.7886
2025-10-03 14:29:58.686 | INFO     | [Worker-2 / GPU-2] Epoch 27/50 | Train Acc: 0.7909, Train Loss: 0.6196 | Test Loss: 0.6060, Test Acc: 0.8035
2025-10-03 14:29:58.686 | INFO     | [Worker-2 / GPU-2] Epoch 28/50 | Train Acc: 0.8005, Train Loss: 0.5918 | Test Loss: 0.5708, Test Acc: 0.8150
2025-10-03 14:29:58.686 | INFO     | [Worker-2 / GPU-2] Epoch 29/50 | Train Acc: 0.8030, Train Loss: 0.5880 | Test Loss: 0.5941, Test Acc: 0.8113
2025-10-03 14:29:58.687 | INFO     | [Worker-2 / GPU-2] Epoch 30/50 | Train Acc: 0.8096, Train Loss: 0.5669 | Test Loss: 0.6349, Test Acc: 0.7990
2025-10-03 14:29:58.687 | INFO     | [Worker-2 / GPU-2] Epoch 31/50 | Train Acc: 0.8104, Train Loss: 0.5614 | Test Loss: 0.6181, Test Acc: 0.8081
2025-10-03 14:29:58.687 | INFO     | [Worker-2 / GPU-2] Epoch 32/50 | Train Acc: 0.8206, Train Loss: 0.5364 | Test Loss: 0.6232, Test Acc: 0.8016
2025-10-03 14:29:58.687 | INFO     | [Worker-2 / GPU-2] Epoch 33/50 | Train Acc: 0.8219, Train Loss: 0.5200 | Test Loss: 0.6240, Test Acc: 0.8113
2025-10-03 14:29:58.687 | INFO     | [Worker-2 / GPU-2] Epoch 33/50 | Train Acc: 0.8219, Train Loss: 0.5200 | Test Loss: 0.6240, Test Acc: 0.8113 / Early stopping triggered
2025-10-03 14:29:58.688 | INFO     | [Worker-2 / GPU-2] Individual 18 -> Accuracy: 0.8113, Loss: 0.6240 | Duration: 155.67s
2025-10-03 14:29:58.688 | INFO     | [Worker-2 / GPU-2] GPU memory used: 0.14 GB
