2025-10-15 11:18:02.198 | INFO     | Configuration:
{
    "project": {
        "name": "HPO Paper-Based Experiment",
        "seed": 1236
    },
    "environment": {
        "data_source": {
            "dataset": "CIFAR-10",
            "path": "./model_data"
        },
        "logging": {
            "log_file": "logs/experiment.log",
            "error_log_file": "logs/error.log",
            "report_directory": "reports"
        }
    },
    "checkpoint_config": {
        "interval_per_gen": 1
    },
    "parallel_config": {
        "execution": {
            "evaluation_mode": "GPU",
            "enable_parallel": true,
            "gpu_workers": 4,
            "cpu_workers": 0,
            "gpu_cpu_performance_ratio": 16,
            "dataloader_workers": {
                "per_gpu": 8,
                "per_cpu": 1
            }
        }
    },
    "neural_network_config": {
        "input_shape": [
            3,
            32,
            32
        ],
        "output_classes": 10,
        "conv_blocks": 4,
        "fixed_parameters": {
            "activation_function": "relu",
            "base_filters": 32
        },
        "hyperparameter_space": {
            "width_scale": {
                "type": "float",
                "range": [
                    1.0,
                    2.5
                ],
                "description": "Scales the number of filters in convolutional layers"
            },
            "fc1_units": {
                "type": "enum",
                "values": [
                    256,
                    512
                ],
                "description": "Number of neurons in the first fully connected layer"
            },
            "dropout_rate": {
                "type": "float",
                "range": [
                    0.2,
                    0.5
                ],
                "description": "Dropout intensity in the first fully connected layer"
            },
            "optimizer_schedule": {
                "type": "enum",
                "values": [
                    "SGD_COSINE",
                    "SGD_ONECYCLE",
                    "SGD_EXPONENTIAL"
                ],
                "description": "Optimizer type + Learning rate scheduler"
            },
            "base_lr": {
                "type": "float",
                "range": [
                    0.01,
                    0.1
                ],
                "scale": "log",
                "description": "Base learning rate value, log scale"
            },
            "aug_intensity": {
                "type": "enum",
                "values": [
                    "MEDIUM",
                    "STRONG"
                ],
                "description": "Level of data augmentation"
            },
            "weight_decay": {
                "type": "float",
                "range": [
                    0.0001,
                    0.001
                ],
                "scale": "log",
                "description": "L2 regularization coefficient, log scale"
            },
            "batch_size": {
                "type": "enum",
                "values": [
                    128,
                    256
                ],
                "description": "Training batch size"
            }
        }
    },
    "nested_validation_config": {
        "enabled": true,
        "outer_k_folds": 3
    },
    "genetic_algorithm_config": {
        "genetic_operators": {
            "active": [
                "selection",
                "crossover",
                "mutation",
                "elitism"
            ],
            "selection": {
                "type": "tournament",
                "tournament_size": 4
            },
            "crossover": {
                "type": "uniform",
                "crossover_prob": 0.8
            },
            "mutation": {
                "mutation_prob_discrete": 0.15,
                "mutation_prob_categorical": 0.15,
                "mutation_sigma_continuous": 0.1,
                "mutation_prob_continuous": 0.15
            },
            "elitism_percent": 0.1
        },
        "calibration": {
            "enabled": false,
            "population_size": 48,
            "generations": 10,
            "training_epochs": 20,
            "data_subset_percentage": 1.0,
            "mutation_decay_rate": 0.98,
            "stratification_bins": 9,
            "stop_conditions": {
                "max_generations": 10,
                "early_stop_generations": 999,
                "early_stop_epochs": 6,
                "fitness_goal": 0.99,
                "time_limit_minutes": 1440
            }
        },
        "main_algorithm": {
            "population_size": 24,
            "generations": 5,
            "training_epochs": 150,
            "mutation_decay_rate": 0.98,
            "stratification_bins": 3,
            "stop_conditions": {
                "max_generations": 70,
                "early_stop_generations": 8,
                "early_stop_epochs": 20,
                "fitness_goal": 0.99,
                "time_limit_minutes": 0
            }
        }
    }
}
2025-10-15 11:18:02.199 | INFO     | Logger initialized. Log file at logs/log_2025-10-15_09-18-02.log
2025-10-15 11:18:02.199 | INFO     | --- Starting Nested Resampling With 3 Folds ---
2025-10-15 11:18:03.065 | INFO     | --- Running Fold 1/3 ---
2025-10-15 11:18:03.066 | INFO     | Initializing worker pool...
2025-10-15 11:18:03.066 | INFO     | Using GPU-Only scheduling strategy.
2025-10-15 11:18:03.069 | INFO     | Worker pool initialized with 4 workers.
2025-10-15 11:18:04.043 | INFO     | Calibration disabled. Starting main algorithm with random population.
2025-10-15 11:18:04.044 | INFO     | --- Starting MAIN_ALGORITHM Phase ---
2025-10-15 11:18:04.045 | INFO     | Generations: 5, Population: 24
2025-10-15 11:18:04.045 | INFO     | --- MAIN_ALGORITHM - Generation 1/5 ---
2025-10-15 11:20:53.429 | INFO     | [Worker-3 / GPU-3] Evaluating Individual 3/24 (150 epochs)
2025-10-15 11:20:53.431 | INFO     | [Worker-3 / GPU-3] Hyperparameters: {'width_scale': 1.425624471467779, 'fc1_units': 512, 'dropout_rate': 0.36295802626712576, 'optimizer_schedule': 'SGD_ONECYCLE', 'base_lr': 0.01182032413884571, 'aug_intensity': 'MEDIUM', 'weight_decay': 0.00028351429096040877, 'batch_size': 256}
2025-10-15 11:20:53.431 | INFO     | [Worker-3 / GPU-3] Scaled base_lr to 0.023641 for batch_size 256
2025-10-15 11:20:53.431 | INFO     | [Worker-3 / GPU-3] Epoch 1/150 | Train Acc: 0.1674, Train Loss: 4.7389 | Test Loss: 2.0289, Test Acc: 0.3239
2025-10-15 11:20:53.431 | INFO     | [Worker-3 / GPU-3] Epoch 2/150 | Train Acc: 0.2595, Train Loss: 2.8560 | Test Loss: 1.7597, Test Acc: 0.4025
2025-10-15 11:20:53.431 | INFO     | [Worker-3 / GPU-3] Epoch 3/150 | Train Acc: 0.3347, Train Loss: 2.1805 | Test Loss: 1.6363, Test Acc: 0.4441
2025-10-15 11:20:53.432 | INFO     | [Worker-3 / GPU-3] Epoch 4/150 | Train Acc: 0.3880, Train Loss: 1.8518 | Test Loss: 1.5662, Test Acc: 0.4723
2025-10-15 11:20:53.432 | INFO     | [Worker-3 / GPU-3] Epoch 5/150 | Train Acc: 0.4344, Train Loss: 1.6821 | Test Loss: 1.5117, Test Acc: 0.4985
2025-10-15 11:20:53.432 | INFO     | [Worker-3 / GPU-3] Epoch 6/150 | Train Acc: 0.4677, Train Loss: 1.5949 | Test Loss: 1.4622, Test Acc: 0.5238
2025-10-15 11:20:53.432 | INFO     | [Worker-3 / GPU-3] Epoch 7/150 | Train Acc: 0.5058, Train Loss: 1.5154 | Test Loss: 1.4111, Test Acc: 0.5459
2025-10-15 11:20:53.432 | INFO     | [Worker-3 / GPU-3] Epoch 8/150 | Train Acc: 0.5218, Train Loss: 1.4780 | Test Loss: 1.3802, Test Acc: 0.5591
2025-10-15 11:20:53.432 | INFO     | [Worker-3 / GPU-3] Epoch 9/150 | Train Acc: 0.5441, Train Loss: 1.4162 | Test Loss: 1.3484, Test Acc: 0.5711
2025-10-15 11:20:53.433 | INFO     | [Worker-3 / GPU-3] Epoch 10/150 | Train Acc: 0.5581, Train Loss: 1.3922 | Test Loss: 1.3357, Test Acc: 0.5769
2025-10-15 11:20:53.433 | INFO     | [Worker-3 / GPU-3] Epoch 11/150 | Train Acc: 0.5767, Train Loss: 1.3625 | Test Loss: 1.3004, Test Acc: 0.5938
2025-10-15 11:20:53.433 | INFO     | [Worker-3 / GPU-3] Epoch 12/150 | Train Acc: 0.5924, Train Loss: 1.3244 | Test Loss: 1.2701, Test Acc: 0.6077
2025-10-15 11:20:53.433 | INFO     | [Worker-3 / GPU-3] Epoch 13/150 | Train Acc: 0.6110, Train Loss: 1.2756 | Test Loss: 1.2363, Test Acc: 0.6208
2025-10-15 11:20:53.433 | INFO     | [Worker-3 / GPU-3] Epoch 14/150 | Train Acc: 0.6209, Train Loss: 1.2477 | Test Loss: 1.2470, Test Acc: 0.6126
2025-10-15 11:20:53.434 | INFO     | [Worker-3 / GPU-3] Epoch 15/150 | Train Acc: 0.6193, Train Loss: 1.2672 | Test Loss: 1.2274, Test Acc: 0.6280
2025-10-15 11:20:53.434 | INFO     | [Worker-3 / GPU-3] Epoch 16/150 | Train Acc: 0.6395, Train Loss: 1.2183 | Test Loss: 1.1920, Test Acc: 0.6390
2025-10-15 11:20:53.434 | INFO     | [Worker-3 / GPU-3] Epoch 17/150 | Train Acc: 0.6433, Train Loss: 1.2203 | Test Loss: 1.1796, Test Acc: 0.6493
2025-10-15 11:20:53.434 | INFO     | [Worker-3 / GPU-3] Epoch 18/150 | Train Acc: 0.6663, Train Loss: 1.1683 | Test Loss: 1.1513, Test Acc: 0.6583
2025-10-15 11:20:53.434 | INFO     | [Worker-3 / GPU-3] Epoch 19/150 | Train Acc: 0.6717, Train Loss: 1.1448 | Test Loss: 1.1429, Test Acc: 0.6600
2025-10-15 11:20:53.434 | INFO     | [Worker-3 / GPU-3] Epoch 20/150 | Train Acc: 0.6914, Train Loss: 1.1034 | Test Loss: 1.1270, Test Acc: 0.6690
2025-10-15 11:20:53.435 | INFO     | [Worker-3 / GPU-3] Epoch 21/150 | Train Acc: 0.6935, Train Loss: 1.1111 | Test Loss: 1.1111, Test Acc: 0.6716
2025-10-15 11:20:53.435 | INFO     | [Worker-3 / GPU-3] Epoch 22/150 | Train Acc: 0.6841, Train Loss: 1.1477 | Test Loss: 1.1388, Test Acc: 0.6626
2025-10-15 11:20:53.435 | INFO     | [Worker-3 / GPU-3] Epoch 23/150 | Train Acc: 0.6886, Train Loss: 1.1404 | Test Loss: 1.1545, Test Acc: 0.6560
2025-10-15 11:20:53.435 | INFO     | [Worker-3 / GPU-3] Epoch 24/150 | Train Acc: 0.7088, Train Loss: 1.0872 | Test Loss: 1.1110, Test Acc: 0.6770
2025-10-15 11:20:53.435 | INFO     | [Worker-3 / GPU-3] Epoch 25/150 | Train Acc: 0.7123, Train Loss: 1.0694 | Test Loss: 1.1034, Test Acc: 0.6807
2025-10-15 11:20:53.435 | INFO     | [Worker-3 / GPU-3] Epoch 26/150 | Train Acc: 0.7303, Train Loss: 1.0297 | Test Loss: 1.0771, Test Acc: 0.6864
2025-10-15 11:20:53.436 | INFO     | [Worker-3 / GPU-3] Epoch 27/150 | Train Acc: 0.7295, Train Loss: 1.0571 | Test Loss: 1.1288, Test Acc: 0.6726
2025-10-15 11:20:53.436 | INFO     | [Worker-3 / GPU-3] Epoch 28/150 | Train Acc: 0.7440, Train Loss: 1.0079 | Test Loss: 1.0388, Test Acc: 0.7050
2025-10-15 11:20:53.436 | INFO     | [Worker-3 / GPU-3] Epoch 29/150 | Train Acc: 0.7510, Train Loss: 1.0057 | Test Loss: 1.0561, Test Acc: 0.6980
2025-10-15 11:20:53.436 | INFO     | [Worker-3 / GPU-3] Epoch 30/150 | Train Acc: 0.7513, Train Loss: 1.0048 | Test Loss: 1.0895, Test Acc: 0.6831
2025-10-15 11:20:53.436 | INFO     | [Worker-3 / GPU-3] Epoch 31/150 | Train Acc: 0.7741, Train Loss: 0.9390 | Test Loss: 1.1393, Test Acc: 0.6671
2025-10-15 11:20:53.436 | INFO     | [Worker-3 / GPU-3] Epoch 32/150 | Train Acc: 0.7452, Train Loss: 1.0319 | Test Loss: 1.1217, Test Acc: 0.6695
2025-10-15 11:20:53.437 | INFO     | [Worker-3 / GPU-3] Epoch 33/150 | Train Acc: 0.7782, Train Loss: 0.9310 | Test Loss: 1.0945, Test Acc: 0.6906
2025-10-15 11:20:53.437 | INFO     | [Worker-3 / GPU-3] Epoch 34/150 | Train Acc: 0.7788, Train Loss: 0.9391 | Test Loss: 1.0455, Test Acc: 0.7029
2025-10-15 11:20:53.437 | INFO     | [Worker-3 / GPU-3] Epoch 35/150 | Train Acc: 0.7916, Train Loss: 0.9106 | Test Loss: 1.0185, Test Acc: 0.7170
2025-10-15 11:20:53.437 | INFO     | [Worker-3 / GPU-3] Epoch 36/150 | Train Acc: 0.7728, Train Loss: 0.9817 | Test Loss: 1.0420, Test Acc: 0.7028
2025-10-15 11:20:53.437 | INFO     | [Worker-3 / GPU-3] Epoch 37/150 | Train Acc: 0.7916, Train Loss: 0.9279 | Test Loss: 1.0266, Test Acc: 0.7127
2025-10-15 11:20:53.437 | INFO     | [Worker-3 / GPU-3] Epoch 38/150 | Train Acc: 0.7918, Train Loss: 0.9313 | Test Loss: 1.0477, Test Acc: 0.6982
2025-10-15 11:20:53.438 | INFO     | [Worker-3 / GPU-3] Epoch 39/150 | Train Acc: 0.8097, Train Loss: 0.8784 | Test Loss: 1.0127, Test Acc: 0.7167
2025-10-15 11:20:53.438 | INFO     | [Worker-3 / GPU-3] Epoch 40/150 | Train Acc: 0.8082, Train Loss: 0.8964 | Test Loss: 1.0256, Test Acc: 0.7109
2025-10-15 11:20:53.438 | INFO     | [Worker-3 / GPU-3] Epoch 41/150 | Train Acc: 0.8095, Train Loss: 0.8956 | Test Loss: 1.1070, Test Acc: 0.6870
2025-10-15 11:20:53.438 | INFO     | [Worker-3 / GPU-3] Epoch 42/150 | Train Acc: 0.8142, Train Loss: 0.8979 | Test Loss: 1.0583, Test Acc: 0.7045
2025-10-15 11:20:53.438 | INFO     | [Worker-3 / GPU-3] Epoch 43/150 | Train Acc: 0.8299, Train Loss: 0.8515 | Test Loss: 1.0662, Test Acc: 0.6981
2025-10-15 11:20:53.438 | INFO     | [Worker-3 / GPU-3] Epoch 44/150 | Train Acc: 0.8193, Train Loss: 0.8723 | Test Loss: 1.0405, Test Acc: 0.7049
2025-10-15 11:20:53.439 | INFO     | [Worker-3 / GPU-3] Epoch 45/150 | Train Acc: 0.8431, Train Loss: 0.8098 | Test Loss: 1.0079, Test Acc: 0.7261
2025-10-15 11:20:53.439 | INFO     | [Worker-3 / GPU-3] Epoch 46/150 | Train Acc: 0.8396, Train Loss: 0.8370 | Test Loss: 1.1521, Test Acc: 0.6703
2025-10-15 11:20:53.439 | INFO     | [Worker-3 / GPU-3] Epoch 47/150 | Train Acc: 0.8440, Train Loss: 0.8336 | Test Loss: 1.0029, Test Acc: 0.7239
2025-10-15 11:20:53.439 | INFO     | [Worker-3 / GPU-3] Epoch 48/150 | Train Acc: 0.8484, Train Loss: 0.8137 | Test Loss: 1.0555, Test Acc: 0.7064
2025-10-15 11:20:53.439 | INFO     | [Worker-3 / GPU-3] Epoch 49/150 | Train Acc: 0.8411, Train Loss: 0.8463 | Test Loss: 1.0506, Test Acc: 0.7113
2025-10-15 11:20:53.439 | INFO     | [Worker-3 / GPU-3] Epoch 50/150 | Train Acc: 0.8515, Train Loss: 0.8216 | Test Loss: 1.0594, Test Acc: 0.6992
2025-10-15 11:20:53.440 | INFO     | [Worker-3 / GPU-3] Epoch 51/150 | Train Acc: 0.8526, Train Loss: 0.8233 | Test Loss: 1.1260, Test Acc: 0.6817
2025-10-15 11:20:53.440 | INFO     | [Worker-3 / GPU-3] Epoch 52/150 | Train Acc: 0.8468, Train Loss: 0.8519 | Test Loss: 1.0186, Test Acc: 0.7181
2025-10-15 11:20:53.440 | INFO     | [Worker-3 / GPU-3] Epoch 53/150 | Train Acc: 0.8560, Train Loss: 0.8164 | Test Loss: 1.1980, Test Acc: 0.6516
2025-10-15 11:20:53.440 | INFO     | [Worker-3 / GPU-3] Epoch 54/150 | Train Acc: 0.8702, Train Loss: 0.7801 | Test Loss: 1.0269, Test Acc: 0.7154
2025-10-15 11:20:53.440 | INFO     | [Worker-3 / GPU-3] Epoch 55/150 | Train Acc: 0.8368, Train Loss: 0.8679 | Test Loss: 1.0438, Test Acc: 0.7122
2025-10-15 11:20:53.440 | INFO     | [Worker-3 / GPU-3] Epoch 56/150 | Train Acc: 0.8579, Train Loss: 0.8272 | Test Loss: 1.0273, Test Acc: 0.7166
2025-10-15 11:20:53.441 | INFO     | [Worker-3 / GPU-3] Epoch 57/150 | Train Acc: 0.8340, Train Loss: 0.8892 | Test Loss: 1.1361, Test Acc: 0.6775
2025-10-15 11:20:53.441 | INFO     | [Worker-3 / GPU-3] Epoch 58/150 | Train Acc: 0.8701, Train Loss: 0.7867 | Test Loss: 1.2323, Test Acc: 0.6603
2025-10-15 11:20:53.441 | INFO     | [Worker-3 / GPU-3] Epoch 59/150 | Train Acc: 0.8540, Train Loss: 0.8433 | Test Loss: 1.0758, Test Acc: 0.6986
2025-10-15 11:20:53.441 | INFO     | [Worker-3 / GPU-3] Epoch 60/150 | Train Acc: 0.8743, Train Loss: 0.7892 | Test Loss: 1.0731, Test Acc: 0.6992
2025-10-15 11:20:53.441 | INFO     | [Worker-3 / GPU-3] Epoch 61/150 | Train Acc: 0.8345, Train Loss: 0.8948 | Test Loss: 1.0478, Test Acc: 0.7118
2025-10-15 11:20:53.441 | INFO     | [Worker-3 / GPU-3] Epoch 62/150 | Train Acc: 0.8195, Train Loss: 0.9362 | Test Loss: 1.0799, Test Acc: 0.6954
2025-10-15 11:20:53.442 | INFO     | [Worker-3 / GPU-3] Epoch 63/150 | Train Acc: 0.8602, Train Loss: 0.8099 | Test Loss: 1.0792, Test Acc: 0.6989
2025-10-15 11:20:53.442 | INFO     | [Worker-3 / GPU-3] Epoch 64/150 | Train Acc: 0.8804, Train Loss: 0.7736 | Test Loss: 1.0880, Test Acc: 0.6974
2025-10-15 11:20:53.443 | INFO     | [Worker-3 / GPU-3] Epoch 65/150 | Train Acc: 0.8690, Train Loss: 0.8021 | Test Loss: 1.0336, Test Acc: 0.7161
2025-10-15 11:20:53.443 | INFO     | [Worker-3 / GPU-3] Epoch 65/150 | Train Acc: 0.8690, Train Loss: 0.8021 | Test Loss: 1.0336, Test Acc: 0.7161 / Early stopping triggered
2025-10-15 11:20:53.443 | INFO     | [Worker-3 / GPU-3] Individual 3 -> Accuracy: 0.7161, Loss: 1.0336 | Duration: 165.44s
2025-10-15 11:20:53.443 | INFO     | [Worker-3 / GPU-3] GPU memory used: 0.17 GB
2025-10-15 11:21:46.203 | INFO     | [Worker-0 / GPU-0] Evaluating Individual 1/24 (150 epochs)
2025-10-15 11:21:46.203 | INFO     | [Worker-0 / GPU-0] Hyperparameters: {'width_scale': 2.2829505178945126, 'fc1_units': 256, 'dropout_rate': 0.2715537618172048, 'optimizer_schedule': 'SGD_ONECYCLE', 'base_lr': 0.040479961534491064, 'aug_intensity': 'STRONG', 'weight_decay': 0.00012957621266595929, 'batch_size': 128}
2025-10-15 11:21:46.204 | INFO     | [Worker-0 / GPU-0] Using base_lr 0.040480 for batch_size 128
2025-10-15 11:21:46.204 | INFO     | [Worker-0 / GPU-0] Epoch 1/150 | Train Acc: 0.2456, Train Loss: 3.8325 | Test Loss: 1.7555, Test Acc: 0.4358
2025-10-15 11:21:46.204 | INFO     | [Worker-0 / GPU-0] Epoch 2/150 | Train Acc: 0.3913, Train Loss: 2.0028 | Test Loss: 1.5009, Test Acc: 0.5066
2025-10-15 11:21:46.204 | INFO     | [Worker-0 / GPU-0] Epoch 3/150 | Train Acc: 0.4805, Train Loss: 1.5862 | Test Loss: 1.4127, Test Acc: 0.5430
2025-10-15 11:21:46.204 | INFO     | [Worker-0 / GPU-0] Epoch 4/150 | Train Acc: 0.5325, Train Loss: 1.4448 | Test Loss: 1.3641, Test Acc: 0.5631
2025-10-15 11:21:46.204 | INFO     | [Worker-0 / GPU-0] Epoch 5/150 | Train Acc: 0.5679, Train Loss: 1.3706 | Test Loss: 1.3122, Test Acc: 0.5836
2025-10-15 11:21:46.205 | INFO     | [Worker-0 / GPU-0] Epoch 6/150 | Train Acc: 0.5929, Train Loss: 1.3090 | Test Loss: 1.2883, Test Acc: 0.5976
2025-10-15 11:21:46.205 | INFO     | [Worker-0 / GPU-0] Epoch 7/150 | Train Acc: 0.6145, Train Loss: 1.2585 | Test Loss: 1.2339, Test Acc: 0.6191
2025-10-15 11:21:46.205 | INFO     | [Worker-0 / GPU-0] Epoch 8/150 | Train Acc: 0.6303, Train Loss: 1.2319 | Test Loss: 1.2346, Test Acc: 0.6223
2025-10-15 11:21:46.205 | INFO     | [Worker-0 / GPU-0] Epoch 9/150 | Train Acc: 0.6529, Train Loss: 1.1791 | Test Loss: 1.1975, Test Acc: 0.6316
2025-10-15 11:21:46.205 | INFO     | [Worker-0 / GPU-0] Epoch 10/150 | Train Acc: 0.6733, Train Loss: 1.1347 | Test Loss: 1.1862, Test Acc: 0.6408
2025-10-15 11:21:46.205 | INFO     | [Worker-0 / GPU-0] Epoch 11/150 | Train Acc: 0.6869, Train Loss: 1.1088 | Test Loss: 1.1614, Test Acc: 0.6528
2025-10-15 11:21:46.206 | INFO     | [Worker-0 / GPU-0] Epoch 12/150 | Train Acc: 0.7017, Train Loss: 1.0669 | Test Loss: 1.1763, Test Acc: 0.6515
2025-10-15 11:21:46.206 | INFO     | [Worker-0 / GPU-0] Epoch 13/150 | Train Acc: 0.7161, Train Loss: 1.0373 | Test Loss: 1.1231, Test Acc: 0.6656
2025-10-15 11:21:46.206 | INFO     | [Worker-0 / GPU-0] Epoch 14/150 | Train Acc: 0.7301, Train Loss: 1.0048 | Test Loss: 1.1392, Test Acc: 0.6606
2025-10-15 11:21:46.206 | INFO     | [Worker-0 / GPU-0] Epoch 15/150 | Train Acc: 0.7418, Train Loss: 0.9900 | Test Loss: 1.0943, Test Acc: 0.6799
2025-10-15 11:21:46.206 | INFO     | [Worker-0 / GPU-0] Epoch 16/150 | Train Acc: 0.7534, Train Loss: 0.9808 | Test Loss: 1.1217, Test Acc: 0.6756
2025-10-15 11:21:46.206 | INFO     | [Worker-0 / GPU-0] Epoch 17/150 | Train Acc: 0.7783, Train Loss: 0.9046 | Test Loss: 1.1028, Test Acc: 0.6843
2025-10-15 11:21:46.206 | INFO     | [Worker-0 / GPU-0] Epoch 18/150 | Train Acc: 0.7658, Train Loss: 0.9597 | Test Loss: 1.1017, Test Acc: 0.6821
2025-10-15 11:21:46.207 | INFO     | [Worker-0 / GPU-0] Epoch 19/150 | Train Acc: 0.7893, Train Loss: 0.9026 | Test Loss: 1.1259, Test Acc: 0.6830
2025-10-15 11:21:46.207 | INFO     | [Worker-0 / GPU-0] Epoch 20/150 | Train Acc: 0.8111, Train Loss: 0.8494 | Test Loss: 1.0759, Test Acc: 0.6973
2025-10-15 11:21:46.207 | INFO     | [Worker-0 / GPU-0] Epoch 21/150 | Train Acc: 0.8115, Train Loss: 0.8604 | Test Loss: 1.0987, Test Acc: 0.6849
2025-10-15 11:21:46.207 | INFO     | [Worker-0 / GPU-0] Epoch 22/150 | Train Acc: 0.8264, Train Loss: 0.8261 | Test Loss: 1.0471, Test Acc: 0.7022
2025-10-15 11:21:46.207 | INFO     | [Worker-0 / GPU-0] Epoch 23/150 | Train Acc: 0.8277, Train Loss: 0.8321 | Test Loss: 1.0310, Test Acc: 0.7131
2025-10-15 11:21:46.207 | INFO     | [Worker-0 / GPU-0] Epoch 24/150 | Train Acc: 0.8357, Train Loss: 0.8066 | Test Loss: 1.1304, Test Acc: 0.6825
2025-10-15 11:21:46.208 | INFO     | [Worker-0 / GPU-0] Epoch 25/150 | Train Acc: 0.8558, Train Loss: 0.7687 | Test Loss: 1.3238, Test Acc: 0.6260
2025-10-15 11:21:46.208 | INFO     | [Worker-0 / GPU-0] Epoch 26/150 | Train Acc: 0.8563, Train Loss: 0.7760 | Test Loss: 1.0886, Test Acc: 0.6965
2025-10-15 11:21:46.208 | INFO     | [Worker-0 / GPU-0] Epoch 27/150 | Train Acc: 0.8638, Train Loss: 0.7564 | Test Loss: 1.1084, Test Acc: 0.6891
2025-10-15 11:21:46.208 | INFO     | [Worker-0 / GPU-0] Epoch 28/150 | Train Acc: 0.8570, Train Loss: 0.7848 | Test Loss: 1.0607, Test Acc: 0.7028
2025-10-15 11:21:46.208 | INFO     | [Worker-0 / GPU-0] Epoch 29/150 | Train Acc: 0.8632, Train Loss: 0.7718 | Test Loss: 1.4433, Test Acc: 0.5961
2025-10-15 11:21:46.208 | INFO     | [Worker-0 / GPU-0] Epoch 30/150 | Train Acc: 0.8795, Train Loss: 0.7263 | Test Loss: 1.1280, Test Acc: 0.6855
2025-10-15 11:21:46.209 | INFO     | [Worker-0 / GPU-0] Epoch 31/150 | Train Acc: 0.8840, Train Loss: 0.7254 | Test Loss: 1.3327, Test Acc: 0.6336
2025-10-15 11:21:46.209 | INFO     | [Worker-0 / GPU-0] Epoch 32/150 | Train Acc: 0.8799, Train Loss: 0.7398 | Test Loss: 1.4098, Test Acc: 0.6058
2025-10-15 11:21:46.209 | INFO     | [Worker-0 / GPU-0] Epoch 33/150 | Train Acc: 0.8952, Train Loss: 0.7086 | Test Loss: 0.9932, Test Acc: 0.7295
2025-10-15 11:21:46.209 | INFO     | [Worker-0 / GPU-0] Epoch 34/150 | Train Acc: 0.9047, Train Loss: 0.6716 | Test Loss: 1.1226, Test Acc: 0.6851
2025-10-15 11:21:46.209 | INFO     | [Worker-0 / GPU-0] Epoch 35/150 | Train Acc: 0.9133, Train Loss: 0.6527 | Test Loss: 1.1982, Test Acc: 0.6686
2025-10-15 11:21:46.209 | INFO     | [Worker-0 / GPU-0] Epoch 36/150 | Train Acc: 0.9117, Train Loss: 0.6620 | Test Loss: 1.2797, Test Acc: 0.6485
2025-10-15 11:21:46.210 | INFO     | [Worker-0 / GPU-0] Epoch 37/150 | Train Acc: 0.9113, Train Loss: 0.6649 | Test Loss: 1.1299, Test Acc: 0.6890
2025-10-15 11:21:46.210 | INFO     | [Worker-0 / GPU-0] Epoch 38/150 | Train Acc: 0.9086, Train Loss: 0.6708 | Test Loss: 1.0795, Test Acc: 0.7032
2025-10-15 11:21:46.210 | INFO     | [Worker-0 / GPU-0] Epoch 39/150 | Train Acc: 0.9075, Train Loss: 0.6718 | Test Loss: 1.1964, Test Acc: 0.6651
2025-10-15 11:21:46.210 | INFO     | [Worker-0 / GPU-0] Epoch 40/150 | Train Acc: 0.8979, Train Loss: 0.6934 | Test Loss: 1.4293, Test Acc: 0.5967
2025-10-15 11:21:46.210 | INFO     | [Worker-0 / GPU-0] Epoch 41/150 | Train Acc: 0.9024, Train Loss: 0.6845 | Test Loss: 1.2064, Test Acc: 0.6814
2025-10-15 11:21:46.210 | INFO     | [Worker-0 / GPU-0] Epoch 42/150 | Train Acc: 0.9195, Train Loss: 0.6456 | Test Loss: 1.2816, Test Acc: 0.6518
2025-10-15 11:21:46.211 | INFO     | [Worker-0 / GPU-0] Epoch 43/150 | Train Acc: 0.9095, Train Loss: 0.6745 | Test Loss: 1.1314, Test Acc: 0.6870
2025-10-15 11:21:46.211 | INFO     | [Worker-0 / GPU-0] Epoch 44/150 | Train Acc: 0.9158, Train Loss: 0.6452 | Test Loss: 1.0918, Test Acc: 0.7053
2025-10-15 11:21:46.211 | INFO     | [Worker-0 / GPU-0] Epoch 45/150 | Train Acc: 0.9110, Train Loss: 0.6747 | Test Loss: 1.1978, Test Acc: 0.6899
2025-10-15 11:21:46.211 | INFO     | [Worker-0 / GPU-0] Epoch 46/150 | Train Acc: 0.9228, Train Loss: 0.6276 | Test Loss: 1.0921, Test Acc: 0.7102
2025-10-15 11:21:46.211 | INFO     | [Worker-0 / GPU-0] Epoch 47/150 | Train Acc: 0.9256, Train Loss: 0.6233 | Test Loss: 1.1117, Test Acc: 0.7019
2025-10-15 11:21:46.211 | INFO     | [Worker-0 / GPU-0] Epoch 48/150 | Train Acc: 0.9092, Train Loss: 0.6744 | Test Loss: 1.4065, Test Acc: 0.6076
2025-10-15 11:21:46.211 | INFO     | [Worker-0 / GPU-0] Epoch 49/150 | Train Acc: 0.9306, Train Loss: 0.6047 | Test Loss: 1.1454, Test Acc: 0.6878
2025-10-15 11:21:46.212 | INFO     | [Worker-0 / GPU-0] Epoch 50/150 | Train Acc: 0.9073, Train Loss: 0.6624 | Test Loss: 1.1557, Test Acc: 0.6803
2025-10-15 11:21:46.212 | INFO     | [Worker-0 / GPU-0] Epoch 51/150 | Train Acc: 0.9122, Train Loss: 0.6497 | Test Loss: 1.2418, Test Acc: 0.6535
2025-10-15 11:21:46.212 | INFO     | [Worker-0 / GPU-0] Epoch 52/150 | Train Acc: 0.9133, Train Loss: 0.6528 | Test Loss: 1.0804, Test Acc: 0.7047
2025-10-15 11:21:46.212 | INFO     | [Worker-0 / GPU-0] Epoch 53/150 | Train Acc: 0.9137, Train Loss: 0.6458 | Test Loss: 1.1422, Test Acc: 0.6891
2025-10-15 11:21:46.212 | INFO     | [Worker-0 / GPU-0] Epoch 53/150 | Train Acc: 0.9137, Train Loss: 0.6458 | Test Loss: 1.1422, Test Acc: 0.6891 / Early stopping triggered
2025-10-15 11:21:46.212 | INFO     | [Worker-0 / GPU-0] Individual 1 -> Accuracy: 0.6891, Loss: 1.1422 | Duration: 218.27s
2025-10-15 11:21:46.213 | INFO     | [Worker-0 / GPU-0] GPU memory used: 0.15 GB
2025-10-15 11:22:02.725 | INFO     | [Worker-2 / GPU-2] Evaluating Individual 0/24 (150 epochs)
2025-10-15 11:22:02.725 | INFO     | [Worker-2 / GPU-2] Hyperparameters: {'width_scale': 2.349448481018255, 'fc1_units': 256, 'dropout_rate': 0.4184918058748145, 'optimizer_schedule': 'SGD_EXPONENTIAL', 'base_lr': 0.05594635763786777, 'aug_intensity': 'STRONG', 'weight_decay': 0.0004285987515222366, 'batch_size': 256}
2025-10-15 11:22:02.726 | INFO     | [Worker-2 / GPU-2] Scaled base_lr to 0.111893 for batch_size 256
2025-10-15 11:22:02.726 | INFO     | [Worker-2 / GPU-2] Epoch 1/150 | Train Acc: 0.2970, Train Loss: 3.4381 | Test Loss: 1.5840, Test Acc: 0.4777
2025-10-15 11:22:02.726 | INFO     | [Worker-2 / GPU-2] Epoch 2/150 | Train Acc: 0.4663, Train Loss: 1.6278 | Test Loss: 1.4756, Test Acc: 0.5235
2025-10-15 11:22:02.726 | INFO     | [Worker-2 / GPU-2] Epoch 3/150 | Train Acc: 0.5362, Train Loss: 1.4450 | Test Loss: 1.4505, Test Acc: 0.5373
2025-10-15 11:22:02.726 | INFO     | [Worker-2 / GPU-2] Epoch 4/150 | Train Acc: 0.5863, Train Loss: 1.3307 | Test Loss: 1.2552, Test Acc: 0.6097
2025-10-15 11:22:02.726 | INFO     | [Worker-2 / GPU-2] Epoch 5/150 | Train Acc: 0.6322, Train Loss: 1.2319 | Test Loss: 1.2220, Test Acc: 0.6320
2025-10-15 11:22:02.727 | INFO     | [Worker-2 / GPU-2] Epoch 6/150 | Train Acc: 0.6577, Train Loss: 1.1825 | Test Loss: 1.3703, Test Acc: 0.5845
2025-10-15 11:22:02.727 | INFO     | [Worker-2 / GPU-2] Epoch 7/150 | Train Acc: 0.6847, Train Loss: 1.1133 | Test Loss: 1.1849, Test Acc: 0.6340
2025-10-15 11:22:02.727 | INFO     | [Worker-2 / GPU-2] Epoch 8/150 | Train Acc: 0.7122, Train Loss: 1.0465 | Test Loss: 1.3042, Test Acc: 0.6013
2025-10-15 11:22:02.727 | INFO     | [Worker-2 / GPU-2] Epoch 9/150 | Train Acc: 0.7524, Train Loss: 0.9518 | Test Loss: 1.1103, Test Acc: 0.6828
2025-10-15 11:22:02.727 | INFO     | [Worker-2 / GPU-2] Epoch 10/150 | Train Acc: 0.7698, Train Loss: 0.9212 | Test Loss: 1.0408, Test Acc: 0.7029
2025-10-15 11:22:02.728 | INFO     | [Worker-2 / GPU-2] Epoch 11/150 | Train Acc: 0.7927, Train Loss: 0.8758 | Test Loss: 1.2757, Test Acc: 0.6329
2025-10-15 11:22:02.728 | INFO     | [Worker-2 / GPU-2] Epoch 12/150 | Train Acc: 0.8228, Train Loss: 0.8139 | Test Loss: 1.0704, Test Acc: 0.6999
2025-10-15 11:22:02.728 | INFO     | [Worker-2 / GPU-2] Epoch 13/150 | Train Acc: 0.8511, Train Loss: 0.7411 | Test Loss: 1.4384, Test Acc: 0.5900
2025-10-15 11:22:02.728 | INFO     | [Worker-2 / GPU-2] Epoch 14/150 | Train Acc: 0.8710, Train Loss: 0.7009 | Test Loss: 1.0236, Test Acc: 0.7097
2025-10-15 11:22:02.728 | INFO     | [Worker-2 / GPU-2] Epoch 15/150 | Train Acc: 0.8996, Train Loss: 0.6281 | Test Loss: 1.2860, Test Acc: 0.6441
2025-10-15 11:22:02.728 | INFO     | [Worker-2 / GPU-2] Epoch 16/150 | Train Acc: 0.9101, Train Loss: 0.6165 | Test Loss: 1.2507, Test Acc: 0.6522
2025-10-15 11:22:02.729 | INFO     | [Worker-2 / GPU-2] Epoch 17/150 | Train Acc: 0.9246, Train Loss: 0.5901 | Test Loss: 1.3696, Test Acc: 0.6171
2025-10-15 11:22:02.729 | INFO     | [Worker-2 / GPU-2] Epoch 18/150 | Train Acc: 0.9205, Train Loss: 0.6046 | Test Loss: 1.1806, Test Acc: 0.6764
2025-10-15 11:22:02.729 | INFO     | [Worker-2 / GPU-2] Epoch 19/150 | Train Acc: 0.9374, Train Loss: 0.5789 | Test Loss: 1.7735, Test Acc: 0.5264
2025-10-15 11:22:02.729 | INFO     | [Worker-2 / GPU-2] Epoch 20/150 | Train Acc: 0.9370, Train Loss: 0.5637 | Test Loss: 1.0973, Test Acc: 0.7059
2025-10-15 11:22:02.729 | INFO     | [Worker-2 / GPU-2] Epoch 21/150 | Train Acc: 0.9491, Train Loss: 0.5274 | Test Loss: 1.0187, Test Acc: 0.7291
2025-10-15 11:22:02.729 | INFO     | [Worker-2 / GPU-2] Epoch 22/150 | Train Acc: 0.9628, Train Loss: 0.4859 | Test Loss: 1.2781, Test Acc: 0.6482
2025-10-15 11:22:02.730 | INFO     | [Worker-2 / GPU-2] Epoch 23/150 | Train Acc: 0.9597, Train Loss: 0.4993 | Test Loss: 0.9841, Test Acc: 0.7434
2025-10-15 11:22:02.730 | INFO     | [Worker-2 / GPU-2] Epoch 24/150 | Train Acc: 0.9397, Train Loss: 0.5698 | Test Loss: 1.2320, Test Acc: 0.6872
2025-10-15 11:22:02.730 | INFO     | [Worker-2 / GPU-2] Epoch 25/150 | Train Acc: 0.9544, Train Loss: 0.5206 | Test Loss: 1.1272, Test Acc: 0.6912
2025-10-15 11:22:02.730 | INFO     | [Worker-2 / GPU-2] Epoch 26/150 | Train Acc: 0.9398, Train Loss: 0.5595 | Test Loss: 1.3041, Test Acc: 0.6758
2025-10-15 11:22:02.730 | INFO     | [Worker-2 / GPU-2] Epoch 27/150 | Train Acc: 0.9611, Train Loss: 0.4915 | Test Loss: 1.0679, Test Acc: 0.7158
2025-10-15 11:22:02.730 | INFO     | [Worker-2 / GPU-2] Epoch 28/150 | Train Acc: 0.9689, Train Loss: 0.4729 | Test Loss: 1.0341, Test Acc: 0.7305
2025-10-15 11:22:02.731 | INFO     | [Worker-2 / GPU-2] Epoch 29/150 | Train Acc: 0.9477, Train Loss: 0.5261 | Test Loss: 1.0483, Test Acc: 0.7276
2025-10-15 11:22:02.731 | INFO     | [Worker-2 / GPU-2] Epoch 30/150 | Train Acc: 0.9354, Train Loss: 0.5682 | Test Loss: 0.9751, Test Acc: 0.7472
2025-10-15 11:22:02.731 | INFO     | [Worker-2 / GPU-2] Epoch 31/150 | Train Acc: 0.9449, Train Loss: 0.5447 | Test Loss: 1.0774, Test Acc: 0.7227
2025-10-15 11:22:02.731 | INFO     | [Worker-2 / GPU-2] Epoch 32/150 | Train Acc: 0.9547, Train Loss: 0.4910 | Test Loss: 1.0510, Test Acc: 0.7251
2025-10-15 11:22:02.731 | INFO     | [Worker-2 / GPU-2] Epoch 33/150 | Train Acc: 0.9400, Train Loss: 0.5351 | Test Loss: 1.0528, Test Acc: 0.7250
2025-10-15 11:22:02.731 | INFO     | [Worker-2 / GPU-2] Epoch 34/150 | Train Acc: 0.9550, Train Loss: 0.4897 | Test Loss: 1.2563, Test Acc: 0.6660
2025-10-15 11:22:02.732 | INFO     | [Worker-2 / GPU-2] Epoch 35/150 | Train Acc: 0.9484, Train Loss: 0.5246 | Test Loss: 1.0323, Test Acc: 0.7313
2025-10-15 11:22:02.732 | INFO     | [Worker-2 / GPU-2] Epoch 36/150 | Train Acc: 0.9401, Train Loss: 0.5422 | Test Loss: 0.9541, Test Acc: 0.7536
2025-10-15 11:22:02.732 | INFO     | [Worker-2 / GPU-2] Epoch 37/150 | Train Acc: 0.9322, Train Loss: 0.5556 | Test Loss: 1.0406, Test Acc: 0.7252
2025-10-15 11:22:02.732 | INFO     | [Worker-2 / GPU-2] Epoch 38/150 | Train Acc: 0.9588, Train Loss: 0.4843 | Test Loss: 0.9808, Test Acc: 0.7364
2025-10-15 11:22:02.732 | INFO     | [Worker-2 / GPU-2] Epoch 39/150 | Train Acc: 0.9309, Train Loss: 0.5602 | Test Loss: 0.9343, Test Acc: 0.7591
2025-10-15 11:22:02.732 | INFO     | [Worker-2 / GPU-2] Epoch 40/150 | Train Acc: 0.9407, Train Loss: 0.5400 | Test Loss: 1.0349, Test Acc: 0.7251
2025-10-15 11:22:02.733 | INFO     | [Worker-2 / GPU-2] Epoch 41/150 | Train Acc: 0.9244, Train Loss: 0.5919 | Test Loss: 0.9718, Test Acc: 0.7526
2025-10-15 11:22:02.733 | INFO     | [Worker-2 / GPU-2] Epoch 42/150 | Train Acc: 0.9283, Train Loss: 0.5691 | Test Loss: 1.0405, Test Acc: 0.7319
2025-10-15 11:22:02.733 | INFO     | [Worker-2 / GPU-2] Epoch 43/150 | Train Acc: 0.9388, Train Loss: 0.5500 | Test Loss: 0.9606, Test Acc: 0.7501
2025-10-15 11:22:02.733 | INFO     | [Worker-2 / GPU-2] Epoch 44/150 | Train Acc: 0.9417, Train Loss: 0.5225 | Test Loss: 1.0301, Test Acc: 0.7239
2025-10-15 11:22:02.733 | INFO     | [Worker-2 / GPU-2] Epoch 45/150 | Train Acc: 0.9399, Train Loss: 0.5210 | Test Loss: 0.9899, Test Acc: 0.7407
2025-10-15 11:22:02.733 | INFO     | [Worker-2 / GPU-2] Epoch 46/150 | Train Acc: 0.9242, Train Loss: 0.5735 | Test Loss: 0.9903, Test Acc: 0.7435
2025-10-15 11:22:02.734 | INFO     | [Worker-2 / GPU-2] Epoch 47/150 | Train Acc: 0.9459, Train Loss: 0.5095 | Test Loss: 0.9190, Test Acc: 0.7705
2025-10-15 11:22:02.734 | INFO     | [Worker-2 / GPU-2] Epoch 48/150 | Train Acc: 0.9253, Train Loss: 0.5727 | Test Loss: 0.9642, Test Acc: 0.7545
2025-10-15 11:22:02.734 | INFO     | [Worker-2 / GPU-2] Epoch 49/150 | Train Acc: 0.9209, Train Loss: 0.5911 | Test Loss: 0.9445, Test Acc: 0.7643
2025-10-15 11:22:02.734 | INFO     | [Worker-2 / GPU-2] Epoch 50/150 | Train Acc: 0.9225, Train Loss: 0.5874 | Test Loss: 0.9693, Test Acc: 0.7470
2025-10-15 11:22:02.734 | INFO     | [Worker-2 / GPU-2] Epoch 51/150 | Train Acc: 0.9169, Train Loss: 0.5829 | Test Loss: 0.9659, Test Acc: 0.7558
2025-10-15 11:22:02.734 | INFO     | [Worker-2 / GPU-2] Epoch 52/150 | Train Acc: 0.9345, Train Loss: 0.5507 | Test Loss: 0.9011, Test Acc: 0.7769
2025-10-15 11:22:02.735 | INFO     | [Worker-2 / GPU-2] Epoch 53/150 | Train Acc: 0.9121, Train Loss: 0.6133 | Test Loss: 0.9788, Test Acc: 0.7446
2025-10-15 11:22:02.735 | INFO     | [Worker-2 / GPU-2] Epoch 54/150 | Train Acc: 0.9213, Train Loss: 0.6034 | Test Loss: 0.9534, Test Acc: 0.7572
2025-10-15 11:22:02.735 | INFO     | [Worker-2 / GPU-2] Epoch 55/150 | Train Acc: 0.9044, Train Loss: 0.6446 | Test Loss: 1.0210, Test Acc: 0.7319
2025-10-15 11:22:02.735 | INFO     | [Worker-2 / GPU-2] Epoch 56/150 | Train Acc: 0.9182, Train Loss: 0.5995 | Test Loss: 1.0074, Test Acc: 0.7314
2025-10-15 11:22:02.735 | INFO     | [Worker-2 / GPU-2] Epoch 57/150 | Train Acc: 0.9078, Train Loss: 0.6250 | Test Loss: 0.9116, Test Acc: 0.7777
2025-10-15 11:22:02.735 | INFO     | [Worker-2 / GPU-2] Epoch 58/150 | Train Acc: 0.9066, Train Loss: 0.6305 | Test Loss: 0.9116, Test Acc: 0.7750
2025-10-15 11:22:02.736 | INFO     | [Worker-2 / GPU-2] Epoch 59/150 | Train Acc: 0.9030, Train Loss: 0.6548 | Test Loss: 0.9069, Test Acc: 0.7757
2025-10-15 11:22:02.736 | INFO     | [Worker-2 / GPU-2] Epoch 60/150 | Train Acc: 0.9210, Train Loss: 0.5926 | Test Loss: 0.9504, Test Acc: 0.7580
2025-10-15 11:22:02.736 | INFO     | [Worker-2 / GPU-2] Epoch 61/150 | Train Acc: 0.8977, Train Loss: 0.6709 | Test Loss: 0.9800, Test Acc: 0.7517
2025-10-15 11:22:02.736 | INFO     | [Worker-2 / GPU-2] Epoch 62/150 | Train Acc: 0.9068, Train Loss: 0.6303 | Test Loss: 1.0127, Test Acc: 0.7407
2025-10-15 11:22:02.736 | INFO     | [Worker-2 / GPU-2] Epoch 63/150 | Train Acc: 0.8991, Train Loss: 0.6598 | Test Loss: 0.8906, Test Acc: 0.7773
2025-10-15 11:22:02.736 | INFO     | [Worker-2 / GPU-2] Epoch 64/150 | Train Acc: 0.9172, Train Loss: 0.6004 | Test Loss: 0.9138, Test Acc: 0.7737
2025-10-15 11:22:02.737 | INFO     | [Worker-2 / GPU-2] Epoch 65/150 | Train Acc: 0.8963, Train Loss: 0.6684 | Test Loss: 0.9314, Test Acc: 0.7665
2025-10-15 11:22:02.737 | INFO     | [Worker-2 / GPU-2] Epoch 66/150 | Train Acc: 0.8869, Train Loss: 0.6998 | Test Loss: 0.8876, Test Acc: 0.7844
2025-10-15 11:22:02.737 | INFO     | [Worker-2 / GPU-2] Epoch 67/150 | Train Acc: 0.8947, Train Loss: 0.6742 | Test Loss: 0.9196, Test Acc: 0.7695
2025-10-15 11:22:02.737 | INFO     | [Worker-2 / GPU-2] Epoch 68/150 | Train Acc: 0.8931, Train Loss: 0.6875 | Test Loss: 0.9103, Test Acc: 0.7758
2025-10-15 11:22:02.737 | INFO     | [Worker-2 / GPU-2] Epoch 69/150 | Train Acc: 0.8835, Train Loss: 0.7016 | Test Loss: 0.8906, Test Acc: 0.7820
2025-10-15 11:22:02.737 | INFO     | [Worker-2 / GPU-2] Epoch 70/150 | Train Acc: 0.9148, Train Loss: 0.6061 | Test Loss: 0.8713, Test Acc: 0.7875
2025-10-15 11:22:02.738 | INFO     | [Worker-2 / GPU-2] Epoch 71/150 | Train Acc: 0.9047, Train Loss: 0.6502 | Test Loss: 0.9181, Test Acc: 0.7728
2025-10-15 11:22:02.738 | INFO     | [Worker-2 / GPU-2] Epoch 72/150 | Train Acc: 0.9041, Train Loss: 0.6446 | Test Loss: 0.8820, Test Acc: 0.7857
2025-10-15 11:22:02.738 | INFO     | [Worker-2 / GPU-2] Epoch 73/150 | Train Acc: 0.8875, Train Loss: 0.6903 | Test Loss: 0.8754, Test Acc: 0.7878
2025-10-15 11:22:02.738 | INFO     | [Worker-2 / GPU-2] Epoch 74/150 | Train Acc: 0.9200, Train Loss: 0.5999 | Test Loss: 0.8875, Test Acc: 0.7863
2025-10-15 11:22:02.738 | INFO     | [Worker-2 / GPU-2] Epoch 75/150 | Train Acc: 0.9134, Train Loss: 0.6309 | Test Loss: 0.8981, Test Acc: 0.7809
2025-10-15 11:22:02.739 | INFO     | [Worker-2 / GPU-2] Epoch 76/150 | Train Acc: 0.8952, Train Loss: 0.6683 | Test Loss: 0.9015, Test Acc: 0.7767
2025-10-15 11:22:02.739 | INFO     | [Worker-2 / GPU-2] Epoch 77/150 | Train Acc: 0.8799, Train Loss: 0.7295 | Test Loss: 0.8969, Test Acc: 0.7866
2025-10-15 11:22:02.739 | INFO     | [Worker-2 / GPU-2] Epoch 78/150 | Train Acc: 0.8899, Train Loss: 0.6982 | Test Loss: 0.9023, Test Acc: 0.7826
2025-10-15 11:22:02.739 | INFO     | [Worker-2 / GPU-2] Epoch 79/150 | Train Acc: 0.8917, Train Loss: 0.6827 | Test Loss: 0.8821, Test Acc: 0.7871
2025-10-15 11:22:02.739 | INFO     | [Worker-2 / GPU-2] Epoch 80/150 | Train Acc: 0.9060, Train Loss: 0.6573 | Test Loss: 0.8727, Test Acc: 0.7877
2025-10-15 11:22:02.740 | INFO     | [Worker-2 / GPU-2] Epoch 81/150 | Train Acc: 0.9034, Train Loss: 0.6348 | Test Loss: 0.8697, Test Acc: 0.7946
2025-10-15 11:22:02.740 | INFO     | [Worker-2 / GPU-2] Epoch 82/150 | Train Acc: 0.9047, Train Loss: 0.6468 | Test Loss: 0.8996, Test Acc: 0.7817
2025-10-15 11:22:02.740 | INFO     | [Worker-2 / GPU-2] Epoch 83/150 | Train Acc: 0.9039, Train Loss: 0.6444 | Test Loss: 0.8763, Test Acc: 0.7898
2025-10-15 11:22:02.740 | INFO     | [Worker-2 / GPU-2] Epoch 84/150 | Train Acc: 0.8941, Train Loss: 0.6725 | Test Loss: 0.8677, Test Acc: 0.7902
2025-10-15 11:22:02.740 | INFO     | [Worker-2 / GPU-2] Epoch 85/150 | Train Acc: 0.8866, Train Loss: 0.7162 | Test Loss: 0.8852, Test Acc: 0.7885
2025-10-15 11:22:02.740 | INFO     | [Worker-2 / GPU-2] Epoch 86/150 | Train Acc: 0.8826, Train Loss: 0.6942 | Test Loss: 0.8843, Test Acc: 0.7869
2025-10-15 11:22:02.741 | INFO     | [Worker-2 / GPU-2] Epoch 87/150 | Train Acc: 0.8998, Train Loss: 0.6514 | Test Loss: 0.8695, Test Acc: 0.7934
2025-10-15 11:22:02.741 | INFO     | [Worker-2 / GPU-2] Epoch 88/150 | Train Acc: 0.9009, Train Loss: 0.6708 | Test Loss: 0.8825, Test Acc: 0.7876
2025-10-15 11:22:02.741 | INFO     | [Worker-2 / GPU-2] Epoch 89/150 | Train Acc: 0.8868, Train Loss: 0.6976 | Test Loss: 0.8844, Test Acc: 0.7900
2025-10-15 11:22:02.741 | INFO     | [Worker-2 / GPU-2] Epoch 90/150 | Train Acc: 0.8933, Train Loss: 0.6852 | Test Loss: 0.8866, Test Acc: 0.7856
2025-10-15 11:22:02.741 | INFO     | [Worker-2 / GPU-2] Epoch 91/150 | Train Acc: 0.8859, Train Loss: 0.7041 | Test Loss: 0.8774, Test Acc: 0.7917
2025-10-15 11:22:02.742 | INFO     | [Worker-2 / GPU-2] Epoch 92/150 | Train Acc: 0.8840, Train Loss: 0.7183 | Test Loss: 0.8722, Test Acc: 0.7897
2025-10-15 11:22:02.742 | INFO     | [Worker-2 / GPU-2] Epoch 93/150 | Train Acc: 0.9033, Train Loss: 0.6523 | Test Loss: 0.8883, Test Acc: 0.7886
2025-10-15 11:22:02.742 | INFO     | [Worker-2 / GPU-2] Epoch 94/150 | Train Acc: 0.8984, Train Loss: 0.6641 | Test Loss: 0.8720, Test Acc: 0.7914
2025-10-15 11:22:02.742 | INFO     | [Worker-2 / GPU-2] Epoch 95/150 | Train Acc: 0.8620, Train Loss: 0.7733 | Test Loss: 0.8811, Test Acc: 0.7889
2025-10-15 11:22:02.742 | INFO     | [Worker-2 / GPU-2] Epoch 96/150 | Train Acc: 0.8857, Train Loss: 0.6997 | Test Loss: 0.8883, Test Acc: 0.7856
2025-10-15 11:22:02.743 | INFO     | [Worker-2 / GPU-2] Epoch 97/150 | Train Acc: 0.8831, Train Loss: 0.7196 | Test Loss: 0.8707, Test Acc: 0.7939
2025-10-15 11:22:02.743 | INFO     | [Worker-2 / GPU-2] Epoch 98/150 | Train Acc: 0.8774, Train Loss: 0.7245 | Test Loss: 0.8755, Test Acc: 0.7917
2025-10-15 11:22:02.743 | INFO     | [Worker-2 / GPU-2] Epoch 99/150 | Train Acc: 0.8714, Train Loss: 0.7552 | Test Loss: 0.8902, Test Acc: 0.7884
2025-10-15 11:22:02.743 | INFO     | [Worker-2 / GPU-2] Epoch 100/150 | Train Acc: 0.8846, Train Loss: 0.7035 | Test Loss: 0.8703, Test Acc: 0.7924
2025-10-15 11:22:02.743 | INFO     | [Worker-2 / GPU-2] Epoch 101/150 | Train Acc: 0.8740, Train Loss: 0.7303 | Test Loss: 0.8692, Test Acc: 0.7938
2025-10-15 11:22:02.743 | INFO     | [Worker-2 / GPU-2] Epoch 101/150 | Train Acc: 0.8740, Train Loss: 0.7303 | Test Loss: 0.8692, Test Acc: 0.7938 / Early stopping triggered
2025-10-15 11:22:02.744 | INFO     | [Worker-2 / GPU-2] Individual 0 -> Accuracy: 0.7938, Loss: 0.8692 | Duration: 234.97s
2025-10-15 11:22:02.744 | INFO     | [Worker-2 / GPU-2] GPU memory used: 0.28 GB
2025-10-15 11:22:03.917 | INFO     | [Worker-1 / GPU-1] Evaluating Individual 2/24 (150 epochs)
2025-10-15 11:22:03.918 | INFO     | [Worker-1 / GPU-1] Hyperparameters: {'width_scale': 1.8667171118168389, 'fc1_units': 512, 'dropout_rate': 0.22489642989053774, 'optimizer_schedule': 'SGD_ONECYCLE', 'base_lr': 0.027775478498697197, 'aug_intensity': 'STRONG', 'weight_decay': 0.00012928468571328974, 'batch_size': 256}
2025-10-15 11:22:03.918 | INFO     | [Worker-1 / GPU-1] Scaled base_lr to 0.055551 for batch_size 256
2025-10-15 11:22:03.918 | INFO     | [Worker-1 / GPU-1] Epoch 1/150 | Train Acc: 0.2461, Train Loss: 3.3966 | Test Loss: 1.7661, Test Acc: 0.4322
2025-10-15 11:22:03.918 | INFO     | [Worker-1 / GPU-1] Epoch 2/150 | Train Acc: 0.3915, Train Loss: 1.9952 | Test Loss: 1.5348, Test Acc: 0.4994
2025-10-15 11:22:03.919 | INFO     | [Worker-1 / GPU-1] Epoch 3/150 | Train Acc: 0.4757, Train Loss: 1.6097 | Test Loss: 1.4554, Test Acc: 0.5283
2025-10-15 11:22:03.919 | INFO     | [Worker-1 / GPU-1] Epoch 4/150 | Train Acc: 0.5334, Train Loss: 1.4470 | Test Loss: 1.3781, Test Acc: 0.5586
2025-10-15 11:22:03.919 | INFO     | [Worker-1 / GPU-1] Epoch 5/150 | Train Acc: 0.5691, Train Loss: 1.3636 | Test Loss: 1.3336, Test Acc: 0.5783
2025-10-15 11:22:03.919 | INFO     | [Worker-1 / GPU-1] Epoch 6/150 | Train Acc: 0.5948, Train Loss: 1.3067 | Test Loss: 1.3091, Test Acc: 0.5878
2025-10-15 11:22:03.919 | INFO     | [Worker-1 / GPU-1] Epoch 7/150 | Train Acc: 0.6181, Train Loss: 1.2489 | Test Loss: 1.2442, Test Acc: 0.6138
2025-10-15 11:22:03.920 | INFO     | [Worker-1 / GPU-1] Epoch 8/150 | Train Acc: 0.6438, Train Loss: 1.1888 | Test Loss: 1.2158, Test Acc: 0.6253
2025-10-15 11:22:03.920 | INFO     | [Worker-1 / GPU-1] Epoch 9/150 | Train Acc: 0.6668, Train Loss: 1.1396 | Test Loss: 1.2012, Test Acc: 0.6357
2025-10-15 11:22:03.920 | INFO     | [Worker-1 / GPU-1] Epoch 10/150 | Train Acc: 0.6788, Train Loss: 1.1216 | Test Loss: 1.1767, Test Acc: 0.6473
2025-10-15 11:22:03.920 | INFO     | [Worker-1 / GPU-1] Epoch 11/150 | Train Acc: 0.6908, Train Loss: 1.1026 | Test Loss: 1.2253, Test Acc: 0.6301
2025-10-15 11:22:03.920 | INFO     | [Worker-1 / GPU-1] Epoch 12/150 | Train Acc: 0.7114, Train Loss: 1.0563 | Test Loss: 1.1444, Test Acc: 0.6648
2025-10-15 11:22:03.920 | INFO     | [Worker-1 / GPU-1] Epoch 13/150 | Train Acc: 0.7224, Train Loss: 1.0442 | Test Loss: 1.1782, Test Acc: 0.6505
2025-10-15 11:22:03.920 | INFO     | [Worker-1 / GPU-1] Epoch 14/150 | Train Acc: 0.7526, Train Loss: 0.9557 | Test Loss: 1.1676, Test Acc: 0.6533
2025-10-15 11:22:03.921 | INFO     | [Worker-1 / GPU-1] Epoch 15/150 | Train Acc: 0.7521, Train Loss: 0.9720 | Test Loss: 1.1260, Test Acc: 0.6704
2025-10-15 11:22:03.921 | INFO     | [Worker-1 / GPU-1] Epoch 16/150 | Train Acc: 0.7748, Train Loss: 0.9206 | Test Loss: 1.1318, Test Acc: 0.6724
2025-10-15 11:22:03.921 | INFO     | [Worker-1 / GPU-1] Epoch 17/150 | Train Acc: 0.7782, Train Loss: 0.9241 | Test Loss: 1.1281, Test Acc: 0.6774
2025-10-15 11:22:03.921 | INFO     | [Worker-1 / GPU-1] Epoch 18/150 | Train Acc: 0.7996, Train Loss: 0.8611 | Test Loss: 1.1577, Test Acc: 0.6717
2025-10-15 11:22:03.921 | INFO     | [Worker-1 / GPU-1] Epoch 19/150 | Train Acc: 0.8012, Train Loss: 0.8649 | Test Loss: 1.2172, Test Acc: 0.6381
2025-10-15 11:22:03.921 | INFO     | [Worker-1 / GPU-1] Epoch 20/150 | Train Acc: 0.8105, Train Loss: 0.8520 | Test Loss: 1.1578, Test Acc: 0.6698
2025-10-15 11:22:03.922 | INFO     | [Worker-1 / GPU-1] Epoch 21/150 | Train Acc: 0.8260, Train Loss: 0.8276 | Test Loss: 1.1027, Test Acc: 0.6862
2025-10-15 11:22:03.922 | INFO     | [Worker-1 / GPU-1] Epoch 22/150 | Train Acc: 0.8322, Train Loss: 0.8187 | Test Loss: 1.2539, Test Acc: 0.6360
2025-10-15 11:22:03.922 | INFO     | [Worker-1 / GPU-1] Epoch 23/150 | Train Acc: 0.8416, Train Loss: 0.7977 | Test Loss: 1.0892, Test Acc: 0.6896
2025-10-15 11:22:03.922 | INFO     | [Worker-1 / GPU-1] Epoch 24/150 | Train Acc: 0.8650, Train Loss: 0.7439 | Test Loss: 1.1374, Test Acc: 0.6818
2025-10-15 11:22:03.922 | INFO     | [Worker-1 / GPU-1] Epoch 25/150 | Train Acc: 0.8643, Train Loss: 0.7596 | Test Loss: 1.0829, Test Acc: 0.6968
2025-10-15 11:22:03.922 | INFO     | [Worker-1 / GPU-1] Epoch 26/150 | Train Acc: 0.8777, Train Loss: 0.7260 | Test Loss: 1.1888, Test Acc: 0.6641
2025-10-15 11:22:03.923 | INFO     | [Worker-1 / GPU-1] Epoch 27/150 | Train Acc: 0.8766, Train Loss: 0.7444 | Test Loss: 1.0985, Test Acc: 0.6966
2025-10-15 11:22:03.923 | INFO     | [Worker-1 / GPU-1] Epoch 28/150 | Train Acc: 0.8935, Train Loss: 0.6934 | Test Loss: 1.0989, Test Acc: 0.6904
2025-10-15 11:22:03.923 | INFO     | [Worker-1 / GPU-1] Epoch 29/150 | Train Acc: 0.8814, Train Loss: 0.7384 | Test Loss: 1.1519, Test Acc: 0.6801
2025-10-15 11:22:03.923 | INFO     | [Worker-1 / GPU-1] Epoch 30/150 | Train Acc: 0.8993, Train Loss: 0.6857 | Test Loss: 1.2000, Test Acc: 0.6675
2025-10-15 11:22:03.923 | INFO     | [Worker-1 / GPU-1] Epoch 31/150 | Train Acc: 0.9005, Train Loss: 0.6789 | Test Loss: 1.3145, Test Acc: 0.6327
2025-10-15 11:22:03.923 | INFO     | [Worker-1 / GPU-1] Epoch 32/150 | Train Acc: 0.9140, Train Loss: 0.6525 | Test Loss: 1.2093, Test Acc: 0.6659
2025-10-15 11:22:03.923 | INFO     | [Worker-1 / GPU-1] Epoch 33/150 | Train Acc: 0.9167, Train Loss: 0.6395 | Test Loss: 1.2438, Test Acc: 0.6500
2025-10-15 11:22:03.924 | INFO     | [Worker-1 / GPU-1] Epoch 34/150 | Train Acc: 0.9243, Train Loss: 0.6277 | Test Loss: 1.1546, Test Acc: 0.6892
2025-10-15 11:22:03.924 | INFO     | [Worker-1 / GPU-1] Epoch 35/150 | Train Acc: 0.8809, Train Loss: 0.7568 | Test Loss: 1.1557, Test Acc: 0.6838
2025-10-15 11:22:03.924 | INFO     | [Worker-1 / GPU-1] Epoch 36/150 | Train Acc: 0.9320, Train Loss: 0.6004 | Test Loss: 1.2348, Test Acc: 0.6595
2025-10-15 11:22:03.924 | INFO     | [Worker-1 / GPU-1] Epoch 37/150 | Train Acc: 0.9136, Train Loss: 0.6666 | Test Loss: 1.2308, Test Acc: 0.6574
2025-10-15 11:22:03.924 | INFO     | [Worker-1 / GPU-1] Epoch 38/150 | Train Acc: 0.9311, Train Loss: 0.6041 | Test Loss: 1.1241, Test Acc: 0.7049
2025-10-15 11:22:03.924 | INFO     | [Worker-1 / GPU-1] Epoch 39/150 | Train Acc: 0.9093, Train Loss: 0.6842 | Test Loss: 1.1425, Test Acc: 0.6814
2025-10-15 11:22:03.925 | INFO     | [Worker-1 / GPU-1] Epoch 40/150 | Train Acc: 0.9374, Train Loss: 0.5905 | Test Loss: 1.3255, Test Acc: 0.6408
2025-10-15 11:22:03.925 | INFO     | [Worker-1 / GPU-1] Epoch 41/150 | Train Acc: 0.9236, Train Loss: 0.6369 | Test Loss: 1.4180, Test Acc: 0.5996
2025-10-15 11:22:03.925 | INFO     | [Worker-1 / GPU-1] Epoch 42/150 | Train Acc: 0.8771, Train Loss: 0.7632 | Test Loss: 1.1947, Test Acc: 0.6669
2025-10-15 11:22:03.925 | INFO     | [Worker-1 / GPU-1] Epoch 43/150 | Train Acc: 0.9177, Train Loss: 0.6521 | Test Loss: 1.1526, Test Acc: 0.6855
2025-10-15 11:22:03.925 | INFO     | [Worker-1 / GPU-1] Epoch 44/150 | Train Acc: 0.9041, Train Loss: 0.6970 | Test Loss: 1.3421, Test Acc: 0.6449
2025-10-15 11:22:03.925 | INFO     | [Worker-1 / GPU-1] Epoch 45/150 | Train Acc: 0.9221, Train Loss: 0.6372 | Test Loss: 1.0716, Test Acc: 0.7131
2025-10-15 11:22:03.926 | INFO     | [Worker-1 / GPU-1] Epoch 46/150 | Train Acc: 0.9357, Train Loss: 0.6003 | Test Loss: 1.2450, Test Acc: 0.6752
2025-10-15 11:22:03.926 | INFO     | [Worker-1 / GPU-1] Epoch 47/150 | Train Acc: 0.9352, Train Loss: 0.6049 | Test Loss: 1.4277, Test Acc: 0.6140
2025-10-15 11:22:03.926 | INFO     | [Worker-1 / GPU-1] Epoch 48/150 | Train Acc: 0.9102, Train Loss: 0.6724 | Test Loss: 1.2461, Test Acc: 0.6491
2025-10-15 11:22:03.926 | INFO     | [Worker-1 / GPU-1] Epoch 49/150 | Train Acc: 0.9214, Train Loss: 0.6334 | Test Loss: 1.0602, Test Acc: 0.7184
2025-10-15 11:22:03.926 | INFO     | [Worker-1 / GPU-1] Epoch 50/150 | Train Acc: 0.9254, Train Loss: 0.6206 | Test Loss: 1.1444, Test Acc: 0.6889
2025-10-15 11:22:03.926 | INFO     | [Worker-1 / GPU-1] Epoch 51/150 | Train Acc: 0.9108, Train Loss: 0.6668 | Test Loss: 1.1432, Test Acc: 0.6937
2025-10-15 11:22:03.927 | INFO     | [Worker-1 / GPU-1] Epoch 52/150 | Train Acc: 0.9186, Train Loss: 0.6413 | Test Loss: 1.3178, Test Acc: 0.6374
2025-10-15 11:22:03.927 | INFO     | [Worker-1 / GPU-1] Epoch 53/150 | Train Acc: 0.9207, Train Loss: 0.6348 | Test Loss: 1.3354, Test Acc: 0.6499
2025-10-15 11:22:03.927 | INFO     | [Worker-1 / GPU-1] Epoch 54/150 | Train Acc: 0.9001, Train Loss: 0.6919 | Test Loss: 1.5693, Test Acc: 0.5823
2025-10-15 11:22:03.927 | INFO     | [Worker-1 / GPU-1] Epoch 55/150 | Train Acc: 0.9188, Train Loss: 0.6285 | Test Loss: 1.5614, Test Acc: 0.5546
2025-10-15 11:22:03.927 | INFO     | [Worker-1 / GPU-1] Epoch 56/150 | Train Acc: 0.8990, Train Loss: 0.6958 | Test Loss: 1.4271, Test Acc: 0.5922
2025-10-15 11:22:03.927 | INFO     | [Worker-1 / GPU-1] Epoch 57/150 | Train Acc: 0.9043, Train Loss: 0.6838 | Test Loss: 1.4639, Test Acc: 0.6218
2025-10-15 11:22:03.927 | INFO     | [Worker-1 / GPU-1] Epoch 58/150 | Train Acc: 0.9043, Train Loss: 0.6644 | Test Loss: 1.0830, Test Acc: 0.7082
2025-10-15 11:22:03.928 | INFO     | [Worker-1 / GPU-1] Epoch 59/150 | Train Acc: 0.9137, Train Loss: 0.6439 | Test Loss: 1.3281, Test Acc: 0.6623
2025-10-15 11:22:03.928 | INFO     | [Worker-1 / GPU-1] Epoch 60/150 | Train Acc: 0.8981, Train Loss: 0.6914 | Test Loss: 1.0410, Test Acc: 0.7222
2025-10-15 11:22:03.928 | INFO     | [Worker-1 / GPU-1] Epoch 61/150 | Train Acc: 0.9353, Train Loss: 0.5859 | Test Loss: 1.1492, Test Acc: 0.6859
2025-10-15 11:22:03.928 | INFO     | [Worker-1 / GPU-1] Epoch 62/150 | Train Acc: 0.9150, Train Loss: 0.6530 | Test Loss: 1.2038, Test Acc: 0.6716
2025-10-15 11:22:03.928 | INFO     | [Worker-1 / GPU-1] Epoch 63/150 | Train Acc: 0.8966, Train Loss: 0.7047 | Test Loss: 1.0616, Test Acc: 0.7128
2025-10-15 11:22:03.928 | INFO     | [Worker-1 / GPU-1] Epoch 64/150 | Train Acc: 0.8819, Train Loss: 0.7139 | Test Loss: 1.0103, Test Acc: 0.7305
2025-10-15 11:22:03.929 | INFO     | [Worker-1 / GPU-1] Epoch 65/150 | Train Acc: 0.9168, Train Loss: 0.6479 | Test Loss: 1.1587, Test Acc: 0.6842
2025-10-15 11:22:03.929 | INFO     | [Worker-1 / GPU-1] Epoch 66/150 | Train Acc: 0.9170, Train Loss: 0.6363 | Test Loss: 1.1668, Test Acc: 0.6851
2025-10-15 11:22:03.929 | INFO     | [Worker-1 / GPU-1] Epoch 67/150 | Train Acc: 0.9028, Train Loss: 0.6666 | Test Loss: 1.1734, Test Acc: 0.6783
2025-10-15 11:22:03.929 | INFO     | [Worker-1 / GPU-1] Epoch 68/150 | Train Acc: 0.8958, Train Loss: 0.6964 | Test Loss: 1.1729, Test Acc: 0.6744
2025-10-15 11:22:03.929 | INFO     | [Worker-1 / GPU-1] Epoch 69/150 | Train Acc: 0.8983, Train Loss: 0.6919 | Test Loss: 1.0953, Test Acc: 0.6996
2025-10-15 11:22:03.929 | INFO     | [Worker-1 / GPU-1] Epoch 70/150 | Train Acc: 0.9045, Train Loss: 0.6808 | Test Loss: 1.1084, Test Acc: 0.6984
2025-10-15 11:22:03.930 | INFO     | [Worker-1 / GPU-1] Epoch 71/150 | Train Acc: 0.9152, Train Loss: 0.6306 | Test Loss: 1.2266, Test Acc: 0.6609
2025-10-15 11:22:03.930 | INFO     | [Worker-1 / GPU-1] Epoch 72/150 | Train Acc: 0.9187, Train Loss: 0.6136 | Test Loss: 1.0944, Test Acc: 0.7067
2025-10-15 11:22:03.930 | INFO     | [Worker-1 / GPU-1] Epoch 73/150 | Train Acc: 0.8912, Train Loss: 0.6843 | Test Loss: 1.2565, Test Acc: 0.6428
2025-10-15 11:22:03.930 | INFO     | [Worker-1 / GPU-1] Epoch 74/150 | Train Acc: 0.9024, Train Loss: 0.6649 | Test Loss: 1.0445, Test Acc: 0.7228
2025-10-15 11:22:03.930 | INFO     | [Worker-1 / GPU-1] Epoch 75/150 | Train Acc: 0.8791, Train Loss: 0.7246 | Test Loss: 1.5358, Test Acc: 0.5817
2025-10-15 11:22:03.931 | INFO     | [Worker-1 / GPU-1] Epoch 76/150 | Train Acc: 0.8875, Train Loss: 0.7206 | Test Loss: 1.0610, Test Acc: 0.7114
2025-10-15 11:22:03.931 | INFO     | [Worker-1 / GPU-1] Epoch 77/150 | Train Acc: 0.9048, Train Loss: 0.6585 | Test Loss: 1.1754, Test Acc: 0.6779
2025-10-15 11:22:03.931 | INFO     | [Worker-1 / GPU-1] Epoch 78/150 | Train Acc: 0.8728, Train Loss: 0.7616 | Test Loss: 1.2934, Test Acc: 0.6410
2025-10-15 11:22:03.931 | INFO     | [Worker-1 / GPU-1] Epoch 79/150 | Train Acc: 0.9080, Train Loss: 0.6469 | Test Loss: 1.1153, Test Acc: 0.6978
2025-10-15 11:22:03.931 | INFO     | [Worker-1 / GPU-1] Epoch 80/150 | Train Acc: 0.9062, Train Loss: 0.6516 | Test Loss: 1.1346, Test Acc: 0.6829
2025-10-15 11:22:03.931 | INFO     | [Worker-1 / GPU-1] Epoch 81/150 | Train Acc: 0.8946, Train Loss: 0.6779 | Test Loss: 1.1608, Test Acc: 0.6768
2025-10-15 11:22:03.932 | INFO     | [Worker-1 / GPU-1] Epoch 82/150 | Train Acc: 0.8567, Train Loss: 0.7954 | Test Loss: 1.0624, Test Acc: 0.7191
2025-10-15 11:22:03.932 | INFO     | [Worker-1 / GPU-1] Epoch 83/150 | Train Acc: 0.8691, Train Loss: 0.7443 | Test Loss: 1.1693, Test Acc: 0.6826
2025-10-15 11:22:03.932 | INFO     | [Worker-1 / GPU-1] Epoch 84/150 | Train Acc: 0.8826, Train Loss: 0.7155 | Test Loss: 1.1081, Test Acc: 0.6974
2025-10-15 11:22:03.932 | INFO     | [Worker-1 / GPU-1] Epoch 84/150 | Train Acc: 0.8826, Train Loss: 0.7155 | Test Loss: 1.1081, Test Acc: 0.6974 / Early stopping triggered
2025-10-15 11:22:03.932 | INFO     | [Worker-1 / GPU-1] Individual 2 -> Accuracy: 0.6974, Loss: 1.1081 | Duration: 235.97s
2025-10-15 11:22:03.933 | INFO     | [Worker-1 / GPU-1] GPU memory used: 0.22 GB
