2025-10-10 14:14:17.156 | INFO     | Configuration:
{
    "project": {
        "name": "HPO Paper-Based Experiment",
        "seed": 123
    },
    "environment": {
        "data_source": {
            "dataset": "CIFAR-10",
            "path": "./model_data"
        },
        "logging": {
            "log_file": "logs/experiment.log",
            "error_log_file": "logs/error.log",
            "report_directory": "reports"
        }
    },
    "checkpoint_config": {
        "interval_per_gen": 1
    },
    "parallel_config": {
        "execution": {
            "evaluation_mode": "GPU",
            "enable_parallel": true,
            "gpu_workers": 4,
            "cpu_workers": 0,
            "gpu_cpu_performance_ratio": 16,
            "dataloader_workers": {
                "per_gpu": 8,
                "per_cpu": 1
            }
        }
    },
    "neural_network_config": {
        "input_shape": [
            3,
            32,
            32
        ],
        "output_classes": 10,
        "conv_blocks": 4,
        "fixed_parameters": {
            "activation_function": "relu",
            "base_filters": 32
        },
        "hyperparameter_space": {
            "width_scale": {
                "type": "float",
                "range": [
                    1.0,
                    2.0
                ],
                "description": "Scales the number of filters in convolutional layers"
            },
            "fc1_units": {
                "type": "enum",
                "values": [
                    64,
                    128,
                    256
                ],
                "description": "Number of neurons in the first fully connected layer"
            },
            "dropout_rate": {
                "type": "float",
                "range": [
                    0.2,
                    0.4
                ],
                "description": "Dropout intensity in the first fully connected layer"
            },
            "optimizer_schedule": {
                "type": "enum",
                "values": [
                    "SGD_COSINE",
                    "SGD_ONECYCLE",
                    "SGD_EXPONENTIAL"
                ],
                "description": "Optimizer type + Learning rate scheduler"
            },
            "base_lr": {
                "type": "float",
                "range": [
                    0.01,
                    0.05
                ],
                "scale": "log",
                "description": "Base learning rate value, log scale"
            },
            "aug_intensity": {
                "type": "enum",
                "values": [
                    "MEDIUM",
                    "STRONG"
                ],
                "description": "Level of data augmentation"
            },
            "weight_decay": {
                "type": "float",
                "range": [
                    0.0001,
                    0.001
                ],
                "scale": "log",
                "description": "L2 regularization coefficient, log scale"
            },
            "batch_size": {
                "type": "enum",
                "values": [
                    64,
                    128,
                    256
                ],
                "description": "Training batch size"
            }
        }
    },
    "nested_validation_config": {
        "enabled": true,
        "outer_k_folds": 3
    },
    "genetic_algorithm_config": {
        "genetic_operators": {
            "active": [
                "selection",
                "crossover",
                "mutation",
                "elitism"
            ],
            "selection": {
                "type": "tournament",
                "tournament_size": 4
            },
            "crossover": {
                "type": "uniform",
                "crossover_prob": 0.8
            },
            "mutation": {
                "mutation_prob_discrete": 0.15,
                "mutation_prob_categorical": 0.15,
                "mutation_sigma_continuous": 0.1,
                "mutation_prob_continuous": 0.15
            },
            "elitism_percent": 0.1
        },
        "calibration": {
            "enabled": true,
            "population_size": 11,
            "generations": 10,
            "training_epochs": 20,
            "data_subset_percentage": 0.8,
            "mutation_decay_rate": 0.98,
            "stratification_bins": 9,
            "stop_conditions": {
                "max_generations": 10,
                "early_stop_generations": 999,
                "early_stop_epochs": 6,
                "fitness_goal": 0.99,
                "time_limit_minutes": 1440
            }
        },
        "main_algorithm": {
            "population_size": 8,
            "generations": 3,
            "training_epochs": 100,
            "mutation_decay_rate": 0.98,
            "stratification_bins": 3,
            "stop_conditions": {
                "max_generations": 70,
                "early_stop_generations": 8,
                "early_stop_epochs": 15,
                "fitness_goal": 0.99,
                "time_limit_minutes": 0
            }
        }
    }
}
2025-10-10 14:14:17.158 | INFO     | Logger initialized. Log file at logs/log_2025-10-10_12-14-17.log
2025-10-10 14:14:17.158 | INFO     | --- Starting Nested Resampling With 3 Folds ---
2025-10-10 14:14:18.019 | INFO     | --- Running Fold 1/3 ---
2025-10-10 14:14:18.020 | INFO     | Initializing worker pool...
2025-10-10 14:14:18.020 | INFO     | Using GPU-Only scheduling strategy.
2025-10-10 14:14:18.023 | INFO     | Worker pool initialized with 4 workers.
2025-10-10 14:14:18.912 | INFO     | --- Starting CALIBRATION Phase ---
2025-10-10 14:14:18.912 | INFO     | Generations: 10, Population: 11
2025-10-10 14:14:18.913 | WARNING  | Progressive epochs are disabled! To enable progression minimal training epochs must be at least (20).
2025-10-10 14:14:18.913 | INFO     | --- CALIBRATION - Generation 1/10 ---
2025-10-10 14:16:43.349 | INFO     | [Worker-2 / GPU-2] Evaluating Individual 3/11 (20 epochs)
2025-10-10 14:16:43.350 | INFO     | [Worker-2 / GPU-2] Hyperparameters: {'width_scale': 1.3876556275275984, 'fc1_units': 128, 'dropout_rate': 0.20326165883103292, 'optimizer_schedule': 'SGD_EXPONENTIAL', 'base_lr': 0.01152442603267783, 'aug_intensity': 'STRONG', 'weight_decay': 0.00010299807530641417, 'batch_size': 128}
2025-10-10 14:16:43.350 | INFO     | [Worker-2 / GPU-2] Scaled base_lr to 0.005762 for batch_size 128
2025-10-10 14:16:43.351 | INFO     | [Worker-2 / GPU-2] Epoch 1/20 | Train Acc: 0.2903, Train Loss: 3.2439 | Test Loss: 1.8579, Test Acc: 0.4463
2025-10-10 14:16:43.351 | INFO     | [Worker-2 / GPU-2] Epoch 2/20 | Train Acc: 0.4145, Train Loss: 2.1612 | Test Loss: 1.5815, Test Acc: 0.5076
2025-10-10 14:16:43.351 | INFO     | [Worker-2 / GPU-2] Epoch 3/20 | Train Acc: 0.4727, Train Loss: 1.8414 | Test Loss: 1.4278, Test Acc: 0.5417
2025-10-10 14:16:43.351 | INFO     | [Worker-2 / GPU-2] Epoch 4/20 | Train Acc: 0.5217, Train Loss: 1.6159 | Test Loss: 1.3763, Test Acc: 0.5693
2025-10-10 14:16:43.351 | INFO     | [Worker-2 / GPU-2] Epoch 5/20 | Train Acc: 0.5517, Train Loss: 1.4588 | Test Loss: 1.2888, Test Acc: 0.5861
2025-10-10 14:16:43.352 | INFO     | [Worker-2 / GPU-2] Epoch 6/20 | Train Acc: 0.5875, Train Loss: 1.3218 | Test Loss: 1.2507, Test Acc: 0.6022
2025-10-10 14:16:43.352 | INFO     | [Worker-2 / GPU-2] Epoch 7/20 | Train Acc: 0.6130, Train Loss: 1.2248 | Test Loss: 1.2411, Test Acc: 0.6036
2025-10-10 14:16:43.352 | INFO     | [Worker-2 / GPU-2] Epoch 8/20 | Train Acc: 0.6338, Train Loss: 1.1366 | Test Loss: 1.1850, Test Acc: 0.6235
2025-10-10 14:16:43.352 | INFO     | [Worker-2 / GPU-2] Epoch 9/20 | Train Acc: 0.6551, Train Loss: 1.0589 | Test Loss: 1.1890, Test Acc: 0.6222
2025-10-10 14:16:43.352 | INFO     | [Worker-2 / GPU-2] Epoch 10/20 | Train Acc: 0.6694, Train Loss: 0.9990 | Test Loss: 1.1679, Test Acc: 0.6300
2025-10-10 14:16:43.353 | INFO     | [Worker-2 / GPU-2] Epoch 11/20 | Train Acc: 0.6829, Train Loss: 0.9477 | Test Loss: 1.1474, Test Acc: 0.6347
2025-10-10 14:16:43.353 | INFO     | [Worker-2 / GPU-2] Epoch 12/20 | Train Acc: 0.7011, Train Loss: 0.8865 | Test Loss: 1.1550, Test Acc: 0.6356
2025-10-10 14:16:43.353 | INFO     | [Worker-2 / GPU-2] Epoch 13/20 | Train Acc: 0.7109, Train Loss: 0.8460 | Test Loss: 1.1397, Test Acc: 0.6422
2025-10-10 14:16:43.353 | INFO     | [Worker-2 / GPU-2] Epoch 14/20 | Train Acc: 0.7235, Train Loss: 0.8190 | Test Loss: 1.1389, Test Acc: 0.6446
2025-10-10 14:16:43.353 | INFO     | [Worker-2 / GPU-2] Epoch 15/20 | Train Acc: 0.7347, Train Loss: 0.7792 | Test Loss: 1.1112, Test Acc: 0.6496
2025-10-10 14:16:43.353 | INFO     | [Worker-2 / GPU-2] Epoch 16/20 | Train Acc: 0.7461, Train Loss: 0.7388 | Test Loss: 1.1180, Test Acc: 0.6504
2025-10-10 14:16:43.354 | INFO     | [Worker-2 / GPU-2] Epoch 17/20 | Train Acc: 0.7555, Train Loss: 0.7106 | Test Loss: 1.1009, Test Acc: 0.6522
2025-10-10 14:16:43.354 | INFO     | [Worker-2 / GPU-2] Epoch 18/20 | Train Acc: 0.7631, Train Loss: 0.6802 | Test Loss: 1.0959, Test Acc: 0.6534
2025-10-10 14:16:43.354 | INFO     | [Worker-2 / GPU-2] Epoch 19/20 | Train Acc: 0.7718, Train Loss: 0.6464 | Test Loss: 1.0906, Test Acc: 0.6561
2025-10-10 14:16:43.354 | INFO     | [Worker-2 / GPU-2] Epoch 20/20 | Train Acc: 0.7768, Train Loss: 0.6368 | Test Loss: 1.0947, Test Acc: 0.6578
2025-10-10 14:16:43.354 | INFO     | [Worker-2 / GPU-2] Individual 3 -> Accuracy: 0.6578, Loss: 1.0947 | Duration: 140.37s
2025-10-10 14:16:43.355 | INFO     | [Worker-2 / GPU-2] GPU memory used: 0.06 GB
2025-10-10 14:16:48.178 | INFO     | [Worker-0 / GPU-0] Evaluating Individual 2/11 (20 epochs)
2025-10-10 14:16:48.178 | INFO     | [Worker-0 / GPU-0] Hyperparameters: {'width_scale': 1.403650693052546, 'fc1_units': 64, 'dropout_rate': 0.20219122679862844, 'optimizer_schedule': 'SGD_EXPONENTIAL', 'base_lr': 0.016788501627922732, 'aug_intensity': 'MEDIUM', 'weight_decay': 0.0003632491722652921, 'batch_size': 64}
2025-10-10 14:16:48.179 | INFO     | [Worker-0 / GPU-0] Scaled base_lr to 0.004197 for batch_size 64
2025-10-10 14:16:48.179 | INFO     | [Worker-0 / GPU-0] Epoch 1/20 | Train Acc: 0.2752, Train Loss: 2.7877 | Test Loss: 1.7533, Test Acc: 0.4294
2025-10-10 14:16:48.179 | INFO     | [Worker-0 / GPU-0] Epoch 2/20 | Train Acc: 0.4008, Train Loss: 1.9348 | Test Loss: 1.5071, Test Acc: 0.4990
2025-10-10 14:16:48.179 | INFO     | [Worker-0 / GPU-0] Epoch 3/20 | Train Acc: 0.4616, Train Loss: 1.6661 | Test Loss: 1.4000, Test Acc: 0.5343
2025-10-10 14:16:48.179 | INFO     | [Worker-0 / GPU-0] Epoch 4/20 | Train Acc: 0.5022, Train Loss: 1.5073 | Test Loss: 1.3231, Test Acc: 0.5540
2025-10-10 14:16:48.180 | INFO     | [Worker-0 / GPU-0] Epoch 5/20 | Train Acc: 0.5358, Train Loss: 1.3754 | Test Loss: 1.2662, Test Acc: 0.5700
2025-10-10 14:16:48.180 | INFO     | [Worker-0 / GPU-0] Epoch 6/20 | Train Acc: 0.5662, Train Loss: 1.2826 | Test Loss: 1.2443, Test Acc: 0.5820
2025-10-10 14:16:48.180 | INFO     | [Worker-0 / GPU-0] Epoch 7/20 | Train Acc: 0.5886, Train Loss: 1.2066 | Test Loss: 1.2030, Test Acc: 0.5915
2025-10-10 14:16:48.180 | INFO     | [Worker-0 / GPU-0] Epoch 8/20 | Train Acc: 0.6087, Train Loss: 1.1424 | Test Loss: 1.1785, Test Acc: 0.5985
2025-10-10 14:16:48.180 | INFO     | [Worker-0 / GPU-0] Epoch 9/20 | Train Acc: 0.6274, Train Loss: 1.0866 | Test Loss: 1.1606, Test Acc: 0.6066
2025-10-10 14:16:48.181 | INFO     | [Worker-0 / GPU-0] Epoch 10/20 | Train Acc: 0.6410, Train Loss: 1.0367 | Test Loss: 1.1391, Test Acc: 0.6118
2025-10-10 14:16:48.181 | INFO     | [Worker-0 / GPU-0] Epoch 11/20 | Train Acc: 0.6572, Train Loss: 0.9841 | Test Loss: 1.1272, Test Acc: 0.6164
2025-10-10 14:16:48.181 | INFO     | [Worker-0 / GPU-0] Epoch 12/20 | Train Acc: 0.6690, Train Loss: 0.9536 | Test Loss: 1.1188, Test Acc: 0.6198
2025-10-10 14:16:48.181 | INFO     | [Worker-0 / GPU-0] Epoch 13/20 | Train Acc: 0.6824, Train Loss: 0.9185 | Test Loss: 1.1083, Test Acc: 0.6234
2025-10-10 14:16:48.182 | INFO     | [Worker-0 / GPU-0] Epoch 14/20 | Train Acc: 0.6923, Train Loss: 0.8873 | Test Loss: 1.0969, Test Acc: 0.6298
2025-10-10 14:16:48.182 | INFO     | [Worker-0 / GPU-0] Epoch 15/20 | Train Acc: 0.7030, Train Loss: 0.8655 | Test Loss: 1.1000, Test Acc: 0.6285
2025-10-10 14:16:48.182 | INFO     | [Worker-0 / GPU-0] Epoch 16/20 | Train Acc: 0.7117, Train Loss: 0.8324 | Test Loss: 1.0823, Test Acc: 0.6312
2025-10-10 14:16:48.182 | INFO     | [Worker-0 / GPU-0] Epoch 17/20 | Train Acc: 0.7184, Train Loss: 0.8128 | Test Loss: 1.0821, Test Acc: 0.6319
2025-10-10 14:16:48.182 | INFO     | [Worker-0 / GPU-0] Epoch 18/20 | Train Acc: 0.7284, Train Loss: 0.7870 | Test Loss: 1.0727, Test Acc: 0.6375
2025-10-10 14:16:48.183 | INFO     | [Worker-0 / GPU-0] Epoch 19/20 | Train Acc: 0.7347, Train Loss: 0.7706 | Test Loss: 1.0717, Test Acc: 0.6355
2025-10-10 14:16:48.183 | INFO     | [Worker-0 / GPU-0] Epoch 20/20 | Train Acc: 0.7443, Train Loss: 0.7485 | Test Loss: 1.0689, Test Acc: 0.6368
2025-10-10 14:16:48.183 | INFO     | [Worker-0 / GPU-0] Individual 2 -> Accuracy: 0.6368, Loss: 1.0689 | Duration: 145.23s
2025-10-10 14:16:48.183 | INFO     | [Worker-0 / GPU-0] GPU memory used: 0.06 GB
2025-10-10 14:16:59.300 | INFO     | [Worker-3 / GPU-3] Evaluating Individual 1/11 (20 epochs)
2025-10-10 14:16:59.300 | INFO     | [Worker-3 / GPU-3] Hyperparameters: {'width_scale': 1.473615557746561, 'fc1_units': 128, 'dropout_rate': 0.2066062312585338, 'optimizer_schedule': 'SGD_EXPONENTIAL', 'base_lr': 0.01714101379214086, 'aug_intensity': 'STRONG', 'weight_decay': 0.00010563121050285325, 'batch_size': 256}
2025-10-10 14:16:59.301 | INFO     | [Worker-3 / GPU-3] Scaled base_lr to 0.017141 for batch_size 256
2025-10-10 14:16:59.301 | INFO     | [Worker-3 / GPU-3] Epoch 1/20 | Train Acc: 0.3521, Train Loss: 2.7615 | Test Loss: 1.5366, Test Acc: 0.5146
2025-10-10 14:16:59.301 | INFO     | [Worker-3 / GPU-3] Epoch 2/20 | Train Acc: 0.4917, Train Loss: 1.7275 | Test Loss: 1.2763, Test Acc: 0.5789
2025-10-10 14:16:59.301 | INFO     | [Worker-3 / GPU-3] Epoch 3/20 | Train Acc: 0.5694, Train Loss: 1.3513 | Test Loss: 1.1454, Test Acc: 0.6215
2025-10-10 14:16:59.301 | INFO     | [Worker-3 / GPU-3] Epoch 4/20 | Train Acc: 0.6305, Train Loss: 1.1243 | Test Loss: 1.0890, Test Acc: 0.6351
2025-10-10 14:16:59.301 | INFO     | [Worker-3 / GPU-3] Epoch 5/20 | Train Acc: 0.6728, Train Loss: 0.9700 | Test Loss: 1.0134, Test Acc: 0.6599
2025-10-10 14:16:59.302 | INFO     | [Worker-3 / GPU-3] Epoch 6/20 | Train Acc: 0.7138, Train Loss: 0.8317 | Test Loss: 0.9849, Test Acc: 0.6672
2025-10-10 14:16:59.302 | INFO     | [Worker-3 / GPU-3] Epoch 7/20 | Train Acc: 0.7445, Train Loss: 0.7350 | Test Loss: 0.9872, Test Acc: 0.6696
2025-10-10 14:16:59.302 | INFO     | [Worker-3 / GPU-3] Epoch 8/20 | Train Acc: 0.7728, Train Loss: 0.6498 | Test Loss: 0.9539, Test Acc: 0.6847
2025-10-10 14:16:59.302 | INFO     | [Worker-3 / GPU-3] Epoch 9/20 | Train Acc: 0.7982, Train Loss: 0.5762 | Test Loss: 0.9427, Test Acc: 0.6881
2025-10-10 14:16:59.302 | INFO     | [Worker-3 / GPU-3] Epoch 10/20 | Train Acc: 0.8244, Train Loss: 0.5076 | Test Loss: 0.9214, Test Acc: 0.7002
2025-10-10 14:16:59.303 | INFO     | [Worker-3 / GPU-3] Epoch 11/20 | Train Acc: 0.8434, Train Loss: 0.4476 | Test Loss: 0.9350, Test Acc: 0.6927
2025-10-10 14:16:59.303 | INFO     | [Worker-3 / GPU-3] Epoch 12/20 | Train Acc: 0.8602, Train Loss: 0.4090 | Test Loss: 0.9073, Test Acc: 0.7056
2025-10-10 14:16:59.303 | INFO     | [Worker-3 / GPU-3] Epoch 13/20 | Train Acc: 0.8792, Train Loss: 0.3588 | Test Loss: 0.9077, Test Acc: 0.7079
2025-10-10 14:16:59.303 | INFO     | [Worker-3 / GPU-3] Epoch 14/20 | Train Acc: 0.8911, Train Loss: 0.3262 | Test Loss: 0.9353, Test Acc: 0.7056
2025-10-10 14:16:59.303 | INFO     | [Worker-3 / GPU-3] Epoch 15/20 | Train Acc: 0.9058, Train Loss: 0.2923 | Test Loss: 0.9151, Test Acc: 0.7095
2025-10-10 14:16:59.303 | INFO     | [Worker-3 / GPU-3] Epoch 16/20 | Train Acc: 0.9133, Train Loss: 0.2686 | Test Loss: 0.9453, Test Acc: 0.7049
2025-10-10 14:16:59.304 | INFO     | [Worker-3 / GPU-3] Epoch 17/20 | Train Acc: 0.9248, Train Loss: 0.2398 | Test Loss: 0.9217, Test Acc: 0.7129
2025-10-10 14:16:59.304 | INFO     | [Worker-3 / GPU-3] Epoch 18/20 | Train Acc: 0.9328, Train Loss: 0.2217 | Test Loss: 0.9206, Test Acc: 0.7083
2025-10-10 14:16:59.304 | INFO     | [Worker-3 / GPU-3] Epoch 19/20 | Train Acc: 0.9436, Train Loss: 0.1965 | Test Loss: 0.9115, Test Acc: 0.7151
2025-10-10 14:16:59.304 | INFO     | [Worker-3 / GPU-3] Epoch 20/20 | Train Acc: 0.9492, Train Loss: 0.1821 | Test Loss: 0.9266, Test Acc: 0.7162
2025-10-10 14:16:59.304 | INFO     | [Worker-3 / GPU-3] Individual 1 -> Accuracy: 0.7162, Loss: 0.9266 | Duration: 156.39s
2025-10-10 14:16:59.304 | INFO     | [Worker-3 / GPU-3] GPU memory used: 0.06 GB
2025-10-10 14:17:24.148 | INFO     | [Worker-1 / GPU-1] Evaluating Individual 0/11 (20 epochs)
2025-10-10 14:17:24.148 | INFO     | [Worker-1 / GPU-1] Hyperparameters: {'width_scale': 1.2120111101530133, 'fc1_units': 64, 'dropout_rate': 0.349732707979579, 'optimizer_schedule': 'SGD_COSINE', 'base_lr': 0.021166397967856538, 'aug_intensity': 'STRONG', 'weight_decay': 0.0006345267933832497, 'batch_size': 256}
2025-10-10 14:17:24.148 | INFO     | [Worker-1 / GPU-1] Scaled base_lr to 0.021166 for batch_size 256
2025-10-10 14:17:24.148 | INFO     | [Worker-1 / GPU-1] Epoch 1/20 | Train Acc: 0.3467, Train Loss: 2.3708 | Test Loss: 1.3979, Test Acc: 0.5214
2025-10-10 14:17:24.149 | INFO     | [Worker-1 / GPU-1] Epoch 2/20 | Train Acc: 0.5044, Train Loss: 1.4509 | Test Loss: 1.1754, Test Acc: 0.5894
2025-10-10 14:17:24.149 | INFO     | [Worker-1 / GPU-1] Epoch 3/20 | Train Acc: 0.5846, Train Loss: 1.1944 | Test Loss: 1.0830, Test Acc: 0.6191
2025-10-10 14:17:24.149 | INFO     | [Worker-1 / GPU-1] Epoch 4/20 | Train Acc: 0.6387, Train Loss: 1.0473 | Test Loss: 0.9514, Test Acc: 0.6770
2025-10-10 14:17:24.149 | INFO     | [Worker-1 / GPU-1] Epoch 5/20 | Train Acc: 0.6798, Train Loss: 0.9430 | Test Loss: 0.9193, Test Acc: 0.6824
2025-10-10 14:17:24.149 | INFO     | [Worker-1 / GPU-1] Epoch 6/20 | Train Acc: 0.7095, Train Loss: 0.8622 | Test Loss: 0.8646, Test Acc: 0.7080
2025-10-10 14:17:24.150 | INFO     | [Worker-1 / GPU-1] Epoch 7/20 | Train Acc: 0.7340, Train Loss: 0.7945 | Test Loss: 0.8512, Test Acc: 0.7119
2025-10-10 14:17:24.150 | INFO     | [Worker-1 / GPU-1] Epoch 8/20 | Train Acc: 0.7606, Train Loss: 0.7271 | Test Loss: 0.8101, Test Acc: 0.7247
2025-10-10 14:17:24.150 | INFO     | [Worker-1 / GPU-1] Epoch 9/20 | Train Acc: 0.7880, Train Loss: 0.6673 | Test Loss: 0.7867, Test Acc: 0.7358
2025-10-10 14:17:24.150 | INFO     | [Worker-1 / GPU-1] Epoch 10/20 | Train Acc: 0.8071, Train Loss: 0.6108 | Test Loss: 0.7759, Test Acc: 0.7325
2025-10-10 14:17:24.150 | INFO     | [Worker-1 / GPU-1] Epoch 11/20 | Train Acc: 0.8288, Train Loss: 0.5625 | Test Loss: 0.7447, Test Acc: 0.7500
2025-10-10 14:17:24.151 | INFO     | [Worker-1 / GPU-1] Epoch 12/20 | Train Acc: 0.8504, Train Loss: 0.5144 | Test Loss: 0.7479, Test Acc: 0.7463
2025-10-10 14:17:24.151 | INFO     | [Worker-1 / GPU-1] Epoch 13/20 | Train Acc: 0.8653, Train Loss: 0.4754 | Test Loss: 0.7305, Test Acc: 0.7553
2025-10-10 14:17:24.151 | INFO     | [Worker-1 / GPU-1] Epoch 14/20 | Train Acc: 0.8823, Train Loss: 0.4350 | Test Loss: 0.7161, Test Acc: 0.7607
2025-10-10 14:17:24.151 | INFO     | [Worker-1 / GPU-1] Epoch 15/20 | Train Acc: 0.8969, Train Loss: 0.4017 | Test Loss: 0.7137, Test Acc: 0.7571
2025-10-10 14:17:24.151 | INFO     | [Worker-1 / GPU-1] Epoch 16/20 | Train Acc: 0.9076, Train Loss: 0.3789 | Test Loss: 0.7069, Test Acc: 0.7625
2025-10-10 14:17:24.152 | INFO     | [Worker-1 / GPU-1] Epoch 17/20 | Train Acc: 0.9134, Train Loss: 0.3589 | Test Loss: 0.7031, Test Acc: 0.7644
2025-10-10 14:17:24.152 | INFO     | [Worker-1 / GPU-1] Epoch 18/20 | Train Acc: 0.9215, Train Loss: 0.3446 | Test Loss: 0.7003, Test Acc: 0.7645
2025-10-10 14:17:24.152 | INFO     | [Worker-1 / GPU-1] Epoch 19/20 | Train Acc: 0.9235, Train Loss: 0.3352 | Test Loss: 0.6975, Test Acc: 0.7674
2025-10-10 14:17:24.152 | INFO     | [Worker-1 / GPU-1] Epoch 20/20 | Train Acc: 0.9256, Train Loss: 0.3312 | Test Loss: 0.6989, Test Acc: 0.7650
2025-10-10 14:17:24.152 | INFO     | [Worker-1 / GPU-1] Individual 0 -> Accuracy: 0.7650, Loss: 0.6989 | Duration: 181.36s
2025-10-10 14:17:24.152 | INFO     | [Worker-1 / GPU-1] GPU memory used: 0.05 GB
2025-10-10 14:19:00.717 | INFO     | [Worker-2 / GPU-2] Evaluating Individual 4/11 (20 epochs)
2025-10-10 14:19:00.718 | INFO     | [Worker-2 / GPU-2] Hyperparameters: {'width_scale': 1.1354459880745416, 'fc1_units': 128, 'dropout_rate': 0.32205082090870546, 'optimizer_schedule': 'SGD_ONECYCLE', 'base_lr': 0.03491948660898034, 'aug_intensity': 'STRONG', 'weight_decay': 0.0005173247429799841, 'batch_size': 256}
2025-10-10 14:19:00.718 | INFO     | [Worker-2 / GPU-2] Scaled base_lr to 0.034919 for batch_size 256
2025-10-10 14:19:00.719 | INFO     | [Worker-2 / GPU-2] Epoch 1/20 | Train Acc: 0.2213, Train Loss: 4.5512 | Test Loss: 2.5024, Test Acc: 0.3707
2025-10-10 14:19:00.719 | INFO     | [Worker-2 / GPU-2] Epoch 2/20 | Train Acc: 0.3247, Train Loss: 3.2381 | Test Loss: 2.0469, Test Acc: 0.4313
2025-10-10 14:19:00.719 | INFO     | [Worker-2 / GPU-2] Epoch 3/20 | Train Acc: 0.3692, Train Loss: 2.7552 | Test Loss: 1.8351, Test Acc: 0.4721
2025-10-10 14:19:00.719 | INFO     | [Worker-2 / GPU-2] Epoch 4/20 | Train Acc: 0.4072, Train Loss: 2.4396 | Test Loss: 1.7005, Test Acc: 0.4963
2025-10-10 14:19:00.719 | INFO     | [Worker-2 / GPU-2] Epoch 5/20 | Train Acc: 0.4261, Train Loss: 2.2531 | Test Loss: 1.5980, Test Acc: 0.5174
2025-10-10 14:19:00.720 | INFO     | [Worker-2 / GPU-2] Epoch 6/20 | Train Acc: 0.4502, Train Loss: 2.0740 | Test Loss: 1.5246, Test Acc: 0.5298
2025-10-10 14:19:00.720 | INFO     | [Worker-2 / GPU-2] Epoch 7/20 | Train Acc: 0.4732, Train Loss: 1.9331 | Test Loss: 1.4658, Test Acc: 0.5450
2025-10-10 14:19:00.720 | INFO     | [Worker-2 / GPU-2] Epoch 8/20 | Train Acc: 0.4879, Train Loss: 1.8235 | Test Loss: 1.4079, Test Acc: 0.5541
2025-10-10 14:19:00.720 | INFO     | [Worker-2 / GPU-2] Epoch 9/20 | Train Acc: 0.5075, Train Loss: 1.7138 | Test Loss: 1.3816, Test Acc: 0.5619
2025-10-10 14:19:00.720 | INFO     | [Worker-2 / GPU-2] Epoch 10/20 | Train Acc: 0.5218, Train Loss: 1.6241 | Test Loss: 1.3248, Test Acc: 0.5714
2025-10-10 14:19:00.721 | INFO     | [Worker-2 / GPU-2] Epoch 11/20 | Train Acc: 0.5344, Train Loss: 1.5436 | Test Loss: 1.2969, Test Acc: 0.5751
2025-10-10 14:19:00.721 | INFO     | [Worker-2 / GPU-2] Epoch 12/20 | Train Acc: 0.5437, Train Loss: 1.4757 | Test Loss: 1.2640, Test Acc: 0.5832
2025-10-10 14:19:00.721 | INFO     | [Worker-2 / GPU-2] Epoch 13/20 | Train Acc: 0.5608, Train Loss: 1.4071 | Test Loss: 1.2478, Test Acc: 0.5932
2025-10-10 14:19:00.721 | INFO     | [Worker-2 / GPU-2] Epoch 14/20 | Train Acc: 0.5736, Train Loss: 1.3422 | Test Loss: 1.2253, Test Acc: 0.5951
2025-10-10 14:19:00.721 | INFO     | [Worker-2 / GPU-2] Epoch 15/20 | Train Acc: 0.5847, Train Loss: 1.2920 | Test Loss: 1.1981, Test Acc: 0.6002
2025-10-10 14:19:00.721 | INFO     | [Worker-2 / GPU-2] Epoch 16/20 | Train Acc: 0.5970, Train Loss: 1.2412 | Test Loss: 1.1764, Test Acc: 0.6029
2025-10-10 14:19:00.722 | INFO     | [Worker-2 / GPU-2] Epoch 17/20 | Train Acc: 0.6064, Train Loss: 1.1928 | Test Loss: 1.1659, Test Acc: 0.6119
2025-10-10 14:19:00.722 | INFO     | [Worker-2 / GPU-2] Epoch 18/20 | Train Acc: 0.6229, Train Loss: 1.1385 | Test Loss: 1.1571, Test Acc: 0.6159
2025-10-10 14:19:00.722 | INFO     | [Worker-2 / GPU-2] Epoch 19/20 | Train Acc: 0.6287, Train Loss: 1.1060 | Test Loss: 1.1285, Test Acc: 0.6213
2025-10-10 14:19:00.722 | INFO     | [Worker-2 / GPU-2] Epoch 20/20 | Train Acc: 0.6391, Train Loss: 1.0614 | Test Loss: 1.1125, Test Acc: 0.6238
2025-10-10 14:19:00.722 | INFO     | [Worker-2 / GPU-2] Individual 4 -> Accuracy: 0.6238, Loss: 1.1125 | Duration: 137.36s
2025-10-10 14:19:00.723 | INFO     | [Worker-2 / GPU-2] GPU memory used: 0.05 GB
2025-10-10 14:19:07.745 | INFO     | [Worker-0 / GPU-0] Evaluating Individual 5/11 (20 epochs)
2025-10-10 14:19:07.746 | INFO     | [Worker-0 / GPU-0] Hyperparameters: {'width_scale': 1.1101992333057684, 'fc1_units': 256, 'dropout_rate': 0.3440591532489258, 'optimizer_schedule': 'SGD_EXPONENTIAL', 'base_lr': 0.0217856094670244, 'aug_intensity': 'MEDIUM', 'weight_decay': 0.00014248254944950486, 'batch_size': 256}
2025-10-10 14:19:07.746 | INFO     | [Worker-0 / GPU-0] Scaled base_lr to 0.021786 for batch_size 256
2025-10-10 14:19:07.746 | INFO     | [Worker-0 / GPU-0] Epoch 1/20 | Train Acc: 0.3281, Train Loss: 4.4215 | Test Loss: 2.0773, Test Acc: 0.5002
2025-10-10 14:19:07.746 | INFO     | [Worker-0 / GPU-0] Epoch 2/20 | Train Acc: 0.4402, Train Loss: 2.7517 | Test Loss: 1.6868, Test Acc: 0.5564
2025-10-10 14:19:07.746 | INFO     | [Worker-0 / GPU-0] Epoch 3/20 | Train Acc: 0.5005, Train Loss: 2.1228 | Test Loss: 1.5107, Test Acc: 0.5901
2025-10-10 14:19:07.747 | INFO     | [Worker-0 / GPU-0] Epoch 4/20 | Train Acc: 0.5577, Train Loss: 1.7018 | Test Loss: 1.2892, Test Acc: 0.6226
2025-10-10 14:19:07.747 | INFO     | [Worker-0 / GPU-0] Epoch 5/20 | Train Acc: 0.6019, Train Loss: 1.4149 | Test Loss: 1.1512, Test Acc: 0.6509
2025-10-10 14:19:07.747 | INFO     | [Worker-0 / GPU-0] Epoch 6/20 | Train Acc: 0.6357, Train Loss: 1.2220 | Test Loss: 1.0833, Test Acc: 0.6618
2025-10-10 14:19:07.747 | INFO     | [Worker-0 / GPU-0] Epoch 7/20 | Train Acc: 0.6724, Train Loss: 1.0695 | Test Loss: 1.0371, Test Acc: 0.6696
2025-10-10 14:19:07.747 | INFO     | [Worker-0 / GPU-0] Epoch 8/20 | Train Acc: 0.6990, Train Loss: 0.9331 | Test Loss: 1.0083, Test Acc: 0.6839
2025-10-10 14:19:07.748 | INFO     | [Worker-0 / GPU-0] Epoch 9/20 | Train Acc: 0.7270, Train Loss: 0.8199 | Test Loss: 0.9644, Test Acc: 0.6970
2025-10-10 14:19:07.748 | INFO     | [Worker-0 / GPU-0] Epoch 10/20 | Train Acc: 0.7484, Train Loss: 0.7413 | Test Loss: 0.9319, Test Acc: 0.7055
2025-10-10 14:19:07.748 | INFO     | [Worker-0 / GPU-0] Epoch 11/20 | Train Acc: 0.7697, Train Loss: 0.6685 | Test Loss: 0.9378, Test Acc: 0.7043
2025-10-10 14:19:07.748 | INFO     | [Worker-0 / GPU-0] Epoch 12/20 | Train Acc: 0.7922, Train Loss: 0.6008 | Test Loss: 0.9047, Test Acc: 0.7089
2025-10-10 14:19:07.748 | INFO     | [Worker-0 / GPU-0] Epoch 13/20 | Train Acc: 0.8088, Train Loss: 0.5535 | Test Loss: 0.9092, Test Acc: 0.7134
2025-10-10 14:19:07.749 | INFO     | [Worker-0 / GPU-0] Epoch 14/20 | Train Acc: 0.8211, Train Loss: 0.5076 | Test Loss: 0.8903, Test Acc: 0.7151
2025-10-10 14:19:07.749 | INFO     | [Worker-0 / GPU-0] Epoch 15/20 | Train Acc: 0.8368, Train Loss: 0.4652 | Test Loss: 0.8985, Test Acc: 0.7148
2025-10-10 14:19:07.749 | INFO     | [Worker-0 / GPU-0] Epoch 16/20 | Train Acc: 0.8500, Train Loss: 0.4238 | Test Loss: 0.8743, Test Acc: 0.7214
2025-10-10 14:19:07.749 | INFO     | [Worker-0 / GPU-0] Epoch 17/20 | Train Acc: 0.8643, Train Loss: 0.3876 | Test Loss: 0.8726, Test Acc: 0.7208
2025-10-10 14:19:07.749 | INFO     | [Worker-0 / GPU-0] Epoch 18/20 | Train Acc: 0.8747, Train Loss: 0.3596 | Test Loss: 0.8800, Test Acc: 0.7259
2025-10-10 14:19:07.749 | INFO     | [Worker-0 / GPU-0] Epoch 19/20 | Train Acc: 0.8841, Train Loss: 0.3303 | Test Loss: 0.9132, Test Acc: 0.7215
2025-10-10 14:19:07.750 | INFO     | [Worker-0 / GPU-0] Epoch 20/20 | Train Acc: 0.8947, Train Loss: 0.3063 | Test Loss: 0.8704, Test Acc: 0.7280
2025-10-10 14:19:07.750 | INFO     | [Worker-0 / GPU-0] Individual 5 -> Accuracy: 0.7280, Loss: 0.8704 | Duration: 139.56s
2025-10-10 14:19:07.750 | INFO     | [Worker-0 / GPU-0] GPU memory used: 0.05 GB
2025-10-10 14:20:00.939 | INFO     | [Worker-3 / GPU-3] Evaluating Individual 6/11 (20 epochs)
2025-10-10 14:20:00.939 | INFO     | [Worker-3 / GPU-3] Hyperparameters: {'width_scale': 1.9369091392077138, 'fc1_units': 256, 'dropout_rate': 0.2272031582217523, 'optimizer_schedule': 'SGD_EXPONENTIAL', 'base_lr': 0.010337307072616545, 'aug_intensity': 'STRONG', 'weight_decay': 0.000743151241681046, 'batch_size': 256}
2025-10-10 14:20:00.939 | INFO     | [Worker-3 / GPU-3] Scaled base_lr to 0.010337 for batch_size 256
2025-10-10 14:20:00.940 | INFO     | [Worker-3 / GPU-3] Epoch 1/20 | Train Acc: 0.3278, Train Loss: 4.1642 | Test Loss: 2.1567, Test Acc: 0.4727
2025-10-10 14:20:00.940 | INFO     | [Worker-3 / GPU-3] Epoch 2/20 | Train Acc: 0.4515, Train Loss: 2.4164 | Test Loss: 1.6917, Test Acc: 0.5427
2025-10-10 14:20:00.940 | INFO     | [Worker-3 / GPU-3] Epoch 3/20 | Train Acc: 0.5215, Train Loss: 1.8369 | Test Loss: 1.4032, Test Acc: 0.5897
2025-10-10 14:20:00.940 | INFO     | [Worker-3 / GPU-3] Epoch 4/20 | Train Acc: 0.5760, Train Loss: 1.4987 | Test Loss: 1.2593, Test Acc: 0.6136
2025-10-10 14:20:00.940 | INFO     | [Worker-3 / GPU-3] Epoch 5/20 | Train Acc: 0.6175, Train Loss: 1.2742 | Test Loss: 1.1906, Test Acc: 0.6332
2025-10-10 14:20:00.941 | INFO     | [Worker-3 / GPU-3] Epoch 6/20 | Train Acc: 0.6598, Train Loss: 1.0702 | Test Loss: 1.1436, Test Acc: 0.6450
2025-10-10 14:20:00.941 | INFO     | [Worker-3 / GPU-3] Epoch 7/20 | Train Acc: 0.6928, Train Loss: 0.9274 | Test Loss: 1.0664, Test Acc: 0.6570
2025-10-10 14:20:00.941 | INFO     | [Worker-3 / GPU-3] Epoch 8/20 | Train Acc: 0.7267, Train Loss: 0.8040 | Test Loss: 1.0512, Test Acc: 0.6630
2025-10-10 14:20:00.941 | INFO     | [Worker-3 / GPU-3] Epoch 9/20 | Train Acc: 0.7524, Train Loss: 0.7161 | Test Loss: 0.9995, Test Acc: 0.6768
2025-10-10 14:20:00.941 | INFO     | [Worker-3 / GPU-3] Epoch 10/20 | Train Acc: 0.7781, Train Loss: 0.6407 | Test Loss: 0.9940, Test Acc: 0.6759
2025-10-10 14:20:00.942 | INFO     | [Worker-3 / GPU-3] Epoch 11/20 | Train Acc: 0.8011, Train Loss: 0.5693 | Test Loss: 0.9782, Test Acc: 0.6806
2025-10-10 14:20:00.942 | INFO     | [Worker-3 / GPU-3] Epoch 12/20 | Train Acc: 0.8210, Train Loss: 0.5188 | Test Loss: 0.9656, Test Acc: 0.6872
2025-10-10 14:20:00.942 | INFO     | [Worker-3 / GPU-3] Epoch 13/20 | Train Acc: 0.8403, Train Loss: 0.4676 | Test Loss: 0.9347, Test Acc: 0.6915
2025-10-10 14:20:00.942 | INFO     | [Worker-3 / GPU-3] Epoch 14/20 | Train Acc: 0.8594, Train Loss: 0.4202 | Test Loss: 0.9163, Test Acc: 0.6965
2025-10-10 14:20:00.942 | INFO     | [Worker-3 / GPU-3] Epoch 15/20 | Train Acc: 0.8727, Train Loss: 0.3853 | Test Loss: 0.9298, Test Acc: 0.6944
2025-10-10 14:20:00.942 | INFO     | [Worker-3 / GPU-3] Epoch 16/20 | Train Acc: 0.8885, Train Loss: 0.3541 | Test Loss: 0.9232, Test Acc: 0.6948
2025-10-10 14:20:00.943 | INFO     | [Worker-3 / GPU-3] Epoch 17/20 | Train Acc: 0.9020, Train Loss: 0.3262 | Test Loss: 0.8915, Test Acc: 0.7031
2025-10-10 14:20:00.943 | INFO     | [Worker-3 / GPU-3] Epoch 18/20 | Train Acc: 0.9119, Train Loss: 0.3018 | Test Loss: 0.8987, Test Acc: 0.7035
2025-10-10 14:20:00.943 | INFO     | [Worker-3 / GPU-3] Epoch 19/20 | Train Acc: 0.9208, Train Loss: 0.2832 | Test Loss: 0.8951, Test Acc: 0.7056
2025-10-10 14:20:00.943 | INFO     | [Worker-3 / GPU-3] Epoch 20/20 | Train Acc: 0.9286, Train Loss: 0.2689 | Test Loss: 0.8707, Test Acc: 0.7122
2025-10-10 14:20:00.943 | INFO     | [Worker-3 / GPU-3] Individual 6 -> Accuracy: 0.7122, Loss: 0.8707 | Duration: 181.63s
2025-10-10 14:20:00.943 | INFO     | [Worker-3 / GPU-3] GPU memory used: 0.09 GB
2025-10-10 14:20:04.694 | INFO     | [Worker-1 / GPU-1] Evaluating Individual 7/11 (20 epochs)
2025-10-10 14:20:04.695 | INFO     | [Worker-1 / GPU-1] Hyperparameters: {'width_scale': 1.6730176903788105, 'fc1_units': 256, 'dropout_rate': 0.27744171699514447, 'optimizer_schedule': 'SGD_ONECYCLE', 'base_lr': 0.012651643353999435, 'aug_intensity': 'STRONG', 'weight_decay': 0.0005972181114521798, 'batch_size': 128}
2025-10-10 14:20:04.695 | INFO     | [Worker-1 / GPU-1] Scaled base_lr to 0.006326 for batch_size 128
2025-10-10 14:20:04.696 | INFO     | [Worker-1 / GPU-1] Epoch 1/20 | Train Acc: 0.1454, Train Loss: 7.0824 | Test Loss: 4.5457, Test Acc: 0.2300
2025-10-10 14:20:04.696 | INFO     | [Worker-1 / GPU-1] Epoch 2/20 | Train Acc: 0.2160, Train Loss: 5.6135 | Test Loss: 3.8156, Test Acc: 0.2879
2025-10-10 14:20:04.696 | INFO     | [Worker-1 / GPU-1] Epoch 3/20 | Train Acc: 0.2551, Train Loss: 4.9643 | Test Loss: 3.4163, Test Acc: 0.3275
2025-10-10 14:20:04.696 | INFO     | [Worker-1 / GPU-1] Epoch 4/20 | Train Acc: 0.2865, Train Loss: 4.5507 | Test Loss: 3.2233, Test Acc: 0.3572
2025-10-10 14:20:04.697 | INFO     | [Worker-1 / GPU-1] Epoch 5/20 | Train Acc: 0.3045, Train Loss: 4.3070 | Test Loss: 3.0277, Test Acc: 0.3844
2025-10-10 14:20:04.697 | INFO     | [Worker-1 / GPU-1] Epoch 6/20 | Train Acc: 0.3220, Train Loss: 4.0774 | Test Loss: 2.8440, Test Acc: 0.4000
2025-10-10 14:20:04.697 | INFO     | [Worker-1 / GPU-1] Epoch 7/20 | Train Acc: 0.3398, Train Loss: 3.8903 | Test Loss: 2.6919, Test Acc: 0.4186
2025-10-10 14:20:04.697 | INFO     | [Worker-1 / GPU-1] Epoch 8/20 | Train Acc: 0.3527, Train Loss: 3.7009 | Test Loss: 2.6150, Test Acc: 0.4302
2025-10-10 14:20:04.697 | INFO     | [Worker-1 / GPU-1] Epoch 9/20 | Train Acc: 0.3641, Train Loss: 3.5572 | Test Loss: 2.5196, Test Acc: 0.4411
2025-10-10 14:20:04.698 | INFO     | [Worker-1 / GPU-1] Epoch 10/20 | Train Acc: 0.3757, Train Loss: 3.4485 | Test Loss: 2.4489, Test Acc: 0.4501
2025-10-10 14:20:04.698 | INFO     | [Worker-1 / GPU-1] Epoch 11/20 | Train Acc: 0.3871, Train Loss: 3.3214 | Test Loss: 2.3806, Test Acc: 0.4606
2025-10-10 14:20:04.698 | INFO     | [Worker-1 / GPU-1] Epoch 12/20 | Train Acc: 0.3944, Train Loss: 3.2238 | Test Loss: 2.2956, Test Acc: 0.4661
2025-10-10 14:20:04.698 | INFO     | [Worker-1 / GPU-1] Epoch 13/20 | Train Acc: 0.4050, Train Loss: 3.1432 | Test Loss: 2.2770, Test Acc: 0.4745
2025-10-10 14:20:04.699 | INFO     | [Worker-1 / GPU-1] Epoch 14/20 | Train Acc: 0.4115, Train Loss: 3.0673 | Test Loss: 2.2292, Test Acc: 0.4819
2025-10-10 14:20:04.699 | INFO     | [Worker-1 / GPU-1] Epoch 15/20 | Train Acc: 0.4231, Train Loss: 2.9539 | Test Loss: 2.1888, Test Acc: 0.4889
2025-10-10 14:20:04.699 | INFO     | [Worker-1 / GPU-1] Epoch 16/20 | Train Acc: 0.4258, Train Loss: 2.8869 | Test Loss: 2.1352, Test Acc: 0.4948
2025-10-10 14:20:04.699 | INFO     | [Worker-1 / GPU-1] Epoch 17/20 | Train Acc: 0.4358, Train Loss: 2.8153 | Test Loss: 2.1176, Test Acc: 0.4997
2025-10-10 14:20:04.699 | INFO     | [Worker-1 / GPU-1] Epoch 18/20 | Train Acc: 0.4462, Train Loss: 2.7305 | Test Loss: 2.0926, Test Acc: 0.5037
2025-10-10 14:20:04.699 | INFO     | [Worker-1 / GPU-1] Epoch 19/20 | Train Acc: 0.4508, Train Loss: 2.6902 | Test Loss: 2.0686, Test Acc: 0.5103
2025-10-10 14:20:04.700 | INFO     | [Worker-1 / GPU-1] Epoch 20/20 | Train Acc: 0.4606, Train Loss: 2.6004 | Test Loss: 2.0190, Test Acc: 0.5172
2025-10-10 14:20:04.700 | INFO     | [Worker-1 / GPU-1] Individual 7 -> Accuracy: 0.5172, Loss: 2.0190 | Duration: 160.54s
2025-10-10 14:20:04.700 | INFO     | [Worker-1 / GPU-1] GPU memory used: 0.08 GB
